Log file open, 11/14/17 10:55:39
LogWindows: Failed to load 'aqProf.dll' (GetLastError=126)
LogWindows: File 'aqProf.dll' does not exist
LogWindows: Failed to load 'VSPerf140.dll' (GetLastError=126)
LogWindows: File 'VSPerf140.dll' does not exist
LogWindows: Failed to load 'VtuneApi.dll' (GetLastError=126)
LogWindows: File 'VtuneApi.dll' does not exist
LogWindows: Failed to load 'VtuneApi32e.dll' (GetLastError=126)
LogWindows: File 'VtuneApi32e.dll' does not exist
LogInit: Display: Running engine for game: Reaveal_Stairway
LogPlatformFile: Not using cached read wrapper
LogInit: Display: RandInit(824003284) SRandInit(824003284).
LogTaskGraph: Started task graph with 5 named threads and 14 total threads with 3 sets of task threads.
LogStats: Stats thread started at 0.295467
LogD3D11RHI: Aftermath initialized
LogPluginManager: Mounting plugin Paper2D
LogPluginManager: Mounting plugin LightPropagationVolume
LogPluginManager: Mounting plugin CodeLiteSourceCodeAccess
LogPluginManager: Mounting plugin GitSourceControl
LogPluginManager: Mounting plugin KDevelopSourceCodeAccess
LogPluginManager: Mounting plugin NullSourceCodeAccess
LogPluginManager: Mounting plugin PerforceSourceControl
LogPluginManager: Mounting plugin SubversionSourceControl
LogPluginManager: Mounting plugin UObjectPlugin
LogPluginManager: Mounting plugin VisualStudioSourceCodeAccess
LogPluginManager: Mounting plugin XCodeSourceCodeAccess
LogPluginManager: Mounting plugin AssetManagerEditor
LogPluginManager: Mounting plugin AudioCapture
LogPluginManager: Mounting plugin FacialAnimation
LogPluginManager: Mounting plugin GameplayTagsEditor
LogPluginManager: Mounting plugin MobileLauncherProfileWizard
LogPluginManager: Mounting plugin PluginBrowser
LogPluginManager: Mounting plugin SpeedTreeImporter
LogPluginManager: Mounting plugin AlembicImporter
LogPluginManager: Mounting plugin CharacterAI
LogPluginManager: Mounting plugin HTML5Networking
LogPluginManager: Mounting plugin AndroidMedia
LogPluginManager: Mounting plugin AvfMedia
LogPluginManager: Mounting plugin MediaPlayerEditor
LogPluginManager: Mounting plugin WmfMedia
LogPluginManager: Mounting plugin TcpMessaging
LogPluginManager: Mounting plugin UdpMessaging
LogPluginManager: Mounting plugin LevelSequenceEditor
LogPluginManager: Mounting plugin MatineeToLevelSequence
LogPluginManager: Mounting plugin OnlineSubsystemGooglePlay
LogPluginManager: Mounting plugin OnlineSubsystemIOS
LogPluginManager: Mounting plugin OnlineSubsystem
LogPluginManager: Mounting plugin OnlineSubsystemNull
LogPluginManager: Mounting plugin OnlineSubsystemUtils
LogPluginManager: Mounting plugin AndroidDeviceProfileSelector
LogPluginManager: Mounting plugin AndroidMoviePlayer
LogPluginManager: Mounting plugin AndroidPermission
LogPluginManager: Mounting plugin AppleMoviePlayer
LogPluginManager: Mounting plugin ArchVisCharacter
LogPluginManager: Mounting plugin CableComponent
LogPluginManager: Mounting plugin CustomMeshComponent
LogPluginManager: Mounting plugin ExampleDeviceProfileSelector
LogPluginManager: Mounting plugin GoogleCloudMessaging
LogPluginManager: Mounting plugin ImmediatePhysics
LogPluginManager: Mounting plugin IOSDeviceProfileSelector
LogPluginManager: Mounting plugin LinuxDeviceProfileSelector
LogPluginManager: Mounting plugin LocationServicesBPLibrary
LogPluginManager: Mounting plugin MobilePatchingUtils
LogPluginManager: Mounting plugin OculusVR
LogPluginManager: Mounting plugin PhysXVehicles
LogPluginManager: Mounting plugin ProceduralMeshComponent
LogPluginManager: Mounting plugin RuntimePhysXCooking
LogPluginManager: Mounting plugin SteamVR
LogPluginManager: Mounting plugin WindowsMoviePlayer
LogInit: Using libcurl 7.47.1
LogInit:  - built for x86_64-pc-win32
LogInit:  - supports SSL with OpenSSL/1.0.2g
LogInit:  - supports HTTP deflate (compression) using libz 1.2.8
LogInit:  - other features:
LogInit:      CURL_VERSION_SSL
LogInit:      CURL_VERSION_LIBZ
LogInit:      CURL_VERSION_IPV6
LogInit:      CURL_VERSION_ASYNCHDNS
LogInit:      CURL_VERSION_LARGEFILE
LogInit:      CURL_VERSION_IDN
LogInit:  CurlRequestOptions (configurable via config and command line):
LogInit:  - bVerifyPeer = false  - Libcurl will NOT verify peer certificate
LogInit:  - bUseHttpProxy = false  - Libcurl will NOT use HTTP proxy
LogInit:  - bDontReuseConnections = false  - Libcurl will reuse connections
LogInit:  - CertBundlePath = nullptr  - Libcurl will use whatever was configured at build time.
LogInit: Build: ++UE4+Release-4.17-CL-3658906
LogInit: Engine Version: 4.17.2-3658906+++UE4+Release-4.17
LogInit: Compatible Engine Version: 4.17.0-3573198+++UE4+Release-4.17
LogInit: Net CL: 3573198
LogDevObjectVersion: Number of dev versions registered: 16
LogDevObjectVersion:   Dev-Blueprints (B0D832E4-1F89-4F0D-ACCF-7EB736FD4AA2): 10
LogDevObjectVersion:   Dev-Build (E1C64328-A22C-4D53-A36C-8E866417BD8C): 0
LogDevObjectVersion:   Dev-Core (375EC13C-06E4-48FB-B500-84F0262A717E): 2
LogDevObjectVersion:   Dev-Editor (E4B068ED-F494-42E9-A231-DA0B2E46BB41): 20
LogDevObjectVersion:   Dev-Framework (CFFC743F-43B0-4480-9391-14DF171D2073): 28
LogDevObjectVersion:   Dev-Mobile (B02B49B5-BB20-44E9-A304-32B752E40360): 0
LogDevObjectVersion:   Dev-Networking (A4E4105C-59A1-49B5-A7C5-40C4547EDFEE): 0
LogDevObjectVersion:   Dev-Online (39C831C9-5AE6-47DC-9A44-9C173E1C8E7C): 0
LogDevObjectVersion:   Dev-Physics (78F01B33-EBEA-4F98-B9B4-84EACCB95AA2): 0
LogDevObjectVersion:   Dev-Platform (6631380F-2D4D-43E0-8009-CF276956A95A): 0
LogDevObjectVersion:   Dev-Rendering (12F88B9F-8875-4AFC-A67C-D90C383ABD29): 19
LogDevObjectVersion:   Dev-Sequencer (7B5AE74C-D270-4C10-A958-57980B212A5A): 4
LogDevObjectVersion:   Dev-VR (D7296918-1DD6-4BDD-9DE2-64A83CC13884): 0
LogDevObjectVersion:   Dev-LoadTimes (C2A15278-BFE7-4AFE-6C17-90FF531DF755): 1
LogDevObjectVersion:   Private-Geometry (6EACA3D4-40EC-4CC1-B786-8BED09428FC5): 1
LogDevObjectVersion:   Dev-AnimPhys (29E575DD-E0A3-4627-9D10-D276232CDCEA): 7
LogInit: Compiled (64-bit): Sep 22 2017 13:47:16
LogInit: Compiled with Visual C++: 19.00.24215.01
LogInit: Build Configuration: Development
LogInit: Branch Name: ++UE4+Release-4.17
LogInit: Command line: -EpicPortal 
LogInit: Base directory: C:/Program Files/Epic Games/UE_4.17/Engine/Binaries/Win64/
LogInit: Installed Engine Build: 1
LogInit: Presizing for max 8388607 objects, including 0 objects not considered by GC, pre-allocating 0 bytes for permanent pool.
LogInit: Object subsystem initialized
[2017.11.14-10.55.41:018][  0]LogInit: Selected Device Profile: [Windows]
[2017.11.14-10.55.41:018][  0]LogInit: Applying CVar settings loaded from the selected device profile: [Windows]
[2017.11.14-10.55.41:043][  0]LogInit: Computer: DESKTOP-UTLPHC3
[2017.11.14-10.55.41:043][  0]LogInit: User: Leszek
[2017.11.14-10.55.41:043][  0]LogInit: CPU Page size=4096, Cores=4
[2017.11.14-10.55.41:043][  0]LogInit: High frequency timer resolution =2.742189 MHz
[2017.11.14-10.55.41:044][  0]LogMemory: Memory total: Physical=15.9GB (16GB approx)
[2017.11.14-10.55.41:044][  0]LogMemory: Platform Memory Stats for Windows
[2017.11.14-10.55.41:044][  0]LogMemory: Process Physical Memory: 280.66 MB used, 280.66 MB peak
[2017.11.14-10.55.41:044][  0]LogMemory: Process Virtual Memory: 274.18 MB used, 274.18 MB peak
[2017.11.14-10.55.41:044][  0]LogMemory: Physical Memory: 7438.75 MB used,  8797.20 MB free, 16235.95 MB total
[2017.11.14-10.55.41:044][  0]LogMemory: Virtual Memory: 702.65 MB used,  8797.20 MB free, 134217728.00 MB total
[2017.11.14-10.55.42:638][  0]LogInit: Using OS detected language (en-US).
[2017.11.14-10.55.42:638][  0]LogInit: Using OS detected locale (en-GB).
[2017.11.14-10.55.42:643][  0]LogTextLocalizationManager: No specific localization for 'en-US' exists, so the 'en' localization will be used.
[2017.11.14-10.55.43:722][  0]LogD3D11RHI: D3D11 adapters:
[2017.11.14-10.55.43:781][  0]LogD3D11RHI:    0. 'NVIDIA GeForce GTX 1050' (Feature Level 11_0)
[2017.11.14-10.55.43:781][  0]LogD3D11RHI:       4031/0/8117 MB DedicatedVideo/DedicatedSystem/SharedSystem, Outputs:1, VendorId:0x10de
[2017.11.14-10.55.43:794][  0]LogD3D11RHI:    1. 'Intel(R) HD Graphics 630' (Feature Level 11_0)
[2017.11.14-10.55.43:794][  0]LogD3D11RHI:       128/0/8117 MB DedicatedVideo/DedicatedSystem/SharedSystem, Outputs:0, VendorId:0x8086
[2017.11.14-10.55.43:799][  0]LogD3D11RHI:    2. 'Microsoft Basic Render Driver' (Feature Level 11_0)
[2017.11.14-10.55.43:799][  0]LogD3D11RHI:       0/0/8117 MB DedicatedVideo/DedicatedSystem/SharedSystem, Outputs:0, VendorId:0x1414
[2017.11.14-10.55.43:799][  0]LogD3D11RHI: Chosen D3D11 Adapter: 0
[2017.11.14-10.55.43:812][  0]LogD3D11RHI: Creating new Direct3DDevice
[2017.11.14-10.55.43:812][  0]LogD3D11RHI:     GPU DeviceId: 0x1c8d (for the marketing name, search the web for "GPU Device Id")
[2017.11.14-10.55.43:812][  0]LogWindows: EnumDisplayDevices:
[2017.11.14-10.55.43:812][  0]LogWindows:    0. 'Intel(R) HD Graphics 630' (P:1 D:1)
[2017.11.14-10.55.43:813][  0]LogWindows:    1. 'Intel(R) HD Graphics 630' (P:0 D:0)
[2017.11.14-10.55.43:813][  0]LogWindows:    2. 'Intel(R) HD Graphics 630' (P:0 D:0)
[2017.11.14-10.55.43:813][  0]LogWindows: DebugString: GetVideoDriverDetailsInvalid PrimaryIsNotTheChoosenAdapter GetVideoDriverDetailsInvalid PrimaryIsNotTheChoosenAdapter GetVideoDriverDetailsInvalid PrimaryIsNotTheChoosenAdapter FoundDriverCount:0 
[2017.11.14-10.55.43:813][  0]LogD3D11RHI:     Adapter Name: NVIDIA GeForce GTX 1050
[2017.11.14-10.55.43:813][  0]LogD3D11RHI:   Driver Version: Unknown (internal:Unknown, unified:Unknown)
[2017.11.14-10.55.43:813][  0]LogD3D11RHI:      Driver Date: Unknown
[2017.11.14-10.55.43:813][  0]LogRHI: Texture pool is 1361 MB (70% of 1945 MB)
[2017.11.14-10.55.43:848][  0]LogD3D11RHI: Async texture creation enabled
[2017.11.14-10.55.43:868][  0]LogD3D11RHI: GPU Timing Frequency: 1000.000000 (Debug: 2 1)
[2017.11.14-10.55.43:870][  0]LogShaderCompilers: Guid format shader working directory is -42 characters bigger than the processId version (../../../../../../Users/Leszek/Documents/Unreal Projects/Reveal_Stairway/Reaveal_Stairway/Intermediate/Shaders/WorkingDirectory/1384/).
[2017.11.14-10.55.43:871][  0]LogShaderCompilers: Cleaned the shader compiler working directory 'C:/Users/Leszek/AppData/Local/Temp/UnrealShaderWorkingDir/ABCD34E34946BAA4F5509994FB821B2A/'.
[2017.11.14-10.55.43:871][  0]LogShaderCompilers: Display: Using Local Shader Compiler.
[2017.11.14-10.55.45:235][  0]LogTemp: Display: Loaded TP AllDesktopTargetPlatform
[2017.11.14-10.55.45:343][  0]LogTemp: Display: Loaded TP MacClientTargetPlatform
[2017.11.14-10.55.45:416][  0]LogTemp: Display: Loaded TP MacNoEditorTargetPlatform
[2017.11.14-10.55.45:477][  0]LogTemp: Display: Loaded TP MacServerTargetPlatform
[2017.11.14-10.55.45:538][  0]LogTemp: Display: Loaded TP MacTargetPlatform
[2017.11.14-10.55.45:598][  0]LogTemp: Display: Loaded TP WindowsClientTargetPlatform
[2017.11.14-10.55.45:659][  0]LogTemp: Display: Loaded TP WindowsNoEditorTargetPlatform
[2017.11.14-10.55.45:765][  0]LogTemp: Display: Loaded TP WindowsServerTargetPlatform
[2017.11.14-10.55.45:880][  0]LogTemp: Display: Loaded TP WindowsTargetPlatform
[2017.11.14-10.55.45:949][  0]LogTemp: Display: Loaded TP AndroidTargetPlatform
[2017.11.14-10.55.46:012][  0]LogTemp: Display: Loaded TP Android_ASTCTargetPlatform
[2017.11.14-10.55.46:072][  0]LogTemp: Display: Loaded TP Android_ATCTargetPlatform
[2017.11.14-10.55.46:133][  0]LogTemp: Display: Loaded TP Android_DXTTargetPlatform
[2017.11.14-10.55.46:245][  0]LogTemp: Display: Loaded TP Android_ETC1TargetPlatform
[2017.11.14-10.55.46:379][  0]LogTemp: Display: Loaded TP Android_ETC2TargetPlatform
[2017.11.14-10.55.46:569][  0]LogTemp: Display: Loaded TP Android_MultiTargetPlatform
[2017.11.14-10.55.46:569][  0]LogTemp: Display: Loaded TP Android_PVRTCTargetPlatform
[2017.11.14-10.55.46:619][  0]LogTemp: Display: Loaded TP HTML5TargetPlatform
[2017.11.14-10.55.46:729][  0]LogTemp: Display: Loaded TP IOSTargetPlatform
[2017.11.14-10.55.46:810][  0]LogTemp: Display: Loaded TP TVOSTargetPlatform
[2017.11.14-10.55.46:938][  0]LogTemp: Display: Loaded TP LinuxClientTargetPlatform
[2017.11.14-10.55.47:097][  0]LogTemp: Display: Loaded TP LinuxNoEditorTargetPlatform
[2017.11.14-10.55.47:249][  0]LogTemp: Display: Loaded TP LinuxServerTargetPlatform
[2017.11.14-10.55.47:366][  0]LogTemp: Display: Loaded TP LinuxTargetPlatform
[2017.11.14-10.55.47:366][  0]LogTargetPlatformManager: Display: Building Assets For Windows
[2017.11.14-10.55.48:775][  0]LogDerivedDataCache: Display: Max Cache Size: 512 MB
[2017.11.14-10.55.48:935][  0]LogDerivedDataCache: Loaded boot cache 0.16s 93MB C:/Users/Leszek/AppData/Local/UnrealEngine/4.17/DerivedDataCache/Boot.ddc.
[2017.11.14-10.55.48:935][  0]LogDerivedDataCache: Display: Loaded Boot cache: C:/Users/Leszek/AppData/Local/UnrealEngine/4.17/DerivedDataCache/Boot.ddc
[2017.11.14-10.55.48:936][  0]LogDerivedDataCache: FDerivedDataBackendGraph:  Pak pak cache file ../../../../../../Users/Leszek/Documents/Unreal Projects/Reveal_Stairway/Reaveal_Stairway/DerivedDataCache/DDC.ddp not found, will not use a pak cache.
[2017.11.14-10.55.48:936][  0]LogDerivedDataCache: Unable to find inner node Pak for hierarchical cache Hierarchy.
[2017.11.14-10.55.48:936][  0]LogDerivedDataCache: FDerivedDataBackendGraph:  CompressedPak pak cache file ../../../../../../Users/Leszek/Documents/Unreal Projects/Reveal_Stairway/Reaveal_Stairway/DerivedDataCache/Compressed.ddp not found, will not use a pak cache.
[2017.11.14-10.55.48:936][  0]LogDerivedDataCache: Unable to find inner node CompressedPak for hierarchical cache Hierarchy.
[2017.11.14-10.55.48:969][  0]LogDerivedDataCache: Display: Pak cache opened for reading ../../../Engine/DerivedDataCache/Compressed.ddp.
[2017.11.14-10.55.48:983][  0]LogDerivedDataCache: Using Local data cache path C:/Users/Leszek/AppData/Local/UnrealEngine/Common/DerivedDataCache: Writable
[2017.11.14-10.55.48:998][  0]LogMaterial: Verifying Global Shaders for PCD3D_SM5
[2017.11.14-10.55.48:999][  0]LogSlate: Using Freetype 2.6.0
[2017.11.14-10.55.49:000][  0]LogSlate: SlateFontCache - WITH_FREETYPE: 1, WITH_HARFBUZZ: 1
[2017.11.14-10.55.49:000][  0]LogSlate: SlateFontCache - WITH_FREETYPE: 1, WITH_HARFBUZZ: 1
[2017.11.14-10.55.49:472][  0]LogAssetRegistry: FAssetRegistry took 0.0291 seconds to start up
[2017.11.14-10.55.49:678][  0]LogInit: Selected Device Profile: [Windows]
[2017.11.14-10.55.49:870][  0]LogContentStreaming: Texture pool size is 0.00 MB
[2017.11.14-10.55.50:617][  0]LogSimplygon: Simplygon DLL not present - disabling.
[2017.11.14-10.55.50:722][  0]LogMeshReduction: Using SimplygonSwarm for distributed automatic mesh merging
[2017.11.14-10.55.50:723][  0]LogMeshReduction: Using QuadricMeshReduction for automatic static mesh reduction
[2017.11.14-10.55.50:723][  0]LogMeshReduction: No automatic skeletal mesh reduction module available
[2017.11.14-10.55.50:723][  0]LogMeshReduction: No automatic mesh merging module available
[2017.11.14-10.55.50:723][  0]LogMeshMerging: No automatic mesh merging module available
[2017.11.14-10.55.51:390][  0]LogNetVersion: Reaveal_Stairway , NetCL: 3573198, EngineNetVer: 2, GameNetVer: 0 (Checksum: 489707589)
[2017.11.14-10.55.51:873][  0]LogPackageLocalizationCache: Processed 5 localized package path(s) for 2 prioritized culture(s) in 0.123528 seconds
[2017.11.14-10.55.51:886][  0]LogUObjectArray: 35825 objects as part of root set at end of initial load.
[2017.11.14-10.55.51:886][  0]LogUObjectAllocator: 7529112 out of 0 bytes used by permanent object pool.
[2017.11.14-10.55.51:886][  0]LogUObjectArray: CloseDisregardForGC: 0/0 objects in disregard for GC pool
[2017.11.14-10.55.52:107][  0]LogInit: WinSock: version 1.1 (2.2), MaxSocks=32767, MaxUdp=65467
[2017.11.14-10.55.58:776][  0]LogTcpMessaging: Initializing TcpMessaging bridge
[2017.11.14-10.55.58:903][  0]LogUdpMessaging: Initializing bridge on interface 0.0.0.0:0 to multicast group 230.0.0.1:6666.
[2017.11.14-10.56.00:354][  0]LogMaterial: Uniform references updated for custom material expression Custom.
[2017.11.14-10.56.01:403][  0]SourceControl: Source control is disabled
[2017.11.14-10.56.01:404][  0]SourceControl: Source control is disabled
[2017.11.14-10.56.01:508][  0]SourceControl: Source control is disabled
[2017.11.14-10.56.01:609][  0]SourceControl: Source control is disabled
[2017.11.14-10.56.02:907][  0]LogAndroidPermission: UAndroidPermissionCallbackProxy::GetInstance
[2017.11.14-10.56.03:342][  0]LogOcInput: OculusInput pre-init called
[2017.11.14-10.56.04:212][  0]LogEngine: Initializing Engine...
[2017.11.14-10.56.04:217][  0]LogHMD: Failed to initialize OpenVR with code 110
[2017.11.14-10.56.04:626][  0]LogStats: UGameplayTagsManager::ConstructGameplayTagTree: Construct from data asset -  0.000 s
[2017.11.14-10.56.04:626][  0]LogStats: UGameplayTagsManager::ConstructGameplayTagTree: GameplayTagTreeChangedEvent.Broadcast -  0.000 s
[2017.11.14-10.56.05:008][  0]LogAIModule: Creating AISystem for world Untitled
[2017.11.14-10.56.05:031][  0]LogInit: XAudio2 using 'Speakers / Headphones (Realtek Audio)' : 2 channels at 48 kHz using 32 bits per sample (channel mask 0x3)
[2017.11.14-10.56.06:221][  0]LogInit: FAudioDevice initialized.
[2017.11.14-10.56.06:326][  0]LogDerivedDataCache: Saved boot cache 0.11s 93MB C:/Users/Leszek/AppData/Local/UnrealEngine/4.17/DerivedDataCache/Boot.ddc.
[2017.11.14-10.56.06:339][  0]LogInit: Texture streaming: Enabled
[2017.11.14-10.56.06:822][  0]LogEngineSessionManager: EngineSessionManager initialized
[2017.11.14-10.56.07:563][  0]LogInit: Transaction tracking system initialized
[2017.11.14-10.56.08:286][  0]BlueprintLog: New page: Editor Load
[2017.11.14-10.56.10:331][  0]LocalizationService: Localization service is disabled
[2017.11.14-10.56.11:398][  0]LogLinker: Warning: Can't find file '/Game/ThirdPersonBP/ThirdPersonOverview'
[2017.11.14-10.56.11:399][  0]LogLinker: Warning: Can't find file '/Game/ThirdPersonBP/ThirdPersonOverview'
[2017.11.14-10.56.11:399][  0]LogUObjectGlobals: Warning: Failed to find object 'Class /Game/ThirdPersonBP/ThirdPersonOverview.ThirdPersonOverview_C'
[2017.11.14-10.56.11:822][  0]LogConsoleResponse: Display: 
[2017.11.14-10.56.12:084][  0]LogCook: Display: Max memory allowance for cook 16384mb min free memory 0mb
[2017.11.14-10.56.12:084][  0]LogCook: Display: Mobile HDR setting 1
[2017.11.14-10.56.12:084][  0]LogGameplayTags: Display: UGameplayTagsManager::DoneAddingNativeTags. DelegateIsBound: 0
[2017.11.14-10.56.12:617][  0]LogFileCache: Scanning file cache for directory 'C:/Users/Leszek/Documents/Unreal Projects/Reveal_Stairway/Reaveal_Stairway/Content/' took 0.01s
[2017.11.14-10.56.14:125][  0]SourceControl: Source control is disabled
[2017.11.14-10.56.14:125][  0]Cmd: MAP LOAD FILE="../../../../../../Users/Leszek/Documents/Unreal Projects/Reveal_Stairway/Reaveal_Stairway/Content/Stairway_map/Reveal_Stairway.umap" TEMPLATE=0 SHOWPROGRESS=1 FEATURELEVEL=3
[2017.11.14-10.56.14:125][  0]LightingResults: New page: Lighting Build
[2017.11.14-10.56.14:220][  0]MapCheck: New page: Map Check
[2017.11.14-10.56.14:220][  0]LightingResults: New page: Lighting Build
[2017.11.14-10.56.14:690][  0]LogAIModule: Creating AISystem for world Reveal_Stairway
[2017.11.14-10.56.14:712][  0]LogEditorServer: Finished looking for orphan Actors (0.000 secs)
[2017.11.14-10.56.14:737][  0]Cmd: MAP CHECKDEP NOCLEARLOG
[2017.11.14-10.56.14:807][  0]MapCheck: Map check complete: 0 Error(s), 0 Warning(s), took 69.634ms to complete.
[2017.11.14-10.56.14:807][  0]LogFileHelpers: Loading map 'Reveal_Stairway' took 0.682
[2017.11.14-10.56.15:127][  0]LogCollectionManager: Loaded 0 collections in 0.003974 seconds
[2017.11.14-10.56.15:321][  0]LogFileCache: Scanning file cache for directory 'C:/Users/Leszek/Documents/Unreal Projects/Reveal_Stairway/Reaveal_Stairway/Saved/Collections/' took 0.01s
[2017.11.14-10.56.15:321][  0]LogFileCache: Scanning file cache for directory 'C:/Users/Leszek/Documents/Unreal Projects/Reveal_Stairway/Reaveal_Stairway/Content/Developers/Leszek/Collections/' took 0.01s
[2017.11.14-10.56.15:321][  0]LogFileCache: Scanning file cache for directory 'C:/Users/Leszek/Documents/Unreal Projects/Reveal_Stairway/Reaveal_Stairway/Content/Collections/' took 0.01s
[2017.11.14-10.56.15:321][  0]LogCollectionManager: Rebuilt the GUID cache for 0 collections in 0.000000 seconds
[2017.11.14-10.56.15:330][  0]LogContentBrowser: Native class hierarchy populated in 0.0080 seconds. Added 2386 classes and 500 folders.
[2017.11.14-10.56.15:447][  0]LogContentBrowser: Native class hierarchy updated for 'WidgetCarousel' in 0.0008 seconds. Added 0 classes and 0 folders.
[2017.11.14-10.56.15:593][  0]LogContentBrowser: Native class hierarchy updated for 'AddContentDialog' in 0.0016 seconds. Added 0 classes and 0 folders.
[2017.11.14-10.56.15:710][  0]LogContentBrowser: Native class hierarchy updated for 'SceneOutliner' in 0.0009 seconds. Added 1 classes and 2 folders.
[2017.11.14-10.56.15:904][  0]LogContentBrowser: Native class hierarchy updated for 'HierarchicalLODOutliner' in 0.0006 seconds. Added 1 classes and 2 folders.
[2017.11.14-10.56.15:904][  0]LogLoad: (Engine Initialization) Total time: 37.50 seconds
[2017.11.14-10.56.15:904][  0]LogLoad: (Engine Initialization) Total Blueprint compile time: 0.00 seconds
[2017.11.14-10.56.15:905][  0]LogExternalProfiler: No external profilers were discovered.  External profiling features will not be available.
[2017.11.14-10.56.16:266][  0]LogContentStreaming: Texture pool size now 1000 MB
[2017.11.14-10.56.16:269][  0]LogSlate: Took 0.000470 seconds to synchronously load lazily loaded font '../../../Engine/Content/Slate/Fonts/Roboto-Regular.ttf' (155K)
[2017.11.14-10.56.16:274][  0]LogSlate: Took 0.000454 seconds to synchronously load lazily loaded font '../../../Engine/Content/Slate/Fonts/Roboto-Bold.ttf' (160K)
[2017.11.14-10.56.16:289][  0]LogSlate: Took 0.002102 seconds to synchronously load lazily loaded font '../../../Engine/Content/Editor/Slate/Fonts/FontAwesome.ttf' (139K)
[2017.11.14-10.56.16:492][  0]LogSlate: Took 0.001840 seconds to synchronously load lazily loaded font '../../../Engine/Content/Slate/Fonts/Roboto-Light.ttf' (159K)
[2017.11.14-10.56.16:562][  0]LogRenderer: Reallocating scene render targets to support 868x416 Format 10 NumSamples 1 (Frame:1).
[2017.11.14-10.56.17:364][  3]LogAssetRegistry: Asset discovery search completed in 27.9142 seconds
[2017.11.14-10.56.17:371][  3]LogCollectionManager: Rebuilt the object cache for 0 collections in 0.000001 seconds (found 0 objects)
[2017.11.14-10.56.17:371][  3]LogCollectionManager: Fixed up redirectors for 0 collections in 0.000198 seconds (updated 0 objects)
[2017.11.14-10.57.46:951][322]LogRenderer: Reallocating scene render targets to support 964x460 Format 10 NumSamples 1 (Frame:55).
[2017.11.14-10.57.50:265][414]LogTemp: Repeating last play command: Selected Viewport
[2017.11.14-10.57.50:379][414]LogBlueprintUserMessages: Early PlayInEditor Detection: Level '/Game/Stairway_map/Reveal_Stairway.Reveal_Stairway:PersistentLevel' has LevelScriptBlueprint '/Game/Stairway_map/Reveal_Stairway.Reveal_Stairway:PersistentLevel.Reveal_Stairway' with GeneratedClass '/Game/Stairway_map/Reveal_Stairway.Reveal_Stairway_C' with ClassGeneratedBy '/Game/Stairway_map/Reveal_Stairway.Reveal_Stairway:PersistentLevel.Reveal_Stairway'
[2017.11.14-10.57.50:379][414]LogPlayLevel: PlayLevel: No blueprints needed recompiling
[2017.11.14-10.57.50:382][414]PIE: New page: PIE session: Reveal_Stairway (14 Nov 2017 10:57:50)
[2017.11.14-10.57.50:382][414]LogPlayLevel: Creating play world package: /Game/Stairway_map/UEDPIE_0_Reveal_Stairway
[2017.11.14-10.57.50:393][414]LogPlayLevel: PIE: StaticDuplicateObject took: (0.010710s)
[2017.11.14-10.57.50:394][414]LogAIModule: Creating AISystem for world Reveal_Stairway
[2017.11.14-10.57.50:395][414]LogPlayLevel: PIE: World Init took: (0.001831s)
[2017.11.14-10.57.50:395][414]LogPlayLevel: PIE: Created PIE world by copying editor world from /Game/Stairway_map/Reveal_Stairway.Reveal_Stairway to /Game/Stairway_map/UEDPIE_0_Reveal_Stairway.Reveal_Stairway (0.013249s)
[2017.11.14-10.57.50:410][414]LogInit: XAudio2 using 'Speakers / Headphones (Realtek Audio)' : 2 channels at 48 kHz using 32 bits per sample (channel mask 0x3)
[2017.11.14-10.57.50:426][414]LogInit: FAudioDevice initialized.
[2017.11.14-10.57.51:375][414]LogLoad: Game class is 'FirstPersonGameMode_C'
[2017.11.14-10.57.51:379][414]LogWorld: Bringing World /Game/Stairway_map/UEDPIE_0_Reveal_Stairway.Reveal_Stairway up for play (max tick rate 60) at 2017.11.14-10.57.51
[2017.11.14-10.57.51:380][414]LogWorld: Bringing up level for play took: 0.003034
[2017.11.14-10.57.51:452][414]LogContentBrowser: Native class hierarchy updated for 'MovieSceneCapture' in 0.0007 seconds. Added 11 classes and 0 folders.
[2017.11.14-10.57.51:460][414]PIE: Play in editor start time for /Game/Stairway_map/UEDPIE_0_Reveal_Stairway 1.994
[2017.11.14-10.57.51:460][414]LogBlueprintUserMessages: Late PlayInEditor Detection: Level '/Game/Stairway_map/Reveal_Stairway.Reveal_Stairway:PersistentLevel' has LevelScriptBlueprint '/Game/Stairway_map/Reveal_Stairway.Reveal_Stairway:PersistentLevel.Reveal_Stairway' with GeneratedClass '/Game/Stairway_map/Reveal_Stairway.Reveal_Stairway_C' with ClassGeneratedBy '/Game/Stairway_map/Reveal_Stairway.Reveal_Stairway:PersistentLevel.Reveal_Stairway'
[2017.11.14-10.57.53:655][481]LogBlueprintUserMessages: Early EndPlayMap Detection: Level '/Game/Stairway_map/Reveal_Stairway.Reveal_Stairway:PersistentLevel' has LevelScriptBlueprint '/Game/Stairway_map/Reveal_Stairway.Reveal_Stairway:PersistentLevel.Reveal_Stairway' with GeneratedClass '/Game/Stairway_map/Reveal_Stairway.Reveal_Stairway_C' with ClassGeneratedBy '/Game/Stairway_map/Reveal_Stairway.Reveal_Stairway:PersistentLevel.Reveal_Stairway'
[2017.11.14-10.57.53:727][481]LogBlueprintUserMessages: Late EndPlayMap Detection: Level '/Game/Stairway_map/Reveal_Stairway.Reveal_Stairway:PersistentLevel' has LevelScriptBlueprint '/Game/Stairway_map/Reveal_Stairway.Reveal_Stairway:PersistentLevel.Reveal_Stairway' with GeneratedClass '/Game/Stairway_map/Reveal_Stairway.Reveal_Stairway_C' with ClassGeneratedBy '/Game/Stairway_map/Reveal_Stairway.Reveal_Stairway:PersistentLevel.Reveal_Stairway'
[2017.11.14-10.57.56:338][548]LogTemp: Repeating last play command: Selected Viewport
[2017.11.14-10.57.56:375][548]LogBlueprintUserMessages: Early PlayInEditor Detection: Level '/Game/Stairway_map/Reveal_Stairway.Reveal_Stairway:PersistentLevel' has LevelScriptBlueprint '/Game/Stairway_map/Reveal_Stairway.Reveal_Stairway:PersistentLevel.Reveal_Stairway' with GeneratedClass '/Game/Stairway_map/Reveal_Stairway.Reveal_Stairway_C' with ClassGeneratedBy '/Game/Stairway_map/Reveal_Stairway.Reveal_Stairway:PersistentLevel.Reveal_Stairway'
[2017.11.14-10.57.56:375][548]LogPlayLevel: PlayLevel: No blueprints needed recompiling
[2017.11.14-10.57.56:376][548]PIE: New page: PIE session: Reveal_Stairway (14 Nov 2017 10:57:56)
[2017.11.14-10.57.56:376][548]LogPlayLevel: Creating play world package: /Game/Stairway_map/UEDPIE_0_Reveal_Stairway
[2017.11.14-10.57.56:384][548]LogPlayLevel: PIE: StaticDuplicateObject took: (0.008051s)
[2017.11.14-10.57.56:385][548]LogAIModule: Creating AISystem for world Reveal_Stairway
[2017.11.14-10.57.56:385][548]LogPlayLevel: PIE: World Init took: (0.001359s)
[2017.11.14-10.57.56:386][548]LogPlayLevel: PIE: Created PIE world by copying editor world from /Game/Stairway_map/Reveal_Stairway.Reveal_Stairway to /Game/Stairway_map/UEDPIE_0_Reveal_Stairway.Reveal_Stairway (0.009943s)
[2017.11.14-10.57.56:408][548]LogInit: XAudio2 using 'Speakers / Headphones (Realtek Audio)' : 2 channels at 48 kHz using 32 bits per sample (channel mask 0x3)
[2017.11.14-10.57.56:431][548]LogInit: FAudioDevice initialized.
[2017.11.14-10.57.56:468][548]LogLoad: Game class is 'FirstPersonGameMode_C'
[2017.11.14-10.57.56:471][548]LogWorld: Bringing World /Game/Stairway_map/UEDPIE_0_Reveal_Stairway.Reveal_Stairway up for play (max tick rate 60) at 2017.11.14-10.57.56
[2017.11.14-10.57.56:471][548]LogWorld: Bringing up level for play took: 0.002329
[2017.11.14-10.57.56:474][548]PIE: Play in editor start time for /Game/Stairway_map/UEDPIE_0_Reveal_Stairway 1.008
[2017.11.14-10.57.56:474][548]LogBlueprintUserMessages: Late PlayInEditor Detection: Level '/Game/Stairway_map/Reveal_Stairway.Reveal_Stairway:PersistentLevel' has LevelScriptBlueprint '/Game/Stairway_map/Reveal_Stairway.Reveal_Stairway:PersistentLevel.Reveal_Stairway' with GeneratedClass '/Game/Stairway_map/Reveal_Stairway.Reveal_Stairway_C' with ClassGeneratedBy '/Game/Stairway_map/Reveal_Stairway.Reveal_Stairway:PersistentLevel.Reveal_Stairway'
[2017.11.14-10.58.14:878][101]LogBlueprintUserMessages: Early EndPlayMap Detection: Level '/Game/Stairway_map/Reveal_Stairway.Reveal_Stairway:PersistentLevel' has LevelScriptBlueprint '/Game/Stairway_map/Reveal_Stairway.Reveal_Stairway:PersistentLevel.Reveal_Stairway' with GeneratedClass '/Game/Stairway_map/Reveal_Stairway.Reveal_Stairway_C' with ClassGeneratedBy '/Game/Stairway_map/Reveal_Stairway.Reveal_Stairway:PersistentLevel.Reveal_Stairway'
[2017.11.14-10.58.14:951][101]LogBlueprintUserMessages: Late EndPlayMap Detection: Level '/Game/Stairway_map/Reveal_Stairway.Reveal_Stairway:PersistentLevel' has LevelScriptBlueprint '/Game/Stairway_map/Reveal_Stairway.Reveal_Stairway:PersistentLevel.Reveal_Stairway' with GeneratedClass '/Game/Stairway_map/Reveal_Stairway.Reveal_Stairway_C' with ClassGeneratedBy '/Game/Stairway_map/Reveal_Stairway.Reveal_Stairway:PersistentLevel.Reveal_Stairway'
[2017.11.14-10.58.15:960][128]LogTemp: Repeating last play command: Selected Viewport
[2017.11.14-10.58.15:994][128]LogBlueprintUserMessages: Early PlayInEditor Detection: Level '/Game/Stairway_map/Reveal_Stairway.Reveal_Stairway:PersistentLevel' has LevelScriptBlueprint '/Game/Stairway_map/Reveal_Stairway.Reveal_Stairway:PersistentLevel.Reveal_Stairway' with GeneratedClass '/Game/Stairway_map/Reveal_Stairway.Reveal_Stairway_C' with ClassGeneratedBy '/Game/Stairway_map/Reveal_Stairway.Reveal_Stairway:PersistentLevel.Reveal_Stairway'
[2017.11.14-10.58.15:994][128]LogPlayLevel: PlayLevel: No blueprints needed recompiling
[2017.11.14-10.58.15:995][128]PIE: New page: PIE session: Reveal_Stairway (14 Nov 2017 10:58:15)
[2017.11.14-10.58.15:995][128]LogPlayLevel: Creating play world package: /Game/Stairway_map/UEDPIE_0_Reveal_Stairway
[2017.11.14-10.58.16:005][128]LogPlayLevel: PIE: StaticDuplicateObject took: (0.010489s)
[2017.11.14-10.58.16:006][128]LogAIModule: Creating AISystem for world Reveal_Stairway
[2017.11.14-10.58.16:007][128]LogPlayLevel: PIE: World Init took: (0.001107s)
[2017.11.14-10.58.16:007][128]LogPlayLevel: PIE: Created PIE world by copying editor world from /Game/Stairway_map/Reveal_Stairway.Reveal_Stairway to /Game/Stairway_map/UEDPIE_0_Reveal_Stairway.Reveal_Stairway (0.012026s)
[2017.11.14-10.58.16:028][128]LogInit: XAudio2 using 'Speakers / Headphones (Realtek Audio)' : 2 channels at 48 kHz using 32 bits per sample (channel mask 0x3)
[2017.11.14-10.58.16:049][128]LogInit: FAudioDevice initialized.
[2017.11.14-10.58.16:093][128]LogLoad: Game class is 'FirstPersonGameMode_C'
[2017.11.14-10.58.16:100][128]LogWorld: Bringing World /Game/Stairway_map/UEDPIE_0_Reveal_Stairway.Reveal_Stairway up for play (max tick rate 60) at 2017.11.14-10.58.16
[2017.11.14-10.58.16:101][128]LogWorld: Bringing up level for play took: 0.006140
[2017.11.14-10.58.16:109][128]PIE: Play in editor start time for /Game/Stairway_map/UEDPIE_0_Reveal_Stairway 0.643
[2017.11.14-10.58.16:110][128]LogBlueprintUserMessages: Late PlayInEditor Detection: Level '/Game/Stairway_map/Reveal_Stairway.Reveal_Stairway:PersistentLevel' has LevelScriptBlueprint '/Game/Stairway_map/Reveal_Stairway.Reveal_Stairway:PersistentLevel.Reveal_Stairway' with GeneratedClass '/Game/Stairway_map/Reveal_Stairway.Reveal_Stairway_C' with ClassGeneratedBy '/Game/Stairway_map/Reveal_Stairway.Reveal_Stairway:PersistentLevel.Reveal_Stairway'
[2017.11.14-10.58.34:733][687]LogBlueprintUserMessages: Early EndPlayMap Detection: Level '/Game/Stairway_map/Reveal_Stairway.Reveal_Stairway:PersistentLevel' has LevelScriptBlueprint '/Game/Stairway_map/Reveal_Stairway.Reveal_Stairway:PersistentLevel.Reveal_Stairway' with GeneratedClass '/Game/Stairway_map/Reveal_Stairway.Reveal_Stairway_C' with ClassGeneratedBy '/Game/Stairway_map/Reveal_Stairway.Reveal_Stairway:PersistentLevel.Reveal_Stairway'
[2017.11.14-10.58.34:807][687]LogBlueprintUserMessages: Late EndPlayMap Detection: Level '/Game/Stairway_map/Reveal_Stairway.Reveal_Stairway:PersistentLevel' has LevelScriptBlueprint '/Game/Stairway_map/Reveal_Stairway.Reveal_Stairway:PersistentLevel.Reveal_Stairway' with GeneratedClass '/Game/Stairway_map/Reveal_Stairway.Reveal_Stairway_C' with ClassGeneratedBy '/Game/Stairway_map/Reveal_Stairway.Reveal_Stairway:PersistentLevel.Reveal_Stairway'
[2017.11.14-11.08.00:532][873]LogTemp: Repeating last play command: Selected Viewport
[2017.11.14-11.08.00:570][873]LogBlueprintUserMessages: Early PlayInEditor Detection: Level '/Game/Stairway_map/Reveal_Stairway.Reveal_Stairway:PersistentLevel' has LevelScriptBlueprint '/Game/Stairway_map/Reveal_Stairway.Reveal_Stairway:PersistentLevel.Reveal_Stairway' with GeneratedClass '/Game/Stairway_map/Reveal_Stairway.Reveal_Stairway_C' with ClassGeneratedBy '/Game/Stairway_map/Reveal_Stairway.Reveal_Stairway:PersistentLevel.Reveal_Stairway'
[2017.11.14-11.08.00:571][873]LogPlayLevel: PlayLevel: No blueprints needed recompiling
[2017.11.14-11.08.00:571][873]PIE: New page: PIE session: Reveal_Stairway (14 Nov 2017 11:08:00)
[2017.11.14-11.08.00:571][873]LogPlayLevel: Creating play world package: /Game/Stairway_map/UEDPIE_0_Reveal_Stairway
[2017.11.14-11.08.00:581][873]LogPlayLevel: PIE: StaticDuplicateObject took: (0.009972s)
[2017.11.14-11.08.00:583][873]LogAIModule: Creating AISystem for world Reveal_Stairway
[2017.11.14-11.08.00:583][873]LogPlayLevel: PIE: World Init took: (0.001814s)
[2017.11.14-11.08.00:583][873]LogPlayLevel: PIE: Created PIE world by copying editor world from /Game/Stairway_map/Reveal_Stairway.Reveal_Stairway to /Game/Stairway_map/UEDPIE_0_Reveal_Stairway.Reveal_Stairway (0.012336s)
[2017.11.14-11.08.00:607][873]LogInit: XAudio2 using 'Speakers / Headphones (Realtek Audio)' : 2 channels at 48 kHz using 32 bits per sample (channel mask 0x3)
[2017.11.14-11.08.00:633][873]LogInit: FAudioDevice initialized.
[2017.11.14-11.08.00:672][873]LogLoad: Game class is 'FirstPersonGameMode_C'
[2017.11.14-11.08.00:680][873]LogWorld: Bringing World /Game/Stairway_map/UEDPIE_0_Reveal_Stairway.Reveal_Stairway up for play (max tick rate 60) at 2017.11.14-11.08.00
[2017.11.14-11.08.00:681][873]LogWorld: Bringing up level for play took: 0.006312
[2017.11.14-11.08.00:691][873]PIE: Play in editor start time for /Game/Stairway_map/UEDPIE_0_Reveal_Stairway -0.775
[2017.11.14-11.08.00:692][873]LogBlueprintUserMessages: Late PlayInEditor Detection: Level '/Game/Stairway_map/Reveal_Stairway.Reveal_Stairway:PersistentLevel' has LevelScriptBlueprint '/Game/Stairway_map/Reveal_Stairway.Reveal_Stairway:PersistentLevel.Reveal_Stairway' with GeneratedClass '/Game/Stairway_map/Reveal_Stairway.Reveal_Stairway_C' with ClassGeneratedBy '/Game/Stairway_map/Reveal_Stairway.Reveal_Stairway:PersistentLevel.Reveal_Stairway'
[2017.11.14-11.08.26:797][656]LogBlueprintUserMessages: Early EndPlayMap Detection: Level '/Game/Stairway_map/Reveal_Stairway.Reveal_Stairway:PersistentLevel' has LevelScriptBlueprint '/Game/Stairway_map/Reveal_Stairway.Reveal_Stairway:PersistentLevel.Reveal_Stairway' with GeneratedClass '/Game/Stairway_map/Reveal_Stairway.Reveal_Stairway_C' with ClassGeneratedBy '/Game/Stairway_map/Reveal_Stairway.Reveal_Stairway:PersistentLevel.Reveal_Stairway'
[2017.11.14-11.08.26:866][656]LogBlueprintUserMessages: Late EndPlayMap Detection: Level '/Game/Stairway_map/Reveal_Stairway.Reveal_Stairway:PersistentLevel' has LevelScriptBlueprint '/Game/Stairway_map/Reveal_Stairway.Reveal_Stairway:PersistentLevel.Reveal_Stairway' with GeneratedClass '/Game/Stairway_map/Reveal_Stairway.Reveal_Stairway_C' with ClassGeneratedBy '/Game/Stairway_map/Reveal_Stairway.Reveal_Stairway:PersistentLevel.Reveal_Stairway'
[2017.11.14-11.08.28:829][709]LogTemp: Repeating last play command: Selected Viewport
[2017.11.14-11.08.28:865][709]LogBlueprintUserMessages: Early PlayInEditor Detection: Level '/Game/Stairway_map/Reveal_Stairway.Reveal_Stairway:PersistentLevel' has LevelScriptBlueprint '/Game/Stairway_map/Reveal_Stairway.Reveal_Stairway:PersistentLevel.Reveal_Stairway' with GeneratedClass '/Game/Stairway_map/Reveal_Stairway.Reveal_Stairway_C' with ClassGeneratedBy '/Game/Stairway_map/Reveal_Stairway.Reveal_Stairway:PersistentLevel.Reveal_Stairway'
[2017.11.14-11.08.28:865][709]LogPlayLevel: PlayLevel: No blueprints needed recompiling
[2017.11.14-11.08.28:865][709]PIE: New page: PIE session: Reveal_Stairway (14 Nov 2017 11:08:28)
[2017.11.14-11.08.28:866][709]LogPlayLevel: Creating play world package: /Game/Stairway_map/UEDPIE_0_Reveal_Stairway
[2017.11.14-11.08.28:873][709]LogPlayLevel: PIE: StaticDuplicateObject took: (0.007651s)
[2017.11.14-11.08.28:874][709]LogAIModule: Creating AISystem for world Reveal_Stairway
[2017.11.14-11.08.28:874][709]LogPlayLevel: PIE: World Init took: (0.001166s)
[2017.11.14-11.08.28:875][709]LogPlayLevel: PIE: Created PIE world by copying editor world from /Game/Stairway_map/Reveal_Stairway.Reveal_Stairway to /Game/Stairway_map/UEDPIE_0_Reveal_Stairway.Reveal_Stairway (0.009293s)
[2017.11.14-11.08.28:897][709]LogInit: XAudio2 using 'Speakers / Headphones (Realtek Audio)' : 2 channels at 48 kHz using 32 bits per sample (channel mask 0x3)
[2017.11.14-11.08.28:919][709]LogInit: FAudioDevice initialized.
[2017.11.14-11.08.28:960][709]LogLoad: Game class is 'FirstPersonGameMode_C'
[2017.11.14-11.08.28:967][709]LogWorld: Bringing World /Game/Stairway_map/UEDPIE_0_Reveal_Stairway.Reveal_Stairway up for play (max tick rate 60) at 2017.11.14-11.08.28
[2017.11.14-11.08.28:968][709]LogWorld: Bringing up level for play took: 0.005812
[2017.11.14-11.08.28:975][709]PIE: Play in editor start time for /Game/Stairway_map/UEDPIE_0_Reveal_Stairway -0.491
[2017.11.14-11.08.28:976][709]LogBlueprintUserMessages: Late PlayInEditor Detection: Level '/Game/Stairway_map/Reveal_Stairway.Reveal_Stairway:PersistentLevel' has LevelScriptBlueprint '/Game/Stairway_map/Reveal_Stairway.Reveal_Stairway:PersistentLevel.Reveal_Stairway' with GeneratedClass '/Game/Stairway_map/Reveal_Stairway.Reveal_Stairway_C' with ClassGeneratedBy '/Game/Stairway_map/Reveal_Stairway.Reveal_Stairway:PersistentLevel.Reveal_Stairway'
[2017.11.14-11.08.55:845][515]LogBlueprintUserMessages: Early EndPlayMap Detection: Level '/Game/Stairway_map/Reveal_Stairway.Reveal_Stairway:PersistentLevel' has LevelScriptBlueprint '/Game/Stairway_map/Reveal_Stairway.Reveal_Stairway:PersistentLevel.Reveal_Stairway' with GeneratedClass '/Game/Stairway_map/Reveal_Stairway.Reveal_Stairway_C' with ClassGeneratedBy '/Game/Stairway_map/Reveal_Stairway.Reveal_Stairway:PersistentLevel.Reveal_Stairway'
[2017.11.14-11.08.55:914][515]LogBlueprintUserMessages: Late EndPlayMap Detection: Level '/Game/Stairway_map/Reveal_Stairway.Reveal_Stairway:PersistentLevel' has LevelScriptBlueprint '/Game/Stairway_map/Reveal_Stairway.Reveal_Stairway:PersistentLevel.Reveal_Stairway' with GeneratedClass '/Game/Stairway_map/Reveal_Stairway.Reveal_Stairway_C' with ClassGeneratedBy '/Game/Stairway_map/Reveal_Stairway.Reveal_Stairway:PersistentLevel.Reveal_Stairway'
[2017.11.14-11.09.15:326][920]LogContentBrowser: Native class hierarchy updated for 'Matinee' in 0.0007 seconds. Added 15 classes and 2 folders.
[2017.11.14-11.09.15:331][920]LogInit: Transaction tracking system initialized
[2017.11.14-11.09.15:331][920]EditorErrors: New page: Matinee Initialization
[2017.11.14-11.10.29:948][544]LogEditorViewport: Clicking on Actor (LMB): 1st_Woodblank_Blueprint_C (1st_Woodblank_Blueprint)
[2017.11.14-11.10.31:366][584]LogSlate: Took 0.001932 seconds to synchronously load lazily loaded font '../../../Engine/Content/Editor/Slate/Fonts/Roboto-Italic.ttf' (157K)
[2017.11.14-11.10.42:052][786]LogSlate: Took 0.000500 seconds to synchronously load lazily loaded font '../../../Engine/Content/Slate/Fonts/Roboto-Light.ttf' (159K)
[2017.11.14-11.10.42:831][786]LogContentBrowser: Native class hierarchy updated for 'BlueprintGraph' in 0.0009 seconds. Added 113 classes and 0 folders.
[2017.11.14-11.10.43:403][786]LogSlate: Took 0.001100 seconds to synchronously load lazily loaded font '../../../Engine/Content/Editor/Slate/Fonts/Roboto-BoldCondensed.ttf' (158K)
[2017.11.14-11.11.11:034][425]LogInit: Transaction tracking system initialized
[2017.11.14-11.11.11:035][425]EditorErrors: New page: Matinee Initialization
[2017.11.14-11.18.28:523][127]LogSlate: Took 0.000494 seconds to synchronously load lazily loaded font '../../../Engine/Content/Slate/Fonts/Roboto-Light.ttf' (159K)
[2017.11.14-13.24.20:191][811]LogD3D11RHI: Timed out while waiting for GPU to catch up. (500 ms)
[2017.11.14-13.24.39:898][871]LogHttp: Warning: 0000025E091C3700: request failed, libcurl error: 6 (Couldn't resolve host name)
[2017.11.14-13.24.39:898][871]LogHttp: Warning: 0000025E091C3700: libcurl info message cache 0 (Found bundle for host datarouter.ol.epicgames.com: 0x25df16f3fe8 [can pipeline])
[2017.11.14-13.24.39:898][871]LogHttp: Warning: 0000025E091C3700: libcurl info message cache 1 (Re-using existing connection! (#14) with host datarouter.ol.epicgames.com)
[2017.11.14-13.24.39:898][871]LogHttp: Warning: 0000025E091C3700: libcurl info message cache 2 (Connected to datarouter.ol.epicgames.com (34.232.250.244) port 443 (#14))
[2017.11.14-13.24.39:898][871]LogHttp: Warning: 0000025E091C3700: libcurl info message cache 3 (upload completely sent off: 7833 out of 7833 bytes)
[2017.11.14-13.24.39:898][871]LogHttp: Warning: 0000025E091C3700: libcurl info message cache 4 (SSL read: error:00000000:lib(0):func(0):reason(0), errno 10054)
[2017.11.14-13.24.39:898][871]LogHttp: Warning: 0000025E091C3700: libcurl info message cache 5 (Connection died, retrying a fresh connect)
[2017.11.14-13.24.39:898][871]LogHttp: Warning: 0000025E091C3700: libcurl info message cache 6 (Closing connection 14)
[2017.11.14-13.24.39:898][871]LogHttp: Warning: 0000025E091C3700: libcurl info message cache 7 (Issue another request to this URL: 'https://datarouter.ol.epicgames.com/datarouter/api/v1/public/data?SessionID=%7B951A4133-4192-3C67-6078-799BB6A88CE5%7D&AppID=UEEditor.Rocket.Release&AppVersion=4.17.2-3658906%2B%2B%2BUE4%2BRelease-4.17&UserID=a202bbab4bfb72a6c72ab59bf5105770%7Ca6b7376151474e159cf10430cd50646e%7C20bc636a-a4d7-41a8-a2dc-7238c7cddcf0&AppEnvironment=datacollector-binary&UploadType=eteventstream')
[2017.11.14-13.24.39:898][871]LogHttp: Warning: 0000025E091C3700: libcurl info message cache 8 (Could not resolve host: datarouter.ol.epicgames.com)
[2017.11.14-13.24.39:898][871]LogHttp: Warning: 0000025E091C3700: libcurl info message cache 9 (Closing connection 15)
[2017.11.14-13.55.27:298][470]LogExit: Transaction tracking system shut down
[2017.11.14-13.55.27:298][470]LogExit: Transaction tracking system shut down
[2017.11.14-13.55.27:401][470]LogWindowsTextInputMethodSystem: Display: IME system now deactivated.
[2017.11.14-13.55.27:663][471]Cmd: QUIT_EDITOR
[2017.11.14-13.55.27:782][471]LogExit: Preparing to exit.
[2017.11.14-13.55.29:044][471]LogDirectoryWatcher: A directory notification for 'C:/Users/Leszek/Documents/Unreal Projects/Reveal_Stairway/Reaveal_Stairway/Content/' was aborted.
[2017.11.14-13.55.29:363][471]LogExit: Editor shut down
[2017.11.14-13.55.29:480][471]LogExit: Transaction tracking system shut down
[2017.11.14-13.55.29:800][471]LogDirectoryWatcher: A directory notification for '../../../Engine/Content/' was aborted.
[2017.11.14-13.55.29:800][471]LogDirectoryWatcher: A directory notification for '../../../../../../Users/Leszek/Documents/Unreal Projects/Reveal_Stairway/Reaveal_Stairway/Content/' was aborted.
[2017.11.14-13.55.29:800][471]LogDirectoryWatcher: A directory notification for '../../../Engine/Plugins/2D/Paper2D/Content/' was aborted.
[2017.11.14-13.55.29:800][471]LogDirectoryWatcher: A directory notification for '../../../Engine/Plugins/Runtime/Oculus/OculusVR/Content/' was aborted.
[2017.11.14-13.55.29:800][471]LogDirectoryWatcher: A directory notification for '../../../Engine/Plugins/Runtime/Steam/SteamVR/Content/' was aborted.
[2017.11.14-13.55.30:055][471]LogExit: Object subsystem successfully closed.
[2017.11.14-13.55.30:114][471]LogD3D11RHI: Shutdown
[2017.11.14-13.55.30:115][471]LogD3D11RHI: CleanupD3DDevice
[2017.11.14-13.55.30:332][471]LogD3D11RHI: ~FD3D11DynamicRHI
[2017.11.14-13.55.30:356][471]LogModuleManager: Shutting down and abandoning module BlueprintGraph (540)
[2017.11.14-13.55.30:356][471]LogModuleManager: Shutting down and abandoning module BlueprintProfiler (538)
[2017.11.14-13.55.30:357][471]LogModuleManager: Shutting down and abandoning module DistCurveEditor (536)
[2017.11.14-13.55.30:357][471]LogModuleManager: Shutting down and abandoning module Matinee (534)
[2017.11.14-13.55.30:357][471]LogModuleManager: Shutting down and abandoning module MovieSceneCapture (532)
[2017.11.14-13.55.30:357][471]LogModuleManager: Shutting down and abandoning module HierarchicalLODOutliner (530)
[2017.11.14-13.55.30:357][471]LogModuleManager: Shutting down and abandoning module SceneOutliner (528)
[2017.11.14-13.55.30:357][471]LogModuleManager: Shutting down and abandoning module AddContentDialog (526)
[2017.11.14-13.55.30:357][471]LogDirectoryWatcher: A directory notification for 'C:/Program Files/Epic Games/UE_4.17/FeaturePacks/' was aborted.
[2017.11.14-13.55.30:362][471]LogModuleManager: Shutting down and abandoning module WidgetCarousel (525)
[2017.11.14-13.55.30:362][471]LogModuleManager: Shutting down and abandoning module EditorWidgets (522)
[2017.11.14-13.55.30:362][471]LogModuleManager: Shutting down and abandoning module CollectionManager (520)
[2017.11.14-13.55.30:362][471]LogDirectoryWatcher: A directory notification for 'C:/Users/Leszek/Documents/Unreal Projects/Reveal_Stairway/Reaveal_Stairway/Content/Collections/' was aborted.
[2017.11.14-13.55.30:362][471]LogDirectoryWatcher: A directory notification for 'C:/Users/Leszek/Documents/Unreal Projects/Reveal_Stairway/Reaveal_Stairway/Content/Developers/Leszek/Collections/' was aborted.
[2017.11.14-13.55.30:362][471]LogDirectoryWatcher: A directory notification for 'C:/Users/Leszek/Documents/Unreal Projects/Reveal_Stairway/Reaveal_Stairway/Saved/Collections/' was aborted.
[2017.11.14-13.55.30:363][471]LogModuleManager: Shutting down and abandoning module StatsViewer (518)
[2017.11.14-13.55.30:363][471]LogModuleManager: Shutting down and abandoning module FoliageEdit (516)
[2017.11.14-13.55.30:363][471]LogModuleManager: Shutting down and abandoning module LandscapeEditor (514)
[2017.11.14-13.55.30:363][471]LogModuleManager: Shutting down and abandoning module MeshPaintMode (512)
[2017.11.14-13.55.30:363][471]LogModuleManager: Shutting down and abandoning module SceneDepthPickerMode (510)
[2017.11.14-13.55.30:363][471]LogModuleManager: Shutting down and abandoning module ActorPickerMode (508)
[2017.11.14-13.55.30:363][471]LogModuleManager: Shutting down and abandoning module GeometryMode (506)
[2017.11.14-13.55.30:363][471]LogModuleManager: Shutting down and abandoning module TextureAlignMode (504)
[2017.11.14-13.55.30:363][471]LogModuleManager: Shutting down and abandoning module BspMode (502)
[2017.11.14-13.55.30:363][471]LogModuleManager: Shutting down and abandoning module PIEPreviewDeviceProfileSelector (500)
[2017.11.14-13.55.30:363][471]LogModuleManager: Shutting down and abandoning module HardwareSurvey (498)
[2017.11.14-13.55.30:363][471]LogModuleManager: Shutting down and abandoning module SequenceRecorderSections (496)
[2017.11.14-13.55.30:363][471]LogModuleManager: Shutting down and abandoning module AutomationWorker (494)
[2017.11.14-13.55.30:363][471]LogModuleManager: Shutting down and abandoning module MatineeToLevelSequence (492)
[2017.11.14-13.55.30:363][471]LogModuleManager: Shutting down and abandoning module LevelSequenceEditor (490)
[2017.11.14-13.55.30:363][471]LogModuleManager: Shutting down and abandoning module PlacementMode (489)
[2017.11.14-13.55.30:363][471]LogModuleManager: Shutting down and abandoning module WmfMediaFactory (486)
[2017.11.14-13.55.30:363][471]LogModuleManager: Shutting down and abandoning module WmfMediaEditor (484)
[2017.11.14-13.55.30:363][471]LogModuleManager: Shutting down and abandoning module AvfMediaFactory (482)
[2017.11.14-13.55.30:363][471]LogModuleManager: Shutting down and abandoning module AvfMediaEditor (480)
[2017.11.14-13.55.30:363][471]LogModuleManager: Shutting down and abandoning module AndroidMediaFactory (478)
[2017.11.14-13.55.30:363][471]LogModuleManager: Shutting down and abandoning module Media (477)
[2017.11.14-13.55.30:363][471]LogModuleManager: Shutting down and abandoning module AndroidMediaEditor (474)
[2017.11.14-13.55.30:363][471]LogModuleManager: Shutting down and abandoning module CharacterAI (472)
[2017.11.14-13.55.30:363][471]LogModuleManager: Shutting down and abandoning module AudioCapture (470)
[2017.11.14-13.55.30:363][471]LogModuleManager: Shutting down and abandoning module SequenceRecorder (469)
[2017.11.14-13.55.30:363][471]LogModuleManager: Shutting down and abandoning module SmartSnapping (466)
[2017.11.14-13.55.30:363][471]LogModuleManager: Shutting down and abandoning module SessionServices (464)
[2017.11.14-13.55.30:363][471]LogModuleManager: Shutting down and abandoning module ViewportSnapping (462)
[2017.11.14-13.55.30:363][471]LogModuleManager: Shutting down and abandoning module ViewportInteraction (460)
[2017.11.14-13.55.30:363][471]LogModuleManager: Shutting down and abandoning module ClothPainter (458)
[2017.11.14-13.55.30:363][471]LogModuleManager: Shutting down and abandoning module LogVisualizer (456)
[2017.11.14-13.55.30:363][471]LogModuleManager: Shutting down and abandoning module IntroTutorials (454)
[2017.11.14-13.55.30:363][471]LogModuleManager: Shutting down and abandoning module GameProjectGeneration (453)
[2017.11.14-13.55.30:363][471]LogModuleManager: Shutting down and abandoning module IOSPlatformEditor (450)
[2017.11.14-13.55.30:363][471]LogModuleManager: Shutting down and abandoning module HTML5PlatformEditor (448)
[2017.11.14-13.55.30:364][471]LogModuleManager: Shutting down and abandoning module AndroidPlatformEditor (446)
[2017.11.14-13.55.30:364][471]LogModuleManager: Shutting down and abandoning module AndroidDeviceDetection (445)
[2017.11.14-13.55.30:681][471]LogModuleManager: Shutting down and abandoning module WindowsPlatformEditor (442)
[2017.11.14-13.55.30:681][471]LogModuleManager: Shutting down and abandoning module IOSRuntimeSettings (440)
[2017.11.14-13.55.30:681][471]LogModuleManager: Shutting down and abandoning module AndroidRuntimeSettings (438)
[2017.11.14-13.55.30:681][471]LogModuleManager: Shutting down and abandoning module InputBindingEditor (436)
[2017.11.14-13.55.30:681][471]LogModuleManager: Shutting down and abandoning module MergeActors (434)
[2017.11.14-13.55.30:681][471]LogModuleManager: Shutting down and abandoning module SizeMap (432)
[2017.11.14-13.55.30:681][471]LogModuleManager: Shutting down and abandoning module TreeMap (430)
[2017.11.14-13.55.30:681][471]LogModuleManager: Shutting down and abandoning module ReferenceViewer (428)
[2017.11.14-13.55.30:681][471]LogModuleManager: Shutting down and abandoning module LocalizationDashboard (426)
[2017.11.14-13.55.30:681][471]LogModuleManager: Shutting down and abandoning module LocalizationService (425)
[2017.11.14-13.55.30:681][471]LogModuleManager: Shutting down and abandoning module HardwareTargeting (422)
[2017.11.14-13.55.30:681][471]LogModuleManager: Shutting down and abandoning module DeviceProfileEditor (420)
[2017.11.14-13.55.30:681][471]LogModuleManager: Shutting down and abandoning module UndoHistory (418)
[2017.11.14-13.55.30:681][471]LogModuleManager: Shutting down and abandoning module XmlParser (416)
[2017.11.14-13.55.30:681][471]LogModuleManager: Shutting down and abandoning module Blutility (414)
[2017.11.14-13.55.30:681][471]LogModuleManager: Shutting down and abandoning module ProjectSettingsViewer (412)
[2017.11.14-13.55.30:682][471]LogModuleManager: Shutting down and abandoning module ProjectTargetPlatformEditor (411)
[2017.11.14-13.55.30:682][471]LogModuleManager: Shutting down and abandoning module EditorSettingsViewer (408)
[2017.11.14-13.55.30:682][471]LogModuleManager: Shutting down and abandoning module SettingsEditor (406)
[2017.11.14-13.55.30:682][471]LogModuleManager: Shutting down and abandoning module ProjectLauncher (404)
[2017.11.14-13.55.30:682][471]LogModuleManager: Shutting down and abandoning module SessionFrontend (402)
[2017.11.14-13.55.30:682][471]LogModuleManager: Shutting down and abandoning module ProfilerClient (400)
[2017.11.14-13.55.30:682][471]LogModuleManager: Shutting down and abandoning module DeviceManager (398)
[2017.11.14-13.55.30:682][471]LogModuleManager: Shutting down and abandoning module TargetDeviceServices (397)
[2017.11.14-13.55.30:736][471]LogModuleManager: Shutting down and abandoning module AutomationController (394)
[2017.11.14-13.55.30:736][471]LogModuleManager: Shutting down and abandoning module AutomationWindow (392)
[2017.11.14-13.55.30:736][471]LogModuleManager: Shutting down and abandoning module Layers (390)
[2017.11.14-13.55.30:736][471]LogModuleManager: Shutting down and abandoning module ComponentVisualizers (388)
[2017.11.14-13.55.30:736][471]LogModuleManager: Shutting down and abandoning module DetailCustomizations (386)
[2017.11.14-13.55.30:736][471]LogModuleManager: Shutting down and abandoning module PackagesDialog (384)
[2017.11.14-13.55.30:736][471]LogModuleManager: Shutting down and abandoning module Persona (382)
[2017.11.14-13.55.30:736][471]LogModuleManager: Shutting down and abandoning module AdvancedPreviewScene (381)
[2017.11.14-13.55.30:736][471]LogModuleManager: Shutting down and abandoning module AnimGraph (379)
[2017.11.14-13.55.30:736][471]LogModuleManager: Shutting down and abandoning module Kismet (376)
[2017.11.14-13.55.30:742][471]LogModuleManager: Shutting down and abandoning module ClassViewer (374)
[2017.11.14-13.55.30:742][471]LogModuleManager: Shutting down and abandoning module Toolbox (372)
[2017.11.14-13.55.30:742][471]LogModuleManager: Shutting down and abandoning module ModuleUI (370)
[2017.11.14-13.55.30:742][471]LogModuleManager: Shutting down and abandoning module MovieSceneTools (368)
[2017.11.14-13.55.30:742][471]LogModuleManager: Shutting down and abandoning module OutputLog (366)
[2017.11.14-13.55.30:742][471]LogModuleManager: Shutting down and abandoning module GammaUI (364)
[2017.11.14-13.55.30:742][471]LogModuleManager: Shutting down and abandoning module Documentation (362)
[2017.11.14-13.55.30:742][471]LogModuleManager: Shutting down and abandoning module MovieSceneTracks (360)
[2017.11.14-13.55.30:742][471]LogModuleManager: Shutting down and abandoning module MovieScene (358)
[2017.11.14-13.55.30:742][471]LogModuleManager: Shutting down and abandoning module Niagara (356)
[2017.11.14-13.55.30:742][471]LogModuleManager: Shutting down and abandoning module NiagaraEditor (355)
[2017.11.14-13.55.30:742][471]LogModuleManager: Shutting down and abandoning module StreamingPauseRendering (352)
[2017.11.14-13.55.30:742][471]LogModuleManager: Shutting down and abandoning module LauncherPlatform (350)
[2017.11.14-13.55.30:742][471]LogModuleManager: Shutting down and abandoning module AnalyticsET (348)
[2017.11.14-13.55.30:742][471]LogModuleManager: Shutting down and abandoning module PortalServices (346)
[2017.11.14-13.55.30:742][471]LogModuleManager: Shutting down and abandoning module PortalRpc (344)
[2017.11.14-13.55.30:742][471]LogModuleManager: Shutting down and abandoning module MessagingRpc (342)
[2017.11.14-13.55.30:742][471]LogModuleManager: Shutting down and abandoning module AIModule (340)
[2017.11.14-13.55.30:742][471]LogModuleManager: Shutting down and abandoning module GameplayDebugger (339)
[2017.11.14-13.55.30:742][471]LogModuleManager: Shutting down and abandoning module AITestSuite (337)
[2017.11.14-13.55.30:742][471]LogModuleManager: Shutting down and abandoning module ProfilerService (334)
[2017.11.14-13.55.30:843][471]LogModuleManager: Shutting down and abandoning module TaskGraph (332)
[2017.11.14-13.55.30:843][471]LogModuleManager: Shutting down and abandoning module SteamVRController (330)
[2017.11.14-13.55.30:843][471]LogModuleManager: Shutting down and abandoning module ProceduralMeshComponentEditor (328)
[2017.11.14-13.55.30:843][471]LogModuleManager: Shutting down and abandoning module ProceduralMeshComponent (326)
[2017.11.14-13.55.30:843][471]LogModuleManager: Shutting down and abandoning module OculusInput (324)
[2017.11.14-13.55.30:843][471]LogModuleManager: Shutting down and abandoning module MobilePatchingUtils (322)
[2017.11.14-13.55.30:843][471]LogModuleManager: Shutting down and abandoning module CustomMeshComponent (320)
[2017.11.14-13.55.30:843][471]LogModuleManager: Shutting down and abandoning module CableComponent (318)
[2017.11.14-13.55.30:843][471]LogModuleManager: Shutting down and abandoning module ArchVisCharacter (316)
[2017.11.14-13.55.30:844][471]LogModuleManager: Shutting down and abandoning module AndroidPermission (314)
[2017.11.14-13.55.30:844][471]LogModuleManager: Shutting down and abandoning module MediaPlayerEditor (310)
[2017.11.14-13.55.30:844][471]LogModuleManager: Shutting down and abandoning module HTML5Networking (308)
[2017.11.14-13.55.30:844][471]LogModuleManager: Shutting down and abandoning module AlembicImporter (306)
[2017.11.14-13.55.30:844][471]LogModuleManager: Shutting down and abandoning module AlembicLibrary (305)
[2017.11.14-13.55.30:844][471]LogModuleManager: Shutting down and abandoning module GeometryCache (304)
[2017.11.14-13.55.30:844][471]LogModuleManager: Shutting down and abandoning module GeometryCacheEd (303)
[2017.11.14-13.55.30:844][471]LogModuleManager: Shutting down and abandoning module SpeedTreeImporter (298)
[2017.11.14-13.55.30:844][471]LogModuleManager: Shutting down and abandoning module PluginBrowser (296)
[2017.11.14-13.55.30:844][471]LogModuleManager: Shutting down and abandoning module MobileLauncherProfileWizard (294)
[2017.11.14-13.55.30:844][471]LogModuleManager: Shutting down and abandoning module VisualStudioSourceCodeAccess (292)
[2017.11.14-13.55.30:844][471]LogModuleManager: Shutting down and abandoning module DesktopPlatform (291)
[2017.11.14-13.55.30:844][471]LogModuleManager: Shutting down and abandoning module UObjectPlugin (288)
[2017.11.14-13.55.30:844][471]LogModuleManager: Shutting down and abandoning module SubversionSourceControl (286)
[2017.11.14-13.55.30:844][471]LogModuleManager: Shutting down and abandoning module PerforceSourceControl (284)
[2017.11.14-13.55.30:844][471]LogModuleManager: Shutting down and abandoning module GitSourceControl (282)
[2017.11.14-13.55.30:844][471]LogModuleManager: Shutting down and abandoning module SourceControl (281)
[2017.11.14-13.55.30:844][471]LogModuleManager: Shutting down and abandoning module LightPropagationVolumeEditor (278)
[2017.11.14-13.55.30:844][471]LogModuleManager: Shutting down and abandoning module PaperTiledImporter (276)
[2017.11.14-13.55.30:844][471]LogModuleManager: Shutting down and abandoning module PaperSpriteSheetImporter (274)
[2017.11.14-13.55.30:844][471]LogModuleManager: Shutting down and abandoning module Paper2DEditor (272)
[2017.11.14-13.55.30:844][471]LogModuleManager: Shutting down and abandoning module MeshPaint (271)
[2017.11.14-13.55.30:844][471]LogModuleManager: Shutting down and abandoning module LevelEditor (269)
[2017.11.14-13.55.30:846][471]LogModuleManager: Shutting down and abandoning module PixelInspectorModule (268)
[2017.11.14-13.55.30:846][471]LogModuleManager: Shutting down and abandoning module MainFrame (266)
[2017.11.14-13.55.30:846][471]LogModuleManager: Shutting down and abandoning module HotReload (265)
[2017.11.14-13.55.30:847][471]LogModuleManager: Shutting down and abandoning module RuntimePhysXCooking (260)
[2017.11.14-13.55.30:847][471]LogModuleManager: Shutting down and abandoning module PhysXVehiclesEditor (258)
[2017.11.14-13.55.30:847][471]LogModuleManager: Shutting down and abandoning module PhysXVehicles (256)
[2017.11.14-13.55.30:847][471]LogModuleManager: Shutting down and abandoning module OculusEditor (254)
[2017.11.14-13.55.30:847][471]LogModuleManager: Shutting down and abandoning module LocationServicesBPLibrary (252)
[2017.11.14-13.55.30:847][471]LogModuleManager: Shutting down and abandoning module ImmediatePhysicsEditor (250)
[2017.11.14-13.55.30:847][471]LogModuleManager: Shutting down and abandoning module ImmediatePhysics (248)
[2017.11.14-13.55.30:847][471]LogModuleManager: Shutting down and abandoning module UdpMessaging (246)
[2017.11.14-13.55.30:948][471]LogModuleManager: Shutting down and abandoning module TcpMessaging (244)
[2017.11.14-13.55.31:048][471]LogModuleManager: Shutting down and abandoning module GameplayTagsEditor (242)
[2017.11.14-13.55.31:048][471]LogModuleManager: Shutting down and abandoning module FacialAnimationEditor (240)
[2017.11.14-13.55.31:048][471]LogModuleManager: Shutting down and abandoning module FacialAnimation (238)
[2017.11.14-13.55.31:048][471]LogModuleManager: Shutting down and abandoning module AssetManagerEditor (236)
[2017.11.14-13.55.31:048][471]LogModuleManager: Shutting down and abandoning module GraphEditor (235)
[2017.11.14-13.55.31:049][471]LogModuleManager: Shutting down and abandoning module ContentBrowser (233)
[2017.11.14-13.55.31:051][471]LogModuleManager: Shutting down and abandoning module LightPropagationVolumeRuntime (230)
[2017.11.14-13.55.31:051][471]LogModuleManager: Shutting down and abandoning module Paper2D (228)
[2017.11.14-13.55.31:052][471]LogModuleManager: Shutting down and abandoning module WindowsMoviePlayer (226)
[2017.11.14-13.55.31:052][471]LogModuleManager: Shutting down and abandoning module WmfMedia (224)
[2017.11.14-13.55.31:054][471]LogModuleManager: Shutting down and abandoning module PacketHandler (222)
[2017.11.14-13.55.31:055][471]LogModuleManager: Shutting down and abandoning module ClothingSystemEditor (220)
[2017.11.14-13.55.31:055][471]LogModuleManager: Shutting down and abandoning module ClothingSystemRuntime (218)
[2017.11.14-13.55.31:055][471]LogModuleManager: Shutting down and abandoning module Overlay (216)
[2017.11.14-13.55.31:055][471]LogModuleManager: Shutting down and abandoning module OverlayEditor (215)
[2017.11.14-13.55.31:055][471]LogModuleManager: Shutting down and abandoning module MediaAssets (212)
[2017.11.14-13.55.31:055][471]LogModuleManager: Shutting down and abandoning module VREditor (210)
[2017.11.14-13.55.31:055][471]LogModuleManager: Shutting down and abandoning module StringTableEditor (208)
[2017.11.14-13.55.31:055][471]LogModuleManager: Shutting down and abandoning module GameplayTasksEditor (206)
[2017.11.14-13.55.31:055][471]LogModuleManager: Shutting down and abandoning module BehaviorTreeEditor (204)
[2017.11.14-13.55.31:055][471]LogModuleManager: Shutting down and abandoning module FunctionalTesting (202)
[2017.11.14-13.55.31:055][471]LogModuleManager: Shutting down and abandoning module CollisionAnalyzer (200)
[2017.11.14-13.55.31:055][471]LogModuleManager: Shutting down and abandoning module WorkspaceMenuStructure (199)
[2017.11.14-13.55.31:055][471]LogModuleManager: Shutting down and abandoning module UMG (196)
[2017.11.14-13.55.31:055][471]LogModuleManager: Shutting down and abandoning module UMGEditor (195)
[2017.11.14-13.55.31:055][471]LogModuleManager: Shutting down and abandoning module Sequencer (194)
[2017.11.14-13.55.31:055][471]LogModuleManager: Shutting down and abandoning module MessageLog (191)
[2017.11.14-13.55.31:055][471]LogModuleManager: Shutting down and abandoning module SlateReflector (186)
[2017.11.14-13.55.31:055][471]LogModuleManager: Shutting down and abandoning module Slate (184)
[2017.11.14-13.55.31:055][471]LogModuleManager: Shutting down and abandoning module EditorStyle (182)
[2017.11.14-13.55.31:061][471]LogModuleManager: Shutting down and abandoning module MRMesh (180)
[2017.11.14-13.55.31:061][471]LogModuleManager: Shutting down and abandoning module SourceCodeAccess (178)
[2017.11.14-13.55.31:061][471]LogModuleManager: Shutting down and abandoning module HeadMountedDisplay (176)
[2017.11.14-13.55.31:062][471]LogModuleManager: Shutting down and abandoning module XAudio2 (174)
[2017.11.14-13.55.31:062][471]LogModuleManager: Shutting down and abandoning module Networking (172)
[2017.11.14-13.55.31:062][471]LogModuleManager: Shutting down and abandoning module Core (168)
[2017.11.14-13.55.31:062][471]LogModuleManager: Shutting down and abandoning module KismetCompiler (164)
[2017.11.14-13.55.31:062][471]LogModuleManager: Shutting down and abandoning module LevelSequence (162)
[2017.11.14-13.55.31:062][471]LogModuleManager: Shutting down and abandoning module MeshUtilities (160)
[2017.11.14-13.55.31:062][471]LogModuleManager: Shutting down and abandoning module MeshMergeUtilities (159)
[2017.11.14-13.55.31:062][471]LogModuleManager: Shutting down and abandoning module MeshReductionInterface (158)
[2017.11.14-13.55.31:062][471]LogModuleManager: Shutting down and abandoning module SimplygonSwarm (157)
[2017.11.14-13.55.31:062][471]LogModuleManager: Shutting down and abandoning module SimplygonMeshReduction (155)
[2017.11.14-13.55.31:062][471]LogModuleManager: Shutting down and abandoning module QuadricMeshReduction (153)
[2017.11.14-13.55.31:062][471]LogModuleManager: Shutting down and abandoning module MaterialBaking (149)
[2017.11.14-13.55.31:062][471]LogModuleManager: Shutting down and abandoning module DirectoryWatcher (146)
[2017.11.14-13.55.31:073][471]LogModuleManager: Shutting down and abandoning module DerivedDataCache (144)
[2017.11.14-13.55.31:118][471]LogDerivedDataCache: Shutdown
[2017.11.14-13.55.31:118][471]LogModuleManager: Shutting down and abandoning module TargetPlatform (142)
[2017.11.14-13.55.31:119][471]LogModuleManager: Shutting down and abandoning module VulkanShaderFormat (141)
[2017.11.14-13.55.31:119][471]LogModuleManager: Shutting down and abandoning module ShaderFormatVectorVM (139)
[2017.11.14-13.55.31:119][471]LogModuleManager: Shutting down and abandoning module ShaderFormatOpenGL (137)
[2017.11.14-13.55.31:119][471]LogModuleManager: Shutting down and abandoning module ShaderFormatD3D (135)
[2017.11.14-13.55.31:119][471]LogModuleManager: Shutting down and abandoning module MetalShaderFormat (133)
[2017.11.14-13.55.31:119][471]LogModuleManager: Shutting down and abandoning module TextureFormatUncompressed (131)
[2017.11.14-13.55.31:119][471]LogModuleManager: Shutting down and abandoning module TextureFormatPVR (129)
[2017.11.14-13.55.31:119][471]LogModuleManager: Shutting down and abandoning module TextureFormatDXT (127)
[2017.11.14-13.55.31:119][471]LogModuleManager: Shutting down and abandoning module TextureFormatIntelISPCTexComp (125)
[2017.11.14-13.55.31:120][471]LogModuleManager: Shutting down and abandoning module TextureFormatASTC (123)
[2017.11.14-13.55.31:120][471]LogModuleManager: Shutting down and abandoning module ImageWrapper (122)
[2017.11.14-13.55.31:120][471]LogModuleManager: Shutting down and abandoning module TextureFormatAndroid (119)
[2017.11.14-13.55.31:120][471]LogModuleManager: Shutting down and abandoning module AudioFormatOpus (117)
[2017.11.14-13.55.31:120][471]LogModuleManager: Shutting down and abandoning module AudioFormatOgg (115)
[2017.11.14-13.55.31:120][471]LogModuleManager: Shutting down and abandoning module AudioFormatADPCM (113)
[2017.11.14-13.55.31:120][471]LogModuleManager: Shutting down and abandoning module LinuxTargetPlatform (111)
[2017.11.14-13.55.31:120][471]LogModuleManager: Shutting down and abandoning module LinuxServerTargetPlatform (109)
[2017.11.14-13.55.31:120][471]LogModuleManager: Shutting down and abandoning module LinuxNoEditorTargetPlatform (107)
[2017.11.14-13.55.31:120][471]LogModuleManager: Shutting down and abandoning module LinuxClientTargetPlatform (105)
[2017.11.14-13.55.31:120][471]LogModuleManager: Shutting down and abandoning module TVOSTargetPlatform (103)
[2017.11.14-13.55.31:120][471]LogModuleManager: Shutting down and abandoning module Messaging (101)
[2017.11.14-13.55.31:120][471]LogModuleManager: Shutting down and abandoning module IOSTargetPlatform (99)
[2017.11.14-13.55.31:121][471]LogModuleManager: Shutting down and abandoning module HTML5TargetPlatform (97)
[2017.11.14-13.55.31:121][471]LogModuleManager: Shutting down and abandoning module Android_PVRTCTargetPlatform (95)
[2017.11.14-13.55.31:121][471]LogModuleManager: Shutting down and abandoning module Android_MultiTargetPlatform (93)
[2017.11.14-13.55.31:121][471]LogModuleManager: Shutting down and abandoning module Android_ETC2TargetPlatform (91)
[2017.11.14-13.55.31:121][471]LogModuleManager: Shutting down and abandoning module Android_ETC1TargetPlatform (89)
[2017.11.14-13.55.31:121][471]LogModuleManager: Shutting down and abandoning module Android_DXTTargetPlatform (87)
[2017.11.14-13.55.31:121][471]LogModuleManager: Shutting down and abandoning module Android_ATCTargetPlatform (85)
[2017.11.14-13.55.31:121][471]LogModuleManager: Shutting down and abandoning module Android_ASTCTargetPlatform (83)
[2017.11.14-13.55.31:121][471]LogModuleManager: Shutting down and abandoning module AndroidTargetPlatform (81)
[2017.11.14-13.55.31:121][471]LogModuleManager: Shutting down and abandoning module WindowsTargetPlatform (79)
[2017.11.14-13.55.31:121][471]LogModuleManager: Shutting down and abandoning module WindowsServerTargetPlatform (77)
[2017.11.14-13.55.31:121][471]LogModuleManager: Shutting down and abandoning module WindowsNoEditorTargetPlatform (75)
[2017.11.14-13.55.31:121][471]LogModuleManager: Shutting down and abandoning module WindowsClientTargetPlatform (73)
[2017.11.14-13.55.31:121][471]LogModuleManager: Shutting down and abandoning module MacTargetPlatform (71)
[2017.11.14-13.55.31:121][471]LogModuleManager: Shutting down and abandoning module MacServerTargetPlatform (69)
[2017.11.14-13.55.31:121][471]LogModuleManager: Shutting down and abandoning module MacNoEditorTargetPlatform (67)
[2017.11.14-13.55.31:121][471]LogModuleManager: Shutting down and abandoning module MacClientTargetPlatform (65)
[2017.11.14-13.55.31:121][471]LogModuleManager: Shutting down and abandoning module AllDesktopTargetPlatform (63)
[2017.11.14-13.55.31:121][471]LogModuleManager: Shutting down and abandoning module InputCore (60)
[2017.11.14-13.55.31:122][471]LogModuleManager: Shutting down and abandoning module Settings (58)
[2017.11.14-13.55.31:122][471]LogModuleManager: Shutting down and abandoning module PhysXCooking (56)
[2017.11.14-13.55.31:122][471]LogModuleManager: Shutting down and abandoning module SteamVR (54)
[2017.11.14-13.55.31:122][471]LogModuleManager: Shutting down and abandoning module OculusHMD (52)
[2017.11.14-13.55.31:122][471]LogModuleManager: Shutting down and abandoning module ExampleDeviceProfileSelector (50)
[2017.11.14-13.55.31:122][471]LogModuleManager: Shutting down and abandoning module OnlineBlueprintSupport (48)
[2017.11.14-13.55.31:122][471]LogModuleManager: Shutting down and abandoning module OnlineSubsystem (44)
[2017.11.14-13.55.31:122][471]LogOnline: Display: Unloading online subsystem: NULL
[2017.11.14-13.55.31:122][471]LogModuleManager: Shutting down and abandoning module XMPP (43)
[2017.11.14-13.55.31:122][471]LogModuleManager: Shutting down and abandoning module HTTP (41)
[2017.11.14-13.55.31:122][471]LogHttp: Display: Http module shutting down, but needs to wait on 1 outstanding Http requests:
[2017.11.14-13.55.31:122][471]LogHttp: Display: 	verb=[POST] url=[https://datarouter.ol.epicgames.com/datarouter/api/v1/public/data?SessionID=%7B951A4133-4192-3C67-6078-799BB6A88CE5%7D&AppID=UEEditor.Rocket.Release&AppVersion=4.17.2-3658906%2B%2B%2BUE4%2BRelease-4.17&UserID=a202bbab4bfb72a6c72ab59bf5105770%7Ca6b7376151474e159cf10430cd50646e%7C20bc636a-a4d7-41a8-a2dc-7238c7cddcf0&AppEnvironment=datacollector-binary&UploadType=eteventstream] status=Processing
[2017.11.14-13.55.31:139][471]LogModuleManager: Shutting down and abandoning module SSL (40)
[2017.11.14-13.55.31:146][471]LogModuleManager: Shutting down and abandoning module AnimationModifiers (36)
[2017.11.14-13.55.31:146][471]LogModuleManager: Shutting down and abandoning module PropertyEditor (35)
[2017.11.14-13.55.31:146][471]LogModuleManager: Shutting down and abandoning module AudioEditor (32)
[2017.11.14-13.55.31:146][471]LogModuleManager: Shutting down and abandoning module TextureCompressor (30)
[2017.11.14-13.55.31:147][471]LogModuleManager: Shutting down and abandoning module ShaderCore (28)
[2017.11.14-13.55.31:147][471]LogModuleManager: Shutting down and abandoning module Landscape (26)
[2017.11.14-13.55.31:147][471]LogModuleManager: Shutting down and abandoning module SlateRHIRenderer (24)
[2017.11.14-13.55.31:172][471]LogModuleManager: Shutting down and abandoning module OpenGLDrv (22)
[2017.11.14-13.55.31:172][471]LogModuleManager: Shutting down and abandoning module D3D11RHI (20)
[2017.11.14-13.55.31:172][471]LogModuleManager: Shutting down and abandoning module AnimGraphRuntime (18)
[2017.11.14-13.55.31:172][471]LogModuleManager: Shutting down and abandoning module Renderer (16)
[2017.11.14-13.55.31:173][471]LogModuleManager: Shutting down and abandoning module Engine (14)
[2017.11.14-13.55.31:173][471]LogModuleManager: Shutting down and abandoning module CoreUObject (12)
[2017.11.14-13.55.31:173][471]LogModuleManager: Shutting down and abandoning module NetworkFile (10)
[2017.11.14-13.55.31:173][471]LogModuleManager: Shutting down and abandoning module CookedIterativeFile (8)
[2017.11.14-13.55.31:173][471]LogModuleManager: Shutting down and abandoning module StreamingFile (6)
[2017.11.14-13.55.31:173][471]LogModuleManager: Shutting down and abandoning module SandboxFile (4)
[2017.11.14-13.55.31:173][471]LogModuleManager: Shutting down and abandoning module PakFile (2)
[2017.11.14-13.55.31:183][471]LogExit: Exiting.
[2017.11.14-13.55.31:219][471]Log file closed, 11/14/17 13:55:31
