Log file open, 11/08/17 11:59:27
LogWindows: Failed to load 'aqProf.dll' (GetLastError=126)
LogWindows: File 'aqProf.dll' does not exist
LogWindows: Failed to load 'VSPerf140.dll' (GetLastError=126)
LogWindows: File 'VSPerf140.dll' does not exist
LogWindows: Failed to load 'VtuneApi.dll' (GetLastError=126)
LogWindows: File 'VtuneApi.dll' does not exist
LogWindows: Failed to load 'VtuneApi32e.dll' (GetLastError=126)
LogWindows: File 'VtuneApi32e.dll' does not exist
LogInit: Display: Running engine for game: Reaveal_Stairway
LogPlatformFile: Not using cached read wrapper
LogInit: Display: RandInit(-278627246) SRandInit(-278627246).
LogTaskGraph: Started task graph with 5 named threads and 14 total threads with 3 sets of task threads.
LogStats: Stats thread started at 0.186603
LogD3D11RHI: Aftermath initialized
LogPluginManager: Mounting plugin Paper2D
LogPluginManager: Mounting plugin LightPropagationVolume
LogPluginManager: Mounting plugin CodeLiteSourceCodeAccess
LogPluginManager: Mounting plugin GitSourceControl
LogPluginManager: Mounting plugin KDevelopSourceCodeAccess
LogPluginManager: Mounting plugin NullSourceCodeAccess
LogPluginManager: Mounting plugin PerforceSourceControl
LogPluginManager: Mounting plugin SubversionSourceControl
LogPluginManager: Mounting plugin UObjectPlugin
LogPluginManager: Mounting plugin VisualStudioSourceCodeAccess
LogPluginManager: Mounting plugin XCodeSourceCodeAccess
LogPluginManager: Mounting plugin AssetManagerEditor
LogPluginManager: Mounting plugin AudioCapture
LogPluginManager: Mounting plugin FacialAnimation
LogPluginManager: Mounting plugin GameplayTagsEditor
LogPluginManager: Mounting plugin MobileLauncherProfileWizard
LogPluginManager: Mounting plugin PluginBrowser
LogPluginManager: Mounting plugin SpeedTreeImporter
LogPluginManager: Mounting plugin AlembicImporter
LogPluginManager: Mounting plugin CharacterAI
LogPluginManager: Mounting plugin HTML5Networking
LogPluginManager: Mounting plugin AndroidMedia
LogPluginManager: Mounting plugin AvfMedia
LogPluginManager: Mounting plugin MediaPlayerEditor
LogPluginManager: Mounting plugin WmfMedia
LogPluginManager: Mounting plugin TcpMessaging
LogPluginManager: Mounting plugin UdpMessaging
LogPluginManager: Mounting plugin LevelSequenceEditor
LogPluginManager: Mounting plugin MatineeToLevelSequence
LogPluginManager: Mounting plugin OnlineSubsystemGooglePlay
LogPluginManager: Mounting plugin OnlineSubsystemIOS
LogPluginManager: Mounting plugin OnlineSubsystem
LogPluginManager: Mounting plugin OnlineSubsystemNull
LogPluginManager: Mounting plugin OnlineSubsystemUtils
LogPluginManager: Mounting plugin AndroidDeviceProfileSelector
LogPluginManager: Mounting plugin AndroidMoviePlayer
LogPluginManager: Mounting plugin AndroidPermission
LogPluginManager: Mounting plugin AppleMoviePlayer
LogPluginManager: Mounting plugin ArchVisCharacter
LogPluginManager: Mounting plugin CableComponent
LogPluginManager: Mounting plugin CustomMeshComponent
LogPluginManager: Mounting plugin ExampleDeviceProfileSelector
LogPluginManager: Mounting plugin GoogleCloudMessaging
LogPluginManager: Mounting plugin ImmediatePhysics
LogPluginManager: Mounting plugin IOSDeviceProfileSelector
LogPluginManager: Mounting plugin LinuxDeviceProfileSelector
LogPluginManager: Mounting plugin LocationServicesBPLibrary
LogPluginManager: Mounting plugin MobilePatchingUtils
LogPluginManager: Mounting plugin OculusVR
LogPluginManager: Mounting plugin PhysXVehicles
LogPluginManager: Mounting plugin ProceduralMeshComponent
LogPluginManager: Mounting plugin RuntimePhysXCooking
LogPluginManager: Mounting plugin SteamVR
LogPluginManager: Mounting plugin WindowsMoviePlayer
LogInit: Using libcurl 7.47.1
LogInit:  - built for x86_64-pc-win32
LogInit:  - supports SSL with OpenSSL/1.0.2g
LogInit:  - supports HTTP deflate (compression) using libz 1.2.8
LogInit:  - other features:
LogInit:      CURL_VERSION_SSL
LogInit:      CURL_VERSION_LIBZ
LogInit:      CURL_VERSION_IPV6
LogInit:      CURL_VERSION_ASYNCHDNS
LogInit:      CURL_VERSION_LARGEFILE
LogInit:      CURL_VERSION_IDN
LogInit:  CurlRequestOptions (configurable via config and command line):
LogInit:  - bVerifyPeer = false  - Libcurl will NOT verify peer certificate
LogInit:  - bUseHttpProxy = false  - Libcurl will NOT use HTTP proxy
LogInit:  - bDontReuseConnections = false  - Libcurl will reuse connections
LogInit:  - CertBundlePath = nullptr  - Libcurl will use whatever was configured at build time.
LogInit: Build: ++UE4+Release-4.17-CL-3658906
LogInit: Engine Version: 4.17.2-3658906+++UE4+Release-4.17
LogInit: Compatible Engine Version: 4.17.0-3573198+++UE4+Release-4.17
LogInit: Net CL: 3573198
LogDevObjectVersion: Number of dev versions registered: 16
LogDevObjectVersion:   Dev-Blueprints (B0D832E4-1F89-4F0D-ACCF-7EB736FD4AA2): 10
LogDevObjectVersion:   Dev-Build (E1C64328-A22C-4D53-A36C-8E866417BD8C): 0
LogDevObjectVersion:   Dev-Core (375EC13C-06E4-48FB-B500-84F0262A717E): 2
LogDevObjectVersion:   Dev-Editor (E4B068ED-F494-42E9-A231-DA0B2E46BB41): 20
LogDevObjectVersion:   Dev-Framework (CFFC743F-43B0-4480-9391-14DF171D2073): 28
LogDevObjectVersion:   Dev-Mobile (B02B49B5-BB20-44E9-A304-32B752E40360): 0
LogDevObjectVersion:   Dev-Networking (A4E4105C-59A1-49B5-A7C5-40C4547EDFEE): 0
LogDevObjectVersion:   Dev-Online (39C831C9-5AE6-47DC-9A44-9C173E1C8E7C): 0
LogDevObjectVersion:   Dev-Physics (78F01B33-EBEA-4F98-B9B4-84EACCB95AA2): 0
LogDevObjectVersion:   Dev-Platform (6631380F-2D4D-43E0-8009-CF276956A95A): 0
LogDevObjectVersion:   Dev-Rendering (12F88B9F-8875-4AFC-A67C-D90C383ABD29): 19
LogDevObjectVersion:   Dev-Sequencer (7B5AE74C-D270-4C10-A958-57980B212A5A): 4
LogDevObjectVersion:   Dev-VR (D7296918-1DD6-4BDD-9DE2-64A83CC13884): 0
LogDevObjectVersion:   Dev-LoadTimes (C2A15278-BFE7-4AFE-6C17-90FF531DF755): 1
LogDevObjectVersion:   Private-Geometry (6EACA3D4-40EC-4CC1-B786-8BED09428FC5): 1
LogDevObjectVersion:   Dev-AnimPhys (29E575DD-E0A3-4627-9D10-D276232CDCEA): 7
LogInit: Compiled (64-bit): Sep 22 2017 13:47:16
LogInit: Compiled with Visual C++: 19.00.24215.01
LogInit: Build Configuration: Development
LogInit: Branch Name: ++UE4+Release-4.17
LogInit: Command line: -EpicPortal 
LogInit: Base directory: C:/Program Files/Epic Games/UE_4.17/Engine/Binaries/Win64/
LogInit: Installed Engine Build: 1
LogInit: Presizing for max 8388607 objects, including 0 objects not considered by GC, pre-allocating 0 bytes for permanent pool.
LogInit: Object subsystem initialized
[2017.11.08-11.59.28:898][  0]LogInit: Selected Device Profile: [Windows]
[2017.11.08-11.59.28:898][  0]LogInit: Applying CVar settings loaded from the selected device profile: [Windows]
[2017.11.08-11.59.28:908][  0]LogInit: Computer: DESKTOP-UTLPHC3
[2017.11.08-11.59.28:908][  0]LogInit: User: Leszek
[2017.11.08-11.59.28:908][  0]LogInit: CPU Page size=4096, Cores=4
[2017.11.08-11.59.28:908][  0]LogInit: High frequency timer resolution =2.742185 MHz
[2017.11.08-11.59.28:908][  0]LogMemory: Memory total: Physical=15.9GB (16GB approx)
[2017.11.08-11.59.28:908][  0]LogMemory: Platform Memory Stats for Windows
[2017.11.08-11.59.28:908][  0]LogMemory: Process Physical Memory: 281.55 MB used, 281.55 MB peak
[2017.11.08-11.59.28:908][  0]LogMemory: Process Virtual Memory: 282.35 MB used, 282.35 MB peak
[2017.11.08-11.59.28:908][  0]LogMemory: Physical Memory: 7454.34 MB used,  8781.61 MB free, 16235.95 MB total
[2017.11.08-11.59.28:908][  0]LogMemory: Virtual Memory: 710.64 MB used,  8781.61 MB free, 134217728.00 MB total
[2017.11.08-11.59.29:469][  0]LogInit: Using OS detected language (en-US).
[2017.11.08-11.59.29:469][  0]LogInit: Using OS detected locale (en-GB).
[2017.11.08-11.59.29:473][  0]LogTextLocalizationManager: No specific localization for 'en-US' exists, so the 'en' localization will be used.
[2017.11.08-11.59.30:287][  0]LogD3D11RHI: D3D11 adapters:
[2017.11.08-11.59.30:336][  0]LogD3D11RHI:    0. 'NVIDIA GeForce GTX 1050' (Feature Level 11_0)
[2017.11.08-11.59.30:336][  0]LogD3D11RHI:       4031/0/8117 MB DedicatedVideo/DedicatedSystem/SharedSystem, Outputs:2, VendorId:0x10de
[2017.11.08-11.59.30:343][  0]LogD3D11RHI:    1. 'Intel(R) HD Graphics 630' (Feature Level 11_0)
[2017.11.08-11.59.30:343][  0]LogD3D11RHI:       128/0/8117 MB DedicatedVideo/DedicatedSystem/SharedSystem, Outputs:0, VendorId:0x8086
[2017.11.08-11.59.30:345][  0]LogD3D11RHI:    2. 'Microsoft Basic Render Driver' (Feature Level 11_0)
[2017.11.08-11.59.30:345][  0]LogD3D11RHI:       0/0/8117 MB DedicatedVideo/DedicatedSystem/SharedSystem, Outputs:0, VendorId:0x1414
[2017.11.08-11.59.30:345][  0]LogD3D11RHI: Chosen D3D11 Adapter: 0
[2017.11.08-11.59.30:355][  0]LogD3D11RHI: Creating new Direct3DDevice
[2017.11.08-11.59.30:355][  0]LogD3D11RHI:     GPU DeviceId: 0x1c8d (for the marketing name, search the web for "GPU Device Id")
[2017.11.08-11.59.30:355][  0]LogWindows: EnumDisplayDevices:
[2017.11.08-11.59.30:355][  0]LogWindows:    0. 'Intel(R) HD Graphics 630' (P:1 D:1)
[2017.11.08-11.59.30:356][  0]LogWindows:    1. 'Intel(R) HD Graphics 630' (P:0 D:1)
[2017.11.08-11.59.30:356][  0]LogWindows:    2. 'Intel(R) HD Graphics 630' (P:0 D:0)
[2017.11.08-11.59.30:356][  0]LogWindows: DebugString: GetVideoDriverDetailsInvalid PrimaryIsNotTheChoosenAdapter GetVideoDriverDetailsInvalid PrimaryIsNotTheChoosenAdapter GetVideoDriverDetailsInvalid PrimaryIsNotTheChoosenAdapter FoundDriverCount:0 
[2017.11.08-11.59.30:356][  0]LogD3D11RHI:     Adapter Name: NVIDIA GeForce GTX 1050
[2017.11.08-11.59.30:356][  0]LogD3D11RHI:   Driver Version: Unknown (internal:Unknown, unified:Unknown)
[2017.11.08-11.59.30:356][  0]LogD3D11RHI:      Driver Date: Unknown
[2017.11.08-11.59.30:356][  0]LogRHI: Texture pool is 1361 MB (70% of 1945 MB)
[2017.11.08-11.59.30:383][  0]LogD3D11RHI: Async texture creation enabled
[2017.11.08-11.59.30:397][  0]LogD3D11RHI: GPU Timing Frequency: 1000.000000 (Debug: 2 1)
[2017.11.08-11.59.30:399][  0]LogShaderCompilers: Guid format shader working directory is -43 characters bigger than the processId version (../../../../../../Users/Leszek/Documents/Unreal Projects/Reveal_Stairway/Reaveal_Stairway/Intermediate/Shaders/WorkingDirectory/19524/).
[2017.11.08-11.59.30:399][  0]LogShaderCompilers: Cleaned the shader compiler working directory 'C:/Users/Leszek/AppData/Local/Temp/UnrealShaderWorkingDir/79F3C05D4CAF131F7289858D2137E8F5/'.
[2017.11.08-11.59.30:399][  0]LogShaderCompilers: Display: Using Local Shader Compiler.
[2017.11.08-11.59.31:558][  0]LogTemp: Display: Loaded TP AllDesktopTargetPlatform
[2017.11.08-11.59.31:644][  0]LogTemp: Display: Loaded TP MacClientTargetPlatform
[2017.11.08-11.59.31:733][  0]LogTemp: Display: Loaded TP MacNoEditorTargetPlatform
[2017.11.08-11.59.31:819][  0]LogTemp: Display: Loaded TP MacServerTargetPlatform
[2017.11.08-11.59.31:906][  0]LogTemp: Display: Loaded TP MacTargetPlatform
[2017.11.08-11.59.31:996][  0]LogTemp: Display: Loaded TP WindowsClientTargetPlatform
[2017.11.08-11.59.32:091][  0]LogTemp: Display: Loaded TP WindowsNoEditorTargetPlatform
[2017.11.08-11.59.32:178][  0]LogTemp: Display: Loaded TP WindowsServerTargetPlatform
[2017.11.08-11.59.32:257][  0]LogTemp: Display: Loaded TP WindowsTargetPlatform
[2017.11.08-11.59.32:346][  0]LogTemp: Display: Loaded TP AndroidTargetPlatform
[2017.11.08-11.59.32:426][  0]LogTemp: Display: Loaded TP Android_ASTCTargetPlatform
[2017.11.08-11.59.32:513][  0]LogTemp: Display: Loaded TP Android_ATCTargetPlatform
[2017.11.08-11.59.32:604][  0]LogTemp: Display: Loaded TP Android_DXTTargetPlatform
[2017.11.08-11.59.32:695][  0]LogTemp: Display: Loaded TP Android_ETC1TargetPlatform
[2017.11.08-11.59.32:787][  0]LogTemp: Display: Loaded TP Android_ETC2TargetPlatform
[2017.11.08-11.59.32:961][  0]LogTemp: Display: Loaded TP Android_MultiTargetPlatform
[2017.11.08-11.59.32:961][  0]LogTemp: Display: Loaded TP Android_PVRTCTargetPlatform
[2017.11.08-11.59.33:037][  0]LogTemp: Display: Loaded TP HTML5TargetPlatform
[2017.11.08-11.59.33:195][  0]LogTemp: Display: Loaded TP IOSTargetPlatform
[2017.11.08-11.59.33:251][  0]LogTemp: Display: Loaded TP TVOSTargetPlatform
[2017.11.08-11.59.33:337][  0]LogTemp: Display: Loaded TP LinuxClientTargetPlatform
[2017.11.08-11.59.33:427][  0]LogTemp: Display: Loaded TP LinuxNoEditorTargetPlatform
[2017.11.08-11.59.33:517][  0]LogTemp: Display: Loaded TP LinuxServerTargetPlatform
[2017.11.08-11.59.33:604][  0]LogTemp: Display: Loaded TP LinuxTargetPlatform
[2017.11.08-11.59.33:605][  0]LogTargetPlatformManager: Display: Building Assets For Windows
[2017.11.08-11.59.34:569][  0]LogDerivedDataCache: Display: Max Cache Size: 512 MB
[2017.11.08-11.59.34:659][  0]LogDerivedDataCache: Loaded boot cache 0.09s 93MB C:/Users/Leszek/AppData/Local/UnrealEngine/4.17/DerivedDataCache/Boot.ddc.
[2017.11.08-11.59.34:659][  0]LogDerivedDataCache: Display: Loaded Boot cache: C:/Users/Leszek/AppData/Local/UnrealEngine/4.17/DerivedDataCache/Boot.ddc
[2017.11.08-11.59.34:660][  0]LogDerivedDataCache: FDerivedDataBackendGraph:  Pak pak cache file ../../../../../../Users/Leszek/Documents/Unreal Projects/Reveal_Stairway/Reaveal_Stairway/DerivedDataCache/DDC.ddp not found, will not use a pak cache.
[2017.11.08-11.59.34:660][  0]LogDerivedDataCache: Unable to find inner node Pak for hierarchical cache Hierarchy.
[2017.11.08-11.59.34:660][  0]LogDerivedDataCache: FDerivedDataBackendGraph:  CompressedPak pak cache file ../../../../../../Users/Leszek/Documents/Unreal Projects/Reveal_Stairway/Reaveal_Stairway/DerivedDataCache/Compressed.ddp not found, will not use a pak cache.
[2017.11.08-11.59.34:660][  0]LogDerivedDataCache: Unable to find inner node CompressedPak for hierarchical cache Hierarchy.
[2017.11.08-11.59.34:678][  0]LogDerivedDataCache: Display: Pak cache opened for reading ../../../Engine/DerivedDataCache/Compressed.ddp.
[2017.11.08-11.59.34:691][  0]LogDerivedDataCache: Using Local data cache path C:/Users/Leszek/AppData/Local/UnrealEngine/Common/DerivedDataCache: Writable
[2017.11.08-11.59.34:703][  0]LogMaterial: Verifying Global Shaders for PCD3D_SM5
[2017.11.08-11.59.34:703][  0]LogSlate: Using Freetype 2.6.0
[2017.11.08-11.59.34:704][  0]LogSlate: SlateFontCache - WITH_FREETYPE: 1, WITH_HARFBUZZ: 1
[2017.11.08-11.59.34:704][  0]LogSlate: SlateFontCache - WITH_FREETYPE: 1, WITH_HARFBUZZ: 1
[2017.11.08-11.59.35:013][  0]LogAssetRegistry: FAssetRegistry took 0.0265 seconds to start up
[2017.11.08-11.59.35:184][  0]LogInit: Selected Device Profile: [Windows]
[2017.11.08-11.59.35:359][  0]LogContentStreaming: Texture pool size is 0.00 MB
[2017.11.08-11.59.35:869][  0]LogSimplygon: Simplygon DLL not present - disabling.
[2017.11.08-11.59.35:947][  0]LogMeshReduction: Using SimplygonSwarm for distributed automatic mesh merging
[2017.11.08-11.59.35:947][  0]LogMeshReduction: Using QuadricMeshReduction for automatic static mesh reduction
[2017.11.08-11.59.35:947][  0]LogMeshReduction: No automatic skeletal mesh reduction module available
[2017.11.08-11.59.35:947][  0]LogMeshReduction: No automatic mesh merging module available
[2017.11.08-11.59.35:947][  0]LogMeshMerging: No automatic mesh merging module available
[2017.11.08-11.59.36:400][  0]LogNetVersion: Reaveal_Stairway , NetCL: 3573198, EngineNetVer: 2, GameNetVer: 0 (Checksum: 489707589)
[2017.11.08-11.59.36:726][  0]LogPackageLocalizationCache: Processed 5 localized package path(s) for 2 prioritized culture(s) in 0.063420 seconds
[2017.11.08-11.59.36:735][  0]LogUObjectArray: 35825 objects as part of root set at end of initial load.
[2017.11.08-11.59.36:735][  0]LogUObjectAllocator: 7529112 out of 0 bytes used by permanent object pool.
[2017.11.08-11.59.36:735][  0]LogUObjectArray: CloseDisregardForGC: 0/0 objects in disregard for GC pool
[2017.11.08-11.59.36:858][  0]LogInit: WinSock: version 1.1 (2.2), MaxSocks=32767, MaxUdp=65467
[2017.11.08-11.59.40:884][  0]LogTcpMessaging: Initializing TcpMessaging bridge
[2017.11.08-11.59.40:950][  0]LogUdpMessaging: Initializing bridge on interface 0.0.0.0:0 to multicast group 230.0.0.1:6666.
[2017.11.08-11.59.42:278][  0]LogMaterial: Uniform references updated for custom material expression Custom.
[2017.11.08-11.59.42:937][  0]SourceControl: Source control is disabled
[2017.11.08-11.59.42:938][  0]SourceControl: Source control is disabled
[2017.11.08-11.59.43:023][  0]SourceControl: Source control is disabled
[2017.11.08-11.59.43:106][  0]SourceControl: Source control is disabled
[2017.11.08-11.59.44:171][  0]LogAndroidPermission: UAndroidPermissionCallbackProxy::GetInstance
[2017.11.08-11.59.44:615][  0]LogOcInput: OculusInput pre-init called
[2017.11.08-11.59.45:036][  0]LogEngine: Initializing Engine...
[2017.11.08-11.59.45:038][  0]LogHMD: Failed to initialize OpenVR with code 110
[2017.11.08-11.59.45:299][  0]LogStats: UGameplayTagsManager::ConstructGameplayTagTree: Construct from data asset -  0.000 s
[2017.11.08-11.59.45:299][  0]LogStats: UGameplayTagsManager::ConstructGameplayTagTree: GameplayTagTreeChangedEvent.Broadcast -  0.000 s
[2017.11.08-11.59.45:535][  0]LogAIModule: Creating AISystem for world Untitled
[2017.11.08-11.59.45:552][  0]LogInit: XAudio2 using 'MON-SIS289 (Intel(R) Display Audio)' : 2 channels at 48 kHz using 16 bits per sample (channel mask 0x3)
[2017.11.08-11.59.45:560][  0]LogInit: FAudioDevice initialized.
[2017.11.08-11.59.45:627][  0]LogDerivedDataCache: Saved boot cache 0.07s 93MB C:/Users/Leszek/AppData/Local/UnrealEngine/4.17/DerivedDataCache/Boot.ddc.
[2017.11.08-11.59.45:637][  0]LogInit: Texture streaming: Enabled
[2017.11.08-11.59.45:850][  0]LogEngineSessionManager: EngineSessionManager initialized
[2017.11.08-11.59.46:241][  0]LogInit: Transaction tracking system initialized
[2017.11.08-11.59.46:809][  0]BlueprintLog: New page: Editor Load
[2017.11.08-11.59.48:462][  0]LocalizationService: Localization service is disabled
[2017.11.08-11.59.49:410][  0]LogLinker: Warning: Can't find file '/Game/ThirdPersonBP/ThirdPersonOverview'
[2017.11.08-11.59.49:410][  0]LogLinker: Warning: Can't find file '/Game/ThirdPersonBP/ThirdPersonOverview'
[2017.11.08-11.59.49:411][  0]LogUObjectGlobals: Warning: Failed to find object 'Class /Game/ThirdPersonBP/ThirdPersonOverview.ThirdPersonOverview_C'
[2017.11.08-11.59.49:717][  0]LogConsoleResponse: Display: 
[2017.11.08-11.59.49:954][  0]LogCook: Display: Max memory allowance for cook 16384mb min free memory 0mb
[2017.11.08-11.59.49:954][  0]LogCook: Display: Mobile HDR setting 1
[2017.11.08-11.59.49:954][  0]LogGameplayTags: Display: UGameplayTagsManager::DoneAddingNativeTags. DelegateIsBound: 0
[2017.11.08-11.59.50:441][  0]LogFileCache: Scanning file cache for directory 'C:/Users/Leszek/Documents/Unreal Projects/Reveal_Stairway/Reaveal_Stairway/Content/' took 0.02s
[2017.11.08-11.59.51:845][  0]SourceControl: Source control is disabled
[2017.11.08-11.59.51:845][  0]Cmd: MAP LOAD FILE="../../../../../../Users/Leszek/Documents/Unreal Projects/Reveal_Stairway/Reaveal_Stairway/Content/Stairway_map/Reveal_Stairway.umap" TEMPLATE=0 SHOWPROGRESS=1 FEATURELEVEL=3
[2017.11.08-11.59.51:846][  0]LightingResults: New page: Lighting Build
[2017.11.08-11.59.51:919][  0]MapCheck: New page: Map Check
[2017.11.08-11.59.51:919][  0]LightingResults: New page: Lighting Build
[2017.11.08-11.59.52:184][  0]LogAIModule: Creating AISystem for world Reveal_Stairway
[2017.11.08-11.59.52:197][  0]LogEditorServer: Finished looking for orphan Actors (0.000 secs)
[2017.11.08-11.59.52:210][  0]Cmd: MAP CHECKDEP NOCLEARLOG
[2017.11.08-11.59.52:292][  0]MapCheck: Map check complete: 0 Error(s), 0 Warning(s), took 81.719ms to complete.
[2017.11.08-11.59.52:292][  0]LogFileHelpers: Loading map 'Reveal_Stairway' took 0.447
[2017.11.08-11.59.52:368][  0]LogWindowsTextInputMethodSystem: Display: IME system now deactivated.
[2017.11.08-11.59.52:484][  0]LogCollectionManager: Loaded 0 collections in 0.001993 seconds
[2017.11.08-11.59.52:615][  0]LogFileCache: Scanning file cache for directory 'C:/Users/Leszek/Documents/Unreal Projects/Reveal_Stairway/Reaveal_Stairway/Saved/Collections/' took 0.01s
[2017.11.08-11.59.52:615][  0]LogFileCache: Scanning file cache for directory 'C:/Users/Leszek/Documents/Unreal Projects/Reveal_Stairway/Reaveal_Stairway/Content/Developers/Leszek/Collections/' took 0.01s
[2017.11.08-11.59.52:615][  0]LogFileCache: Scanning file cache for directory 'C:/Users/Leszek/Documents/Unreal Projects/Reveal_Stairway/Reaveal_Stairway/Content/Collections/' took 0.01s
[2017.11.08-11.59.52:615][  0]LogCollectionManager: Rebuilt the GUID cache for 0 collections in 0.000000 seconds
[2017.11.08-11.59.52:625][  0]LogContentBrowser: Native class hierarchy populated in 0.0099 seconds. Added 2386 classes and 500 folders.
[2017.11.08-11.59.52:737][  0]LogContentBrowser: Native class hierarchy updated for 'WidgetCarousel' in 0.0006 seconds. Added 0 classes and 0 folders.
[2017.11.08-11.59.52:796][  0]LogContentBrowser: Native class hierarchy updated for 'AddContentDialog' in 0.0007 seconds. Added 0 classes and 0 folders.
[2017.11.08-11.59.52:874][  0]LogContentBrowser: Native class hierarchy updated for 'SceneOutliner' in 0.0006 seconds. Added 1 classes and 2 folders.
[2017.11.08-11.59.52:896][  0]LogSlate: Took 0.000323 seconds to synchronously load lazily loaded font '../../../Engine/Content/Slate/Fonts/Roboto-Regular.ttf' (155K)
[2017.11.08-11.59.52:899][  0]LogSlate: Took 0.000354 seconds to synchronously load lazily loaded font '../../../Engine/Content/Slate/Fonts/Roboto-Bold.ttf' (160K)
[2017.11.08-11.59.52:907][  0]LogSlate: Took 0.000375 seconds to synchronously load lazily loaded font '../../../Engine/Content/Editor/Slate/Fonts/FontAwesome.ttf' (139K)
[2017.11.08-11.59.53:014][  0]LogRenderer: Reallocating scene render targets to support 964x488 Format 10 NumSamples 1 (Frame:1).
[2017.11.08-11.59.53:236][  0]LogContentBrowser: Native class hierarchy updated for 'HierarchicalLODOutliner' in 0.0007 seconds. Added 1 classes and 2 folders.
[2017.11.08-11.59.53:237][  0]LogLoad: (Engine Initialization) Total time: 26.63 seconds
[2017.11.08-11.59.53:237][  0]LogLoad: (Engine Initialization) Total Blueprint compile time: 0.00 seconds
[2017.11.08-11.59.53:237][  0]LogExternalProfiler: No external profilers were discovered.  External profiling features will not be available.
[2017.11.08-11.59.53:276][  0]LogContentStreaming: Texture pool size now 1000 MB
[2017.11.08-11.59.53:323][  0]LogSlate: Took 0.000757 seconds to synchronously load lazily loaded font '../../../Engine/Content/Slate/Fonts/Roboto-Light.ttf' (159K)
[2017.11.08-11.59.53:351][  1]LogAssetRegistry: Asset discovery search completed in 18.3603 seconds
[2017.11.08-11.59.53:358][  1]LogCollectionManager: Rebuilt the object cache for 0 collections in 0.000001 seconds (found 0 objects)
[2017.11.08-11.59.53:358][  1]LogCollectionManager: Fixed up redirectors for 0 collections in 0.000141 seconds (updated 0 objects)
[2017.11.08-12.04.04:362][277]LogEditorViewport: Clicking on Actor (LMB): 1st_Woodblank_Blueprint_C (1st_Woodblank_Blueprint)
[2017.11.08-12.04.12:363][747]LogSlate: Took 0.000215 seconds to synchronously load lazily loaded font '../../../Engine/Content/Slate/Fonts/Roboto-Light.ttf' (159K)
[2017.11.08-12.04.12:796][747]LogContentBrowser: Native class hierarchy updated for 'BlueprintGraph' in 0.0011 seconds. Added 113 classes and 0 folders.
[2017.11.08-12.04.13:436][747]LogSlate: Took 0.000168 seconds to synchronously load lazily loaded font '../../../Engine/Content/Slate/Fonts/Roboto-Regular.ttf' (155K)
[2017.11.08-12.04.13:493][747]LogSlate: Took 0.000255 seconds to synchronously load lazily loaded font '../../../Engine/Content/Editor/Slate/Fonts/Roboto-BoldCondensed.ttf' (158K)
[2017.11.08-12.04.25:533][440]LogSlate: Took 0.000416 seconds to synchronously load lazily loaded font '../../../Engine/Content/Slate/Fonts/Roboto-Light.ttf' (159K)
[2017.11.08-12.04.27:198][522]LogSlate: Took 0.000388 seconds to synchronously load lazily loaded font '../../../Engine/Content/Editor/Slate/Fonts/Roboto-Italic.ttf' (157K)
[2017.11.08-12.09.55:128][750]LogSavePackage: Save=70.88ms
[2017.11.08-12.09.55:128][750]LogSavePackage: Moving '../../../../../../Users/Leszek/Documents/Unreal Projects/Reveal_Stairway/Reaveal_Stairway/Saved/Reveal_Stairway_Auto1F5CAA4364ECC0168D4F0A0A76E5C3652.tmp' to '../../../../../../Users/Leszek/Documents/Unreal Projects/Reveal_Stairway/Reaveal_Stairway/Saved/Autosaves/Game/Stairway_map/Reveal_Stairway_Auto1.umap'
[2017.11.08-12.09.55:131][750]LogSavePackage: Display: Finished SavePackage ../../../../../../Users/Leszek/Documents/Unreal Projects/Reveal_Stairway/Reaveal_Stairway/Saved/Autosaves/Game/Stairway_map/Reveal_Stairway_Auto1.umap
[2017.11.08-12.09.55:133][750]LogFileHelpers: Editor autosave (incl. sublevels) for '/Game/Stairway_map/Reveal_Stairway' took 0.121
[2017.11.08-12.09.55:134][750]LogFileHelpers: Editor autosave (incl. sublevels) for all levels took 0.121
[2017.11.08-12.20.37:946][879]LogEditorViewport: Clicking on Actor (LMB): MatineeActor (MatineeActor3)
[2017.11.08-12.20.41:563][  8]LogContentBrowser: Native class hierarchy updated for 'Matinee' in 0.0008 seconds. Added 15 classes and 2 folders.
[2017.11.08-12.20.41:566][  8]LogInit: Transaction tracking system initialized
[2017.11.08-12.20.41:566][  8]EditorErrors: New page: Matinee Initialization
[2017.11.08-12.22.16:312][489]Cmd: TRANSACTION UNDO
[2017.11.08-12.22.16:312][489]LogEditorTransaction: Undo NewTrack
[2017.11.08-12.24.36:326][785]LogEditorViewport: Clicking on Actor (LMB): 1st_Woodblank_Blueprint_C (1st_Woodblank_Blueprint)
[2017.11.08-12.24.37:566][858]Cmd: EDIT COPY
[2017.11.08-12.24.37:866][876]Cmd: EDIT PASTE
[2017.11.08-12.24.46:676][396]LogEditorViewport: Clicking on Actor (LMB): BP_Sky_Sphere_C (Sky Sphere)
[2017.11.08-12.24.47:372][436]LogEditorViewport: Clicking on Actor (LMB): 1st_Woodblank_Blueprint_C (1st_Woodblank_Blueprint2)
[2017.11.08-12.25.50:562][953]LogEditorViewport: Clicking on Actor (LMB): BP_Sky_Sphere_C (Sky Sphere)
[2017.11.08-12.25.51:920][ 31]LogEditorViewport: Clicking on Actor (LMB): MatineeActor (MatineeActor3)
[2017.11.08-12.25.54:699][129]LogInit: Transaction tracking system initialized
[2017.11.08-12.25.54:699][129]EditorErrors: New page: Matinee Initialization
[2017.11.08-12.25.57:994][303]LogEditorViewport: Clicking on Actor (LMB): 1st_Woodblank_Blueprint_C (2nd_Woodblank_Blueprint)
[2017.11.08-12.26.57:332][497]LogEditorTransaction: Undo NewTrack
[2017.11.08-12.27.17:823][705]LogEditorTransaction: Undo Move Loop Start Marker
[2017.11.08-12.27.26:598][230]LogSlateMatinee: InterpGroup : MatineeAnimInterface is missing for (2nd_Woodblank_Blueprint)
[2017.11.08-12.27.28:502][344]LogEditorTransaction: Undo NewTrack
[2017.11.08-12.29.20:416][402]LogEditorTransaction: Undo NewTrack
[2017.11.08-12.29.22:550][530]LogEditorTransaction: Undo New Group
[2017.11.08-12.29.29:090][920]LogEditorViewport: Clicking on Actor (LMB): BP_Sky_Sphere_C (Sky Sphere)
[2017.11.08-12.29.29:709][955]LogEditorViewport: Clicking on Actor (LMB): BP_Sky_Sphere_C (Sky Sphere)
[2017.11.08-12.29.30:254][987]LogEditorViewport: Clicking on Actor (LMB): 1st_Woodblank_Blueprint_C (1st_Woodblank_Blueprint)
[2017.11.08-12.29.30:658][  7]LogEditorViewport: Clicking on Actor (LMB): 1st_Woodblank_Blueprint_C (1st_Woodblank_Blueprint)
[2017.11.08-12.29.32:037][ 89]LogEditorViewport: Clicking on Actor (LMB): 1st_Woodblank_Blueprint_C (2nd_Woodblank_Blueprint)
[2017.11.08-12.32.19:256][948]Cmd: TRANSACTION UNDO
[2017.11.08-12.32.19:256][948]LogEditorTransaction: Undo NewTrack
[2017.11.08-12.32.20:139][  1]Cmd: TRANSACTION UNDO
[2017.11.08-12.32.20:139][  1]LogEditorTransaction: Undo New Group
[2017.11.08-12.32.28:483][476]LogEditorViewport: Clicking on Actor (LMB): MatineeActor (MatineeActor3)
[2017.11.08-12.32.31:453][568]LogInit: Transaction tracking system initialized
[2017.11.08-12.32.31:453][568]EditorErrors: New page: Matinee Initialization
[2017.11.08-12.32.35:735][802]LogEditorViewport: Clicking on Actor (LMB): BP_Sky_Sphere_C (Sky Sphere)
[2017.11.08-12.32.36:332][836]LogEditorViewport: Clicking on Actor (LMB): 1st_Woodblank_Blueprint_C (2nd_Woodblank_Blueprint)
[2017.11.08-12.36.14:563][684]LogEditorTransaction: Undo Move Loop End Marker
[2017.11.08-12.37.36:924][502]LogEditorTransaction: Undo Add Key
[2017.11.08-12.37.37:407][531]LogEditorTransaction: Undo Move End Marker
[2017.11.08-12.37.38:207][579]LogEditorTransaction: Undo Move End Marker
[2017.11.08-12.37.38:574][601]LogEditorTransaction: Undo Move Loop End Marker
[2017.11.08-12.37.39:941][683]LogEditorTransaction: Undo NewTrack
[2017.11.08-12.43.08:937][839]Cmd: SELECT NONE
[2017.11.08-12.47.19:536][745]LogEditorTransaction: Undo Add Key
[2017.11.08-12.47.19:873][765]LogEditorTransaction: Undo Move End Marker
[2017.11.08-12.47.20:140][781]LogEditorTransaction: Undo Move Loop End Marker
[2017.11.08-12.47.20:507][803]LogEditorTransaction: Undo Move Selected Keys
[2017.11.08-12.47.20:923][828]LogEditorTransaction: Undo Add Key
[2017.11.08-12.47.21:340][853]LogEditorTransaction: Undo Move End Marker
[2017.11.08-12.47.21:856][884]LogEditorTransaction: Undo NewTrack
[2017.11.08-12.49.46:330][465]Cmd: SELECT NONE
[2017.11.08-12.49.48:362][587]Cmd: SELECT NONE
[2017.11.08-12.51.36:291][907]LogEditorTransaction: Undo Move Selected Keys
[2017.11.08-12.51.36:858][941]LogEditorTransaction: Undo Add Key
[2017.11.08-12.51.44:890][405]LogEditorViewport: Clicking on Actor (LMB): 1st_Woodblank_Blueprint_C (2nd_Woodblank_Blueprint)
[2017.11.08-12.53.45:776][387]LogEditorViewport: Clicking on Actor (LMB): BP_Sky_Sphere_C (Sky Sphere)
[2017.11.08-12.54.01:119][235]LogExit: Transaction tracking system shut down
[2017.11.08-12.54.01:120][235]LogExit: Transaction tracking system shut down
[2017.11.08-12.54.01:120][235]LogExit: Transaction tracking system shut down
[2017.11.08-12.54.01:205][235]LogSavePackage: Save=73.71ms
[2017.11.08-12.54.01:205][235]LogSavePackage: Moving '../../../../../../Users/Leszek/Documents/Unreal Projects/Reveal_Stairway/Reaveal_Stairway/Saved/Reveal_Stairway807855B24F3484AD822260A4EB42DED8.tmp' to '../../../../../../Users/Leszek/Documents/Unreal Projects/Reveal_Stairway/Reaveal_Stairway/Content/Stairway_map/Reveal_Stairway.umap'
[2017.11.08-12.54.01:209][235]LogSavePackage: Display: Finished SavePackage ../../../../../../Users/Leszek/Documents/Unreal Projects/Reveal_Stairway/Reaveal_Stairway/Content/Stairway_map/Reveal_Stairway.umap
[2017.11.08-12.54.01:247][235]LogSavePackage: Save=11.27ms
[2017.11.08-12.54.01:247][235]LogSavePackage: Moving '../../../../../../Users/Leszek/Documents/Unreal Projects/Reveal_Stairway/Reaveal_Stairway/Saved/Reveal_Stairway_BuiltDataA968A692482547DBC979838F78873AB7.tmp' to '../../../../../../Users/Leszek/Documents/Unreal Projects/Reveal_Stairway/Reaveal_Stairway/Content/Stairway_map/Reveal_Stairway_BuiltData.uasset'
[2017.11.08-12.54.01:249][235]LogSavePackage: Display: Finished SavePackage ../../../../../../Users/Leszek/Documents/Unreal Projects/Reveal_Stairway/Reaveal_Stairway/Content/Stairway_map/Reveal_Stairway_BuiltData.uasset
[2017.11.08-12.55.28:235][651]LogTemp: Repeating last play command: Selected Viewport
[2017.11.08-12.55.28:271][651]LogBlueprintUserMessages: Early PlayInEditor Detection: Level '/Game/Stairway_map/Reveal_Stairway.Reveal_Stairway:PersistentLevel' has LevelScriptBlueprint '/Game/Stairway_map/Reveal_Stairway.Reveal_Stairway:PersistentLevel.Reveal_Stairway' with GeneratedClass '/Game/Stairway_map/Reveal_Stairway.Reveal_Stairway_C' with ClassGeneratedBy '/Game/Stairway_map/Reveal_Stairway.Reveal_Stairway:PersistentLevel.Reveal_Stairway'
[2017.11.08-12.55.28:271][651]LogPlayLevel: PlayLevel: No blueprints needed recompiling
[2017.11.08-12.55.28:272][651]PIE: New page: PIE session: Reveal_Stairway (8 Nov 2017 12:55:28)
[2017.11.08-12.55.28:272][651]LogPlayLevel: Creating play world package: /Game/Stairway_map/UEDPIE_0_Reveal_Stairway
[2017.11.08-12.55.28:275][651]LogPlayLevel: PIE: StaticDuplicateObject took: (0.003049s)
[2017.11.08-12.55.28:275][651]LogAIModule: Creating AISystem for world Reveal_Stairway
[2017.11.08-12.55.28:276][651]LogPlayLevel: PIE: World Init took: (0.000828s)
[2017.11.08-12.55.28:276][651]LogPlayLevel: PIE: Created PIE world by copying editor world from /Game/Stairway_map/Reveal_Stairway.Reveal_Stairway to /Game/Stairway_map/UEDPIE_0_Reveal_Stairway.Reveal_Stairway (0.004107s)
[2017.11.08-12.55.28:293][651]LogInit: XAudio2 using 'MON-SIS289 (Intel(R) Display Audio)' : 2 channels at 48 kHz using 16 bits per sample (channel mask 0x3)
[2017.11.08-12.55.28:298][651]LogInit: FAudioDevice initialized.
[2017.11.08-12.55.28:342][651]LogLoad: Game class is 'FirstPersonGameMode_C'
[2017.11.08-12.55.28:346][651]LogWorld: Bringing World /Game/Stairway_map/UEDPIE_0_Reveal_Stairway.Reveal_Stairway up for play (max tick rate 60) at 2017.11.08-12.55.28
[2017.11.08-12.55.28:346][651]LogWorld: Bringing up level for play took: 0.001877
[2017.11.08-12.55.28:420][651]LogContentBrowser: Native class hierarchy updated for 'MovieSceneCapture' in 0.0007 seconds. Added 11 classes and 0 folders.
[2017.11.08-12.55.28:422][651]PIE: Play in editor start time for /Game/Stairway_map/UEDPIE_0_Reveal_Stairway -0.109
[2017.11.08-12.55.28:423][651]LogBlueprintUserMessages: Late PlayInEditor Detection: Level '/Game/Stairway_map/Reveal_Stairway.Reveal_Stairway:PersistentLevel' has LevelScriptBlueprint '/Game/Stairway_map/Reveal_Stairway.Reveal_Stairway:PersistentLevel.Reveal_Stairway' with GeneratedClass '/Game/Stairway_map/Reveal_Stairway.Reveal_Stairway_C' with ClassGeneratedBy '/Game/Stairway_map/Reveal_Stairway.Reveal_Stairway:PersistentLevel.Reveal_Stairway'
[2017.11.08-12.55.46:025][699]LogBlueprintUserMessages: Early EndPlayMap Detection: Level '/Game/Stairway_map/Reveal_Stairway.Reveal_Stairway:PersistentLevel' has LevelScriptBlueprint '/Game/Stairway_map/Reveal_Stairway.Reveal_Stairway:PersistentLevel.Reveal_Stairway' with GeneratedClass '/Game/Stairway_map/Reveal_Stairway.Reveal_Stairway_C' with ClassGeneratedBy '/Game/Stairway_map/Reveal_Stairway.Reveal_Stairway:PersistentLevel.Reveal_Stairway'
[2017.11.08-12.55.46:066][699]LogBlueprintUserMessages: Late EndPlayMap Detection: Level '/Game/Stairway_map/Reveal_Stairway.Reveal_Stairway:PersistentLevel' has LevelScriptBlueprint '/Game/Stairway_map/Reveal_Stairway.Reveal_Stairway:PersistentLevel.Reveal_Stairway' with GeneratedClass '/Game/Stairway_map/Reveal_Stairway.Reveal_Stairway_C' with ClassGeneratedBy '/Game/Stairway_map/Reveal_Stairway.Reveal_Stairway:PersistentLevel.Reveal_Stairway'
[2017.11.08-12.55.57:112][273]LogEditorViewport: Clicking on Actor (LMB): MatineeActor (MatineeActor3)
[2017.11.08-12.56.04:894][669]LogInit: Transaction tracking system initialized
[2017.11.08-12.56.04:894][669]EditorErrors: New page: Matinee Initialization
[2017.11.08-12.56.18:388][416]LogEditorViewport: Clicking on Actor (LMB): 1st_Woodblank_Blueprint_C (2nd_Woodblank_Blueprint)
[2017.11.08-12.56.31:480][183]LogEditorTransaction: Undo Update Key Frame
[2017.11.08-12.56.55:862][547]LogEditorViewport: Clicking on Actor (LMB): 1st_Woodblank_Blueprint_C (2nd_Woodblank_Blueprint)
[2017.11.08-12.57.04:752][ 64]LogEditorViewport: Clicking on Actor (LMB): 1st_Woodblank_Blueprint_C (2nd_Woodblank_Blueprint)
[2017.11.08-12.57.40:281][130]LogTemp: Repeating last play command: Selected Viewport
[2017.11.08-12.57.40:294][130]LogBlueprintUserMessages: Early PlayInEditor Detection: Level '/Game/Stairway_map/Reveal_Stairway.Reveal_Stairway:PersistentLevel' has LevelScriptBlueprint '/Game/Stairway_map/Reveal_Stairway.Reveal_Stairway:PersistentLevel.Reveal_Stairway' with GeneratedClass '/Game/Stairway_map/Reveal_Stairway.Reveal_Stairway_C' with ClassGeneratedBy '/Game/Stairway_map/Reveal_Stairway.Reveal_Stairway:PersistentLevel.Reveal_Stairway'
[2017.11.08-12.57.40:294][130]LogPlayLevel: PlayLevel: No blueprints needed recompiling
[2017.11.08-12.57.40:294][130]PIE: New page: PIE session: Reveal_Stairway (8 Nov 2017 12:57:40)
[2017.11.08-12.57.40:295][130]LogPlayLevel: Creating play world package: /Game/Stairway_map/UEDPIE_0_Reveal_Stairway
[2017.11.08-12.57.40:298][130]LogPlayLevel: PIE: StaticDuplicateObject took: (0.003520s)
[2017.11.08-12.57.40:299][130]LogAIModule: Creating AISystem for world Reveal_Stairway
[2017.11.08-12.57.40:299][130]LogPlayLevel: PIE: World Init took: (0.000911s)
[2017.11.08-12.57.40:299][130]LogPlayLevel: PIE: Created PIE world by copying editor world from /Game/Stairway_map/Reveal_Stairway.Reveal_Stairway to /Game/Stairway_map/UEDPIE_0_Reveal_Stairway.Reveal_Stairway (0.004721s)
[2017.11.08-12.57.40:316][130]LogExit: Transaction tracking system shut down
[2017.11.08-12.57.40:319][130]LogInit: XAudio2 using 'MON-SIS289 (Intel(R) Display Audio)' : 2 channels at 48 kHz using 16 bits per sample (channel mask 0x3)
[2017.11.08-12.57.40:324][130]LogInit: FAudioDevice initialized.
[2017.11.08-12.57.40:356][130]LogLoad: Game class is 'FirstPersonGameMode_C'
[2017.11.08-12.57.40:358][130]LogWorld: Bringing World /Game/Stairway_map/UEDPIE_0_Reveal_Stairway.Reveal_Stairway up for play (max tick rate 60) at 2017.11.08-12.57.40
[2017.11.08-12.57.40:359][130]LogWorld: Bringing up level for play took: 0.001727
[2017.11.08-12.57.40:361][130]PIE: Play in editor start time for /Game/Stairway_map/UEDPIE_0_Reveal_Stairway -0.17
[2017.11.08-12.57.40:361][130]LogBlueprintUserMessages: Late PlayInEditor Detection: Level '/Game/Stairway_map/Reveal_Stairway.Reveal_Stairway:PersistentLevel' has LevelScriptBlueprint '/Game/Stairway_map/Reveal_Stairway.Reveal_Stairway:PersistentLevel.Reveal_Stairway' with GeneratedClass '/Game/Stairway_map/Reveal_Stairway.Reveal_Stairway_C' with ClassGeneratedBy '/Game/Stairway_map/Reveal_Stairway.Reveal_Stairway:PersistentLevel.Reveal_Stairway'
[2017.11.08-12.57.50:583][743]LogBlueprintUserMessages: Early EndPlayMap Detection: Level '/Game/Stairway_map/Reveal_Stairway.Reveal_Stairway:PersistentLevel' has LevelScriptBlueprint '/Game/Stairway_map/Reveal_Stairway.Reveal_Stairway:PersistentLevel.Reveal_Stairway' with GeneratedClass '/Game/Stairway_map/Reveal_Stairway.Reveal_Stairway_C' with ClassGeneratedBy '/Game/Stairway_map/Reveal_Stairway.Reveal_Stairway:PersistentLevel.Reveal_Stairway'
[2017.11.08-12.57.50:639][743]LogBlueprintUserMessages: Late EndPlayMap Detection: Level '/Game/Stairway_map/Reveal_Stairway.Reveal_Stairway:PersistentLevel' has LevelScriptBlueprint '/Game/Stairway_map/Reveal_Stairway.Reveal_Stairway:PersistentLevel.Reveal_Stairway' with GeneratedClass '/Game/Stairway_map/Reveal_Stairway.Reveal_Stairway_C' with ClassGeneratedBy '/Game/Stairway_map/Reveal_Stairway.Reveal_Stairway:PersistentLevel.Reveal_Stairway'
[2017.11.08-12.57.57:874][159]LogSavePackage: Save=68.72ms
[2017.11.08-12.57.57:874][159]LogSavePackage: Moving '../../../../../../Users/Leszek/Documents/Unreal Projects/Reveal_Stairway/Reaveal_Stairway/Saved/Reveal_Stairway880D18A44E360B24A913E69427A6F084.tmp' to '../../../../../../Users/Leszek/Documents/Unreal Projects/Reveal_Stairway/Reaveal_Stairway/Content/Stairway_map/Reveal_Stairway.umap'
[2017.11.08-12.57.57:880][159]LogSavePackage: Display: Finished SavePackage ../../../../../../Users/Leszek/Documents/Unreal Projects/Reveal_Stairway/Reaveal_Stairway/Content/Stairway_map/Reveal_Stairway.umap
[2017.11.08-12.57.57:915][159]LogSavePackage: Save=8.11ms
[2017.11.08-12.57.57:915][159]LogSavePackage: Moving '../../../../../../Users/Leszek/Documents/Unreal Projects/Reveal_Stairway/Reaveal_Stairway/Saved/Reveal_Stairway_BuiltDataA998219847BA42A7CF18AB8FFCA54F80.tmp' to '../../../../../../Users/Leszek/Documents/Unreal Projects/Reveal_Stairway/Reaveal_Stairway/Content/Stairway_map/Reveal_Stairway_BuiltData.uasset'
[2017.11.08-12.57.57:917][159]LogSavePackage: Display: Finished SavePackage ../../../../../../Users/Leszek/Documents/Unreal Projects/Reveal_Stairway/Reaveal_Stairway/Content/Stairway_map/Reveal_Stairway_BuiltData.uasset
[2017.11.08-12.59.33:771][689]LogTemp: Repeating last play command: Selected Viewport
[2017.11.08-12.59.33:785][689]LogBlueprintUserMessages: Early PlayInEditor Detection: Level '/Game/Stairway_map/Reveal_Stairway.Reveal_Stairway:PersistentLevel' has LevelScriptBlueprint '/Game/Stairway_map/Reveal_Stairway.Reveal_Stairway:PersistentLevel.Reveal_Stairway' with GeneratedClass '/Game/Stairway_map/Reveal_Stairway.Reveal_Stairway_C' with ClassGeneratedBy '/Game/Stairway_map/Reveal_Stairway.Reveal_Stairway:PersistentLevel.Reveal_Stairway'
[2017.11.08-12.59.33:785][689]LogPlayLevel: PlayLevel: No blueprints needed recompiling
[2017.11.08-12.59.33:785][689]PIE: New page: PIE session: Reveal_Stairway (8 Nov 2017 12:59:33)
[2017.11.08-12.59.33:785][689]LogPlayLevel: Creating play world package: /Game/Stairway_map/UEDPIE_0_Reveal_Stairway
[2017.11.08-12.59.33:789][689]LogPlayLevel: PIE: StaticDuplicateObject took: (0.003646s)
[2017.11.08-12.59.33:789][689]LogAIModule: Creating AISystem for world Reveal_Stairway
[2017.11.08-12.59.33:790][689]LogPlayLevel: PIE: World Init took: (0.001315s)
[2017.11.08-12.59.33:790][689]LogPlayLevel: PIE: Created PIE world by copying editor world from /Game/Stairway_map/Reveal_Stairway.Reveal_Stairway to /Game/Stairway_map/UEDPIE_0_Reveal_Stairway.Reveal_Stairway (0.005482s)
[2017.11.08-12.59.33:813][689]LogInit: XAudio2 using 'MON-SIS289 (Intel(R) Display Audio)' : 2 channels at 48 kHz using 16 bits per sample (channel mask 0x3)
[2017.11.08-12.59.33:817][689]LogInit: FAudioDevice initialized.
[2017.11.08-12.59.33:852][689]LogLoad: Game class is 'FirstPersonGameMode_C'
[2017.11.08-12.59.33:855][689]LogWorld: Bringing World /Game/Stairway_map/UEDPIE_0_Reveal_Stairway.Reveal_Stairway up for play (max tick rate 60) at 2017.11.08-12.59.33
[2017.11.08-12.59.33:855][689]LogWorld: Bringing up level for play took: 0.001708
[2017.11.08-12.59.33:858][689]PIE: Play in editor start time for /Game/Stairway_map/UEDPIE_0_Reveal_Stairway -0.673
[2017.11.08-12.59.33:858][689]LogBlueprintUserMessages: Late PlayInEditor Detection: Level '/Game/Stairway_map/Reveal_Stairway.Reveal_Stairway:PersistentLevel' has LevelScriptBlueprint '/Game/Stairway_map/Reveal_Stairway.Reveal_Stairway:PersistentLevel.Reveal_Stairway' with GeneratedClass '/Game/Stairway_map/Reveal_Stairway.Reveal_Stairway_C' with ClassGeneratedBy '/Game/Stairway_map/Reveal_Stairway.Reveal_Stairway:PersistentLevel.Reveal_Stairway'
[2017.11.08-12.59.44:080][302]LogBlueprintUserMessages: Early EndPlayMap Detection: Level '/Game/Stairway_map/Reveal_Stairway.Reveal_Stairway:PersistentLevel' has LevelScriptBlueprint '/Game/Stairway_map/Reveal_Stairway.Reveal_Stairway:PersistentLevel.Reveal_Stairway' with GeneratedClass '/Game/Stairway_map/Reveal_Stairway.Reveal_Stairway_C' with ClassGeneratedBy '/Game/Stairway_map/Reveal_Stairway.Reveal_Stairway:PersistentLevel.Reveal_Stairway'
[2017.11.08-12.59.44:136][302]LogBlueprintUserMessages: Late EndPlayMap Detection: Level '/Game/Stairway_map/Reveal_Stairway.Reveal_Stairway:PersistentLevel' has LevelScriptBlueprint '/Game/Stairway_map/Reveal_Stairway.Reveal_Stairway:PersistentLevel.Reveal_Stairway' with GeneratedClass '/Game/Stairway_map/Reveal_Stairway.Reveal_Stairway_C' with ClassGeneratedBy '/Game/Stairway_map/Reveal_Stairway.Reveal_Stairway:PersistentLevel.Reveal_Stairway'
[2017.11.08-13.00.02:986][419]LogEditorViewport: Clicking on Actor (LMB): MatineeActor (MatineeActor3)
[2017.11.08-13.00.05:055][483]LogInit: Transaction tracking system initialized
[2017.11.08-13.00.05:056][483]EditorErrors: New page: Matinee Initialization
[2017.11.08-13.00.45:609][726]LogEditorViewport: Clicking on Actor (LMB): 1st_Woodblank_Blueprint_C (2nd_Woodblank_Blueprint)
[2017.11.08-13.01.30:258][349]LogEditorViewport: Clicking on Actor (LMB): 1st_Woodblank_Blueprint_C (2nd_Woodblank_Blueprint)
[2017.11.08-13.01.53:849][746]LogEditorViewport: Clicking on Actor (LMB): 1st_Woodblank_Blueprint_C (2nd_Woodblank_Blueprint)
[2017.11.08-13.02.18:381][159]LogTemp: Repeating last play command: Selected Viewport
[2017.11.08-13.02.18:395][159]LogBlueprintUserMessages: Early PlayInEditor Detection: Level '/Game/Stairway_map/Reveal_Stairway.Reveal_Stairway:PersistentLevel' has LevelScriptBlueprint '/Game/Stairway_map/Reveal_Stairway.Reveal_Stairway:PersistentLevel.Reveal_Stairway' with GeneratedClass '/Game/Stairway_map/Reveal_Stairway.Reveal_Stairway_C' with ClassGeneratedBy '/Game/Stairway_map/Reveal_Stairway.Reveal_Stairway:PersistentLevel.Reveal_Stairway'
[2017.11.08-13.02.18:395][159]LogPlayLevel: PlayLevel: No blueprints needed recompiling
[2017.11.08-13.02.18:395][159]PIE: New page: PIE session: Reveal_Stairway (8 Nov 2017 13:02:18)
[2017.11.08-13.02.18:395][159]LogPlayLevel: Creating play world package: /Game/Stairway_map/UEDPIE_0_Reveal_Stairway
[2017.11.08-13.02.18:398][159]LogPlayLevel: PIE: StaticDuplicateObject took: (0.003203s)
[2017.11.08-13.02.18:399][159]LogAIModule: Creating AISystem for world Reveal_Stairway
[2017.11.08-13.02.18:399][159]LogPlayLevel: PIE: World Init took: (0.001015s)
[2017.11.08-13.02.18:399][159]LogPlayLevel: PIE: Created PIE world by copying editor world from /Game/Stairway_map/Reveal_Stairway.Reveal_Stairway to /Game/Stairway_map/UEDPIE_0_Reveal_Stairway.Reveal_Stairway (0.004543s)
[2017.11.08-13.02.18:416][159]LogExit: Transaction tracking system shut down
[2017.11.08-13.02.18:419][159]LogInit: XAudio2 using 'MON-SIS289 (Intel(R) Display Audio)' : 2 channels at 48 kHz using 16 bits per sample (channel mask 0x3)
[2017.11.08-13.02.18:424][159]LogInit: FAudioDevice initialized.
[2017.11.08-13.02.18:457][159]LogLoad: Game class is 'FirstPersonGameMode_C'
[2017.11.08-13.02.18:460][159]LogWorld: Bringing World /Game/Stairway_map/UEDPIE_0_Reveal_Stairway.Reveal_Stairway up for play (max tick rate 60) at 2017.11.08-13.02.18
[2017.11.08-13.02.18:460][159]LogWorld: Bringing up level for play took: 0.001753
[2017.11.08-13.02.18:462][159]PIE: Play in editor start time for /Game/Stairway_map/UEDPIE_0_Reveal_Stairway -0.069
[2017.11.08-13.02.18:463][159]LogBlueprintUserMessages: Late PlayInEditor Detection: Level '/Game/Stairway_map/Reveal_Stairway.Reveal_Stairway:PersistentLevel' has LevelScriptBlueprint '/Game/Stairway_map/Reveal_Stairway.Reveal_Stairway:PersistentLevel.Reveal_Stairway' with GeneratedClass '/Game/Stairway_map/Reveal_Stairway.Reveal_Stairway_C' with ClassGeneratedBy '/Game/Stairway_map/Reveal_Stairway.Reveal_Stairway:PersistentLevel.Reveal_Stairway'
[2017.11.08-13.02.45:038][753]LogBlueprintUserMessages: Early EndPlayMap Detection: Level '/Game/Stairway_map/Reveal_Stairway.Reveal_Stairway:PersistentLevel' has LevelScriptBlueprint '/Game/Stairway_map/Reveal_Stairway.Reveal_Stairway:PersistentLevel.Reveal_Stairway' with GeneratedClass '/Game/Stairway_map/Reveal_Stairway.Reveal_Stairway_C' with ClassGeneratedBy '/Game/Stairway_map/Reveal_Stairway.Reveal_Stairway:PersistentLevel.Reveal_Stairway'
[2017.11.08-13.02.45:094][753]LogBlueprintUserMessages: Late EndPlayMap Detection: Level '/Game/Stairway_map/Reveal_Stairway.Reveal_Stairway:PersistentLevel' has LevelScriptBlueprint '/Game/Stairway_map/Reveal_Stairway.Reveal_Stairway:PersistentLevel.Reveal_Stairway' with GeneratedClass '/Game/Stairway_map/Reveal_Stairway.Reveal_Stairway_C' with ClassGeneratedBy '/Game/Stairway_map/Reveal_Stairway.Reveal_Stairway:PersistentLevel.Reveal_Stairway'
[2017.11.08-13.04.43:665][768]LogContentBrowser: Native class hierarchy updated for 'MaterialEditor' in 0.0007 seconds. Added 1 classes and 0 folders.
[2017.11.08-13.04.43:668][768]LogMaterial: Missing cached shader map for material BasicShapeMaterial, compiling. 
[2017.11.08-13.04.43:794][768]LogMaterial: Missing cached shader map for material BasicShapeMaterial, compiling. 
[2017.11.08-13.04.43:836][768]LogMaterial: Missing cached shader map for material FMatExpressionPreview MaterialExpressionVectorParameter_0, compiling. 
[2017.11.08-13.04.45:403][838]MaterialEditorStats: Base pass shader: 81 instructions
[2017.11.08-13.04.45:403][838]MaterialEditorStats: Vertex shader: 29 instructions
[2017.11.08-13.04.45:403][838]MaterialEditorStats: Texture samplers: 3/16
[2017.11.08-13.04.56:097][291]LogMaterial: Missing cached shader map for material BasicShapeMaterial, compiling. 
[2017.11.08-13.04.56:157][291]LogMaterial: Missing cached shader map for material FMatExpressionPreview MaterialExpressionVectorParameter_0, compiling. 
[2017.11.08-13.04.57:760][324]LogMaterial: Missing cached shader map for material BasicShapeMaterial, compiling. 
[2017.11.08-13.04.57:846][324]LogMaterial: Missing cached shader map for material FMatExpressionPreview MaterialExpressionVectorParameter_0, compiling. 
[2017.11.08-13.05.00:154][369]LogMaterial: Missing cached shader map for material BasicShapeMaterial, compiling. 
[2017.11.08-13.05.00:236][369]LogMaterial: Missing cached shader map for material FMatExpressionPreview MaterialExpressionVectorParameter_0, compiling. 
[2017.11.08-13.05.02:116][409]LogMaterial: Missing cached shader map for material BasicShapeMaterial, compiling. 
[2017.11.08-13.05.02:198][409]LogMaterial: Missing cached shader map for material FMatExpressionPreview MaterialExpressionVectorParameter_0, compiling. 
[2017.11.08-13.05.03:973][445]LogMaterial: Missing cached shader map for material BasicShapeMaterial, compiling. 
[2017.11.08-13.05.04:057][445]LogMaterial: Missing cached shader map for material FMatExpressionPreview MaterialExpressionVectorParameter_0, compiling. 
[2017.11.08-13.05.09:121][557]MaterialEditorStats: Base pass shader: 81 instructions
[2017.11.08-13.05.09:121][557]MaterialEditorStats: Vertex shader: 29 instructions
[2017.11.08-13.05.09:122][557]MaterialEditorStats: Texture samplers: 3/16
[2017.11.08-13.05.11:970][642]LogMaterialEditor: Applying material BasicShapeMaterial
[2017.11.08-13.05.14:192][642]LogMaterial: Missing cached shader map for material BasicShapeMaterial, compiling. 
[2017.11.08-13.05.14:406][642]LogMaterial: Missing cached shader map for material BasicShapeMaterial, compiling. 
[2017.11.08-13.05.14:715][642]LogMaterial: Missing cached shader map for material BasicShapeMaterial, compiling. 
[2017.11.08-13.05.15:031][642]LogMaterial: Missing cached shader map for material FDebugViewModeMaterialProxy BasicShapeMaterial, compiling. 
[2017.11.08-13.05.17:267][642]TextureStreamingBuild: Display: Compiling optional shaders took 2.268 seconds.
[2017.11.08-13.05.25:854][866]LogTemp: Repeating last play command: Selected Viewport
[2017.11.08-13.05.25:922][866]LogBlueprintUserMessages: Early PlayInEditor Detection: Level '/Game/Stairway_map/Reveal_Stairway.Reveal_Stairway:PersistentLevel' has LevelScriptBlueprint '/Game/Stairway_map/Reveal_Stairway.Reveal_Stairway:PersistentLevel.Reveal_Stairway' with GeneratedClass '/Game/Stairway_map/Reveal_Stairway.Reveal_Stairway_C' with ClassGeneratedBy '/Game/Stairway_map/Reveal_Stairway.Reveal_Stairway:PersistentLevel.Reveal_Stairway'
[2017.11.08-13.05.25:922][866]LogPlayLevel: PlayLevel: No blueprints needed recompiling
[2017.11.08-13.05.25:923][866]PIE: New page: PIE session: Reveal_Stairway (8 Nov 2017 13:05:25)
[2017.11.08-13.05.25:923][866]LogPlayLevel: Creating play world package: /Game/Stairway_map/UEDPIE_0_Reveal_Stairway
[2017.11.08-13.05.25:940][866]LogPlayLevel: PIE: StaticDuplicateObject took: (0.016984s)
[2017.11.08-13.05.25:943][866]LogAIModule: Creating AISystem for world Reveal_Stairway
[2017.11.08-13.05.25:943][866]LogPlayLevel: PIE: World Init took: (0.002808s)
[2017.11.08-13.05.25:944][866]LogPlayLevel: PIE: Created PIE world by copying editor world from /Game/Stairway_map/Reveal_Stairway.Reveal_Stairway to /Game/Stairway_map/UEDPIE_0_Reveal_Stairway.Reveal_Stairway (0.020693s)
[2017.11.08-13.05.26:024][866]LogInit: XAudio2 using 'MON-SIS289 (Intel(R) Display Audio)' : 2 channels at 48 kHz using 16 bits per sample (channel mask 0x3)
[2017.11.08-13.05.26:044][866]LogInit: FAudioDevice initialized.
[2017.11.08-13.05.26:102][866]LogLoad: Game class is 'FirstPersonGameMode_C'
[2017.11.08-13.05.26:110][866]LogWorld: Bringing World /Game/Stairway_map/UEDPIE_0_Reveal_Stairway.Reveal_Stairway up for play (max tick rate 60) at 2017.11.08-13.05.26
[2017.11.08-13.05.26:111][866]LogWorld: Bringing up level for play took: 0.007274
[2017.11.08-13.05.26:123][866]PIE: Play in editor start time for /Game/Stairway_map/UEDPIE_0_Reveal_Stairway -0.409
[2017.11.08-13.05.26:124][866]LogBlueprintUserMessages: Late PlayInEditor Detection: Level '/Game/Stairway_map/Reveal_Stairway.Reveal_Stairway:PersistentLevel' has LevelScriptBlueprint '/Game/Stairway_map/Reveal_Stairway.Reveal_Stairway:PersistentLevel.Reveal_Stairway' with GeneratedClass '/Game/Stairway_map/Reveal_Stairway.Reveal_Stairway_C' with ClassGeneratedBy '/Game/Stairway_map/Reveal_Stairway.Reveal_Stairway:PersistentLevel.Reveal_Stairway'
[2017.11.08-13.05.46:369][749]LogBlueprintUserMessages: Early EndPlayMap Detection: Level '/Game/Stairway_map/Reveal_Stairway.Reveal_Stairway:PersistentLevel' has LevelScriptBlueprint '/Game/Stairway_map/Reveal_Stairway.Reveal_Stairway:PersistentLevel.Reveal_Stairway' with GeneratedClass '/Game/Stairway_map/Reveal_Stairway.Reveal_Stairway_C' with ClassGeneratedBy '/Game/Stairway_map/Reveal_Stairway.Reveal_Stairway:PersistentLevel.Reveal_Stairway'
[2017.11.08-13.05.46:495][749]LogBlueprintUserMessages: Late EndPlayMap Detection: Level '/Game/Stairway_map/Reveal_Stairway.Reveal_Stairway:PersistentLevel' has LevelScriptBlueprint '/Game/Stairway_map/Reveal_Stairway.Reveal_Stairway:PersistentLevel.Reveal_Stairway' with GeneratedClass '/Game/Stairway_map/Reveal_Stairway.Reveal_Stairway_C' with ClassGeneratedBy '/Game/Stairway_map/Reveal_Stairway.Reveal_Stairway:PersistentLevel.Reveal_Stairway'
[2017.11.08-13.05.48:856][837]Cmd: TRANSACTION UNDO
[2017.11.08-13.05.48:856][837]LogEditorTransaction: Undo Modify Color Picker Value
[2017.11.08-13.05.48:873][837]LogMaterial: Missing cached shader map for material BasicShapeMaterial, compiling. 
[2017.11.08-13.05.49:522][850]Cmd: TRANSACTION UNDO
[2017.11.08-13.05.49:523][850]LogEditorTransaction: Undo Modify Color Picker Value
[2017.11.08-13.05.49:547][850]LogMaterial: Missing cached shader map for material BasicShapeMaterial, compiling. 
[2017.11.08-13.05.50:519][875]Cmd: TRANSACTION UNDO
[2017.11.08-13.05.50:520][875]LogEditorTransaction: Undo Modify Color Picker Value
[2017.11.08-13.05.50:542][875]LogMaterial: Missing cached shader map for material BasicShapeMaterial, compiling. 
[2017.11.08-13.05.51:565][901]Cmd: TRANSACTION UNDO
[2017.11.08-13.05.51:566][901]LogEditorTransaction: Undo Modify Color Picker Value
[2017.11.08-13.05.51:589][901]LogMaterial: Missing cached shader map for material BasicShapeMaterial, compiling. 
[2017.11.08-13.05.53:622][957]Cmd: TRANSACTION UNDO
[2017.11.08-13.05.53:622][957]LogEditorTransaction: Undo Modify Color Picker Value
[2017.11.08-13.05.53:648][957]LogMaterial: Missing cached shader map for material BasicShapeMaterial, compiling. 
[2017.11.08-13.05.54:342][972]Cmd: TRANSACTION UNDO
[2017.11.08-13.05.54:342][972]LogEditorTransaction: Undo Clicking on Actors
[2017.11.08-13.05.55:423][998]Cmd: TRANSACTION UNDO
[2017.11.08-13.05.55:423][998]LogEditorTransaction: Undo Clicking on Actors
[2017.11.08-13.06.01:674][202]LogEditorViewport: Clicking on Actor (LMB): StaticMeshActor (Wall)
[2017.11.08-13.06.10:086][542]LogMaterial: Missing cached shader map for material PreviewMaterial_0, compiling. 
[2017.11.08-13.06.10:407][542]LogMaterial: Missing cached shader map for material PreviewMaterial_0, compiling. 
[2017.11.08-13.06.10:470][542]LogMaterial: Missing cached shader map for material PreviewMaterial_0, compiling. 
[2017.11.08-13.06.10:554][542]LogMaterial: Missing cached shader map for material FMatExpressionPreview MaterialExpressionVectorParameter_0, compiling. 
[2017.11.08-13.06.14:997][624]MaterialEditorStats: Base pass shader: 81 instructions
[2017.11.08-13.06.14:998][624]MaterialEditorStats: Vertex shader: 29 instructions
[2017.11.08-13.06.14:998][624]MaterialEditorStats: Texture samplers: 3/16
[2017.11.08-13.06.19:938][761]LogEditorTransaction: Undo Clicking on Actors
[2017.11.08-13.06.20:018][761]LogMaterial: Missing cached shader map for material PreviewMaterial_0, compiling. 
[2017.11.08-13.06.24:466][843]MaterialEditorStats: Base pass shader: 81 instructions
[2017.11.08-13.06.24:466][843]MaterialEditorStats: Vertex shader: 29 instructions
[2017.11.08-13.06.24:466][843]MaterialEditorStats: Texture samplers: 3/16
[2017.11.08-13.06.26:516][898]LogMaterial: Missing cached shader map for material PreviewMaterial_0, compiling. 
[2017.11.08-13.06.26:575][898]LogMaterial: Missing cached shader map for material FMatExpressionPreview MaterialExpressionVectorParameter_0, compiling. 
[2017.11.08-13.06.27:776][923]LogMaterial: Missing cached shader map for material PreviewMaterial_0, compiling. 
[2017.11.08-13.06.27:853][923]LogMaterial: Missing cached shader map for material FMatExpressionPreview MaterialExpressionVectorParameter_0, compiling. 
[2017.11.08-13.06.28:899][943]LogMaterial: Missing cached shader map for material PreviewMaterial_0, compiling. 
[2017.11.08-13.06.28:987][943]LogMaterial: Missing cached shader map for material FMatExpressionPreview MaterialExpressionVectorParameter_0, compiling. 
[2017.11.08-13.06.34:164][ 61]MaterialEditorStats: Base pass shader: 81 instructions
[2017.11.08-13.06.34:164][ 61]MaterialEditorStats: Vertex shader: 29 instructions
[2017.11.08-13.06.34:164][ 61]MaterialEditorStats: Texture samplers: 3/16
[2017.11.08-13.06.38:581][183]LogMaterialEditor: Saving and Compiling material BasicShapeMaterial
[2017.11.08-13.06.40:804][183]LogMaterial: Missing cached shader map for material PreviewMaterial_0, compiling. 
[2017.11.08-13.06.41:005][183]LogMaterial: Missing cached shader map for material BasicShapeMaterial, compiling. 
[2017.11.08-13.06.41:300][183]LogMaterial: Missing cached shader map for material BasicShapeMaterial, compiling. 
[2017.11.08-13.06.41:613][183]LogMaterial: Missing cached shader map for material FDebugViewModeMaterialProxy BasicShapeMaterial, compiling. 
[2017.11.08-13.06.43:783][183]TextureStreamingBuild: Display: Compiling optional shaders took 2.199 seconds.
[2017.11.08-13.06.57:834][183]Cmd: OBJ SAVEPACKAGE PACKAGE="/Engine/BasicShapes/BasicShapeMaterial" FILE="../../../Engine/Content/BasicShapes/BasicShapeMaterial.uasset" SILENT=true
[2017.11.08-13.06.57:925][183]LogSavePackage: Save=48.14ms
[2017.11.08-13.06.57:925][183]LogSavePackage: Moving '../../../../../../Users/Leszek/Documents/Unreal Projects/Reveal_Stairway/Reaveal_Stairway/Saved/BasicShapeMaterialEF15B5894B5600C5B6A380B4B81D8DDD.tmp' to '../../../Engine/Content/BasicShapes/BasicShapeMaterial.uasset'
[2017.11.08-13.06.57:940][183]LogSavePackage: Display: Finished SavePackage ../../../Engine/Content/BasicShapes/BasicShapeMaterial.uasset
[2017.11.08-13.07.02:623][327]LogTemp: Repeating last play command: Selected Viewport
[2017.11.08-13.07.02:674][327]LogBlueprintUserMessages: Early PlayInEditor Detection: Level '/Game/Stairway_map/Reveal_Stairway.Reveal_Stairway:PersistentLevel' has LevelScriptBlueprint '/Game/Stairway_map/Reveal_Stairway.Reveal_Stairway:PersistentLevel.Reveal_Stairway' with GeneratedClass '/Game/Stairway_map/Reveal_Stairway.Reveal_Stairway_C' with ClassGeneratedBy '/Game/Stairway_map/Reveal_Stairway.Reveal_Stairway:PersistentLevel.Reveal_Stairway'
[2017.11.08-13.07.02:674][327]LogPlayLevel: PlayLevel: No blueprints needed recompiling
[2017.11.08-13.07.02:674][327]PIE: New page: PIE session: Reveal_Stairway (8 Nov 2017 13:07:02)
[2017.11.08-13.07.02:675][327]LogPlayLevel: Creating play world package: /Game/Stairway_map/UEDPIE_0_Reveal_Stairway
[2017.11.08-13.07.02:686][327]LogPlayLevel: PIE: StaticDuplicateObject took: (0.010734s)
[2017.11.08-13.07.02:688][327]LogAIModule: Creating AISystem for world Reveal_Stairway
[2017.11.08-13.07.02:689][327]LogPlayLevel: PIE: World Init took: (0.002684s)
[2017.11.08-13.07.02:689][327]LogPlayLevel: PIE: Created PIE world by copying editor world from /Game/Stairway_map/Reveal_Stairway.Reveal_Stairway to /Game/Stairway_map/UEDPIE_0_Reveal_Stairway.Reveal_Stairway (0.014129s)
[2017.11.08-13.07.02:758][327]LogInit: XAudio2 using 'MON-SIS289 (Intel(R) Display Audio)' : 2 channels at 48 kHz using 16 bits per sample (channel mask 0x3)
[2017.11.08-13.07.02:773][327]LogInit: FAudioDevice initialized.
[2017.11.08-13.07.02:825][327]LogLoad: Game class is 'FirstPersonGameMode_C'
[2017.11.08-13.07.02:831][327]LogWorld: Bringing World /Game/Stairway_map/UEDPIE_0_Reveal_Stairway.Reveal_Stairway up for play (max tick rate 60) at 2017.11.08-13.07.02
[2017.11.08-13.07.02:832][327]LogWorld: Bringing up level for play took: 0.005204
[2017.11.08-13.07.02:840][327]PIE: Play in editor start time for /Game/Stairway_map/UEDPIE_0_Reveal_Stairway 0.309
[2017.11.08-13.07.02:841][327]LogBlueprintUserMessages: Late PlayInEditor Detection: Level '/Game/Stairway_map/Reveal_Stairway.Reveal_Stairway:PersistentLevel' has LevelScriptBlueprint '/Game/Stairway_map/Reveal_Stairway.Reveal_Stairway:PersistentLevel.Reveal_Stairway' with GeneratedClass '/Game/Stairway_map/Reveal_Stairway.Reveal_Stairway_C' with ClassGeneratedBy '/Game/Stairway_map/Reveal_Stairway.Reveal_Stairway:PersistentLevel.Reveal_Stairway'
[2017.11.08-13.07.30:990][794]LogBlueprintUserMessages: Early EndPlayMap Detection: Level '/Game/Stairway_map/Reveal_Stairway.Reveal_Stairway:PersistentLevel' has LevelScriptBlueprint '/Game/Stairway_map/Reveal_Stairway.Reveal_Stairway:PersistentLevel.Reveal_Stairway' with GeneratedClass '/Game/Stairway_map/Reveal_Stairway.Reveal_Stairway_C' with ClassGeneratedBy '/Game/Stairway_map/Reveal_Stairway.Reveal_Stairway:PersistentLevel.Reveal_Stairway'
[2017.11.08-13.07.31:126][794]LogBlueprintUserMessages: Late EndPlayMap Detection: Level '/Game/Stairway_map/Reveal_Stairway.Reveal_Stairway:PersistentLevel' has LevelScriptBlueprint '/Game/Stairway_map/Reveal_Stairway.Reveal_Stairway:PersistentLevel.Reveal_Stairway' with GeneratedClass '/Game/Stairway_map/Reveal_Stairway.Reveal_Stairway_C' with ClassGeneratedBy '/Game/Stairway_map/Reveal_Stairway.Reveal_Stairway:PersistentLevel.Reveal_Stairway'
[2017.11.08-13.07.44:413][296]LogSavePackage: Save=279.62ms
[2017.11.08-13.07.44:413][296]LogSavePackage: Moving '../../../../../../Users/Leszek/Documents/Unreal Projects/Reveal_Stairway/Reaveal_Stairway/Saved/Reveal_Stairway2E33A7FD49C9B0550DEC68968E7290FA.tmp' to '../../../../../../Users/Leszek/Documents/Unreal Projects/Reveal_Stairway/Reaveal_Stairway/Content/Stairway_map/Reveal_Stairway.umap'
[2017.11.08-13.07.44:428][296]LogSavePackage: Display: Finished SavePackage ../../../../../../Users/Leszek/Documents/Unreal Projects/Reveal_Stairway/Reaveal_Stairway/Content/Stairway_map/Reveal_Stairway.umap
[2017.11.08-13.07.44:644][296]LogSavePackage: Save=35.36ms
[2017.11.08-13.07.44:645][296]LogSavePackage: Moving '../../../../../../Users/Leszek/Documents/Unreal Projects/Reveal_Stairway/Reaveal_Stairway/Saved/Reveal_Stairway_BuiltDataE042BC9A406F457B0FEAACB1FF559F2E.tmp' to '../../../../../../Users/Leszek/Documents/Unreal Projects/Reveal_Stairway/Reaveal_Stairway/Content/Stairway_map/Reveal_Stairway_BuiltData.uasset'
[2017.11.08-13.07.44:653][296]LogSavePackage: Display: Finished SavePackage ../../../../../../Users/Leszek/Documents/Unreal Projects/Reveal_Stairway/Reaveal_Stairway/Content/Stairway_map/Reveal_Stairway_BuiltData.uasset
[2017.11.08-13.17.49:155][384]LogAudio: Warning: Current Audio Device with ID {0.0.0.00000000}.{afe4faaa-126e-4d90-9cd3-4602c067d607} was removed. Shutting down audio device.
[2017.11.08-17.04.35:981][261]LogD3D11RHI: Timed out while waiting for GPU to catch up. (500 ms)
[2017.11.08-17.04.36:587][263]LogHttp: Warning: 0000025882257E80: request failed, libcurl error: 6 (Couldn't resolve host name)
[2017.11.08-17.04.36:588][263]LogHttp: Warning: 0000025882257E80: libcurl info message cache 0 (Connection 40 seems to be dead!)
[2017.11.08-17.04.36:588][263]LogHttp: Warning: 0000025882257E80: libcurl info message cache 1 (Closing connection 40)
[2017.11.08-17.04.36:588][263]LogHttp: Warning: 0000025882257E80: libcurl info message cache 2 (Could not resolve host: datarouter.ol.epicgames.com)
[2017.11.08-17.04.36:588][263]LogHttp: Warning: 0000025882257E80: libcurl info message cache 3 (Closing connection 41)
[2017.11.08-20.37.31:617][273]LogD3D11RHI: Timed out while waiting for GPU to catch up. (500 ms)
[2017.11.08-20.37.31:936][274]LogHttp: Warning: 00000258ED6D3580: request failed, libcurl error: 6 (Couldn't resolve host name)
[2017.11.08-20.37.31:936][274]LogHttp: Warning: 00000258ED6D3580: libcurl info message cache 0 (Could not resolve host: datarouter.ol.epicgames.com)
[2017.11.08-20.37.31:953][274]LogHttp: Warning: 00000258ED6D3580: libcurl info message cache 1 (Closing connection 42)
[2017.11.08-20.41.33:928][423]LogActorFactory: Actor Factory created Cube
[2017.11.08-20.41.35:359][508]LogActorFactory: Actor Factory created Cube
[2017.11.08-20.42.32:966][892]Cmd: TRANSACTION UNDO
[2017.11.08-20.42.32:966][892]LogEditorTransaction: Undo Move Actors
[2017.11.08-20.47.31:578][ 48]LogSavePackage: Save=151.68ms
[2017.11.08-20.47.31:578][ 48]LogSavePackage: Moving '../../../../../../Users/Leszek/Documents/Unreal Projects/Reveal_Stairway/Reaveal_Stairway/Saved/Reveal_Stairway_Auto2346D50F044BBBEA2241B24BBBB74B91E.tmp' to '../../../../../../Users/Leszek/Documents/Unreal Projects/Reveal_Stairway/Reaveal_Stairway/Saved/Autosaves/Game/Stairway_map/Reveal_Stairway_Auto2.umap'
[2017.11.08-20.47.31:583][ 48]LogSavePackage: Display: Finished SavePackage ../../../../../../Users/Leszek/Documents/Unreal Projects/Reveal_Stairway/Reaveal_Stairway/Saved/Autosaves/Game/Stairway_map/Reveal_Stairway_Auto2.umap
[2017.11.08-20.47.31:587][ 48]LogFileHelpers: Editor autosave (incl. sublevels) for '/Game/Stairway_map/Reveal_Stairway' took 0.410
[2017.11.08-20.47.31:587][ 48]LogFileHelpers: Editor autosave (incl. sublevels) for all levels took 0.410
[2017.11.08-20.54.09:724][899]Cmd: EDIT COPY
[2017.11.08-20.54.09:974][914]Cmd: EDIT PASTE
[2017.11.08-20.58.55:787][545]LogEditorViewport: Clicking on Actor (LMB): StaticMeshActor (Cube)
[2017.11.08-20.59.06:194][156]LogEditorViewport: Clicking on Actor (LMB): BP_Sky_Sphere_C (Sky Sphere)
[2017.11.08-21.00.06:936][177]LogEditorViewport: Clicking on Actor (LMB): StaticMeshActor (Cube)
[2017.11.08-21.00.10:079][355]LogEditorViewport: Clicking on Actor (LMB): 1st_Woodblank_Blueprint_C (2nd_Woodblank_Blueprint)
[2017.11.08-21.00.12:811][514]LogEditorViewport: Clicking on Actor (LMB): StaticMeshActor (Cube)
[2017.11.08-21.00.45:836][478]LogSavePackage: Save=92.52ms
[2017.11.08-21.00.45:836][478]LogSavePackage: Moving '../../../../../../Users/Leszek/Documents/Unreal Projects/Reveal_Stairway/Reaveal_Stairway/Saved/Reveal_Stairway_Auto30B7CF77944E1E1C10F6151811809E24E.tmp' to '../../../../../../Users/Leszek/Documents/Unreal Projects/Reveal_Stairway/Reaveal_Stairway/Saved/Autosaves/Game/Stairway_map/Reveal_Stairway_Auto3.umap'
[2017.11.08-21.00.45:839][478]LogSavePackage: Display: Finished SavePackage ../../../../../../Users/Leszek/Documents/Unreal Projects/Reveal_Stairway/Reaveal_Stairway/Saved/Autosaves/Game/Stairway_map/Reveal_Stairway_Auto3.umap
[2017.11.08-21.00.45:842][478]LogFileHelpers: Editor autosave (incl. sublevels) for '/Game/Stairway_map/Reveal_Stairway' took 0.135
[2017.11.08-21.00.45:842][478]LogFileHelpers: Editor autosave (incl. sublevels) for all levels took 0.135
[2017.11.08-21.00.53:662][943]LogEditorViewport: Clicking on Actor (LMB): StaticMeshActor (Cube2)
[2017.11.08-21.01.47:189][145]LogEditorViewport: Clicking on Actor (LMB): StaticMeshActor (Stair_Top)
[2017.11.08-21.01.50:728][344]LogSavePackage: Save=75.22ms
[2017.11.08-21.01.50:728][344]LogSavePackage: Moving '../../../../../../Users/Leszek/Documents/Unreal Projects/Reveal_Stairway/Reaveal_Stairway/Saved/Reveal_Stairway11712C774BB3DEF1851012B6663C8E59.tmp' to '../../../../../../Users/Leszek/Documents/Unreal Projects/Reveal_Stairway/Reaveal_Stairway/Content/Stairway_map/Reveal_Stairway.umap'
[2017.11.08-21.01.50:733][344]LogSavePackage: Display: Finished SavePackage ../../../../../../Users/Leszek/Documents/Unreal Projects/Reveal_Stairway/Reaveal_Stairway/Content/Stairway_map/Reveal_Stairway.umap
[2017.11.08-21.01.50:773][344]LogSavePackage: Save=10.91ms
[2017.11.08-21.01.50:773][344]LogSavePackage: Moving '../../../../../../Users/Leszek/Documents/Unreal Projects/Reveal_Stairway/Reaveal_Stairway/Saved/Reveal_Stairway_BuiltData8814F22044670CE3CEE464900DC0A5E3.tmp' to '../../../../../../Users/Leszek/Documents/Unreal Projects/Reveal_Stairway/Reaveal_Stairway/Content/Stairway_map/Reveal_Stairway_BuiltData.uasset'
[2017.11.08-21.01.50:776][344]LogSavePackage: Display: Finished SavePackage ../../../../../../Users/Leszek/Documents/Unreal Projects/Reveal_Stairway/Reaveal_Stairway/Content/Stairway_map/Reveal_Stairway_BuiltData.uasset
[2017.11.08-21.02.07:129][314]LogEditorViewport: Clicking on Actor (LMB): StaticMeshActor (Cube2)
[2017.11.08-21.04.01:749][154]LogEditorViewport: Clicking on Actor (LMB): BP_Sky_Sphere_C (Sky Sphere)
[2017.11.08-21.04.51:003][ 72]LogSavePackage: Save=71.76ms
[2017.11.08-21.04.51:003][ 72]LogSavePackage: Moving '../../../../../../Users/Leszek/Documents/Unreal Projects/Reveal_Stairway/Reaveal_Stairway/Saved/Reveal_Stairway0D58B6BD4D391E90FD3C53BB455C3CD0.tmp' to '../../../../../../Users/Leszek/Documents/Unreal Projects/Reveal_Stairway/Reaveal_Stairway/Content/Stairway_map/Reveal_Stairway.umap'
[2017.11.08-21.04.51:017][ 72]LogSavePackage: Display: Finished SavePackage ../../../../../../Users/Leszek/Documents/Unreal Projects/Reveal_Stairway/Reaveal_Stairway/Content/Stairway_map/Reveal_Stairway.umap
[2017.11.08-21.04.51:052][ 72]LogSavePackage: Save=7.30ms
[2017.11.08-21.04.51:052][ 72]LogSavePackage: Moving '../../../../../../Users/Leszek/Documents/Unreal Projects/Reveal_Stairway/Reaveal_Stairway/Saved/Reveal_Stairway_BuiltData233AA459426F2BB648ACF099AD53FFE7.tmp' to '../../../../../../Users/Leszek/Documents/Unreal Projects/Reveal_Stairway/Reaveal_Stairway/Content/Stairway_map/Reveal_Stairway_BuiltData.uasset'
[2017.11.08-21.04.51:055][ 72]LogSavePackage: Display: Finished SavePackage ../../../../../../Users/Leszek/Documents/Unreal Projects/Reveal_Stairway/Reaveal_Stairway/Content/Stairway_map/Reveal_Stairway_BuiltData.uasset
[2017.11.08-21.04.52:214][135]LogEditorViewport: Clicking on Actor (LMB): MatineeActor (MatineeActor3)
[2017.11.08-21.04.56:633][345]LogInit: Transaction tracking system initialized
[2017.11.08-21.04.56:633][345]EditorErrors: New page: Matinee Initialization
[2017.11.08-21.07.31:546][986]LogEditorViewport: Clicking on Actor (LMB): StaticMeshActor (Cube2)
[2017.11.08-21.12.46:048][325]LogEditorTransaction: Undo Move Selected Keys
[2017.11.08-21.13.49:971][912]LogEditorViewport: Clicking on Actor (LMB): StaticMeshActor (Stair_Top)
[2017.11.08-21.14.50:962][471]LogEditorTransaction: Undo Move Selected Keys
[2017.11.08-21.14.51:748][516]LogEditorTransaction: Undo Delete Selected Keys
[2017.11.08-21.16.20:522][530]Cmd: TRANSACTION UNDO
[2017.11.08-21.16.20:522][530]LogEditorTransaction: Undo Move Loop End Marker
[2017.11.08-21.16.33:609][299]LogEditorTransaction: Undo Move Loop End Marker
[2017.11.08-21.16.35:056][384]LogEditorTransaction: Undo Move End Marker
[2017.11.08-21.17.19:657][802]Cmd: TRANSACTION UNDO
[2017.11.08-21.17.19:658][802]LogEditorTransaction: Undo Move Loop End Marker
[2017.11.08-21.17.24:017][ 60]Cmd: TRANSACTION UNDO
[2017.11.08-21.17.24:017][ 60]LogEditorTransaction: Undo Move End Marker
[2017.11.08-21.17.24:471][ 87]Cmd: TRANSACTION UNDO
[2017.11.08-21.17.24:471][ 87]LogEditorTransaction: Undo Move Selected Keys
[2017.11.08-21.18.21:990][214]Cmd: TRANSACTION UNDO
[2017.11.08-21.18.21:990][214]LogEditorTransaction: Undo Add Key
[2017.11.08-21.18.32:045][809]Cmd: TRANSACTION REDO
[2017.11.08-21.18.32:045][809]LogEditorTransaction: Redo Add Key
[2017.11.08-21.19.14:776][312]LogExit: Transaction tracking system shut down
[2017.11.08-21.19.14:863][312]LogSavePackage: Save=76.49ms
[2017.11.08-21.19.14:863][312]LogSavePackage: Moving '../../../../../../Users/Leszek/Documents/Unreal Projects/Reveal_Stairway/Reaveal_Stairway/Saved/Reveal_Stairway2E4826104868A8E6695FDDBF846E81EB.tmp' to '../../../../../../Users/Leszek/Documents/Unreal Projects/Reveal_Stairway/Reaveal_Stairway/Content/Stairway_map/Reveal_Stairway.umap'
[2017.11.08-21.19.14:868][312]LogSavePackage: Display: Finished SavePackage ../../../../../../Users/Leszek/Documents/Unreal Projects/Reveal_Stairway/Reaveal_Stairway/Content/Stairway_map/Reveal_Stairway.umap
[2017.11.08-21.19.14:905][312]LogSavePackage: Save=8.35ms
[2017.11.08-21.19.14:905][312]LogSavePackage: Moving '../../../../../../Users/Leszek/Documents/Unreal Projects/Reveal_Stairway/Reaveal_Stairway/Saved/Reveal_Stairway_BuiltDataAC4573C84D0C2F6999FC55941763DCC7.tmp' to '../../../../../../Users/Leszek/Documents/Unreal Projects/Reveal_Stairway/Reaveal_Stairway/Content/Stairway_map/Reveal_Stairway_BuiltData.uasset'
[2017.11.08-21.19.14:918][312]LogSavePackage: Display: Finished SavePackage ../../../../../../Users/Leszek/Documents/Unreal Projects/Reveal_Stairway/Reaveal_Stairway/Content/Stairway_map/Reveal_Stairway_BuiltData.uasset
[2017.11.08-21.19.15:770][359]LogTemp: Repeating last play command: Selected Viewport
[2017.11.08-21.19.15:785][359]LogBlueprintUserMessages: Early PlayInEditor Detection: Level '/Game/Stairway_map/Reveal_Stairway.Reveal_Stairway:PersistentLevel' has LevelScriptBlueprint '/Game/Stairway_map/Reveal_Stairway.Reveal_Stairway:PersistentLevel.Reveal_Stairway' with GeneratedClass '/Game/Stairway_map/Reveal_Stairway.Reveal_Stairway_C' with ClassGeneratedBy '/Game/Stairway_map/Reveal_Stairway.Reveal_Stairway:PersistentLevel.Reveal_Stairway'
[2017.11.08-21.19.15:785][359]LogPlayLevel: PlayLevel: No blueprints needed recompiling
[2017.11.08-21.19.15:786][359]PIE: New page: PIE session: Reveal_Stairway (8 Nov 2017 21:19:15)
[2017.11.08-21.19.15:786][359]LogPlayLevel: Creating play world package: /Game/Stairway_map/UEDPIE_0_Reveal_Stairway
[2017.11.08-21.19.15:790][359]LogPlayLevel: PIE: StaticDuplicateObject took: (0.004089s)
[2017.11.08-21.19.15:791][359]LogAIModule: Creating AISystem for world Reveal_Stairway
[2017.11.08-21.19.15:792][359]LogPlayLevel: PIE: World Init took: (0.002101s)
[2017.11.08-21.19.15:792][359]LogPlayLevel: PIE: Created PIE world by copying editor world from /Game/Stairway_map/Reveal_Stairway.Reveal_Stairway to /Game/Stairway_map/UEDPIE_0_Reveal_Stairway.Reveal_Stairway (0.006547s)
[2017.11.08-21.19.15:813][359]LogInit: XAudio2 using 'MON-SIS289 (Intel(R) Display Audio)' : 2 channels at 48 kHz using 16 bits per sample (channel mask 0x3)
[2017.11.08-21.19.15:819][359]LogInit: FAudioDevice initialized.
[2017.11.08-21.19.15:854][359]LogLoad: Game class is 'FirstPersonGameMode_C'
[2017.11.08-21.19.15:857][359]LogWorld: Bringing World /Game/Stairway_map/UEDPIE_0_Reveal_Stairway.Reveal_Stairway up for play (max tick rate 60) at 2017.11.08-21.19.15
[2017.11.08-21.19.15:858][359]LogWorld: Bringing up level for play took: 0.002181
[2017.11.08-21.19.15:863][359]PIE: Play in editor start time for /Game/Stairway_map/UEDPIE_0_Reveal_Stairway -0.686
[2017.11.08-21.19.15:863][359]LogBlueprintUserMessages: Late PlayInEditor Detection: Level '/Game/Stairway_map/Reveal_Stairway.Reveal_Stairway:PersistentLevel' has LevelScriptBlueprint '/Game/Stairway_map/Reveal_Stairway.Reveal_Stairway:PersistentLevel.Reveal_Stairway' with GeneratedClass '/Game/Stairway_map/Reveal_Stairway.Reveal_Stairway_C' with ClassGeneratedBy '/Game/Stairway_map/Reveal_Stairway.Reveal_Stairway:PersistentLevel.Reveal_Stairway'
[2017.11.08-21.19.36:590][602]LogBlueprintUserMessages: Early EndPlayMap Detection: Level '/Game/Stairway_map/Reveal_Stairway.Reveal_Stairway:PersistentLevel' has LevelScriptBlueprint '/Game/Stairway_map/Reveal_Stairway.Reveal_Stairway:PersistentLevel.Reveal_Stairway' with GeneratedClass '/Game/Stairway_map/Reveal_Stairway.Reveal_Stairway_C' with ClassGeneratedBy '/Game/Stairway_map/Reveal_Stairway.Reveal_Stairway:PersistentLevel.Reveal_Stairway'
[2017.11.08-21.19.36:645][602]LogBlueprintUserMessages: Late EndPlayMap Detection: Level '/Game/Stairway_map/Reveal_Stairway.Reveal_Stairway:PersistentLevel' has LevelScriptBlueprint '/Game/Stairway_map/Reveal_Stairway.Reveal_Stairway:PersistentLevel.Reveal_Stairway' with GeneratedClass '/Game/Stairway_map/Reveal_Stairway.Reveal_Stairway_C' with ClassGeneratedBy '/Game/Stairway_map/Reveal_Stairway.Reveal_Stairway:PersistentLevel.Reveal_Stairway'
