Log file open, 11/20/17 14:09:31
LogWindows: Failed to load 'aqProf.dll' (GetLastError=126)
LogWindows: File 'aqProf.dll' does not exist
LogWindows: Failed to load 'VSPerf140.dll' (GetLastError=126)
LogWindows: File 'VSPerf140.dll' does not exist
LogWindows: Failed to load 'VtuneApi.dll' (GetLastError=126)
LogWindows: File 'VtuneApi.dll' does not exist
LogWindows: Failed to load 'VtuneApi32e.dll' (GetLastError=126)
LogWindows: File 'VtuneApi32e.dll' does not exist
LogInit: Display: Running engine for game: Reaveal_Stairway
LogPlatformFile: Not using cached read wrapper
LogInit: Display: RandInit(531512370) SRandInit(531512370).
LogTaskGraph: Started task graph with 5 named threads and 14 total threads with 3 sets of task threads.
LogStats: Stats thread started at 0.172361
LogD3D11RHI: Aftermath initialized
LogPluginManager: Mounting plugin Paper2D
LogPluginManager: Mounting plugin LightPropagationVolume
LogPluginManager: Mounting plugin CodeLiteSourceCodeAccess
LogPluginManager: Mounting plugin GitSourceControl
LogPluginManager: Mounting plugin KDevelopSourceCodeAccess
LogPluginManager: Mounting plugin NullSourceCodeAccess
LogPluginManager: Mounting plugin PerforceSourceControl
LogPluginManager: Mounting plugin SubversionSourceControl
LogPluginManager: Mounting plugin UObjectPlugin
LogPluginManager: Mounting plugin VisualStudioSourceCodeAccess
LogPluginManager: Mounting plugin XCodeSourceCodeAccess
LogPluginManager: Mounting plugin AssetManagerEditor
LogPluginManager: Mounting plugin AudioCapture
LogPluginManager: Mounting plugin FacialAnimation
LogPluginManager: Mounting plugin GameplayTagsEditor
LogPluginManager: Mounting plugin MobileLauncherProfileWizard
LogPluginManager: Mounting plugin PluginBrowser
LogPluginManager: Mounting plugin SpeedTreeImporter
LogPluginManager: Mounting plugin AlembicImporter
LogPluginManager: Mounting plugin CharacterAI
LogPluginManager: Mounting plugin HTML5Networking
LogPluginManager: Mounting plugin AndroidMedia
LogPluginManager: Mounting plugin AvfMedia
LogPluginManager: Mounting plugin MediaPlayerEditor
LogPluginManager: Mounting plugin WmfMedia
LogPluginManager: Mounting plugin TcpMessaging
LogPluginManager: Mounting plugin UdpMessaging
LogPluginManager: Mounting plugin LevelSequenceEditor
LogPluginManager: Mounting plugin MatineeToLevelSequence
LogPluginManager: Mounting plugin OnlineSubsystemGooglePlay
LogPluginManager: Mounting plugin OnlineSubsystemIOS
LogPluginManager: Mounting plugin OnlineSubsystem
LogPluginManager: Mounting plugin OnlineSubsystemNull
LogPluginManager: Mounting plugin OnlineSubsystemUtils
LogPluginManager: Mounting plugin AndroidDeviceProfileSelector
LogPluginManager: Mounting plugin AndroidMoviePlayer
LogPluginManager: Mounting plugin AndroidPermission
LogPluginManager: Mounting plugin AppleMoviePlayer
LogPluginManager: Mounting plugin ArchVisCharacter
LogPluginManager: Mounting plugin CableComponent
LogPluginManager: Mounting plugin CustomMeshComponent
LogPluginManager: Mounting plugin ExampleDeviceProfileSelector
LogPluginManager: Mounting plugin GoogleCloudMessaging
LogPluginManager: Mounting plugin ImmediatePhysics
LogPluginManager: Mounting plugin IOSDeviceProfileSelector
LogPluginManager: Mounting plugin LinuxDeviceProfileSelector
LogPluginManager: Mounting plugin LocationServicesBPLibrary
LogPluginManager: Mounting plugin MobilePatchingUtils
LogPluginManager: Mounting plugin OculusVR
LogPluginManager: Mounting plugin PhysXVehicles
LogPluginManager: Mounting plugin ProceduralMeshComponent
LogPluginManager: Mounting plugin RuntimePhysXCooking
LogPluginManager: Mounting plugin SteamVR
LogPluginManager: Mounting plugin WindowsMoviePlayer
LogInit: Using libcurl 7.47.1
LogInit:  - built for x86_64-pc-win32
LogInit:  - supports SSL with OpenSSL/1.0.2g
LogInit:  - supports HTTP deflate (compression) using libz 1.2.8
LogInit:  - other features:
LogInit:      CURL_VERSION_SSL
LogInit:      CURL_VERSION_LIBZ
LogInit:      CURL_VERSION_IPV6
LogInit:      CURL_VERSION_ASYNCHDNS
LogInit:      CURL_VERSION_LARGEFILE
LogInit:      CURL_VERSION_IDN
LogInit:  CurlRequestOptions (configurable via config and command line):
LogInit:  - bVerifyPeer = false  - Libcurl will NOT verify peer certificate
LogInit:  - bUseHttpProxy = false  - Libcurl will NOT use HTTP proxy
LogInit:  - bDontReuseConnections = false  - Libcurl will reuse connections
LogInit:  - CertBundlePath = nullptr  - Libcurl will use whatever was configured at build time.
LogInit: Build: ++UE4+Release-4.17-CL-3658906
LogInit: Engine Version: 4.17.2-3658906+++UE4+Release-4.17
LogInit: Compatible Engine Version: 4.17.0-3573198+++UE4+Release-4.17
LogInit: Net CL: 3573198
LogDevObjectVersion: Number of dev versions registered: 16
LogDevObjectVersion:   Dev-Blueprints (B0D832E4-1F89-4F0D-ACCF-7EB736FD4AA2): 10
LogDevObjectVersion:   Dev-Build (E1C64328-A22C-4D53-A36C-8E866417BD8C): 0
LogDevObjectVersion:   Dev-Core (375EC13C-06E4-48FB-B500-84F0262A717E): 2
LogDevObjectVersion:   Dev-Editor (E4B068ED-F494-42E9-A231-DA0B2E46BB41): 20
LogDevObjectVersion:   Dev-Framework (CFFC743F-43B0-4480-9391-14DF171D2073): 28
LogDevObjectVersion:   Dev-Mobile (B02B49B5-BB20-44E9-A304-32B752E40360): 0
LogDevObjectVersion:   Dev-Networking (A4E4105C-59A1-49B5-A7C5-40C4547EDFEE): 0
LogDevObjectVersion:   Dev-Online (39C831C9-5AE6-47DC-9A44-9C173E1C8E7C): 0
LogDevObjectVersion:   Dev-Physics (78F01B33-EBEA-4F98-B9B4-84EACCB95AA2): 0
LogDevObjectVersion:   Dev-Platform (6631380F-2D4D-43E0-8009-CF276956A95A): 0
LogDevObjectVersion:   Dev-Rendering (12F88B9F-8875-4AFC-A67C-D90C383ABD29): 19
LogDevObjectVersion:   Dev-Sequencer (7B5AE74C-D270-4C10-A958-57980B212A5A): 4
LogDevObjectVersion:   Dev-VR (D7296918-1DD6-4BDD-9DE2-64A83CC13884): 0
LogDevObjectVersion:   Dev-LoadTimes (C2A15278-BFE7-4AFE-6C17-90FF531DF755): 1
LogDevObjectVersion:   Private-Geometry (6EACA3D4-40EC-4CC1-B786-8BED09428FC5): 1
LogDevObjectVersion:   Dev-AnimPhys (29E575DD-E0A3-4627-9D10-D276232CDCEA): 7
LogInit: Compiled (64-bit): Sep 22 2017 13:47:16
LogInit: Compiled with Visual C++: 19.00.24215.01
LogInit: Build Configuration: Development
LogInit: Branch Name: ++UE4+Release-4.17
LogInit: Command line: -EpicPortal 
LogInit: Base directory: C:/Program Files/Epic Games/UE_4.17/Engine/Binaries/Win64/
LogInit: Installed Engine Build: 1
LogInit: Presizing for max 8388607 objects, including 0 objects not considered by GC, pre-allocating 0 bytes for permanent pool.
LogInit: Object subsystem initialized
[2017.11.20-14.09.32:535][  0]LogInit: Selected Device Profile: [Windows]
[2017.11.20-14.09.32:535][  0]LogInit: Applying CVar settings loaded from the selected device profile: [Windows]
[2017.11.20-14.09.32:545][  0]LogInit: Computer: DESKTOP-UTLPHC3
[2017.11.20-14.09.32:545][  0]LogInit: User: Leszek
[2017.11.20-14.09.32:545][  0]LogInit: CPU Page size=4096, Cores=4
[2017.11.20-14.09.32:545][  0]LogInit: High frequency timer resolution =2.742189 MHz
[2017.11.20-14.09.32:545][  0]LogMemory: Memory total: Physical=15.9GB (16GB approx)
[2017.11.20-14.09.32:545][  0]LogMemory: Platform Memory Stats for Windows
[2017.11.20-14.09.32:545][  0]LogMemory: Process Physical Memory: 281.59 MB used, 281.59 MB peak
[2017.11.20-14.09.32:545][  0]LogMemory: Process Virtual Memory: 282.25 MB used, 282.25 MB peak
[2017.11.20-14.09.32:545][  0]LogMemory: Physical Memory: 7173.97 MB used,  9061.98 MB free, 16235.95 MB total
[2017.11.20-14.09.32:545][  0]LogMemory: Virtual Memory: 710.64 MB used,  9061.98 MB free, 134217728.00 MB total
[2017.11.20-14.09.32:951][  0]LogInit: Using OS detected language (en-US).
[2017.11.20-14.09.32:951][  0]LogInit: Using OS detected locale (en-GB).
[2017.11.20-14.09.32:954][  0]LogTextLocalizationManager: No specific localization for 'en-US' exists, so the 'en' localization will be used.
[2017.11.20-14.09.33:711][  0]LogD3D11RHI: D3D11 adapters:
[2017.11.20-14.09.33:762][  0]LogD3D11RHI:    0. 'NVIDIA GeForce GTX 1050' (Feature Level 11_0)
[2017.11.20-14.09.33:762][  0]LogD3D11RHI:       4031/0/8117 MB DedicatedVideo/DedicatedSystem/SharedSystem, Outputs:2, VendorId:0x10de
[2017.11.20-14.09.33:770][  0]LogD3D11RHI:    1. 'Intel(R) HD Graphics 630' (Feature Level 11_0)
[2017.11.20-14.09.33:770][  0]LogD3D11RHI:       128/0/8117 MB DedicatedVideo/DedicatedSystem/SharedSystem, Outputs:0, VendorId:0x8086
[2017.11.20-14.09.33:772][  0]LogD3D11RHI:    2. 'Microsoft Basic Render Driver' (Feature Level 11_0)
[2017.11.20-14.09.33:772][  0]LogD3D11RHI:       0/0/8117 MB DedicatedVideo/DedicatedSystem/SharedSystem, Outputs:0, VendorId:0x1414
[2017.11.20-14.09.33:772][  0]LogD3D11RHI: Chosen D3D11 Adapter: 0
[2017.11.20-14.09.33:779][  0]LogD3D11RHI: Creating new Direct3DDevice
[2017.11.20-14.09.33:779][  0]LogD3D11RHI:     GPU DeviceId: 0x1c8d (for the marketing name, search the web for "GPU Device Id")
[2017.11.20-14.09.33:779][  0]LogWindows: EnumDisplayDevices:
[2017.11.20-14.09.33:779][  0]LogWindows:    0. 'Intel(R) HD Graphics 630' (P:1 D:1)
[2017.11.20-14.09.33:779][  0]LogWindows:    1. 'Intel(R) HD Graphics 630' (P:0 D:1)
[2017.11.20-14.09.33:779][  0]LogWindows:    2. 'Intel(R) HD Graphics 630' (P:0 D:0)
[2017.11.20-14.09.33:779][  0]LogWindows: DebugString: GetVideoDriverDetailsInvalid PrimaryIsNotTheChoosenAdapter GetVideoDriverDetailsInvalid PrimaryIsNotTheChoosenAdapter GetVideoDriverDetailsInvalid PrimaryIsNotTheChoosenAdapter FoundDriverCount:0 
[2017.11.20-14.09.33:779][  0]LogD3D11RHI:     Adapter Name: NVIDIA GeForce GTX 1050
[2017.11.20-14.09.33:779][  0]LogD3D11RHI:   Driver Version: Unknown (internal:Unknown, unified:Unknown)
[2017.11.20-14.09.33:779][  0]LogD3D11RHI:      Driver Date: Unknown
[2017.11.20-14.09.33:779][  0]LogRHI: Texture pool is 1361 MB (70% of 1945 MB)
[2017.11.20-14.09.33:802][  0]LogD3D11RHI: Async texture creation enabled
[2017.11.20-14.09.33:823][  0]LogD3D11RHI: GPU Timing Frequency: 1000.000000 (Debug: 2 1)
[2017.11.20-14.09.33:824][  0]LogShaderCompilers: Guid format shader working directory is -43 characters bigger than the processId version (../../../../../../Users/Leszek/Documents/Unreal Projects/Reveal_Stairway/Reaveal_Stairway/Intermediate/Shaders/WorkingDirectory/24016/).
[2017.11.20-14.09.33:824][  0]LogShaderCompilers: Cleaned the shader compiler working directory 'C:/Users/Leszek/AppData/Local/Temp/UnrealShaderWorkingDir/B0264CA241E8F17C9D011494780D01A4/'.
[2017.11.20-14.09.33:824][  0]LogShaderCompilers: Display: Using Local Shader Compiler.
[2017.11.20-14.09.34:807][  0]LogTemp: Display: Loaded TP AllDesktopTargetPlatform
[2017.11.20-14.09.34:874][  0]LogTemp: Display: Loaded TP MacClientTargetPlatform
[2017.11.20-14.09.34:945][  0]LogTemp: Display: Loaded TP MacNoEditorTargetPlatform
[2017.11.20-14.09.35:014][  0]LogTemp: Display: Loaded TP MacServerTargetPlatform
[2017.11.20-14.09.35:084][  0]LogTemp: Display: Loaded TP MacTargetPlatform
[2017.11.20-14.09.35:154][  0]LogTemp: Display: Loaded TP WindowsClientTargetPlatform
[2017.11.20-14.09.35:223][  0]LogTemp: Display: Loaded TP WindowsNoEditorTargetPlatform
[2017.11.20-14.09.35:292][  0]LogTemp: Display: Loaded TP WindowsServerTargetPlatform
[2017.11.20-14.09.35:355][  0]LogTemp: Display: Loaded TP WindowsTargetPlatform
[2017.11.20-14.09.35:485][  0]LogTemp: Display: Loaded TP AndroidTargetPlatform
[2017.11.20-14.09.35:553][  0]LogTemp: Display: Loaded TP Android_ASTCTargetPlatform
[2017.11.20-14.09.35:622][  0]LogTemp: Display: Loaded TP Android_ATCTargetPlatform
[2017.11.20-14.09.35:692][  0]LogTemp: Display: Loaded TP Android_DXTTargetPlatform
[2017.11.20-14.09.35:760][  0]LogTemp: Display: Loaded TP Android_ETC1TargetPlatform
[2017.11.20-14.09.35:830][  0]LogTemp: Display: Loaded TP Android_ETC2TargetPlatform
[2017.11.20-14.09.35:995][  0]LogTemp: Display: Loaded TP Android_MultiTargetPlatform
[2017.11.20-14.09.35:995][  0]LogTemp: Display: Loaded TP Android_PVRTCTargetPlatform
[2017.11.20-14.09.36:053][  0]LogTemp: Display: Loaded TP HTML5TargetPlatform
[2017.11.20-14.09.36:179][  0]LogTemp: Display: Loaded TP IOSTargetPlatform
[2017.11.20-14.09.36:220][  0]LogTemp: Display: Loaded TP TVOSTargetPlatform
[2017.11.20-14.09.36:285][  0]LogTemp: Display: Loaded TP LinuxClientTargetPlatform
[2017.11.20-14.09.36:367][  0]LogTemp: Display: Loaded TP LinuxNoEditorTargetPlatform
[2017.11.20-14.09.36:435][  0]LogTemp: Display: Loaded TP LinuxServerTargetPlatform
[2017.11.20-14.09.36:507][  0]LogTemp: Display: Loaded TP LinuxTargetPlatform
[2017.11.20-14.09.36:508][  0]LogTargetPlatformManager: Display: Building Assets For Windows
[2017.11.20-14.09.37:269][  0]LogDerivedDataCache: Display: Max Cache Size: 512 MB
[2017.11.20-14.09.37:348][  0]LogDerivedDataCache: Loaded boot cache 0.08s 93MB C:/Users/Leszek/AppData/Local/UnrealEngine/4.17/DerivedDataCache/Boot.ddc.
[2017.11.20-14.09.37:348][  0]LogDerivedDataCache: Display: Loaded Boot cache: C:/Users/Leszek/AppData/Local/UnrealEngine/4.17/DerivedDataCache/Boot.ddc
[2017.11.20-14.09.37:348][  0]LogDerivedDataCache: FDerivedDataBackendGraph:  Pak pak cache file ../../../../../../Users/Leszek/Documents/Unreal Projects/Reveal_Stairway/Reaveal_Stairway/DerivedDataCache/DDC.ddp not found, will not use a pak cache.
[2017.11.20-14.09.37:348][  0]LogDerivedDataCache: Unable to find inner node Pak for hierarchical cache Hierarchy.
[2017.11.20-14.09.37:348][  0]LogDerivedDataCache: FDerivedDataBackendGraph:  CompressedPak pak cache file ../../../../../../Users/Leszek/Documents/Unreal Projects/Reveal_Stairway/Reaveal_Stairway/DerivedDataCache/Compressed.ddp not found, will not use a pak cache.
[2017.11.20-14.09.37:348][  0]LogDerivedDataCache: Unable to find inner node CompressedPak for hierarchical cache Hierarchy.
[2017.11.20-14.09.37:362][  0]LogDerivedDataCache: Display: Pak cache opened for reading ../../../Engine/DerivedDataCache/Compressed.ddp.
[2017.11.20-14.09.37:374][  0]LogDerivedDataCache: Using Local data cache path C:/Users/Leszek/AppData/Local/UnrealEngine/Common/DerivedDataCache: Writable
[2017.11.20-14.09.37:384][  0]LogMaterial: Verifying Global Shaders for PCD3D_SM5
[2017.11.20-14.09.37:384][  0]LogSlate: Using Freetype 2.6.0
[2017.11.20-14.09.37:385][  0]LogSlate: SlateFontCache - WITH_FREETYPE: 1, WITH_HARFBUZZ: 1
[2017.11.20-14.09.37:385][  0]LogSlate: SlateFontCache - WITH_FREETYPE: 1, WITH_HARFBUZZ: 1
[2017.11.20-14.09.37:651][  0]LogAssetRegistry: FAssetRegistry took 0.0260 seconds to start up
[2017.11.20-14.09.37:791][  0]LogInit: Selected Device Profile: [Windows]
[2017.11.20-14.09.37:955][  0]LogContentStreaming: Texture pool size is 0.00 MB
[2017.11.20-14.09.38:379][  0]LogSimplygon: Simplygon DLL not present - disabling.
[2017.11.20-14.09.38:438][  0]LogMeshReduction: Using SimplygonSwarm for distributed automatic mesh merging
[2017.11.20-14.09.38:438][  0]LogMeshReduction: Using QuadricMeshReduction for automatic static mesh reduction
[2017.11.20-14.09.38:438][  0]LogMeshReduction: No automatic skeletal mesh reduction module available
[2017.11.20-14.09.38:438][  0]LogMeshReduction: No automatic mesh merging module available
[2017.11.20-14.09.38:438][  0]LogMeshMerging: No automatic mesh merging module available
[2017.11.20-14.09.38:886][  0]LogNetVersion: Reaveal_Stairway , NetCL: 3573198, EngineNetVer: 2, GameNetVer: 0 (Checksum: 489707589)
[2017.11.20-14.09.39:146][  0]LogPackageLocalizationCache: Processed 5 localized package path(s) for 2 prioritized culture(s) in 0.046487 seconds
[2017.11.20-14.09.39:151][  0]LogUObjectArray: 35825 objects as part of root set at end of initial load.
[2017.11.20-14.09.39:151][  0]LogUObjectAllocator: 7529112 out of 0 bytes used by permanent object pool.
[2017.11.20-14.09.39:151][  0]LogUObjectArray: CloseDisregardForGC: 0/0 objects in disregard for GC pool
[2017.11.20-14.09.39:243][  0]LogInit: WinSock: version 1.1 (2.2), MaxSocks=32767, MaxUdp=65467
[2017.11.20-14.09.42:537][  0]LogTcpMessaging: Initializing TcpMessaging bridge
[2017.11.20-14.09.42:586][  0]LogUdpMessaging: Initializing bridge on interface 0.0.0.0:0 to multicast group 230.0.0.1:6666.
[2017.11.20-14.09.43:690][  0]LogMaterial: Uniform references updated for custom material expression Custom.
[2017.11.20-14.09.44:254][  0]SourceControl: Source control is disabled
[2017.11.20-14.09.44:254][  0]SourceControl: Source control is disabled
[2017.11.20-14.09.44:319][  0]SourceControl: Source control is disabled
[2017.11.20-14.09.44:384][  0]SourceControl: Source control is disabled
[2017.11.20-14.09.45:282][  0]LogAndroidPermission: UAndroidPermissionCallbackProxy::GetInstance
[2017.11.20-14.09.45:623][  0]LogOcInput: OculusInput pre-init called
[2017.11.20-14.09.45:998][  0]LogEngine: Initializing Engine...
[2017.11.20-14.09.46:000][  0]LogHMD: Failed to initialize OpenVR with code 110
[2017.11.20-14.09.46:214][  0]LogStats: UGameplayTagsManager::ConstructGameplayTagTree: Construct from data asset -  0.000 s
[2017.11.20-14.09.46:214][  0]LogStats: UGameplayTagsManager::ConstructGameplayTagTree: GameplayTagTreeChangedEvent.Broadcast -  0.000 s
[2017.11.20-14.09.46:399][  0]LogAIModule: Creating AISystem for world Untitled
[2017.11.20-14.09.46:412][  0]LogInit: XAudio2 using 'Speakers / Headphones (Realtek Audio)' : 2 channels at 48 kHz using 32 bits per sample (channel mask 0x3)
[2017.11.20-14.09.46:429][  0]LogInit: FAudioDevice initialized.
[2017.11.20-14.09.46:491][  0]LogDerivedDataCache: Saved boot cache 0.06s 93MB C:/Users/Leszek/AppData/Local/UnrealEngine/4.17/DerivedDataCache/Boot.ddc.
[2017.11.20-14.09.46:506][  0]LogInit: Texture streaming: Enabled
[2017.11.20-14.09.46:677][  0]LogEngineSessionManager: EngineSessionManager initialized
[2017.11.20-14.09.47:026][  0]LogInit: Transaction tracking system initialized
[2017.11.20-14.09.47:531][  0]BlueprintLog: New page: Editor Load
[2017.11.20-14.09.48:896][  0]LocalizationService: Localization service is disabled
[2017.11.20-14.09.49:758][  0]LogLinker: Warning: Can't find file '/Game/ThirdPersonBP/ThirdPersonOverview'
[2017.11.20-14.09.49:758][  0]LogLinker: Warning: Can't find file '/Game/ThirdPersonBP/ThirdPersonOverview'
[2017.11.20-14.09.49:758][  0]LogUObjectGlobals: Warning: Failed to find object 'Class /Game/ThirdPersonBP/ThirdPersonOverview.ThirdPersonOverview_C'
[2017.11.20-14.09.50:005][  0]LogConsoleResponse: Display: 
[2017.11.20-14.09.50:210][  0]LogCook: Display: Max memory allowance for cook 16384mb min free memory 0mb
[2017.11.20-14.09.50:210][  0]LogCook: Display: Mobile HDR setting 1
[2017.11.20-14.09.50:210][  0]LogGameplayTags: Display: UGameplayTagsManager::DoneAddingNativeTags. DelegateIsBound: 0
[2017.11.20-14.09.50:965][  0]LogFileCache: Scanning file cache for directory 'C:/Users/Leszek/Documents/Unreal Projects/Reveal_Stairway/Reaveal_Stairway/Content/' took 0.01s
[2017.11.20-14.09.51:722][  0]SourceControl: Source control is disabled
[2017.11.20-14.09.51:722][  0]Cmd: MAP LOAD FILE="../../../../../../Users/Leszek/Documents/Unreal Projects/Reveal_Stairway/Reaveal_Stairway/Content/Stairway_map/Reveal_Stairway.umap" TEMPLATE=0 SHOWPROGRESS=1 FEATURELEVEL=3
[2017.11.20-14.09.51:723][  0]LightingResults: New page: Lighting Build
[2017.11.20-14.09.51:781][  0]MapCheck: New page: Map Check
[2017.11.20-14.09.51:781][  0]LightingResults: New page: Lighting Build
[2017.11.20-14.09.52:039][  0]LogAIModule: Creating AISystem for world Reveal_Stairway
[2017.11.20-14.09.52:053][  0]LogEditorServer: Finished looking for orphan Actors (0.000 secs)
[2017.11.20-14.09.52:064][  0]Cmd: MAP CHECKDEP NOCLEARLOG
[2017.11.20-14.09.52:123][  0]MapCheck: Map check complete: 0 Error(s), 0 Warning(s), took 58.919ms to complete.
[2017.11.20-14.09.52:123][  0]LogFileHelpers: Loading map 'Reveal_Stairway' took 0.402
[2017.11.20-14.09.52:233][  0]LogWindowsTextInputMethodSystem: Display: IME system now deactivated.
[2017.11.20-14.09.52:233][  0]LogWindowsTextInputMethodSystem: Display: IME system now deactivated.
[2017.11.20-14.09.52:371][  0]LogCollectionManager: Loaded 0 collections in 0.002795 seconds
[2017.11.20-14.09.52:498][  0]LogFileCache: Scanning file cache for directory 'C:/Users/Leszek/Documents/Unreal Projects/Reveal_Stairway/Reaveal_Stairway/Saved/Collections/' took 0.01s
[2017.11.20-14.09.52:498][  0]LogFileCache: Scanning file cache for directory 'C:/Users/Leszek/Documents/Unreal Projects/Reveal_Stairway/Reaveal_Stairway/Content/Developers/Leszek/Collections/' took 0.01s
[2017.11.20-14.09.52:498][  0]LogFileCache: Scanning file cache for directory 'C:/Users/Leszek/Documents/Unreal Projects/Reveal_Stairway/Reaveal_Stairway/Content/Collections/' took 0.01s
[2017.11.20-14.09.52:499][  0]LogCollectionManager: Rebuilt the GUID cache for 0 collections in 0.000000 seconds
[2017.11.20-14.09.52:509][  0]LogContentBrowser: Native class hierarchy populated in 0.0099 seconds. Added 2386 classes and 500 folders.
[2017.11.20-14.09.52:636][  0]LogContentBrowser: Native class hierarchy updated for 'WidgetCarousel' in 0.0011 seconds. Added 0 classes and 0 folders.
[2017.11.20-14.09.52:681][  0]LogContentBrowser: Native class hierarchy updated for 'AddContentDialog' in 0.0006 seconds. Added 0 classes and 0 folders.
[2017.11.20-14.09.52:742][  0]LogContentBrowser: Native class hierarchy updated for 'SceneOutliner' in 0.0006 seconds. Added 1 classes and 2 folders.
[2017.11.20-14.09.52:762][  0]LogSlate: Took 0.000186 seconds to synchronously load lazily loaded font '../../../Engine/Content/Slate/Fonts/Roboto-Regular.ttf' (155K)
[2017.11.20-14.09.52:765][  0]LogSlate: Took 0.000206 seconds to synchronously load lazily loaded font '../../../Engine/Content/Slate/Fonts/Roboto-Bold.ttf' (160K)
[2017.11.20-14.09.52:774][  0]LogSlate: Took 0.000994 seconds to synchronously load lazily loaded font '../../../Engine/Content/Editor/Slate/Fonts/FontAwesome.ttf' (139K)
[2017.11.20-14.09.52:885][  0]LogRenderer: Reallocating scene render targets to support 964x620 Format 10 NumSamples 1 (Frame:1).
[2017.11.20-14.09.53:113][  0]LogContentBrowser: Native class hierarchy updated for 'HierarchicalLODOutliner' in 0.0006 seconds. Added 1 classes and 2 folders.
[2017.11.20-14.09.53:113][  0]LogLoad: (Engine Initialization) Total time: 22.38 seconds
[2017.11.20-14.09.53:113][  0]LogLoad: (Engine Initialization) Total Blueprint compile time: 0.00 seconds
[2017.11.20-14.09.53:113][  0]LogExternalProfiler: No external profilers were discovered.  External profiling features will not be available.
[2017.11.20-14.09.53:142][  0]LogContentStreaming: Texture pool size now 1000 MB
[2017.11.20-14.09.53:158][  0]LogSlate: Took 0.000197 seconds to synchronously load lazily loaded font '../../../Engine/Content/Slate/Fonts/Roboto-Light.ttf' (159K)
[2017.11.20-14.09.53:188][  1]LogAssetRegistry: Asset discovery search completed in 15.5584 seconds
[2017.11.20-14.09.53:191][  1]LogCollectionManager: Rebuilt the object cache for 0 collections in 0.000000 seconds (found 0 objects)
[2017.11.20-14.09.53:191][  1]LogCollectionManager: Fixed up redirectors for 0 collections in 0.000076 seconds (updated 0 objects)
[2017.11.20-14.09.54:146][ 99]LogSlate: Took 0.000206 seconds to synchronously load lazily loaded font '../../../Engine/Content/Slate/Fonts/Roboto-Light.ttf' (159K)
[2017.11.20-14.09.56:445][355]LogTemp: Repeating last play command: Selected Viewport
[2017.11.20-14.09.56:480][355]LogBlueprintUserMessages: Early PlayInEditor Detection: Level '/Game/Stairway_map/Reveal_Stairway.Reveal_Stairway:PersistentLevel' has LevelScriptBlueprint '/Game/Stairway_map/Reveal_Stairway.Reveal_Stairway:PersistentLevel.Reveal_Stairway' with GeneratedClass '/Game/Stairway_map/Reveal_Stairway.Reveal_Stairway_C' with ClassGeneratedBy '/Game/Stairway_map/Reveal_Stairway.Reveal_Stairway:PersistentLevel.Reveal_Stairway'
[2017.11.20-14.09.56:480][355]LogPlayLevel: PlayLevel: No blueprints needed recompiling
[2017.11.20-14.09.56:480][355]PIE: New page: PIE session: Reveal_Stairway (20 Nov 2017 14:09:56)
[2017.11.20-14.09.56:480][355]LogPlayLevel: Creating play world package: /Game/Stairway_map/UEDPIE_0_Reveal_Stairway
[2017.11.20-14.09.56:484][355]LogPlayLevel: PIE: StaticDuplicateObject took: (0.003981s)
[2017.11.20-14.09.56:485][355]LogAIModule: Creating AISystem for world Reveal_Stairway
[2017.11.20-14.09.56:485][355]LogPlayLevel: PIE: World Init took: (0.000812s)
[2017.11.20-14.09.56:485][355]LogPlayLevel: PIE: Created PIE world by copying editor world from /Game/Stairway_map/Reveal_Stairway.Reveal_Stairway to /Game/Stairway_map/UEDPIE_0_Reveal_Stairway.Reveal_Stairway (0.005071s)
[2017.11.20-14.09.56:495][355]LogInit: XAudio2 using 'Speakers / Headphones (Realtek Audio)' : 2 channels at 48 kHz using 32 bits per sample (channel mask 0x3)
[2017.11.20-14.09.56:510][355]LogInit: FAudioDevice initialized.
[2017.11.20-14.09.56:817][355]LogLoad: Game class is 'FirstPersonGameMode_C'
[2017.11.20-14.09.56:820][355]LogWorld: Bringing World /Game/Stairway_map/UEDPIE_0_Reveal_Stairway.Reveal_Stairway up for play (max tick rate 0) at 2017.11.20-14.09.56
[2017.11.20-14.09.56:821][355]LogWorld: Bringing up level for play took: 0.001933
[2017.11.20-14.09.56:880][355]LogContentBrowser: Native class hierarchy updated for 'MovieSceneCapture' in 0.0008 seconds. Added 11 classes and 0 folders.
[2017.11.20-14.09.56:884][355]PIE: Play in editor start time for /Game/Stairway_map/UEDPIE_0_Reveal_Stairway 0.253
[2017.11.20-14.09.56:884][355]LogBlueprintUserMessages: Late PlayInEditor Detection: Level '/Game/Stairway_map/Reveal_Stairway.Reveal_Stairway:PersistentLevel' has LevelScriptBlueprint '/Game/Stairway_map/Reveal_Stairway.Reveal_Stairway:PersistentLevel.Reveal_Stairway' with GeneratedClass '/Game/Stairway_map/Reveal_Stairway.Reveal_Stairway_C' with ClassGeneratedBy '/Game/Stairway_map/Reveal_Stairway.Reveal_Stairway:PersistentLevel.Reveal_Stairway'
[2017.11.20-14.10.19:155][ 15]LogBlueprintUserMessages: Early EndPlayMap Detection: Level '/Game/Stairway_map/Reveal_Stairway.Reveal_Stairway:PersistentLevel' has LevelScriptBlueprint '/Game/Stairway_map/Reveal_Stairway.Reveal_Stairway:PersistentLevel.Reveal_Stairway' with GeneratedClass '/Game/Stairway_map/Reveal_Stairway.Reveal_Stairway_C' with ClassGeneratedBy '/Game/Stairway_map/Reveal_Stairway.Reveal_Stairway:PersistentLevel.Reveal_Stairway'
[2017.11.20-14.10.19:192][ 15]LogBlueprintUserMessages: Late EndPlayMap Detection: Level '/Game/Stairway_map/Reveal_Stairway.Reveal_Stairway:PersistentLevel' has LevelScriptBlueprint '/Game/Stairway_map/Reveal_Stairway.Reveal_Stairway:PersistentLevel.Reveal_Stairway' with GeneratedClass '/Game/Stairway_map/Reveal_Stairway.Reveal_Stairway_C' with ClassGeneratedBy '/Game/Stairway_map/Reveal_Stairway.Reveal_Stairway:PersistentLevel.Reveal_Stairway'
[2017.11.20-14.10.23:766][549]LogEditorViewport: Clicking on Actor (LMB): StaticMeshActor (Wall)
[2017.11.20-14.10.58:464][619]LogEditorViewport: Clicking on Actor (LMB): StaticMeshActor (Floor)
[2017.11.20-14.10.59:478][734]Cmd: EDIT COPY
[2017.11.20-14.10.59:707][761]Cmd: EDIT PASTE
[2017.11.20-14.11.37:761][211]LogEditorViewport: Clicking on Actor (LMB): StaticMeshActor (Wall)
[2017.11.20-14.11.39:213][379]Cmd: DELETE
[2017.11.20-14.11.39:213][379]Cmd: ACTOR DELETE
[2017.11.20-14.11.39:213][379]LogEditorActor: Deleted Actor: StaticMeshActor
[2017.11.20-14.11.39:223][379]LogEditorActor: Deleted 1 Actors (0.010 secs)
[2017.11.20-14.11.43:122][841]LogTemp: Repeating last play command: Selected Viewport
[2017.11.20-14.11.43:134][841]LogBlueprintUserMessages: Early PlayInEditor Detection: Level '/Game/Stairway_map/Reveal_Stairway.Reveal_Stairway:PersistentLevel' has LevelScriptBlueprint '/Game/Stairway_map/Reveal_Stairway.Reveal_Stairway:PersistentLevel.Reveal_Stairway' with GeneratedClass '/Game/Stairway_map/Reveal_Stairway.Reveal_Stairway_C' with ClassGeneratedBy '/Game/Stairway_map/Reveal_Stairway.Reveal_Stairway:PersistentLevel.Reveal_Stairway'
[2017.11.20-14.11.43:134][841]LogPlayLevel: PlayLevel: No blueprints needed recompiling
[2017.11.20-14.11.43:134][841]PIE: New page: PIE session: Reveal_Stairway (20 Nov 2017 14:11:43)
[2017.11.20-14.11.43:134][841]LogPlayLevel: Creating play world package: /Game/Stairway_map/UEDPIE_0_Reveal_Stairway
[2017.11.20-14.11.43:138][841]LogPlayLevel: PIE: StaticDuplicateObject took: (0.004224s)
[2017.11.20-14.11.43:139][841]LogAIModule: Creating AISystem for world Reveal_Stairway
[2017.11.20-14.11.43:139][841]LogPlayLevel: PIE: World Init took: (0.000957s)
[2017.11.20-14.11.43:139][841]LogPlayLevel: PIE: Created PIE world by copying editor world from /Game/Stairway_map/Reveal_Stairway.Reveal_Stairway to /Game/Stairway_map/UEDPIE_0_Reveal_Stairway.Reveal_Stairway (0.005502s)
[2017.11.20-14.11.43:151][841]LogInit: XAudio2 using 'Speakers / Headphones (Realtek Audio)' : 2 channels at 48 kHz using 32 bits per sample (channel mask 0x3)
[2017.11.20-14.11.43:163][841]LogInit: FAudioDevice initialized.
[2017.11.20-14.11.43:196][841]LogLoad: Game class is 'FirstPersonGameMode_C'
[2017.11.20-14.11.43:198][841]LogWorld: Bringing World /Game/Stairway_map/UEDPIE_0_Reveal_Stairway.Reveal_Stairway up for play (max tick rate 0) at 2017.11.20-14.11.43
[2017.11.20-14.11.43:199][841]LogWorld: Bringing up level for play took: 0.001939
[2017.11.20-14.11.43:201][841]PIE: Play in editor start time for /Game/Stairway_map/UEDPIE_0_Reveal_Stairway 0.57
[2017.11.20-14.11.43:201][841]LogBlueprintUserMessages: Late PlayInEditor Detection: Level '/Game/Stairway_map/Reveal_Stairway.Reveal_Stairway:PersistentLevel' has LevelScriptBlueprint '/Game/Stairway_map/Reveal_Stairway.Reveal_Stairway:PersistentLevel.Reveal_Stairway' with GeneratedClass '/Game/Stairway_map/Reveal_Stairway.Reveal_Stairway_C' with ClassGeneratedBy '/Game/Stairway_map/Reveal_Stairway.Reveal_Stairway:PersistentLevel.Reveal_Stairway'
[2017.11.20-14.11.48:004][416]LogBlueprintUserMessages: Early EndPlayMap Detection: Level '/Game/Stairway_map/Reveal_Stairway.Reveal_Stairway:PersistentLevel' has LevelScriptBlueprint '/Game/Stairway_map/Reveal_Stairway.Reveal_Stairway:PersistentLevel.Reveal_Stairway' with GeneratedClass '/Game/Stairway_map/Reveal_Stairway.Reveal_Stairway_C' with ClassGeneratedBy '/Game/Stairway_map/Reveal_Stairway.Reveal_Stairway:PersistentLevel.Reveal_Stairway'
[2017.11.20-14.11.48:038][416]LogBlueprintUserMessages: Late EndPlayMap Detection: Level '/Game/Stairway_map/Reveal_Stairway.Reveal_Stairway:PersistentLevel' has LevelScriptBlueprint '/Game/Stairway_map/Reveal_Stairway.Reveal_Stairway:PersistentLevel.Reveal_Stairway' with GeneratedClass '/Game/Stairway_map/Reveal_Stairway.Reveal_Stairway_C' with ClassGeneratedBy '/Game/Stairway_map/Reveal_Stairway.Reveal_Stairway:PersistentLevel.Reveal_Stairway'
[2017.11.20-14.11.55:655][312]LogEditorViewport: Clicking on Actor (LMB): StaticMeshActor (Floor2)
[2017.11.20-14.13.48:206][297]LogActorFactory: Actor Factory created Plane
[2017.11.20-14.13.49:265][418]LogActorFactory: Actor Factory created Plane
[2017.11.20-14.13.55:845][180]Cmd: DELETE
[2017.11.20-14.13.55:846][180]Cmd: ACTOR DELETE
[2017.11.20-14.13.55:846][180]LogEditorActor: Deleted Actor: StaticMeshActor
[2017.11.20-14.13.55:856][180]LogEditorActor: Deleted 1 Actors (0.011 secs)
[2017.11.20-14.14.00:933][785]LogEditorViewport: Clicking on Actor (LMB): StaticMeshActor (Wall)
[2017.11.20-14.14.02:205][931]Cmd: EDIT COPY
[2017.11.20-14.14.02:474][963]Cmd: EDIT PASTE
[2017.11.20-14.15.04:077][193]LogSlate: Took 0.000228 seconds to synchronously load lazily loaded font '../../../Engine/Content/Slate/Fonts/Roboto-Light.ttf' (159K)
[2017.11.20-14.15.04:228][193]LogSavePackage: Save=110.58ms
[2017.11.20-14.15.04:228][193]LogSavePackage: Moving '../../../../../../Users/Leszek/Documents/Unreal Projects/Reveal_Stairway/Reaveal_Stairway/Saved/Reveal_Stairway0AE360804FE2BA87BD1D5D87114F293A.tmp' to '../../../../../../Users/Leszek/Documents/Unreal Projects/Reveal_Stairway/Reaveal_Stairway/Content/Stairway_map/Reveal_Stairway.umap'
[2017.11.20-14.15.04:233][193]LogSavePackage: Display: Finished SavePackage ../../../../../../Users/Leszek/Documents/Unreal Projects/Reveal_Stairway/Reaveal_Stairway/Content/Stairway_map/Reveal_Stairway.umap
[2017.11.20-14.15.04:289][193]LogSavePackage: Save=11.34ms
[2017.11.20-14.15.04:289][193]LogSavePackage: Moving '../../../../../../Users/Leszek/Documents/Unreal Projects/Reveal_Stairway/Reaveal_Stairway/Saved/Reveal_Stairway_BuiltData3518BF2C472DBBDF7C36C7BFB2786E19.tmp' to '../../../../../../Users/Leszek/Documents/Unreal Projects/Reveal_Stairway/Reaveal_Stairway/Content/Stairway_map/Reveal_Stairway_BuiltData.uasset'
[2017.11.20-14.15.04:292][193]LogSavePackage: Display: Finished SavePackage ../../../../../../Users/Leszek/Documents/Unreal Projects/Reveal_Stairway/Reaveal_Stairway/Content/Stairway_map/Reveal_Stairway_BuiltData.uasset
[2017.11.20-14.16.53:176][701]Cmd: EDIT COPY
[2017.11.20-14.16.53:370][724]Cmd: EDIT PASTE
[2017.11.20-14.17.18:971][717]LogTemp: Repeating last play command: Selected Viewport
[2017.11.20-14.17.18:985][717]LogBlueprintUserMessages: Early PlayInEditor Detection: Level '/Game/Stairway_map/Reveal_Stairway.Reveal_Stairway:PersistentLevel' has LevelScriptBlueprint '/Game/Stairway_map/Reveal_Stairway.Reveal_Stairway:PersistentLevel.Reveal_Stairway' with GeneratedClass '/Game/Stairway_map/Reveal_Stairway.Reveal_Stairway_C' with ClassGeneratedBy '/Game/Stairway_map/Reveal_Stairway.Reveal_Stairway:PersistentLevel.Reveal_Stairway'
[2017.11.20-14.17.18:985][717]LogPlayLevel: PlayLevel: No blueprints needed recompiling
[2017.11.20-14.17.18:985][717]PIE: New page: PIE session: Reveal_Stairway (20 Nov 2017 14:17:18)
[2017.11.20-14.17.18:985][717]LogPlayLevel: Creating play world package: /Game/Stairway_map/UEDPIE_0_Reveal_Stairway
[2017.11.20-14.17.18:991][717]LogPlayLevel: PIE: StaticDuplicateObject took: (0.005581s)
[2017.11.20-14.17.18:992][717]LogAIModule: Creating AISystem for world Reveal_Stairway
[2017.11.20-14.17.18:992][717]LogPlayLevel: PIE: World Init took: (0.000918s)
[2017.11.20-14.17.18:992][717]LogPlayLevel: PIE: Created PIE world by copying editor world from /Game/Stairway_map/Reveal_Stairway.Reveal_Stairway to /Game/Stairway_map/UEDPIE_0_Reveal_Stairway.Reveal_Stairway (0.006784s)
[2017.11.20-14.17.19:007][717]LogInit: XAudio2 using 'Speakers / Headphones (Realtek Audio)' : 2 channels at 48 kHz using 32 bits per sample (channel mask 0x3)
[2017.11.20-14.17.19:021][717]LogInit: FAudioDevice initialized.
[2017.11.20-14.17.19:055][717]LogLoad: Game class is 'FirstPersonGameMode_C'
[2017.11.20-14.17.19:058][717]LogWorld: Bringing World /Game/Stairway_map/UEDPIE_0_Reveal_Stairway.Reveal_Stairway up for play (max tick rate 0) at 2017.11.20-14.17.19
[2017.11.20-14.17.19:058][717]LogWorld: Bringing up level for play took: 0.002477
[2017.11.20-14.17.19:061][717]PIE: Play in editor start time for /Game/Stairway_map/UEDPIE_0_Reveal_Stairway 0.431
[2017.11.20-14.17.19:061][717]LogBlueprintUserMessages: Late PlayInEditor Detection: Level '/Game/Stairway_map/Reveal_Stairway.Reveal_Stairway:PersistentLevel' has LevelScriptBlueprint '/Game/Stairway_map/Reveal_Stairway.Reveal_Stairway:PersistentLevel.Reveal_Stairway' with GeneratedClass '/Game/Stairway_map/Reveal_Stairway.Reveal_Stairway_C' with ClassGeneratedBy '/Game/Stairway_map/Reveal_Stairway.Reveal_Stairway:PersistentLevel.Reveal_Stairway'
[2017.11.20-14.17.28:540][853]LogBlueprintUserMessages: Early EndPlayMap Detection: Level '/Game/Stairway_map/Reveal_Stairway.Reveal_Stairway:PersistentLevel' has LevelScriptBlueprint '/Game/Stairway_map/Reveal_Stairway.Reveal_Stairway:PersistentLevel.Reveal_Stairway' with GeneratedClass '/Game/Stairway_map/Reveal_Stairway.Reveal_Stairway_C' with ClassGeneratedBy '/Game/Stairway_map/Reveal_Stairway.Reveal_Stairway:PersistentLevel.Reveal_Stairway'
[2017.11.20-14.17.28:610][853]LogBlueprintUserMessages: Late EndPlayMap Detection: Level '/Game/Stairway_map/Reveal_Stairway.Reveal_Stairway:PersistentLevel' has LevelScriptBlueprint '/Game/Stairway_map/Reveal_Stairway.Reveal_Stairway:PersistentLevel.Reveal_Stairway' with GeneratedClass '/Game/Stairway_map/Reveal_Stairway.Reveal_Stairway_C' with ClassGeneratedBy '/Game/Stairway_map/Reveal_Stairway.Reveal_Stairway:PersistentLevel.Reveal_Stairway'
[2017.11.20-14.17.38:997][ 75]LogEditorViewport: Clicking on Actor (LMB): StaticMeshActor (Wall3)
[2017.11.20-14.17.40:486][249]Cmd: EDIT COPY
[2017.11.20-14.17.40:689][272]Cmd: EDIT PASTE
[2017.11.20-14.18.09:771][675]LogTemp: Repeating last play command: Selected Viewport
[2017.11.20-14.18.09:785][675]LogBlueprintUserMessages: Early PlayInEditor Detection: Level '/Game/Stairway_map/Reveal_Stairway.Reveal_Stairway:PersistentLevel' has LevelScriptBlueprint '/Game/Stairway_map/Reveal_Stairway.Reveal_Stairway:PersistentLevel.Reveal_Stairway' with GeneratedClass '/Game/Stairway_map/Reveal_Stairway.Reveal_Stairway_C' with ClassGeneratedBy '/Game/Stairway_map/Reveal_Stairway.Reveal_Stairway:PersistentLevel.Reveal_Stairway'
[2017.11.20-14.18.09:785][675]LogPlayLevel: PlayLevel: No blueprints needed recompiling
[2017.11.20-14.18.09:785][675]PIE: New page: PIE session: Reveal_Stairway (20 Nov 2017 14:18:09)
[2017.11.20-14.18.09:785][675]LogPlayLevel: Creating play world package: /Game/Stairway_map/UEDPIE_0_Reveal_Stairway
[2017.11.20-14.18.09:791][675]LogPlayLevel: PIE: StaticDuplicateObject took: (0.005304s)
[2017.11.20-14.18.09:791][675]LogAIModule: Creating AISystem for world Reveal_Stairway
[2017.11.20-14.18.09:792][675]LogPlayLevel: PIE: World Init took: (0.000786s)
[2017.11.20-14.18.09:792][675]LogPlayLevel: PIE: Created PIE world by copying editor world from /Game/Stairway_map/Reveal_Stairway.Reveal_Stairway to /Game/Stairway_map/UEDPIE_0_Reveal_Stairway.Reveal_Stairway (0.006363s)
[2017.11.20-14.18.09:806][675]LogInit: XAudio2 using 'Speakers / Headphones (Realtek Audio)' : 2 channels at 48 kHz using 32 bits per sample (channel mask 0x3)
[2017.11.20-14.18.09:819][675]LogInit: FAudioDevice initialized.
[2017.11.20-14.18.09:851][675]LogLoad: Game class is 'FirstPersonGameMode_C'
[2017.11.20-14.18.09:854][675]LogWorld: Bringing World /Game/Stairway_map/UEDPIE_0_Reveal_Stairway.Reveal_Stairway up for play (max tick rate 0) at 2017.11.20-14.18.09
[2017.11.20-14.18.09:854][675]LogWorld: Bringing up level for play took: 0.002427
[2017.11.20-14.18.09:857][675]PIE: Play in editor start time for /Game/Stairway_map/UEDPIE_0_Reveal_Stairway -0.773
[2017.11.20-14.18.09:857][675]LogBlueprintUserMessages: Late PlayInEditor Detection: Level '/Game/Stairway_map/Reveal_Stairway.Reveal_Stairway:PersistentLevel' has LevelScriptBlueprint '/Game/Stairway_map/Reveal_Stairway.Reveal_Stairway:PersistentLevel.Reveal_Stairway' with GeneratedClass '/Game/Stairway_map/Reveal_Stairway.Reveal_Stairway_C' with ClassGeneratedBy '/Game/Stairway_map/Reveal_Stairway.Reveal_Stairway:PersistentLevel.Reveal_Stairway'
[2017.11.20-14.18.17:260][562]LogBlueprintUserMessages: Early EndPlayMap Detection: Level '/Game/Stairway_map/Reveal_Stairway.Reveal_Stairway:PersistentLevel' has LevelScriptBlueprint '/Game/Stairway_map/Reveal_Stairway.Reveal_Stairway:PersistentLevel.Reveal_Stairway' with GeneratedClass '/Game/Stairway_map/Reveal_Stairway.Reveal_Stairway_C' with ClassGeneratedBy '/Game/Stairway_map/Reveal_Stairway.Reveal_Stairway:PersistentLevel.Reveal_Stairway'
[2017.11.20-14.18.17:309][562]LogBlueprintUserMessages: Late EndPlayMap Detection: Level '/Game/Stairway_map/Reveal_Stairway.Reveal_Stairway:PersistentLevel' has LevelScriptBlueprint '/Game/Stairway_map/Reveal_Stairway.Reveal_Stairway:PersistentLevel.Reveal_Stairway' with GeneratedClass '/Game/Stairway_map/Reveal_Stairway.Reveal_Stairway_C' with ClassGeneratedBy '/Game/Stairway_map/Reveal_Stairway.Reveal_Stairway:PersistentLevel.Reveal_Stairway'
[2017.11.20-14.18.22:698][193]LogEditorViewport: Clicking on Actor (LMB): StaticMeshActor (Wall4)
[2017.11.20-14.18.36:522][830]LogEditorViewport: Clicking on Actor (LMB): StaticMeshActor (Wall3)
[2017.11.20-14.18.42:798][554]LogEditorViewport: Clicking on Actor (LMB): BP_Sky_Sphere_C (Sky Sphere)
[2017.11.20-14.18.43:283][607]LogEditorViewport: Clicking on Actor (LMB): StaticMeshActor (Wall4)
[2017.11.20-14.18.47:793][134]Cmd: DELETE
[2017.11.20-14.18.47:794][134]Cmd: ACTOR DELETE
[2017.11.20-14.18.47:794][134]LogEditorActor: Deleted Actor: StaticMeshActor
[2017.11.20-14.18.47:805][134]LogEditorActor: Deleted 1 Actors (0.012 secs)
[2017.11.20-14.18.48:966][273]LogEditorViewport: Clicking on Actor (LMB): StaticMeshActor (Wall3)
[2017.11.20-14.18.49:786][366]Cmd: EDIT COPY
[2017.11.20-14.18.49:958][386]Cmd: EDIT PASTE
[2017.11.20-14.19.15:978][386]LogTemp: Repeating last play command: Selected Viewport
[2017.11.20-14.19.15:993][386]LogBlueprintUserMessages: Early PlayInEditor Detection: Level '/Game/Stairway_map/Reveal_Stairway.Reveal_Stairway:PersistentLevel' has LevelScriptBlueprint '/Game/Stairway_map/Reveal_Stairway.Reveal_Stairway:PersistentLevel.Reveal_Stairway' with GeneratedClass '/Game/Stairway_map/Reveal_Stairway.Reveal_Stairway_C' with ClassGeneratedBy '/Game/Stairway_map/Reveal_Stairway.Reveal_Stairway:PersistentLevel.Reveal_Stairway'
[2017.11.20-14.19.15:993][386]LogPlayLevel: PlayLevel: No blueprints needed recompiling
[2017.11.20-14.19.15:993][386]PIE: New page: PIE session: Reveal_Stairway (20 Nov 2017 14:19:15)
[2017.11.20-14.19.15:993][386]LogPlayLevel: Creating play world package: /Game/Stairway_map/UEDPIE_0_Reveal_Stairway
[2017.11.20-14.19.15:999][386]LogPlayLevel: PIE: StaticDuplicateObject took: (0.005803s)
[2017.11.20-14.19.16:000][386]LogAIModule: Creating AISystem for world Reveal_Stairway
[2017.11.20-14.19.16:000][386]LogPlayLevel: PIE: World Init took: (0.000912s)
[2017.11.20-14.19.16:000][386]LogPlayLevel: PIE: Created PIE world by copying editor world from /Game/Stairway_map/Reveal_Stairway.Reveal_Stairway to /Game/Stairway_map/UEDPIE_0_Reveal_Stairway.Reveal_Stairway (0.007028s)
[2017.11.20-14.19.16:014][386]LogInit: XAudio2 using 'Speakers / Headphones (Realtek Audio)' : 2 channels at 48 kHz using 32 bits per sample (channel mask 0x3)
[2017.11.20-14.19.16:028][386]LogInit: FAudioDevice initialized.
[2017.11.20-14.19.16:059][386]LogLoad: Game class is 'FirstPersonGameMode_C'
[2017.11.20-14.19.16:061][386]LogWorld: Bringing World /Game/Stairway_map/UEDPIE_0_Reveal_Stairway.Reveal_Stairway up for play (max tick rate 0) at 2017.11.20-14.19.16
[2017.11.20-14.19.16:062][386]LogWorld: Bringing up level for play took: 0.002428
[2017.11.20-14.19.16:065][386]PIE: Play in editor start time for /Game/Stairway_map/UEDPIE_0_Reveal_Stairway -0.565
[2017.11.20-14.19.16:065][386]LogBlueprintUserMessages: Late PlayInEditor Detection: Level '/Game/Stairway_map/Reveal_Stairway.Reveal_Stairway:PersistentLevel' has LevelScriptBlueprint '/Game/Stairway_map/Reveal_Stairway.Reveal_Stairway:PersistentLevel.Reveal_Stairway' with GeneratedClass '/Game/Stairway_map/Reveal_Stairway.Reveal_Stairway_C' with ClassGeneratedBy '/Game/Stairway_map/Reveal_Stairway.Reveal_Stairway:PersistentLevel.Reveal_Stairway'
[2017.11.20-14.19.24:252][366]LogBlueprintUserMessages: Early EndPlayMap Detection: Level '/Game/Stairway_map/Reveal_Stairway.Reveal_Stairway:PersistentLevel' has LevelScriptBlueprint '/Game/Stairway_map/Reveal_Stairway.Reveal_Stairway:PersistentLevel.Reveal_Stairway' with GeneratedClass '/Game/Stairway_map/Reveal_Stairway.Reveal_Stairway_C' with ClassGeneratedBy '/Game/Stairway_map/Reveal_Stairway.Reveal_Stairway:PersistentLevel.Reveal_Stairway'
[2017.11.20-14.19.24:310][366]LogBlueprintUserMessages: Late EndPlayMap Detection: Level '/Game/Stairway_map/Reveal_Stairway.Reveal_Stairway:PersistentLevel' has LevelScriptBlueprint '/Game/Stairway_map/Reveal_Stairway.Reveal_Stairway:PersistentLevel.Reveal_Stairway' with GeneratedClass '/Game/Stairway_map/Reveal_Stairway.Reveal_Stairway_C' with ClassGeneratedBy '/Game/Stairway_map/Reveal_Stairway.Reveal_Stairway:PersistentLevel.Reveal_Stairway'
[2017.11.20-14.19.29:951][ 11]LogEditorViewport: Clicking on Actor (LMB): StaticMeshActor (Wall4)
[2017.11.20-14.20.02:816][239]LogStaticMesh: Building static mesh StaticMesh...
[2017.11.20-14.20.02:822][239]LogStaticMesh: Built static mesh [0.01s] /Game/Meshes/StaticMesh.StaticMesh
[2017.11.20-14.20.13:182][304]Cmd: TRANSACTION UNDO
[2017.11.20-14.20.13:182][304]LogEditorTransaction: Undo Clicking on Actors
[2017.11.20-14.21.45:664][287]LogStaticMesh: Building static mesh Door_Wall...
[2017.11.20-14.21.45:689][287]LogStaticMesh: Built static mesh [0.02s] /Game/Class_BluePrint/Door_Wall.Door_Wall
[2017.11.20-14.21.55:154][949]LogEditorActor: Deleted Actor: StaticMeshActor
[2017.11.20-14.21.55:154][949]LogEditorActor: Deleted Actor: StaticMeshActor
[2017.11.20-14.21.55:154][949]LogEditorActor: Deleted Actor: StaticMeshActor
[2017.11.20-14.21.55:162][949]LogEditorActor: Deleted 3 Actors (0.009 secs)
[2017.11.20-14.21.56:187][ 47]LogActorFactory: Actor Factory created Door_Wall
[2017.11.20-14.21.57:266][175]LogActorFactory: Actor Factory created Door_Wall
[2017.11.20-14.22.57:020][827]LogEditorViewport: Clicking on Actor (LMB): BP_Sky_Sphere_C (Sky Sphere)
[2017.11.20-14.22.58:857][983]LogTemp: Repeating last play command: Selected Viewport
[2017.11.20-14.22.58:877][983]LogBlueprintUserMessages: Early PlayInEditor Detection: Level '/Game/Stairway_map/Reveal_Stairway.Reveal_Stairway:PersistentLevel' has LevelScriptBlueprint '/Game/Stairway_map/Reveal_Stairway.Reveal_Stairway:PersistentLevel.Reveal_Stairway' with GeneratedClass '/Game/Stairway_map/Reveal_Stairway.Reveal_Stairway_C' with ClassGeneratedBy '/Game/Stairway_map/Reveal_Stairway.Reveal_Stairway:PersistentLevel.Reveal_Stairway'
[2017.11.20-14.22.58:878][983]LogPlayLevel: PlayLevel: No blueprints needed recompiling
[2017.11.20-14.22.58:878][983]PIE: New page: PIE session: Reveal_Stairway (20 Nov 2017 14:22:58)
[2017.11.20-14.22.58:878][983]LogPlayLevel: Creating play world package: /Game/Stairway_map/UEDPIE_0_Reveal_Stairway
[2017.11.20-14.22.58:887][983]LogPlayLevel: PIE: StaticDuplicateObject took: (0.008893s)
[2017.11.20-14.22.58:888][983]LogAIModule: Creating AISystem for world Reveal_Stairway
[2017.11.20-14.22.58:888][983]LogPlayLevel: PIE: World Init took: (0.001196s)
[2017.11.20-14.22.58:888][983]LogPlayLevel: PIE: Created PIE world by copying editor world from /Game/Stairway_map/Reveal_Stairway.Reveal_Stairway to /Game/Stairway_map/UEDPIE_0_Reveal_Stairway.Reveal_Stairway (0.010407s)
[2017.11.20-14.22.58:906][983]LogInit: XAudio2 using 'Speakers / Headphones (Realtek Audio)' : 2 channels at 48 kHz using 32 bits per sample (channel mask 0x3)
[2017.11.20-14.22.58:925][983]LogInit: FAudioDevice initialized.
[2017.11.20-14.22.58:958][983]LogLoad: Game class is 'FirstPersonGameMode_C'
[2017.11.20-14.22.58:962][983]LogWorld: Bringing World /Game/Stairway_map/UEDPIE_0_Reveal_Stairway.Reveal_Stairway up for play (max tick rate 0) at 2017.11.20-14.22.58
[2017.11.20-14.22.58:963][983]LogWorld: Bringing up level for play took: 0.003381
[2017.11.20-14.22.58:967][983]PIE: Play in editor start time for /Game/Stairway_map/UEDPIE_0_Reveal_Stairway 0.337
[2017.11.20-14.22.58:967][983]LogBlueprintUserMessages: Late PlayInEditor Detection: Level '/Game/Stairway_map/Reveal_Stairway.Reveal_Stairway:PersistentLevel' has LevelScriptBlueprint '/Game/Stairway_map/Reveal_Stairway.Reveal_Stairway:PersistentLevel.Reveal_Stairway' with GeneratedClass '/Game/Stairway_map/Reveal_Stairway.Reveal_Stairway_C' with ClassGeneratedBy '/Game/Stairway_map/Reveal_Stairway.Reveal_Stairway:PersistentLevel.Reveal_Stairway'
[2017.11.20-14.23.10:010][178]LogBlueprintUserMessages: Early EndPlayMap Detection: Level '/Game/Stairway_map/Reveal_Stairway.Reveal_Stairway:PersistentLevel' has LevelScriptBlueprint '/Game/Stairway_map/Reveal_Stairway.Reveal_Stairway:PersistentLevel.Reveal_Stairway' with GeneratedClass '/Game/Stairway_map/Reveal_Stairway.Reveal_Stairway_C' with ClassGeneratedBy '/Game/Stairway_map/Reveal_Stairway.Reveal_Stairway:PersistentLevel.Reveal_Stairway'
[2017.11.20-14.23.10:057][178]LogBlueprintUserMessages: Late EndPlayMap Detection: Level '/Game/Stairway_map/Reveal_Stairway.Reveal_Stairway:PersistentLevel' has LevelScriptBlueprint '/Game/Stairway_map/Reveal_Stairway.Reveal_Stairway:PersistentLevel.Reveal_Stairway' with GeneratedClass '/Game/Stairway_map/Reveal_Stairway.Reveal_Stairway_C' with ClassGeneratedBy '/Game/Stairway_map/Reveal_Stairway.Reveal_Stairway:PersistentLevel.Reveal_Stairway'
[2017.11.20-14.23.13:471][472]LogEditorViewport: Clicking on Actor (LMB): StaticMeshActor (Door_Wall)
[2017.11.20-14.23.26:664][537]LogTemp: Repeating last play command: Selected Viewport
[2017.11.20-14.23.26:683][537]LogBlueprintUserMessages: Early PlayInEditor Detection: Level '/Game/Stairway_map/Reveal_Stairway.Reveal_Stairway:PersistentLevel' has LevelScriptBlueprint '/Game/Stairway_map/Reveal_Stairway.Reveal_Stairway:PersistentLevel.Reveal_Stairway' with GeneratedClass '/Game/Stairway_map/Reveal_Stairway.Reveal_Stairway_C' with ClassGeneratedBy '/Game/Stairway_map/Reveal_Stairway.Reveal_Stairway:PersistentLevel.Reveal_Stairway'
[2017.11.20-14.23.26:683][537]LogPlayLevel: PlayLevel: No blueprints needed recompiling
[2017.11.20-14.23.26:684][537]PIE: New page: PIE session: Reveal_Stairway (20 Nov 2017 14:23:26)
[2017.11.20-14.23.26:684][537]LogPlayLevel: Creating play world package: /Game/Stairway_map/UEDPIE_0_Reveal_Stairway
[2017.11.20-14.23.26:691][537]LogPlayLevel: PIE: StaticDuplicateObject took: (0.007715s)
[2017.11.20-14.23.26:692][537]LogAIModule: Creating AISystem for world Reveal_Stairway
[2017.11.20-14.23.26:692][537]LogPlayLevel: PIE: World Init took: (0.000983s)
[2017.11.20-14.23.26:693][537]LogPlayLevel: PIE: Created PIE world by copying editor world from /Game/Stairway_map/Reveal_Stairway.Reveal_Stairway to /Game/Stairway_map/UEDPIE_0_Reveal_Stairway.Reveal_Stairway (0.009056s)
[2017.11.20-14.23.26:708][537]LogInit: XAudio2 using 'Speakers / Headphones (Realtek Audio)' : 2 channels at 48 kHz using 32 bits per sample (channel mask 0x3)
[2017.11.20-14.23.26:727][537]LogInit: FAudioDevice initialized.
[2017.11.20-14.23.26:763][537]LogLoad: Game class is 'FirstPersonGameMode_C'
[2017.11.20-14.23.26:766][537]LogWorld: Bringing World /Game/Stairway_map/UEDPIE_0_Reveal_Stairway.Reveal_Stairway up for play (max tick rate 60) at 2017.11.20-14.23.26
[2017.11.20-14.23.26:767][537]LogWorld: Bringing up level for play took: 0.003083
[2017.11.20-14.23.26:771][537]PIE: Play in editor start time for /Game/Stairway_map/UEDPIE_0_Reveal_Stairway 0.141
[2017.11.20-14.23.26:771][537]LogBlueprintUserMessages: Late PlayInEditor Detection: Level '/Game/Stairway_map/Reveal_Stairway.Reveal_Stairway:PersistentLevel' has LevelScriptBlueprint '/Game/Stairway_map/Reveal_Stairway.Reveal_Stairway:PersistentLevel.Reveal_Stairway' with GeneratedClass '/Game/Stairway_map/Reveal_Stairway.Reveal_Stairway_C' with ClassGeneratedBy '/Game/Stairway_map/Reveal_Stairway.Reveal_Stairway:PersistentLevel.Reveal_Stairway'
[2017.11.20-14.23.34:529][  2]LogBlueprintUserMessages: Early EndPlayMap Detection: Level '/Game/Stairway_map/Reveal_Stairway.Reveal_Stairway:PersistentLevel' has LevelScriptBlueprint '/Game/Stairway_map/Reveal_Stairway.Reveal_Stairway:PersistentLevel.Reveal_Stairway' with GeneratedClass '/Game/Stairway_map/Reveal_Stairway.Reveal_Stairway_C' with ClassGeneratedBy '/Game/Stairway_map/Reveal_Stairway.Reveal_Stairway:PersistentLevel.Reveal_Stairway'
[2017.11.20-14.23.34:610][  2]LogBlueprintUserMessages: Late EndPlayMap Detection: Level '/Game/Stairway_map/Reveal_Stairway.Reveal_Stairway:PersistentLevel' has LevelScriptBlueprint '/Game/Stairway_map/Reveal_Stairway.Reveal_Stairway:PersistentLevel.Reveal_Stairway' with GeneratedClass '/Game/Stairway_map/Reveal_Stairway.Reveal_Stairway_C' with ClassGeneratedBy '/Game/Stairway_map/Reveal_Stairway.Reveal_Stairway:PersistentLevel.Reveal_Stairway'
[2017.11.20-14.23.38:187][214]LogEditorViewport: Clicking on Actor (LMB): StaticMeshActor (Door_Wall)
[2017.11.20-14.23.42:464][467]Cmd: TRANSACTION UNDO
[2017.11.20-14.23.42:465][467]LogEditorTransaction: Undo Scale Actors
[2017.11.20-14.23.50:871][969]LogTemp: Repeating last play command: Selected Viewport
[2017.11.20-14.23.50:885][969]LogBlueprintUserMessages: Early PlayInEditor Detection: Level '/Game/Stairway_map/Reveal_Stairway.Reveal_Stairway:PersistentLevel' has LevelScriptBlueprint '/Game/Stairway_map/Reveal_Stairway.Reveal_Stairway:PersistentLevel.Reveal_Stairway' with GeneratedClass '/Game/Stairway_map/Reveal_Stairway.Reveal_Stairway_C' with ClassGeneratedBy '/Game/Stairway_map/Reveal_Stairway.Reveal_Stairway:PersistentLevel.Reveal_Stairway'
[2017.11.20-14.23.50:885][969]LogPlayLevel: PlayLevel: No blueprints needed recompiling
[2017.11.20-14.23.50:885][969]PIE: New page: PIE session: Reveal_Stairway (20 Nov 2017 14:23:50)
[2017.11.20-14.23.50:885][969]LogPlayLevel: Creating play world package: /Game/Stairway_map/UEDPIE_0_Reveal_Stairway
[2017.11.20-14.23.50:889][969]LogPlayLevel: PIE: StaticDuplicateObject took: (0.004073s)
[2017.11.20-14.23.50:890][969]LogAIModule: Creating AISystem for world Reveal_Stairway
[2017.11.20-14.23.50:890][969]LogPlayLevel: PIE: World Init took: (0.000972s)
[2017.11.20-14.23.50:890][969]LogPlayLevel: PIE: Created PIE world by copying editor world from /Game/Stairway_map/Reveal_Stairway.Reveal_Stairway to /Game/Stairway_map/UEDPIE_0_Reveal_Stairway.Reveal_Stairway (0.005355s)
[2017.11.20-14.23.50:902][969]LogInit: XAudio2 using 'Speakers / Headphones (Realtek Audio)' : 2 channels at 48 kHz using 32 bits per sample (channel mask 0x3)
[2017.11.20-14.23.50:915][969]LogInit: FAudioDevice initialized.
[2017.11.20-14.23.50:943][969]LogLoad: Game class is 'FirstPersonGameMode_C'
[2017.11.20-14.23.50:946][969]LogWorld: Bringing World /Game/Stairway_map/UEDPIE_0_Reveal_Stairway.Reveal_Stairway up for play (max tick rate 60) at 2017.11.20-14.23.50
[2017.11.20-14.23.50:947][969]LogWorld: Bringing up level for play took: 0.002079
[2017.11.20-14.23.50:949][969]PIE: Play in editor start time for /Game/Stairway_map/UEDPIE_0_Reveal_Stairway 0.318
[2017.11.20-14.23.50:949][969]LogBlueprintUserMessages: Late PlayInEditor Detection: Level '/Game/Stairway_map/Reveal_Stairway.Reveal_Stairway:PersistentLevel' has LevelScriptBlueprint '/Game/Stairway_map/Reveal_Stairway.Reveal_Stairway:PersistentLevel.Reveal_Stairway' with GeneratedClass '/Game/Stairway_map/Reveal_Stairway.Reveal_Stairway_C' with ClassGeneratedBy '/Game/Stairway_map/Reveal_Stairway.Reveal_Stairway:PersistentLevel.Reveal_Stairway'
[2017.11.20-14.24.01:133][580]LogBlueprintUserMessages: Early EndPlayMap Detection: Level '/Game/Stairway_map/Reveal_Stairway.Reveal_Stairway:PersistentLevel' has LevelScriptBlueprint '/Game/Stairway_map/Reveal_Stairway.Reveal_Stairway:PersistentLevel.Reveal_Stairway' with GeneratedClass '/Game/Stairway_map/Reveal_Stairway.Reveal_Stairway_C' with ClassGeneratedBy '/Game/Stairway_map/Reveal_Stairway.Reveal_Stairway:PersistentLevel.Reveal_Stairway'
[2017.11.20-14.24.01:184][580]LogBlueprintUserMessages: Late EndPlayMap Detection: Level '/Game/Stairway_map/Reveal_Stairway.Reveal_Stairway:PersistentLevel' has LevelScriptBlueprint '/Game/Stairway_map/Reveal_Stairway.Reveal_Stairway:PersistentLevel.Reveal_Stairway' with GeneratedClass '/Game/Stairway_map/Reveal_Stairway.Reveal_Stairway_C' with ClassGeneratedBy '/Game/Stairway_map/Reveal_Stairway.Reveal_Stairway:PersistentLevel.Reveal_Stairway'
[2017.11.20-14.24.03:799][733]Cmd: TRANSACTION UNDO
[2017.11.20-14.24.03:799][733]LogEditorTransaction: Undo Move Actors
[2017.11.20-14.24.04:536][776]Cmd: TRANSACTION UNDO
[2017.11.20-14.24.04:536][776]LogEditorTransaction: Undo Scale Actors
[2017.11.20-14.24.09:270][ 58]LogEditorViewport: Clicking on Actor (LMB): StaticMeshActor (Floor2)
[2017.11.20-14.24.17:230][530]LogEditorViewport: Clicking on Actor (LMB): StaticMeshActor (Door_Wall)
[2017.11.20-14.24.36:275][658]LogTemp: Repeating last play command: Selected Viewport
[2017.11.20-14.24.36:288][658]LogBlueprintUserMessages: Early PlayInEditor Detection: Level '/Game/Stairway_map/Reveal_Stairway.Reveal_Stairway:PersistentLevel' has LevelScriptBlueprint '/Game/Stairway_map/Reveal_Stairway.Reveal_Stairway:PersistentLevel.Reveal_Stairway' with GeneratedClass '/Game/Stairway_map/Reveal_Stairway.Reveal_Stairway_C' with ClassGeneratedBy '/Game/Stairway_map/Reveal_Stairway.Reveal_Stairway:PersistentLevel.Reveal_Stairway'
[2017.11.20-14.24.36:288][658]LogPlayLevel: PlayLevel: No blueprints needed recompiling
[2017.11.20-14.24.36:288][658]PIE: New page: PIE session: Reveal_Stairway (20 Nov 2017 14:24:36)
[2017.11.20-14.24.36:288][658]LogPlayLevel: Creating play world package: /Game/Stairway_map/UEDPIE_0_Reveal_Stairway
[2017.11.20-14.24.36:293][658]LogPlayLevel: PIE: StaticDuplicateObject took: (0.004196s)
[2017.11.20-14.24.36:294][658]LogAIModule: Creating AISystem for world Reveal_Stairway
[2017.11.20-14.24.36:294][658]LogPlayLevel: PIE: World Init took: (0.000992s)
[2017.11.20-14.24.36:294][658]LogPlayLevel: PIE: Created PIE world by copying editor world from /Game/Stairway_map/Reveal_Stairway.Reveal_Stairway to /Game/Stairway_map/UEDPIE_0_Reveal_Stairway.Reveal_Stairway (0.005455s)
[2017.11.20-14.24.36:306][658]LogInit: XAudio2 using 'Speakers / Headphones (Realtek Audio)' : 2 channels at 48 kHz using 32 bits per sample (channel mask 0x3)
[2017.11.20-14.24.36:318][658]LogInit: FAudioDevice initialized.
[2017.11.20-14.24.36:351][658]LogLoad: Game class is 'FirstPersonGameMode_C'
[2017.11.20-14.24.36:353][658]LogWorld: Bringing World /Game/Stairway_map/UEDPIE_0_Reveal_Stairway.Reveal_Stairway up for play (max tick rate 60) at 2017.11.20-14.24.36
[2017.11.20-14.24.36:354][658]LogWorld: Bringing up level for play took: 0.002131
[2017.11.20-14.24.36:356][658]PIE: Play in editor start time for /Game/Stairway_map/UEDPIE_0_Reveal_Stairway -0.274
[2017.11.20-14.24.36:357][658]LogBlueprintUserMessages: Late PlayInEditor Detection: Level '/Game/Stairway_map/Reveal_Stairway.Reveal_Stairway:PersistentLevel' has LevelScriptBlueprint '/Game/Stairway_map/Reveal_Stairway.Reveal_Stairway:PersistentLevel.Reveal_Stairway' with GeneratedClass '/Game/Stairway_map/Reveal_Stairway.Reveal_Stairway_C' with ClassGeneratedBy '/Game/Stairway_map/Reveal_Stairway.Reveal_Stairway:PersistentLevel.Reveal_Stairway'
[2017.11.20-14.24.50:345][497]LogBlueprintUserMessages: Early EndPlayMap Detection: Level '/Game/Stairway_map/Reveal_Stairway.Reveal_Stairway:PersistentLevel' has LevelScriptBlueprint '/Game/Stairway_map/Reveal_Stairway.Reveal_Stairway:PersistentLevel.Reveal_Stairway' with GeneratedClass '/Game/Stairway_map/Reveal_Stairway.Reveal_Stairway_C' with ClassGeneratedBy '/Game/Stairway_map/Reveal_Stairway.Reveal_Stairway:PersistentLevel.Reveal_Stairway'
[2017.11.20-14.24.50:389][497]LogBlueprintUserMessages: Late EndPlayMap Detection: Level '/Game/Stairway_map/Reveal_Stairway.Reveal_Stairway:PersistentLevel' has LevelScriptBlueprint '/Game/Stairway_map/Reveal_Stairway.Reveal_Stairway:PersistentLevel.Reveal_Stairway' with GeneratedClass '/Game/Stairway_map/Reveal_Stairway.Reveal_Stairway_C' with ClassGeneratedBy '/Game/Stairway_map/Reveal_Stairway.Reveal_Stairway:PersistentLevel.Reveal_Stairway'
[2017.11.20-14.24.53:946][708]Cmd: DELETE
[2017.11.20-14.24.53:946][708]Cmd: ACTOR DELETE
[2017.11.20-14.24.53:946][708]LogEditorActor: Deleted Actor: Light_BP_C
[2017.11.20-14.24.53:955][708]LogEditorActor: Deleted 1 Actors (0.010 secs)
[2017.11.20-14.25.08:804][591]LogEditorViewport: Clicking on Actor (LMB): Light_BP_C (Light_BP5)
[2017.11.20-14.25.12:122][786]Cmd: EDIT COPY
[2017.11.20-14.25.12:339][799]Cmd: EDIT PASTE
[2017.11.20-14.25.18:172][145]Cmd: DELETE
[2017.11.20-14.25.18:172][145]Cmd: ACTOR DELETE
[2017.11.20-14.25.18:173][145]LogEditorActor: Deleted Actor: Light_BP_C
[2017.11.20-14.25.18:183][145]LogEditorActor: Deleted 1 Actors (0.011 secs)
[2017.11.20-14.25.19:425][220]Cmd: TRANSACTION UNDO
[2017.11.20-14.25.19:425][220]LogEditorTransaction: Undo Delete Actors
[2017.11.20-14.26.00:558][659]LogTemp: Repeating last play command: Selected Viewport
[2017.11.20-14.26.00:570][659]LogBlueprintUserMessages: Early PlayInEditor Detection: Level '/Game/Stairway_map/Reveal_Stairway.Reveal_Stairway:PersistentLevel' has LevelScriptBlueprint '/Game/Stairway_map/Reveal_Stairway.Reveal_Stairway:PersistentLevel.Reveal_Stairway' with GeneratedClass '/Game/Stairway_map/Reveal_Stairway.Reveal_Stairway_C' with ClassGeneratedBy '/Game/Stairway_map/Reveal_Stairway.Reveal_Stairway:PersistentLevel.Reveal_Stairway'
[2017.11.20-14.26.00:570][659]LogPlayLevel: PlayLevel: No blueprints needed recompiling
[2017.11.20-14.26.00:570][659]PIE: New page: PIE session: Reveal_Stairway (20 Nov 2017 14:26:00)
[2017.11.20-14.26.00:570][659]LogPlayLevel: Creating play world package: /Game/Stairway_map/UEDPIE_0_Reveal_Stairway
[2017.11.20-14.26.00:577][659]LogPlayLevel: PIE: StaticDuplicateObject took: (0.006575s)
[2017.11.20-14.26.00:578][659]LogAIModule: Creating AISystem for world Reveal_Stairway
[2017.11.20-14.26.00:578][659]LogPlayLevel: PIE: World Init took: (0.001132s)
[2017.11.20-14.26.00:578][659]LogPlayLevel: PIE: Created PIE world by copying editor world from /Game/Stairway_map/Reveal_Stairway.Reveal_Stairway to /Game/Stairway_map/UEDPIE_0_Reveal_Stairway.Reveal_Stairway (0.008080s)
[2017.11.20-14.26.00:591][659]LogInit: XAudio2 using 'Speakers / Headphones (Realtek Audio)' : 2 channels at 48 kHz using 32 bits per sample (channel mask 0x3)
[2017.11.20-14.26.00:604][659]LogInit: FAudioDevice initialized.
[2017.11.20-14.26.00:637][659]LogLoad: Game class is 'FirstPersonGameMode_C'
[2017.11.20-14.26.00:640][659]LogWorld: Bringing World /Game/Stairway_map/UEDPIE_0_Reveal_Stairway.Reveal_Stairway up for play (max tick rate 60) at 2017.11.20-14.26.00
[2017.11.20-14.26.00:641][659]LogWorld: Bringing up level for play took: 0.002288
[2017.11.20-14.26.00:643][659]PIE: Play in editor start time for /Game/Stairway_map/UEDPIE_0_Reveal_Stairway 0.013
[2017.11.20-14.26.00:644][659]LogBlueprintUserMessages: Late PlayInEditor Detection: Level '/Game/Stairway_map/Reveal_Stairway.Reveal_Stairway:PersistentLevel' has LevelScriptBlueprint '/Game/Stairway_map/Reveal_Stairway.Reveal_Stairway:PersistentLevel.Reveal_Stairway' with GeneratedClass '/Game/Stairway_map/Reveal_Stairway.Reveal_Stairway_C' with ClassGeneratedBy '/Game/Stairway_map/Reveal_Stairway.Reveal_Stairway:PersistentLevel.Reveal_Stairway'
[2017.11.20-14.26.11:429][306]LogBlueprintUserMessages: Early EndPlayMap Detection: Level '/Game/Stairway_map/Reveal_Stairway.Reveal_Stairway:PersistentLevel' has LevelScriptBlueprint '/Game/Stairway_map/Reveal_Stairway.Reveal_Stairway:PersistentLevel.Reveal_Stairway' with GeneratedClass '/Game/Stairway_map/Reveal_Stairway.Reveal_Stairway_C' with ClassGeneratedBy '/Game/Stairway_map/Reveal_Stairway.Reveal_Stairway:PersistentLevel.Reveal_Stairway'
[2017.11.20-14.26.11:472][306]LogBlueprintUserMessages: Late EndPlayMap Detection: Level '/Game/Stairway_map/Reveal_Stairway.Reveal_Stairway:PersistentLevel' has LevelScriptBlueprint '/Game/Stairway_map/Reveal_Stairway.Reveal_Stairway:PersistentLevel.Reveal_Stairway' with GeneratedClass '/Game/Stairway_map/Reveal_Stairway.Reveal_Stairway_C' with ClassGeneratedBy '/Game/Stairway_map/Reveal_Stairway.Reveal_Stairway:PersistentLevel.Reveal_Stairway'
[2017.11.20-14.26.18:406][717]LogEditorViewport: Clicking on Actor (LMB): Light_BP_C (Light_BP7)
[2017.11.20-14.26.31:520][496]LogEditorViewport: Clicking on Actor (LMB): StaticMeshActor (Door_Wall)
[2017.11.20-14.26.33:887][634]LogEditorViewport: Clicking on Actor (LMB): Light_BP_C (Light_BP7)
[2017.11.20-14.26.36:419][782]Cmd: DELETE
[2017.11.20-14.26.36:419][782]Cmd: ACTOR DELETE
[2017.11.20-14.26.36:419][782]LogEditorActor: Deleted Actor: Light_BP_C
[2017.11.20-14.26.36:429][782]LogEditorActor: Deleted 1 Actors (0.010 secs)
[2017.11.20-14.26.37:221][830]LogEditorViewport: Clicking on Actor (LMB): StaticMeshActor (Door_Wall)
[2017.11.20-14.26.58:856][117]LogEditorViewport: Clicking on Actor (LMB): PlayerStart (Player Start)
[2017.11.20-14.27.01:311][261]LogNavigationPoint: PostEditMove Clear paths rebuilt
[2017.11.20-14.27.02:007][301]LogTemp: Repeating last play command: Selected Viewport
[2017.11.20-14.27.02:020][301]LogBlueprintUserMessages: Early PlayInEditor Detection: Level '/Game/Stairway_map/Reveal_Stairway.Reveal_Stairway:PersistentLevel' has LevelScriptBlueprint '/Game/Stairway_map/Reveal_Stairway.Reveal_Stairway:PersistentLevel.Reveal_Stairway' with GeneratedClass '/Game/Stairway_map/Reveal_Stairway.Reveal_Stairway_C' with ClassGeneratedBy '/Game/Stairway_map/Reveal_Stairway.Reveal_Stairway:PersistentLevel.Reveal_Stairway'
[2017.11.20-14.27.02:020][301]LogPlayLevel: PlayLevel: No blueprints needed recompiling
[2017.11.20-14.27.02:020][301]PIE: New page: PIE session: Reveal_Stairway (20 Nov 2017 14:27:02)
[2017.11.20-14.27.02:020][301]LogPlayLevel: Creating play world package: /Game/Stairway_map/UEDPIE_0_Reveal_Stairway
[2017.11.20-14.27.02:025][301]LogPlayLevel: PIE: StaticDuplicateObject took: (0.004508s)
[2017.11.20-14.27.02:026][301]LogAIModule: Creating AISystem for world Reveal_Stairway
[2017.11.20-14.27.02:026][301]LogPlayLevel: PIE: World Init took: (0.001052s)
[2017.11.20-14.27.02:026][301]LogPlayLevel: PIE: Created PIE world by copying editor world from /Game/Stairway_map/Reveal_Stairway.Reveal_Stairway to /Game/Stairway_map/UEDPIE_0_Reveal_Stairway.Reveal_Stairway (0.005831s)
[2017.11.20-14.27.02:039][301]LogInit: XAudio2 using 'Speakers / Headphones (Realtek Audio)' : 2 channels at 48 kHz using 32 bits per sample (channel mask 0x3)
[2017.11.20-14.27.02:053][301]LogInit: FAudioDevice initialized.
[2017.11.20-14.27.02:086][301]LogLoad: Game class is 'FirstPersonGameMode_C'
[2017.11.20-14.27.02:090][301]LogWorld: Bringing World /Game/Stairway_map/UEDPIE_0_Reveal_Stairway.Reveal_Stairway up for play (max tick rate 60) at 2017.11.20-14.27.02
[2017.11.20-14.27.02:090][301]LogWorld: Bringing up level for play took: 0.003366
[2017.11.20-14.27.02:094][301]PIE: Play in editor start time for /Game/Stairway_map/UEDPIE_0_Reveal_Stairway -0.536
[2017.11.20-14.27.02:095][301]LogBlueprintUserMessages: Late PlayInEditor Detection: Level '/Game/Stairway_map/Reveal_Stairway.Reveal_Stairway:PersistentLevel' has LevelScriptBlueprint '/Game/Stairway_map/Reveal_Stairway.Reveal_Stairway:PersistentLevel.Reveal_Stairway' with GeneratedClass '/Game/Stairway_map/Reveal_Stairway.Reveal_Stairway_C' with ClassGeneratedBy '/Game/Stairway_map/Reveal_Stairway.Reveal_Stairway:PersistentLevel.Reveal_Stairway'
[2017.11.20-14.27.06:546][568]LogBlueprintUserMessages: Early EndPlayMap Detection: Level '/Game/Stairway_map/Reveal_Stairway.Reveal_Stairway:PersistentLevel' has LevelScriptBlueprint '/Game/Stairway_map/Reveal_Stairway.Reveal_Stairway:PersistentLevel.Reveal_Stairway' with GeneratedClass '/Game/Stairway_map/Reveal_Stairway.Reveal_Stairway_C' with ClassGeneratedBy '/Game/Stairway_map/Reveal_Stairway.Reveal_Stairway:PersistentLevel.Reveal_Stairway'
[2017.11.20-14.27.06:598][568]LogBlueprintUserMessages: Late EndPlayMap Detection: Level '/Game/Stairway_map/Reveal_Stairway.Reveal_Stairway:PersistentLevel' has LevelScriptBlueprint '/Game/Stairway_map/Reveal_Stairway.Reveal_Stairway:PersistentLevel.Reveal_Stairway' with GeneratedClass '/Game/Stairway_map/Reveal_Stairway.Reveal_Stairway_C' with ClassGeneratedBy '/Game/Stairway_map/Reveal_Stairway.Reveal_Stairway:PersistentLevel.Reveal_Stairway'
[2017.11.20-14.27.11:836][878]LogEditorViewport: Clicking on Actor (LMB): PlayerStart (Player Start)
[2017.11.20-14.27.14:115][ 13]LogNavigationPoint: PostEditMove Clear paths rebuilt
[2017.11.20-14.27.14:697][ 47]LogEditorViewport: Clicking on Actor (LMB): StaticMeshActor (Door_Wall)
[2017.11.20-14.27.19:340][321]LogEditorViewport: Clicking on Actor (LMB): StaticMeshActor (Floor2)
[2017.11.20-14.27.33:783][177]Cmd: TRANSACTION UNDO
[2017.11.20-14.27.33:783][177]LogEditorTransaction: Undo Move Actors
[2017.11.20-14.27.35:847][300]LogEditorViewport: Clicking on Actor (LMB): PlayerStart (Player Start)
[2017.11.20-14.27.38:567][460]LogNavigationPoint: PostEditMove Clear paths rebuilt
[2017.11.20-14.27.40:175][555]LogTemp: Repeating last play command: Selected Viewport
[2017.11.20-14.27.40:188][555]LogBlueprintUserMessages: Early PlayInEditor Detection: Level '/Game/Stairway_map/Reveal_Stairway.Reveal_Stairway:PersistentLevel' has LevelScriptBlueprint '/Game/Stairway_map/Reveal_Stairway.Reveal_Stairway:PersistentLevel.Reveal_Stairway' with GeneratedClass '/Game/Stairway_map/Reveal_Stairway.Reveal_Stairway_C' with ClassGeneratedBy '/Game/Stairway_map/Reveal_Stairway.Reveal_Stairway:PersistentLevel.Reveal_Stairway'
[2017.11.20-14.27.40:188][555]LogPlayLevel: PlayLevel: No blueprints needed recompiling
[2017.11.20-14.27.40:188][555]PIE: New page: PIE session: Reveal_Stairway (20 Nov 2017 14:27:40)
[2017.11.20-14.27.40:188][555]LogPlayLevel: Creating play world package: /Game/Stairway_map/UEDPIE_0_Reveal_Stairway
[2017.11.20-14.27.40:193][555]LogPlayLevel: PIE: StaticDuplicateObject took: (0.004582s)
[2017.11.20-14.27.40:193][555]LogAIModule: Creating AISystem for world Reveal_Stairway
[2017.11.20-14.27.40:194][555]LogPlayLevel: PIE: World Init took: (0.000726s)
[2017.11.20-14.27.40:194][555]LogPlayLevel: PIE: Created PIE world by copying editor world from /Game/Stairway_map/Reveal_Stairway.Reveal_Stairway to /Game/Stairway_map/UEDPIE_0_Reveal_Stairway.Reveal_Stairway (0.005552s)
[2017.11.20-14.27.40:206][555]LogInit: XAudio2 using 'Speakers / Headphones (Realtek Audio)' : 2 channels at 48 kHz using 32 bits per sample (channel mask 0x3)
[2017.11.20-14.27.40:220][555]LogInit: FAudioDevice initialized.
[2017.11.20-14.27.40:253][555]LogLoad: Game class is 'FirstPersonGameMode_C'
[2017.11.20-14.27.40:255][555]LogWorld: Bringing World /Game/Stairway_map/UEDPIE_0_Reveal_Stairway.Reveal_Stairway up for play (max tick rate 60) at 2017.11.20-14.27.40
[2017.11.20-14.27.40:255][555]LogWorld: Bringing up level for play took: 0.001848
[2017.11.20-14.27.40:259][555]PIE: Play in editor start time for /Game/Stairway_map/UEDPIE_0_Reveal_Stairway -0.372
[2017.11.20-14.27.40:259][555]LogBlueprintUserMessages: Late PlayInEditor Detection: Level '/Game/Stairway_map/Reveal_Stairway.Reveal_Stairway:PersistentLevel' has LevelScriptBlueprint '/Game/Stairway_map/Reveal_Stairway.Reveal_Stairway:PersistentLevel.Reveal_Stairway' with GeneratedClass '/Game/Stairway_map/Reveal_Stairway.Reveal_Stairway_C' with ClassGeneratedBy '/Game/Stairway_map/Reveal_Stairway.Reveal_Stairway:PersistentLevel.Reveal_Stairway'
[2017.11.20-14.27.55:095][445]LogBlueprintUserMessages: Early EndPlayMap Detection: Level '/Game/Stairway_map/Reveal_Stairway.Reveal_Stairway:PersistentLevel' has LevelScriptBlueprint '/Game/Stairway_map/Reveal_Stairway.Reveal_Stairway:PersistentLevel.Reveal_Stairway' with GeneratedClass '/Game/Stairway_map/Reveal_Stairway.Reveal_Stairway_C' with ClassGeneratedBy '/Game/Stairway_map/Reveal_Stairway.Reveal_Stairway:PersistentLevel.Reveal_Stairway'
[2017.11.20-14.27.55:138][445]LogBlueprintUserMessages: Late EndPlayMap Detection: Level '/Game/Stairway_map/Reveal_Stairway.Reveal_Stairway:PersistentLevel' has LevelScriptBlueprint '/Game/Stairway_map/Reveal_Stairway.Reveal_Stairway:PersistentLevel.Reveal_Stairway' with GeneratedClass '/Game/Stairway_map/Reveal_Stairway.Reveal_Stairway_C' with ClassGeneratedBy '/Game/Stairway_map/Reveal_Stairway.Reveal_Stairway:PersistentLevel.Reveal_Stairway'
[2017.11.20-14.28.02:334][873]LogEditorViewport: Clicking on Actor (LMB): StaticMeshActor (Wall)
[2017.11.20-14.28.04:079][975]Cmd: EDIT COPY
[2017.11.20-14.28.04:295][988]Cmd: EDIT PASTE
[2017.11.20-14.28.35:076][817]LogTemp: Repeating last play command: Selected Viewport
[2017.11.20-14.28.35:087][817]LogBlueprintUserMessages: Early PlayInEditor Detection: Level '/Game/Stairway_map/Reveal_Stairway.Reveal_Stairway:PersistentLevel' has LevelScriptBlueprint '/Game/Stairway_map/Reveal_Stairway.Reveal_Stairway:PersistentLevel.Reveal_Stairway' with GeneratedClass '/Game/Stairway_map/Reveal_Stairway.Reveal_Stairway_C' with ClassGeneratedBy '/Game/Stairway_map/Reveal_Stairway.Reveal_Stairway:PersistentLevel.Reveal_Stairway'
[2017.11.20-14.28.35:087][817]LogPlayLevel: PlayLevel: No blueprints needed recompiling
[2017.11.20-14.28.35:088][817]PIE: New page: PIE session: Reveal_Stairway (20 Nov 2017 14:28:35)
[2017.11.20-14.28.35:088][817]LogPlayLevel: Creating play world package: /Game/Stairway_map/UEDPIE_0_Reveal_Stairway
[2017.11.20-14.28.35:093][817]LogPlayLevel: PIE: StaticDuplicateObject took: (0.004891s)
[2017.11.20-14.28.35:094][817]LogAIModule: Creating AISystem for world Reveal_Stairway
[2017.11.20-14.28.35:094][817]LogPlayLevel: PIE: World Init took: (0.001050s)
[2017.11.20-14.28.35:094][817]LogPlayLevel: PIE: Created PIE world by copying editor world from /Game/Stairway_map/Reveal_Stairway.Reveal_Stairway to /Game/Stairway_map/UEDPIE_0_Reveal_Stairway.Reveal_Stairway (0.006306s)
[2017.11.20-14.28.35:106][817]LogInit: XAudio2 using 'Speakers / Headphones (Realtek Audio)' : 2 channels at 48 kHz using 32 bits per sample (channel mask 0x3)
[2017.11.20-14.28.35:121][817]LogInit: FAudioDevice initialized.
[2017.11.20-14.28.35:152][817]LogLoad: Game class is 'FirstPersonGameMode_C'
[2017.11.20-14.28.35:155][817]LogWorld: Bringing World /Game/Stairway_map/UEDPIE_0_Reveal_Stairway.Reveal_Stairway up for play (max tick rate 60) at 2017.11.20-14.28.35
[2017.11.20-14.28.35:155][817]LogWorld: Bringing up level for play took: 0.002545
[2017.11.20-14.28.35:159][817]PIE: Play in editor start time for /Game/Stairway_map/UEDPIE_0_Reveal_Stairway 0.528
[2017.11.20-14.28.35:159][817]LogBlueprintUserMessages: Late PlayInEditor Detection: Level '/Game/Stairway_map/Reveal_Stairway.Reveal_Stairway:PersistentLevel' has LevelScriptBlueprint '/Game/Stairway_map/Reveal_Stairway.Reveal_Stairway:PersistentLevel.Reveal_Stairway' with GeneratedClass '/Game/Stairway_map/Reveal_Stairway.Reveal_Stairway_C' with ClassGeneratedBy '/Game/Stairway_map/Reveal_Stairway.Reveal_Stairway:PersistentLevel.Reveal_Stairway'
[2017.11.20-14.28.44:747][392]LogBlueprintUserMessages: Early EndPlayMap Detection: Level '/Game/Stairway_map/Reveal_Stairway.Reveal_Stairway:PersistentLevel' has LevelScriptBlueprint '/Game/Stairway_map/Reveal_Stairway.Reveal_Stairway:PersistentLevel.Reveal_Stairway' with GeneratedClass '/Game/Stairway_map/Reveal_Stairway.Reveal_Stairway_C' with ClassGeneratedBy '/Game/Stairway_map/Reveal_Stairway.Reveal_Stairway:PersistentLevel.Reveal_Stairway'
[2017.11.20-14.28.44:796][392]LogBlueprintUserMessages: Late EndPlayMap Detection: Level '/Game/Stairway_map/Reveal_Stairway.Reveal_Stairway:PersistentLevel' has LevelScriptBlueprint '/Game/Stairway_map/Reveal_Stairway.Reveal_Stairway:PersistentLevel.Reveal_Stairway' with GeneratedClass '/Game/Stairway_map/Reveal_Stairway.Reveal_Stairway_C' with ClassGeneratedBy '/Game/Stairway_map/Reveal_Stairway.Reveal_Stairway:PersistentLevel.Reveal_Stairway'
[2017.11.20-14.28.49:827][691]LogEditorViewport: Clicking on Actor (LMB): StaticMeshActor (Wall2)
[2017.11.20-14.29.14:033][134]LogTemp: Repeating last play command: Selected Viewport
[2017.11.20-14.29.14:045][134]LogBlueprintUserMessages: Early PlayInEditor Detection: Level '/Game/Stairway_map/Reveal_Stairway.Reveal_Stairway:PersistentLevel' has LevelScriptBlueprint '/Game/Stairway_map/Reveal_Stairway.Reveal_Stairway:PersistentLevel.Reveal_Stairway' with GeneratedClass '/Game/Stairway_map/Reveal_Stairway.Reveal_Stairway_C' with ClassGeneratedBy '/Game/Stairway_map/Reveal_Stairway.Reveal_Stairway:PersistentLevel.Reveal_Stairway'
[2017.11.20-14.29.14:045][134]LogPlayLevel: PlayLevel: No blueprints needed recompiling
[2017.11.20-14.29.14:045][134]PIE: New page: PIE session: Reveal_Stairway (20 Nov 2017 14:29:14)
[2017.11.20-14.29.14:045][134]LogPlayLevel: Creating play world package: /Game/Stairway_map/UEDPIE_0_Reveal_Stairway
[2017.11.20-14.29.14:050][134]LogPlayLevel: PIE: StaticDuplicateObject took: (0.004722s)
[2017.11.20-14.29.14:051][134]LogAIModule: Creating AISystem for world Reveal_Stairway
[2017.11.20-14.29.14:051][134]LogPlayLevel: PIE: World Init took: (0.000778s)
[2017.11.20-14.29.14:051][134]LogPlayLevel: PIE: Created PIE world by copying editor world from /Game/Stairway_map/Reveal_Stairway.Reveal_Stairway to /Game/Stairway_map/UEDPIE_0_Reveal_Stairway.Reveal_Stairway (0.005744s)
[2017.11.20-14.29.14:064][134]LogInit: XAudio2 using 'Speakers / Headphones (Realtek Audio)' : 2 channels at 48 kHz using 32 bits per sample (channel mask 0x3)
[2017.11.20-14.29.14:075][134]LogInit: FAudioDevice initialized.
[2017.11.20-14.29.14:110][134]LogLoad: Game class is 'FirstPersonGameMode_C'
[2017.11.20-14.29.14:113][134]LogWorld: Bringing World /Game/Stairway_map/UEDPIE_0_Reveal_Stairway.Reveal_Stairway up for play (max tick rate 60) at 2017.11.20-14.29.14
[2017.11.20-14.29.14:113][134]LogWorld: Bringing up level for play took: 0.001984
[2017.11.20-14.29.14:115][134]PIE: Play in editor start time for /Game/Stairway_map/UEDPIE_0_Reveal_Stairway -0.515
[2017.11.20-14.29.14:115][134]LogBlueprintUserMessages: Late PlayInEditor Detection: Level '/Game/Stairway_map/Reveal_Stairway.Reveal_Stairway:PersistentLevel' has LevelScriptBlueprint '/Game/Stairway_map/Reveal_Stairway.Reveal_Stairway:PersistentLevel.Reveal_Stairway' with GeneratedClass '/Game/Stairway_map/Reveal_Stairway.Reveal_Stairway_C' with ClassGeneratedBy '/Game/Stairway_map/Reveal_Stairway.Reveal_Stairway:PersistentLevel.Reveal_Stairway'
[2017.11.20-14.29.19:450][454]LogBlueprintUserMessages: Early EndPlayMap Detection: Level '/Game/Stairway_map/Reveal_Stairway.Reveal_Stairway:PersistentLevel' has LevelScriptBlueprint '/Game/Stairway_map/Reveal_Stairway.Reveal_Stairway:PersistentLevel.Reveal_Stairway' with GeneratedClass '/Game/Stairway_map/Reveal_Stairway.Reveal_Stairway_C' with ClassGeneratedBy '/Game/Stairway_map/Reveal_Stairway.Reveal_Stairway:PersistentLevel.Reveal_Stairway'
[2017.11.20-14.29.19:523][454]LogBlueprintUserMessages: Late EndPlayMap Detection: Level '/Game/Stairway_map/Reveal_Stairway.Reveal_Stairway:PersistentLevel' has LevelScriptBlueprint '/Game/Stairway_map/Reveal_Stairway.Reveal_Stairway:PersistentLevel.Reveal_Stairway' with GeneratedClass '/Game/Stairway_map/Reveal_Stairway.Reveal_Stairway_C' with ClassGeneratedBy '/Game/Stairway_map/Reveal_Stairway.Reveal_Stairway:PersistentLevel.Reveal_Stairway'
[2017.11.20-14.29.21:129][548]LogEditorViewport: Clicking on Actor (LMB): StaticMeshActor (Wall)
[2017.11.20-14.29.27:526][928]LogEditorViewport: Clicking on Actor (LMB): StaticMeshActor (Wall2)
[2017.11.20-14.29.43:201][859]LogTemp: Repeating last play command: Selected Viewport
[2017.11.20-14.29.43:212][859]LogBlueprintUserMessages: Early PlayInEditor Detection: Level '/Game/Stairway_map/Reveal_Stairway.Reveal_Stairway:PersistentLevel' has LevelScriptBlueprint '/Game/Stairway_map/Reveal_Stairway.Reveal_Stairway:PersistentLevel.Reveal_Stairway' with GeneratedClass '/Game/Stairway_map/Reveal_Stairway.Reveal_Stairway_C' with ClassGeneratedBy '/Game/Stairway_map/Reveal_Stairway.Reveal_Stairway:PersistentLevel.Reveal_Stairway'
[2017.11.20-14.29.43:213][859]LogPlayLevel: PlayLevel: No blueprints needed recompiling
[2017.11.20-14.29.43:213][859]PIE: New page: PIE session: Reveal_Stairway (20 Nov 2017 14:29:43)
[2017.11.20-14.29.43:213][859]LogPlayLevel: Creating play world package: /Game/Stairway_map/UEDPIE_0_Reveal_Stairway
[2017.11.20-14.29.43:219][859]LogPlayLevel: PIE: StaticDuplicateObject took: (0.006580s)
[2017.11.20-14.29.43:220][859]LogAIModule: Creating AISystem for world Reveal_Stairway
[2017.11.20-14.29.43:220][859]LogPlayLevel: PIE: World Init took: (0.000963s)
[2017.11.20-14.29.43:221][859]LogPlayLevel: PIE: Created PIE world by copying editor world from /Game/Stairway_map/Reveal_Stairway.Reveal_Stairway to /Game/Stairway_map/UEDPIE_0_Reveal_Stairway.Reveal_Stairway (0.007850s)
[2017.11.20-14.29.43:233][859]LogInit: XAudio2 using 'Speakers / Headphones (Realtek Audio)' : 2 channels at 48 kHz using 32 bits per sample (channel mask 0x3)
[2017.11.20-14.29.43:245][859]LogInit: FAudioDevice initialized.
[2017.11.20-14.29.43:275][859]LogLoad: Game class is 'FirstPersonGameMode_C'
[2017.11.20-14.29.43:277][859]LogWorld: Bringing World /Game/Stairway_map/UEDPIE_0_Reveal_Stairway.Reveal_Stairway up for play (max tick rate 60) at 2017.11.20-14.29.43
[2017.11.20-14.29.43:277][859]LogWorld: Bringing up level for play took: 0.002080
[2017.11.20-14.29.43:279][859]PIE: Play in editor start time for /Game/Stairway_map/UEDPIE_0_Reveal_Stairway 0.649
[2017.11.20-14.29.43:280][859]LogBlueprintUserMessages: Late PlayInEditor Detection: Level '/Game/Stairway_map/Reveal_Stairway.Reveal_Stairway:PersistentLevel' has LevelScriptBlueprint '/Game/Stairway_map/Reveal_Stairway.Reveal_Stairway:PersistentLevel.Reveal_Stairway' with GeneratedClass '/Game/Stairway_map/Reveal_Stairway.Reveal_Stairway_C' with ClassGeneratedBy '/Game/Stairway_map/Reveal_Stairway.Reveal_Stairway:PersistentLevel.Reveal_Stairway'
[2017.11.20-14.29.56:699][664]LogBlueprintUserMessages: Early EndPlayMap Detection: Level '/Game/Stairway_map/Reveal_Stairway.Reveal_Stairway:PersistentLevel' has LevelScriptBlueprint '/Game/Stairway_map/Reveal_Stairway.Reveal_Stairway:PersistentLevel.Reveal_Stairway' with GeneratedClass '/Game/Stairway_map/Reveal_Stairway.Reveal_Stairway_C' with ClassGeneratedBy '/Game/Stairway_map/Reveal_Stairway.Reveal_Stairway:PersistentLevel.Reveal_Stairway'
[2017.11.20-14.29.56:761][664]LogBlueprintUserMessages: Late EndPlayMap Detection: Level '/Game/Stairway_map/Reveal_Stairway.Reveal_Stairway:PersistentLevel' has LevelScriptBlueprint '/Game/Stairway_map/Reveal_Stairway.Reveal_Stairway:PersistentLevel.Reveal_Stairway' with GeneratedClass '/Game/Stairway_map/Reveal_Stairway.Reveal_Stairway_C' with ClassGeneratedBy '/Game/Stairway_map/Reveal_Stairway.Reveal_Stairway:PersistentLevel.Reveal_Stairway'
[2017.11.20-14.30.09:952][438]LogSavePackage: Save=107.66ms
[2017.11.20-14.30.09:952][438]LogSavePackage: Moving '../../../../../../Users/Leszek/Documents/Unreal Projects/Reveal_Stairway/Reaveal_Stairway/Saved/Reveal_StairwayEE96E8E143A2CEA9E24913A602E5CED2.tmp' to '../../../../../../Users/Leszek/Documents/Unreal Projects/Reveal_Stairway/Reaveal_Stairway/Content/Stairway_map/Reveal_Stairway.umap'
[2017.11.20-14.30.09:957][438]LogSavePackage: Display: Finished SavePackage ../../../../../../Users/Leszek/Documents/Unreal Projects/Reveal_Stairway/Reaveal_Stairway/Content/Stairway_map/Reveal_Stairway.umap
[2017.11.20-14.30.09:997][438]LogSavePackage: Save=8.41ms
[2017.11.20-14.30.09:997][438]LogSavePackage: Moving '../../../../../../Users/Leszek/Documents/Unreal Projects/Reveal_Stairway/Reaveal_Stairway/Saved/Reveal_Stairway_BuiltDataBFFDC5684317BEA40A30ECBFF99A432F.tmp' to '../../../../../../Users/Leszek/Documents/Unreal Projects/Reveal_Stairway/Reaveal_Stairway/Content/Stairway_map/Reveal_Stairway_BuiltData.uasset'
[2017.11.20-14.30.09:999][438]LogSavePackage: Display: Finished SavePackage ../../../../../../Users/Leszek/Documents/Unreal Projects/Reveal_Stairway/Reaveal_Stairway/Content/Stairway_map/Reveal_Stairway_BuiltData.uasset
[2017.11.20-14.40.10:286][478]LogFileHelpers: Editor autosave (incl. sublevels) for '/Game/Stairway_map/Reveal_Stairway' took 0.014
[2017.11.20-14.40.10:289][478]OBJ SavePackage: Generating thumbnails for [1] asset(s) in package [/Game/Meshes/StaticMesh] ([1] browsable assets)...
[2017.11.20-14.40.10:311][478]OBJ SavePackage:     Rendered thumbnail for [StaticMesh /Game/Meshes/StaticMesh.StaticMesh]
[2017.11.20-14.40.10:311][478]OBJ SavePackage: Finished generating thumbnails for package [/Game/Meshes/StaticMesh]
[2017.11.20-14.40.10:325][478]LogSavePackage: Save=12.55ms
[2017.11.20-14.40.10:326][478]LogSavePackage: Moving '../../../../../../Users/Leszek/Documents/Unreal Projects/Reveal_Stairway/Reaveal_Stairway/Saved/StaticMesh_Auto131CE6A4647E071F457D0BEA73AB9C3E1.tmp' to '../../../../../../Users/Leszek/Documents/Unreal Projects/Reveal_Stairway/Reaveal_Stairway/Saved/Autosaves/Game/Meshes/StaticMesh_Auto1.uasset'
[2017.11.20-14.40.10:327][478]LogSavePackage: Display: Finished SavePackage ../../../../../../Users/Leszek/Documents/Unreal Projects/Reveal_Stairway/Reaveal_Stairway/Saved/Autosaves/Game/Meshes/StaticMesh_Auto1.uasset
[2017.11.20-14.40.10:328][478]OBJ SavePackage: Generating thumbnails for [1] asset(s) in package [/Game/Class_BluePrint/Door_Wall] ([1] browsable assets)...
[2017.11.20-14.40.10:350][478]OBJ SavePackage:     Rendered thumbnail for [StaticMesh /Game/Class_BluePrint/Door_Wall.Door_Wall]
[2017.11.20-14.40.10:350][478]OBJ SavePackage: Finished generating thumbnails for package [/Game/Class_BluePrint/Door_Wall]
[2017.11.20-14.40.10:364][478]LogSavePackage: Save=12.27ms
[2017.11.20-14.40.10:364][478]LogSavePackage: Moving '../../../../../../Users/Leszek/Documents/Unreal Projects/Reveal_Stairway/Reaveal_Stairway/Saved/Door_Wall_Auto1FBE5F5464507120D50371CB7C64F9C80.tmp' to '../../../../../../Users/Leszek/Documents/Unreal Projects/Reveal_Stairway/Reaveal_Stairway/Saved/Autosaves/Game/Class_BluePrint/Door_Wall_Auto1.uasset'
[2017.11.20-14.40.10:366][478]LogSavePackage: Display: Finished SavePackage ../../../../../../Users/Leszek/Documents/Unreal Projects/Reveal_Stairway/Reaveal_Stairway/Saved/Autosaves/Game/Class_BluePrint/Door_Wall_Auto1.uasset
[2017.11.20-14.40.10:366][478]LogFileHelpers: Auto-saving content packages took 0.079
[2017.11.20-14.55.57:173][547]LogFactory: FactoryCreateFile: StaticMesh with FbxFactory (0 0 ../../../../../../Users/Leszek/Pictures/Maya Projects 2017/EXPORT/Jar_KEY.obj)
[2017.11.20-14.55.57:199][547]LogFbx: Loading FBX Scene from ../../../../../../Users/Leszek/Pictures/Maya Projects 2017/EXPORT/Jar_KEY.obj
[2017.11.20-14.55.57:279][547]LogFbx: FBX Scene Loaded Succesfully
[2017.11.20-14.55.58:675][547]LogFbx: Loading FBX Scene from ../../../../../../Users/Leszek/Pictures/Maya Projects 2017/EXPORT/Jar_KEY.obj
[2017.11.20-14.55.58:756][547]LogFbx: FBX Scene Loaded Succesfully
[2017.11.20-14.55.58:759][547]LogLinker: Can't find file '/Game/Class_BluePrint/defaultMat'
[2017.11.20-14.55.58:759][547]LogLinker: Can't find file '/Game/Class_BluePrint/defaultMat'
[2017.11.20-14.55.58:765][547]LogMaterial: Missing cached shader map for material defaultMat, compiling. 
[2017.11.20-14.55.58:795][547]LogFbx: Warning: Triangulating static mesh default
[2017.11.20-14.55.59:683][547]LogStaticMesh: Building static mesh Jar_KEY...
[2017.11.20-14.55.59:947][547]LogStaticMesh: Built static mesh [0.26s] /Game/Class_BluePrint/Jar_KEY.Jar_KEY
[2017.11.20-14.55.59:949][547]LogSlate: Took 0.000193 seconds to synchronously load lazily loaded font '../../../Engine/Content/Slate/Fonts/Roboto-Regular.ttf' (155K)
[2017.11.20-14.55.59:985][547]FBXImport: Warning: Warning: The imported mesh is very small. This is most likely an issue with the units used when exporting to FBX. 
[2017.11.20-14.56.03:145][725]LogFileHelpers: Editor autosave (incl. sublevels) for '/Game/Stairway_map/Reveal_Stairway' took 0.009
[2017.11.20-14.56.03:147][725]OBJ SavePackage: Generating thumbnails for [1] asset(s) in package [/Game/Class_BluePrint/Jar_KEY] ([1] browsable assets)...
[2017.11.20-14.56.03:162][725]OBJ SavePackage:     Rendered thumbnail for [StaticMesh /Game/Class_BluePrint/Jar_KEY.Jar_KEY]
[2017.11.20-14.56.03:162][725]OBJ SavePackage: Finished generating thumbnails for package [/Game/Class_BluePrint/Jar_KEY]
[2017.11.20-14.56.03:177][725]LogSavePackage: Save=12.25ms
[2017.11.20-14.56.03:177][725]LogSavePackage: Moving '../../../../../../Users/Leszek/Documents/Unreal Projects/Reveal_Stairway/Reaveal_Stairway/Saved/Jar_KEY_Auto27DCEA16A47005C71E78DCEB05A3FB6FA.tmp' to '../../../../../../Users/Leszek/Documents/Unreal Projects/Reveal_Stairway/Reaveal_Stairway/Saved/Autosaves/Game/Class_BluePrint/Jar_KEY_Auto2.uasset'
[2017.11.20-14.56.03:179][725]LogSavePackage: Display: Finished SavePackage ../../../../../../Users/Leszek/Documents/Unreal Projects/Reveal_Stairway/Reaveal_Stairway/Saved/Autosaves/Game/Class_BluePrint/Jar_KEY_Auto2.uasset
[2017.11.20-14.56.03:180][725]OBJ SavePackage: Generating thumbnails for [1] asset(s) in package [/Game/Class_BluePrint/defaultMat] ([1] browsable assets)...
[2017.11.20-14.56.03:193][725]OBJ SavePackage:     Rendered thumbnail for [Material /Game/Class_BluePrint/defaultMat.defaultMat]
[2017.11.20-14.56.03:193][725]OBJ SavePackage: Finished generating thumbnails for package [/Game/Class_BluePrint/defaultMat]
[2017.11.20-14.56.03:206][725]LogSavePackage: Save=11.74ms
[2017.11.20-14.56.03:206][725]LogSavePackage: Moving '../../../../../../Users/Leszek/Documents/Unreal Projects/Reveal_Stairway/Reaveal_Stairway/Saved/defaultMat_Auto2653E83454D36567174FF2CBA3D529630.tmp' to '../../../../../../Users/Leszek/Documents/Unreal Projects/Reveal_Stairway/Reaveal_Stairway/Saved/Autosaves/Game/Class_BluePrint/defaultMat_Auto2.uasset'
[2017.11.20-14.56.03:208][725]LogSavePackage: Display: Finished SavePackage ../../../../../../Users/Leszek/Documents/Unreal Projects/Reveal_Stairway/Reaveal_Stairway/Saved/Autosaves/Game/Class_BluePrint/defaultMat_Auto2.uasset
[2017.11.20-14.56.03:208][725]LogFileHelpers: Auto-saving content packages took 0.063
[2017.11.20-14.56.05:883][884]LogActorFactory: Actor Factory created Jar_KEY
[2017.11.20-14.56.06:719][934]LogActorFactory: Actor Factory created Jar_KEY
[2017.11.20-14.56.29:955][314]LogTemp: Repeating last play command: Selected Viewport
[2017.11.20-14.56.29:967][314]LogBlueprintUserMessages: Early PlayInEditor Detection: Level '/Game/Stairway_map/Reveal_Stairway.Reveal_Stairway:PersistentLevel' has LevelScriptBlueprint '/Game/Stairway_map/Reveal_Stairway.Reveal_Stairway:PersistentLevel.Reveal_Stairway' with GeneratedClass '/Game/Stairway_map/Reveal_Stairway.Reveal_Stairway_C' with ClassGeneratedBy '/Game/Stairway_map/Reveal_Stairway.Reveal_Stairway:PersistentLevel.Reveal_Stairway'
[2017.11.20-14.56.29:967][314]LogPlayLevel: PlayLevel: No blueprints needed recompiling
[2017.11.20-14.56.29:967][314]PIE: New page: PIE session: Reveal_Stairway (20 Nov 2017 14:56:29)
[2017.11.20-14.56.29:967][314]LogPlayLevel: Creating play world package: /Game/Stairway_map/UEDPIE_0_Reveal_Stairway
[2017.11.20-14.56.29:972][314]LogPlayLevel: PIE: StaticDuplicateObject took: (0.004895s)
[2017.11.20-14.56.29:973][314]LogAIModule: Creating AISystem for world Reveal_Stairway
[2017.11.20-14.56.29:973][314]LogPlayLevel: PIE: World Init took: (0.001533s)
[2017.11.20-14.56.29:974][314]LogPlayLevel: PIE: Created PIE world by copying editor world from /Game/Stairway_map/Reveal_Stairway.Reveal_Stairway to /Game/Stairway_map/UEDPIE_0_Reveal_Stairway.Reveal_Stairway (0.006733s)
[2017.11.20-14.56.29:986][314]LogInit: XAudio2 using 'Speakers / Headphones (Realtek Audio)' : 2 channels at 48 kHz using 32 bits per sample (channel mask 0x3)
[2017.11.20-14.56.29:998][314]LogInit: FAudioDevice initialized.
[2017.11.20-14.56.30:030][314]LogLoad: Game class is 'FirstPersonGameMode_C'
[2017.11.20-14.56.30:033][314]LogWorld: Bringing World /Game/Stairway_map/UEDPIE_0_Reveal_Stairway.Reveal_Stairway up for play (max tick rate 60) at 2017.11.20-14.56.30
[2017.11.20-14.56.30:033][314]LogWorld: Bringing up level for play took: 0.002079
[2017.11.20-14.56.30:036][314]PIE: Play in editor start time for /Game/Stairway_map/UEDPIE_0_Reveal_Stairway -0.595
[2017.11.20-14.56.30:036][314]LogBlueprintUserMessages: Late PlayInEditor Detection: Level '/Game/Stairway_map/Reveal_Stairway.Reveal_Stairway:PersistentLevel' has LevelScriptBlueprint '/Game/Stairway_map/Reveal_Stairway.Reveal_Stairway:PersistentLevel.Reveal_Stairway' with GeneratedClass '/Game/Stairway_map/Reveal_Stairway.Reveal_Stairway_C' with ClassGeneratedBy '/Game/Stairway_map/Reveal_Stairway.Reveal_Stairway:PersistentLevel.Reveal_Stairway'
[2017.11.20-14.56.37:439][758]LogBlueprintUserMessages: Early EndPlayMap Detection: Level '/Game/Stairway_map/Reveal_Stairway.Reveal_Stairway:PersistentLevel' has LevelScriptBlueprint '/Game/Stairway_map/Reveal_Stairway.Reveal_Stairway:PersistentLevel.Reveal_Stairway' with GeneratedClass '/Game/Stairway_map/Reveal_Stairway.Reveal_Stairway_C' with ClassGeneratedBy '/Game/Stairway_map/Reveal_Stairway.Reveal_Stairway:PersistentLevel.Reveal_Stairway'
[2017.11.20-14.56.37:520][758]LogBlueprintUserMessages: Late EndPlayMap Detection: Level '/Game/Stairway_map/Reveal_Stairway.Reveal_Stairway:PersistentLevel' has LevelScriptBlueprint '/Game/Stairway_map/Reveal_Stairway.Reveal_Stairway:PersistentLevel.Reveal_Stairway' with GeneratedClass '/Game/Stairway_map/Reveal_Stairway.Reveal_Stairway_C' with ClassGeneratedBy '/Game/Stairway_map/Reveal_Stairway.Reveal_Stairway:PersistentLevel.Reveal_Stairway'
[2017.11.20-14.56.43:090][ 88]LogEditorViewport: Clicking on Actor (LMB): StaticMeshActor (Jar_KEY)
[2017.11.20-14.56.55:452][825]LogEditorViewport: Clicking on Actor (LMB): BP_Sky_Sphere_C (Sky Sphere)
[2017.11.20-14.57.04:870][370]LogSavePackage: Save=111.05ms
[2017.11.20-14.57.04:870][370]LogSavePackage: Moving '../../../../../../Users/Leszek/Documents/Unreal Projects/Reveal_Stairway/Reaveal_Stairway/Saved/Reveal_StairwayD6192AD44B0B29EE66C7AF8576170FF7.tmp' to '../../../../../../Users/Leszek/Documents/Unreal Projects/Reveal_Stairway/Reaveal_Stairway/Content/Stairway_map/Reveal_Stairway.umap'
[2017.11.20-14.57.04:875][370]LogSavePackage: Display: Finished SavePackage ../../../../../../Users/Leszek/Documents/Unreal Projects/Reveal_Stairway/Reaveal_Stairway/Content/Stairway_map/Reveal_Stairway.umap
[2017.11.20-14.57.04:923][370]LogSavePackage: Save=7.13ms
[2017.11.20-14.57.04:923][370]LogSavePackage: Moving '../../../../../../Users/Leszek/Documents/Unreal Projects/Reveal_Stairway/Reaveal_Stairway/Saved/Reveal_Stairway_BuiltData68A9C00A4811474B45FCE5AF99C6D38E.tmp' to '../../../../../../Users/Leszek/Documents/Unreal Projects/Reveal_Stairway/Reaveal_Stairway/Content/Stairway_map/Reveal_Stairway_BuiltData.uasset'
[2017.11.20-14.57.04:926][370]LogSavePackage: Display: Finished SavePackage ../../../../../../Users/Leszek/Documents/Unreal Projects/Reveal_Stairway/Reaveal_Stairway/Content/Stairway_map/Reveal_Stairway_BuiltData.uasset
