Log file open, 11/20/17 21:16:02
LogWindows: Failed to load 'aqProf.dll' (GetLastError=126)
LogWindows: File 'aqProf.dll' does not exist
LogWindows: Failed to load 'VSPerf140.dll' (GetLastError=126)
LogWindows: File 'VSPerf140.dll' does not exist
LogWindows: Failed to load 'VtuneApi.dll' (GetLastError=126)
LogWindows: File 'VtuneApi.dll' does not exist
LogWindows: Failed to load 'VtuneApi32e.dll' (GetLastError=126)
LogWindows: File 'VtuneApi32e.dll' does not exist
LogInit: Display: Running engine for game: Reaveal_Stairway
LogPlatformFile: Not using cached read wrapper
LogInit: Display: RandInit(1986021755) SRandInit(1986021755).
LogTaskGraph: Started task graph with 5 named threads and 14 total threads with 3 sets of task threads.
LogStats: Stats thread started at 0.185489
LogD3D11RHI: Aftermath initialized
LogPluginManager: Mounting plugin Paper2D
LogPluginManager: Mounting plugin LightPropagationVolume
LogPluginManager: Mounting plugin CodeLiteSourceCodeAccess
LogPluginManager: Mounting plugin GitSourceControl
LogPluginManager: Mounting plugin KDevelopSourceCodeAccess
LogPluginManager: Mounting plugin NullSourceCodeAccess
LogPluginManager: Mounting plugin PerforceSourceControl
LogPluginManager: Mounting plugin SubversionSourceControl
LogPluginManager: Mounting plugin UObjectPlugin
LogPluginManager: Mounting plugin VisualStudioSourceCodeAccess
LogPluginManager: Mounting plugin XCodeSourceCodeAccess
LogPluginManager: Mounting plugin AssetManagerEditor
LogPluginManager: Mounting plugin AudioCapture
LogPluginManager: Mounting plugin FacialAnimation
LogPluginManager: Mounting plugin GameplayTagsEditor
LogPluginManager: Mounting plugin MobileLauncherProfileWizard
LogPluginManager: Mounting plugin PluginBrowser
LogPluginManager: Mounting plugin SpeedTreeImporter
LogPluginManager: Mounting plugin AlembicImporter
LogPluginManager: Mounting plugin CharacterAI
LogPluginManager: Mounting plugin HTML5Networking
LogPluginManager: Mounting plugin AndroidMedia
LogPluginManager: Mounting plugin AvfMedia
LogPluginManager: Mounting plugin MediaPlayerEditor
LogPluginManager: Mounting plugin WmfMedia
LogPluginManager: Mounting plugin TcpMessaging
LogPluginManager: Mounting plugin UdpMessaging
LogPluginManager: Mounting plugin LevelSequenceEditor
LogPluginManager: Mounting plugin MatineeToLevelSequence
LogPluginManager: Mounting plugin OnlineSubsystemGooglePlay
LogPluginManager: Mounting plugin OnlineSubsystemIOS
LogPluginManager: Mounting plugin OnlineSubsystem
LogPluginManager: Mounting plugin OnlineSubsystemNull
LogPluginManager: Mounting plugin OnlineSubsystemUtils
LogPluginManager: Mounting plugin AndroidDeviceProfileSelector
LogPluginManager: Mounting plugin AndroidMoviePlayer
LogPluginManager: Mounting plugin AndroidPermission
LogPluginManager: Mounting plugin AppleMoviePlayer
LogPluginManager: Mounting plugin ArchVisCharacter
LogPluginManager: Mounting plugin CableComponent
LogPluginManager: Mounting plugin CustomMeshComponent
LogPluginManager: Mounting plugin ExampleDeviceProfileSelector
LogPluginManager: Mounting plugin GoogleCloudMessaging
LogPluginManager: Mounting plugin ImmediatePhysics
LogPluginManager: Mounting plugin IOSDeviceProfileSelector
LogPluginManager: Mounting plugin LinuxDeviceProfileSelector
LogPluginManager: Mounting plugin LocationServicesBPLibrary
LogPluginManager: Mounting plugin MobilePatchingUtils
LogPluginManager: Mounting plugin OculusVR
LogPluginManager: Mounting plugin PhysXVehicles
LogPluginManager: Mounting plugin ProceduralMeshComponent
LogPluginManager: Mounting plugin RuntimePhysXCooking
LogPluginManager: Mounting plugin SteamVR
LogPluginManager: Mounting plugin WindowsMoviePlayer
LogInit: Using libcurl 7.47.1
LogInit:  - built for x86_64-pc-win32
LogInit:  - supports SSL with OpenSSL/1.0.2g
LogInit:  - supports HTTP deflate (compression) using libz 1.2.8
LogInit:  - other features:
LogInit:      CURL_VERSION_SSL
LogInit:      CURL_VERSION_LIBZ
LogInit:      CURL_VERSION_IPV6
LogInit:      CURL_VERSION_ASYNCHDNS
LogInit:      CURL_VERSION_LARGEFILE
LogInit:      CURL_VERSION_IDN
LogInit:  CurlRequestOptions (configurable via config and command line):
LogInit:  - bVerifyPeer = false  - Libcurl will NOT verify peer certificate
LogInit:  - bUseHttpProxy = false  - Libcurl will NOT use HTTP proxy
LogInit:  - bDontReuseConnections = false  - Libcurl will reuse connections
LogInit:  - CertBundlePath = nullptr  - Libcurl will use whatever was configured at build time.
LogInit: Build: ++UE4+Release-4.17-CL-3658906
LogInit: Engine Version: 4.17.2-3658906+++UE4+Release-4.17
LogInit: Compatible Engine Version: 4.17.0-3573198+++UE4+Release-4.17
LogInit: Net CL: 3573198
LogDevObjectVersion: Number of dev versions registered: 16
LogDevObjectVersion:   Dev-Blueprints (B0D832E4-1F89-4F0D-ACCF-7EB736FD4AA2): 10
LogDevObjectVersion:   Dev-Build (E1C64328-A22C-4D53-A36C-8E866417BD8C): 0
LogDevObjectVersion:   Dev-Core (375EC13C-06E4-48FB-B500-84F0262A717E): 2
LogDevObjectVersion:   Dev-Editor (E4B068ED-F494-42E9-A231-DA0B2E46BB41): 20
LogDevObjectVersion:   Dev-Framework (CFFC743F-43B0-4480-9391-14DF171D2073): 28
LogDevObjectVersion:   Dev-Mobile (B02B49B5-BB20-44E9-A304-32B752E40360): 0
LogDevObjectVersion:   Dev-Networking (A4E4105C-59A1-49B5-A7C5-40C4547EDFEE): 0
LogDevObjectVersion:   Dev-Online (39C831C9-5AE6-47DC-9A44-9C173E1C8E7C): 0
LogDevObjectVersion:   Dev-Physics (78F01B33-EBEA-4F98-B9B4-84EACCB95AA2): 0
LogDevObjectVersion:   Dev-Platform (6631380F-2D4D-43E0-8009-CF276956A95A): 0
LogDevObjectVersion:   Dev-Rendering (12F88B9F-8875-4AFC-A67C-D90C383ABD29): 19
LogDevObjectVersion:   Dev-Sequencer (7B5AE74C-D270-4C10-A958-57980B212A5A): 4
LogDevObjectVersion:   Dev-VR (D7296918-1DD6-4BDD-9DE2-64A83CC13884): 0
LogDevObjectVersion:   Dev-LoadTimes (C2A15278-BFE7-4AFE-6C17-90FF531DF755): 1
LogDevObjectVersion:   Private-Geometry (6EACA3D4-40EC-4CC1-B786-8BED09428FC5): 1
LogDevObjectVersion:   Dev-AnimPhys (29E575DD-E0A3-4627-9D10-D276232CDCEA): 7
LogInit: Compiled (64-bit): Sep 22 2017 13:47:16
LogInit: Compiled with Visual C++: 19.00.24215.01
LogInit: Build Configuration: Development
LogInit: Branch Name: ++UE4+Release-4.17
LogInit: Command line: -EpicPortal 
LogInit: Base directory: C:/Program Files/Epic Games/UE_4.17/Engine/Binaries/Win64/
LogInit: Installed Engine Build: 1
LogInit: Presizing for max 8388607 objects, including 0 objects not considered by GC, pre-allocating 0 bytes for permanent pool.
LogInit: Object subsystem initialized
[2017.11.20-21.16.03:619][  0]LogInit: Selected Device Profile: [Windows]
[2017.11.20-21.16.03:619][  0]LogInit: Applying CVar settings loaded from the selected device profile: [Windows]
[2017.11.20-21.16.03:632][  0]LogInit: Computer: DESKTOP-UTLPHC3
[2017.11.20-21.16.03:632][  0]LogInit: User: Leszek
[2017.11.20-21.16.03:632][  0]LogInit: CPU Page size=4096, Cores=4
[2017.11.20-21.16.03:632][  0]LogInit: High frequency timer resolution =2.742189 MHz
[2017.11.20-21.16.03:632][  0]LogMemory: Memory total: Physical=15.9GB (16GB approx)
[2017.11.20-21.16.03:632][  0]LogMemory: Platform Memory Stats for Windows
[2017.11.20-21.16.03:632][  0]LogMemory: Process Physical Memory: 281.73 MB used, 281.73 MB peak
[2017.11.20-21.16.03:632][  0]LogMemory: Process Virtual Memory: 282.38 MB used, 282.38 MB peak
[2017.11.20-21.16.03:632][  0]LogMemory: Physical Memory: 7629.62 MB used,  8606.33 MB free, 16235.95 MB total
[2017.11.20-21.16.03:633][  0]LogMemory: Virtual Memory: 710.64 MB used,  8606.33 MB free, 134217728.00 MB total
[2017.11.20-21.16.04:573][  0]LogInit: Using OS detected language (en-US).
[2017.11.20-21.16.04:573][  0]LogInit: Using OS detected locale (en-GB).
[2017.11.20-21.16.04:579][  0]LogTextLocalizationManager: No specific localization for 'en-US' exists, so the 'en' localization will be used.
[2017.11.20-21.16.05:778][  0]LogD3D11RHI: D3D11 adapters:
[2017.11.20-21.16.05:846][  0]LogD3D11RHI:    0. 'NVIDIA GeForce GTX 1050' (Feature Level 11_0)
[2017.11.20-21.16.05:846][  0]LogD3D11RHI:       4031/0/8117 MB DedicatedVideo/DedicatedSystem/SharedSystem, Outputs:1, VendorId:0x10de
[2017.11.20-21.16.05:858][  0]LogD3D11RHI:    1. 'Intel(R) HD Graphics 630' (Feature Level 11_0)
[2017.11.20-21.16.05:858][  0]LogD3D11RHI:       128/0/8117 MB DedicatedVideo/DedicatedSystem/SharedSystem, Outputs:0, VendorId:0x8086
[2017.11.20-21.16.05:862][  0]LogD3D11RHI:    2. 'Microsoft Basic Render Driver' (Feature Level 11_0)
[2017.11.20-21.16.05:862][  0]LogD3D11RHI:       0/0/8117 MB DedicatedVideo/DedicatedSystem/SharedSystem, Outputs:0, VendorId:0x1414
[2017.11.20-21.16.05:862][  0]LogD3D11RHI: Chosen D3D11 Adapter: 0
[2017.11.20-21.16.05:876][  0]LogD3D11RHI: Creating new Direct3DDevice
[2017.11.20-21.16.05:876][  0]LogD3D11RHI:     GPU DeviceId: 0x1c8d (for the marketing name, search the web for "GPU Device Id")
[2017.11.20-21.16.05:876][  0]LogWindows: EnumDisplayDevices:
[2017.11.20-21.16.05:876][  0]LogWindows:    0. 'Intel(R) HD Graphics 630' (P:1 D:1)
[2017.11.20-21.16.05:876][  0]LogWindows:    1. 'Intel(R) HD Graphics 630' (P:0 D:0)
[2017.11.20-21.16.05:877][  0]LogWindows:    2. 'Intel(R) HD Graphics 630' (P:0 D:0)
[2017.11.20-21.16.05:877][  0]LogWindows: DebugString: GetVideoDriverDetailsInvalid PrimaryIsNotTheChoosenAdapter GetVideoDriverDetailsInvalid PrimaryIsNotTheChoosenAdapter GetVideoDriverDetailsInvalid PrimaryIsNotTheChoosenAdapter FoundDriverCount:0 
[2017.11.20-21.16.05:877][  0]LogD3D11RHI:     Adapter Name: NVIDIA GeForce GTX 1050
[2017.11.20-21.16.05:877][  0]LogD3D11RHI:   Driver Version: Unknown (internal:Unknown, unified:Unknown)
[2017.11.20-21.16.05:877][  0]LogD3D11RHI:      Driver Date: Unknown
[2017.11.20-21.16.05:877][  0]LogRHI: Texture pool is 1361 MB (70% of 1945 MB)
[2017.11.20-21.16.05:936][  0]LogD3D11RHI: Async texture creation enabled
[2017.11.20-21.16.05:956][  0]LogD3D11RHI: GPU Timing Frequency: 1000.000000 (Debug: 2 1)
[2017.11.20-21.16.05:960][  0]LogShaderCompilers: Guid format shader working directory is -41 characters bigger than the processId version (../../../../../../Users/Leszek/Documents/Unreal Projects/Reveal_Stairway/Reaveal_Stairway/Intermediate/Shaders/WorkingDirectory/916/).
[2017.11.20-21.16.05:960][  0]LogShaderCompilers: Cleaned the shader compiler working directory 'C:/Users/Leszek/AppData/Local/Temp/UnrealShaderWorkingDir/5C525051419042F55EAC819978A05650/'.
[2017.11.20-21.16.05:961][  0]LogShaderCompilers: Display: Using Local Shader Compiler.
[2017.11.20-21.16.07:725][  0]LogTemp: Display: Loaded TP AllDesktopTargetPlatform
[2017.11.20-21.16.07:872][  0]LogTemp: Display: Loaded TP MacClientTargetPlatform
[2017.11.20-21.16.07:995][  0]LogTemp: Display: Loaded TP MacNoEditorTargetPlatform
[2017.11.20-21.16.08:094][  0]LogTemp: Display: Loaded TP MacServerTargetPlatform
[2017.11.20-21.16.08:273][  0]LogTemp: Display: Loaded TP MacTargetPlatform
[2017.11.20-21.16.08:439][  0]LogTemp: Display: Loaded TP WindowsClientTargetPlatform
[2017.11.20-21.16.08:616][  0]LogTemp: Display: Loaded TP WindowsNoEditorTargetPlatform
[2017.11.20-21.16.08:841][  0]LogTemp: Display: Loaded TP WindowsServerTargetPlatform
[2017.11.20-21.16.09:064][  0]LogTemp: Display: Loaded TP WindowsTargetPlatform
[2017.11.20-21.16.09:307][  0]LogTemp: Display: Loaded TP AndroidTargetPlatform
[2017.11.20-21.16.09:525][  0]LogTemp: Display: Loaded TP Android_ASTCTargetPlatform
[2017.11.20-21.16.09:686][  0]LogTemp: Display: Loaded TP Android_ATCTargetPlatform
[2017.11.20-21.16.09:979][  0]LogTemp: Display: Loaded TP Android_DXTTargetPlatform
[2017.11.20-21.16.10:235][  0]LogTemp: Display: Loaded TP Android_ETC1TargetPlatform
[2017.11.20-21.16.10:478][  0]LogTemp: Display: Loaded TP Android_ETC2TargetPlatform
[2017.11.20-21.16.10:977][  0]LogTemp: Display: Loaded TP Android_MultiTargetPlatform
[2017.11.20-21.16.10:977][  0]LogTemp: Display: Loaded TP Android_PVRTCTargetPlatform
[2017.11.20-21.16.11:212][  0]LogTemp: Display: Loaded TP HTML5TargetPlatform
[2017.11.20-21.16.11:645][  0]LogTemp: Display: Loaded TP IOSTargetPlatform
[2017.11.20-21.16.11:713][  0]LogTemp: Display: Loaded TP TVOSTargetPlatform
[2017.11.20-21.16.11:783][  0]LogTemp: Display: Loaded TP LinuxClientTargetPlatform
[2017.11.20-21.16.11:854][  0]LogTemp: Display: Loaded TP LinuxNoEditorTargetPlatform
[2017.11.20-21.16.11:932][  0]LogTemp: Display: Loaded TP LinuxServerTargetPlatform
[2017.11.20-21.16.12:066][  0]LogTemp: Display: Loaded TP LinuxTargetPlatform
[2017.11.20-21.16.12:066][  0]LogTargetPlatformManager: Display: Building Assets For Windows
[2017.11.20-21.16.13:796][  0]LogDerivedDataCache: Display: Max Cache Size: 512 MB
[2017.11.20-21.16.14:037][  0]LogDerivedDataCache: Loaded boot cache 0.24s 93MB C:/Users/Leszek/AppData/Local/UnrealEngine/4.17/DerivedDataCache/Boot.ddc.
[2017.11.20-21.16.14:038][  0]LogDerivedDataCache: Display: Loaded Boot cache: C:/Users/Leszek/AppData/Local/UnrealEngine/4.17/DerivedDataCache/Boot.ddc
[2017.11.20-21.16.14:038][  0]LogDerivedDataCache: FDerivedDataBackendGraph:  Pak pak cache file ../../../../../../Users/Leszek/Documents/Unreal Projects/Reveal_Stairway/Reaveal_Stairway/DerivedDataCache/DDC.ddp not found, will not use a pak cache.
[2017.11.20-21.16.14:038][  0]LogDerivedDataCache: Unable to find inner node Pak for hierarchical cache Hierarchy.
[2017.11.20-21.16.14:038][  0]LogDerivedDataCache: FDerivedDataBackendGraph:  CompressedPak pak cache file ../../../../../../Users/Leszek/Documents/Unreal Projects/Reveal_Stairway/Reaveal_Stairway/DerivedDataCache/Compressed.ddp not found, will not use a pak cache.
[2017.11.20-21.16.14:038][  0]LogDerivedDataCache: Unable to find inner node CompressedPak for hierarchical cache Hierarchy.
[2017.11.20-21.16.14:094][  0]LogDerivedDataCache: Display: Pak cache opened for reading ../../../Engine/DerivedDataCache/Compressed.ddp.
[2017.11.20-21.16.14:109][  0]LogDerivedDataCache: Using Local data cache path C:/Users/Leszek/AppData/Local/UnrealEngine/Common/DerivedDataCache: Writable
[2017.11.20-21.16.14:152][  0]LogMaterial: Verifying Global Shaders for PCD3D_SM5
[2017.11.20-21.16.14:155][  0]LogSlate: Using Freetype 2.6.0
[2017.11.20-21.16.14:158][  0]LogSlate: SlateFontCache - WITH_FREETYPE: 1, WITH_HARFBUZZ: 1
[2017.11.20-21.16.14:158][  0]LogSlate: SlateFontCache - WITH_FREETYPE: 1, WITH_HARFBUZZ: 1
[2017.11.20-21.16.14:710][  0]LogAssetRegistry: FAssetRegistry took 0.0374 seconds to start up
[2017.11.20-21.16.15:077][  0]LogInit: Selected Device Profile: [Windows]
[2017.11.20-21.16.15:434][  0]LogContentStreaming: Texture pool size is 0.00 MB
[2017.11.20-21.16.16:176][  0]LogSimplygon: Simplygon DLL not present - disabling.
[2017.11.20-21.16.16:241][  0]LogMeshReduction: Using SimplygonSwarm for distributed automatic mesh merging
[2017.11.20-21.16.16:241][  0]LogMeshReduction: Using QuadricMeshReduction for automatic static mesh reduction
[2017.11.20-21.16.16:241][  0]LogMeshReduction: No automatic skeletal mesh reduction module available
[2017.11.20-21.16.16:241][  0]LogMeshReduction: No automatic mesh merging module available
[2017.11.20-21.16.16:241][  0]LogMeshMerging: No automatic mesh merging module available
[2017.11.20-21.16.17:112][  0]LogNetVersion: Reaveal_Stairway , NetCL: 3573198, EngineNetVer: 2, GameNetVer: 0 (Checksum: 489707589)
[2017.11.20-21.16.17:582][  0]LogPackageLocalizationCache: Processed 5 localized package path(s) for 2 prioritized culture(s) in 0.060141 seconds
[2017.11.20-21.16.17:604][  0]LogUObjectArray: 35825 objects as part of root set at end of initial load.
[2017.11.20-21.16.17:604][  0]LogUObjectAllocator: 7529112 out of 0 bytes used by permanent object pool.
[2017.11.20-21.16.17:604][  0]LogUObjectArray: CloseDisregardForGC: 0/0 objects in disregard for GC pool
[2017.11.20-21.16.17:709][  0]LogInit: WinSock: version 1.1 (2.2), MaxSocks=32767, MaxUdp=65467
[2017.11.20-21.16.23:310][  0]LogTcpMessaging: Initializing TcpMessaging bridge
[2017.11.20-21.16.23:405][  0]LogUdpMessaging: Initializing bridge on interface 0.0.0.0:0 to multicast group 230.0.0.1:6666.
[2017.11.20-21.16.24:699][  0]LogMaterial: Uniform references updated for custom material expression Custom.
[2017.11.20-21.16.25:592][  0]SourceControl: Source control is disabled
[2017.11.20-21.16.25:592][  0]SourceControl: Source control is disabled
[2017.11.20-21.16.25:753][  0]SourceControl: Source control is disabled
[2017.11.20-21.16.25:856][  0]SourceControl: Source control is disabled
[2017.11.20-21.16.27:322][  0]LogAndroidPermission: UAndroidPermissionCallbackProxy::GetInstance
[2017.11.20-21.16.27:855][  0]LogOcInput: OculusInput pre-init called
[2017.11.20-21.16.28:589][  0]LogEngine: Initializing Engine...
[2017.11.20-21.16.28:594][  0]LogHMD: Failed to initialize OpenVR with code 110
[2017.11.20-21.16.29:020][  0]LogStats: UGameplayTagsManager::ConstructGameplayTagTree: Construct from data asset -  0.000 s
[2017.11.20-21.16.29:020][  0]LogStats: UGameplayTagsManager::ConstructGameplayTagTree: GameplayTagTreeChangedEvent.Broadcast -  0.000 s
[2017.11.20-21.16.29:306][  0]LogAIModule: Creating AISystem for world Untitled
[2017.11.20-21.16.29:317][  0]LogInit: XAudio2 using 'Speakers / Headphones (Realtek Audio)' : 2 channels at 48 kHz using 32 bits per sample (channel mask 0x3)
[2017.11.20-21.16.29:339][  0]LogInit: FAudioDevice initialized.
[2017.11.20-21.16.29:399][  0]LogDerivedDataCache: Saved boot cache 0.06s 93MB C:/Users/Leszek/AppData/Local/UnrealEngine/4.17/DerivedDataCache/Boot.ddc.
[2017.11.20-21.16.29:411][  0]LogInit: Texture streaming: Enabled
[2017.11.20-21.16.29:613][  0]LogEngineSessionManager: EngineSessionManager initialized
[2017.11.20-21.16.30:078][  0]LogInit: Transaction tracking system initialized
[2017.11.20-21.16.30:872][  0]BlueprintLog: New page: Editor Load
[2017.11.20-21.16.32:484][  0]LocalizationService: Localization service is disabled
[2017.11.20-21.16.33:610][  0]LogConsoleResponse: Display: 
[2017.11.20-21.16.33:819][  0]LogCook: Display: Max memory allowance for cook 16384mb min free memory 0mb
[2017.11.20-21.16.33:820][  0]LogCook: Display: Mobile HDR setting 1
[2017.11.20-21.16.33:820][  0]LogGameplayTags: Display: UGameplayTagsManager::DoneAddingNativeTags. DelegateIsBound: 0
[2017.11.20-21.16.33:826][  0]LogFileCache: Scanning file cache for directory 'C:/Users/Leszek/Documents/Unreal Projects/Reveal_Stairway/Reaveal_Stairway/Content/' took 0.02s
[2017.11.20-21.16.35:484][  0]SourceControl: Source control is disabled
[2017.11.20-21.16.35:484][  0]Cmd: MAP LOAD FILE="../../../../../../Users/Leszek/Documents/Unreal Projects/Reveal_Stairway/Reaveal_Stairway/Content/Stairway_map/Reveal_Stairway.umap" TEMPLATE=0 SHOWPROGRESS=1 FEATURELEVEL=3
[2017.11.20-21.16.35:485][  0]LightingResults: New page: Lighting Build
[2017.11.20-21.16.35:623][  0]MapCheck: New page: Map Check
[2017.11.20-21.16.35:623][  0]LightingResults: New page: Lighting Build
[2017.11.20-21.16.36:176][  0]LogAIModule: Creating AISystem for world Reveal_Stairway
[2017.11.20-21.16.36:188][  0]LogEditorServer: Finished looking for orphan Actors (0.000 secs)
[2017.11.20-21.16.36:199][  0]Cmd: MAP CHECKDEP NOCLEARLOG
[2017.11.20-21.16.36:261][  0]MapCheck: Map check complete: 0 Error(s), 0 Warning(s), took 61.967ms to complete.
[2017.11.20-21.16.36:261][  0]LogFileHelpers: Loading map 'Reveal_Stairway' took 0.777
[2017.11.20-21.16.36:513][  0]LogCollectionManager: Loaded 0 collections in 0.002196 seconds
[2017.11.20-21.16.36:713][  0]LogFileCache: Scanning file cache for directory 'C:/Users/Leszek/Documents/Unreal Projects/Reveal_Stairway/Reaveal_Stairway/Saved/Collections/' took 0.01s
[2017.11.20-21.16.36:713][  0]LogFileCache: Scanning file cache for directory 'C:/Users/Leszek/Documents/Unreal Projects/Reveal_Stairway/Reaveal_Stairway/Content/Developers/Leszek/Collections/' took 0.01s
[2017.11.20-21.16.36:713][  0]LogFileCache: Scanning file cache for directory 'C:/Users/Leszek/Documents/Unreal Projects/Reveal_Stairway/Reaveal_Stairway/Content/Collections/' took 0.01s
[2017.11.20-21.16.36:713][  0]LogCollectionManager: Rebuilt the GUID cache for 0 collections in 0.000001 seconds
[2017.11.20-21.16.36:727][  0]LogContentBrowser: Native class hierarchy populated in 0.0131 seconds. Added 2386 classes and 500 folders.
[2017.11.20-21.16.36:826][  0]LogContentBrowser: Native class hierarchy updated for 'WidgetCarousel' in 0.0006 seconds. Added 0 classes and 0 folders.
[2017.11.20-21.16.36:870][  0]LogContentBrowser: Native class hierarchy updated for 'AddContentDialog' in 0.0006 seconds. Added 0 classes and 0 folders.
[2017.11.20-21.16.36:931][  0]LogContentBrowser: Native class hierarchy updated for 'SceneOutliner' in 0.0006 seconds. Added 1 classes and 2 folders.
[2017.11.20-21.16.36:951][  0]LogSlate: Took 0.000236 seconds to synchronously load lazily loaded font '../../../Engine/Content/Slate/Fonts/Roboto-Regular.ttf' (155K)
[2017.11.20-21.16.36:953][  0]LogSlate: Took 0.000216 seconds to synchronously load lazily loaded font '../../../Engine/Content/Slate/Fonts/Roboto-Bold.ttf' (160K)
[2017.11.20-21.16.36:960][  0]LogSlate: Took 0.000384 seconds to synchronously load lazily loaded font '../../../Engine/Content/Editor/Slate/Fonts/FontAwesome.ttf' (139K)
[2017.11.20-21.16.37:053][  0]LogRenderer: Reallocating scene render targets to support 964x404 Format 10 NumSamples 1 (Frame:1).
[2017.11.20-21.16.37:315][  0]LogContentBrowser: Native class hierarchy updated for 'HierarchicalLODOutliner' in 0.0009 seconds. Added 1 classes and 2 folders.
[2017.11.20-21.16.37:315][  0]LogLoad: (Engine Initialization) Total time: 36.12 seconds
[2017.11.20-21.16.37:315][  0]LogLoad: (Engine Initialization) Total Blueprint compile time: 0.00 seconds
[2017.11.20-21.16.37:315][  0]LogExternalProfiler: No external profilers were discovered.  External profiling features will not be available.
[2017.11.20-21.16.37:678][  0]LogContentStreaming: Texture pool size now 1000 MB
[2017.11.20-21.16.37:736][  0]LogSlate: Took 0.000793 seconds to synchronously load lazily loaded font '../../../Engine/Content/Slate/Fonts/Roboto-Light.ttf' (159K)
[2017.11.20-21.16.38:689][  3]LogSlate: Took 0.000711 seconds to synchronously load lazily loaded font '../../../Engine/Content/Slate/Fonts/Roboto-Light.ttf' (159K)
[2017.11.20-21.16.39:011][  4]LogAssetRegistry: Asset discovery search completed in 24.3239 seconds
[2017.11.20-21.16.39:020][  4]LogCollectionManager: Rebuilt the object cache for 0 collections in 0.000001 seconds (found 0 objects)
[2017.11.20-21.16.39:020][  4]LogCollectionManager: Fixed up redirectors for 0 collections in 0.000205 seconds (updated 0 objects)
[2017.11.20-21.17.29:406][292]LogTemp: Repeating last play command: Selected Viewport
[2017.11.20-21.17.29:445][292]LogBlueprintUserMessages: Early PlayInEditor Detection: Level '/Game/Stairway_map/Reveal_Stairway.Reveal_Stairway:PersistentLevel' has LevelScriptBlueprint '/Game/Stairway_map/Reveal_Stairway.Reveal_Stairway:PersistentLevel.Reveal_Stairway' with GeneratedClass '/Game/Stairway_map/Reveal_Stairway.Reveal_Stairway_C' with ClassGeneratedBy '/Game/Stairway_map/Reveal_Stairway.Reveal_Stairway:PersistentLevel.Reveal_Stairway'
[2017.11.20-21.17.29:445][292]LogPlayLevel: PlayLevel: No blueprints needed recompiling
[2017.11.20-21.17.29:446][292]PIE: New page: PIE session: Reveal_Stairway (20 Nov 2017 21:17:29)
[2017.11.20-21.17.29:446][292]LogPlayLevel: Creating play world package: /Game/Stairway_map/UEDPIE_0_Reveal_Stairway
[2017.11.20-21.17.29:451][292]LogPlayLevel: PIE: StaticDuplicateObject took: (0.005610s)
[2017.11.20-21.17.29:452][292]LogAIModule: Creating AISystem for world Reveal_Stairway
[2017.11.20-21.17.29:452][292]LogPlayLevel: PIE: World Init took: (0.000797s)
[2017.11.20-21.17.29:453][292]LogPlayLevel: PIE: Created PIE world by copying editor world from /Game/Stairway_map/Reveal_Stairway.Reveal_Stairway to /Game/Stairway_map/UEDPIE_0_Reveal_Stairway.Reveal_Stairway (0.006730s)
[2017.11.20-21.17.29:465][292]LogInit: XAudio2 using 'Speakers / Headphones (Realtek Audio)' : 2 channels at 48 kHz using 32 bits per sample (channel mask 0x3)
[2017.11.20-21.17.29:478][292]LogInit: FAudioDevice initialized.
[2017.11.20-21.17.29:949][292]LogLoad: Game class is 'FirstPersonGameMode_C'
[2017.11.20-21.17.29:952][292]LogWorld: Bringing World /Game/Stairway_map/UEDPIE_0_Reveal_Stairway.Reveal_Stairway up for play (max tick rate 0) at 2017.11.20-21.17.29
[2017.11.20-21.17.29:953][292]LogWorld: Bringing up level for play took: 0.001945
[2017.11.20-21.17.30:012][292]LogContentBrowser: Native class hierarchy updated for 'MovieSceneCapture' in 0.0006 seconds. Added 11 classes and 0 folders.
[2017.11.20-21.17.30:015][292]PIE: Play in editor start time for /Game/Stairway_map/UEDPIE_0_Reveal_Stairway 1.405
[2017.11.20-21.17.30:016][292]LogBlueprintUserMessages: Late PlayInEditor Detection: Level '/Game/Stairway_map/Reveal_Stairway.Reveal_Stairway:PersistentLevel' has LevelScriptBlueprint '/Game/Stairway_map/Reveal_Stairway.Reveal_Stairway:PersistentLevel.Reveal_Stairway' with GeneratedClass '/Game/Stairway_map/Reveal_Stairway.Reveal_Stairway_C' with ClassGeneratedBy '/Game/Stairway_map/Reveal_Stairway.Reveal_Stairway:PersistentLevel.Reveal_Stairway'
[2017.11.20-21.18.10:420][703]LogBlueprintUserMessages: Early EndPlayMap Detection: Level '/Game/Stairway_map/Reveal_Stairway.Reveal_Stairway:PersistentLevel' has LevelScriptBlueprint '/Game/Stairway_map/Reveal_Stairway.Reveal_Stairway:PersistentLevel.Reveal_Stairway' with GeneratedClass '/Game/Stairway_map/Reveal_Stairway.Reveal_Stairway_C' with ClassGeneratedBy '/Game/Stairway_map/Reveal_Stairway.Reveal_Stairway:PersistentLevel.Reveal_Stairway'
[2017.11.20-21.18.10:464][703]LogBlueprintUserMessages: Late EndPlayMap Detection: Level '/Game/Stairway_map/Reveal_Stairway.Reveal_Stairway:PersistentLevel' has LevelScriptBlueprint '/Game/Stairway_map/Reveal_Stairway.Reveal_Stairway:PersistentLevel.Reveal_Stairway' with GeneratedClass '/Game/Stairway_map/Reveal_Stairway.Reveal_Stairway_C' with ClassGeneratedBy '/Game/Stairway_map/Reveal_Stairway.Reveal_Stairway:PersistentLevel.Reveal_Stairway'
[2017.11.20-21.34.46:068][389]LogRenderer: Reallocating scene render targets to support 964x408 Format 10 NumSamples 1 (Frame:13076).
[2017.11.20-21.34.46:142][390]LogRenderer: Reallocating scene render targets to support 964x412 Format 10 NumSamples 1 (Frame:13078).
[2017.11.20-21.34.46:198][391]LogRenderer: Reallocating scene render targets to support 964x424 Format 10 NumSamples 1 (Frame:13080).
[2017.11.20-21.34.46:242][392]LogRenderer: Reallocating scene render targets to support 964x432 Format 10 NumSamples 1 (Frame:13082).
[2017.11.20-21.34.46:284][393]LogRenderer: Reallocating scene render targets to support 964x440 Format 10 NumSamples 1 (Frame:13084).
[2017.11.20-21.34.46:345][394]LogRenderer: Reallocating scene render targets to support 964x448 Format 10 NumSamples 1 (Frame:13086).
[2017.11.20-21.34.46:415][395]LogRenderer: Reallocating scene render targets to support 964x460 Format 10 NumSamples 1 (Frame:13088).
[2017.11.20-21.34.46:479][396]LogRenderer: Reallocating scene render targets to support 964x476 Format 10 NumSamples 1 (Frame:13090).
[2017.11.20-21.34.46:545][397]LogRenderer: Reallocating scene render targets to support 964x488 Format 10 NumSamples 1 (Frame:13092).
[2017.11.20-21.34.46:606][398]LogRenderer: Reallocating scene render targets to support 964x504 Format 10 NumSamples 1 (Frame:13094).
[2017.11.20-21.34.46:681][399]LogRenderer: Reallocating scene render targets to support 964x508 Format 10 NumSamples 1 (Frame:13096).
[2017.11.20-21.34.46:738][400]LogRenderer: Reallocating scene render targets to support 964x512 Format 10 NumSamples 1 (Frame:13098).
[2017.11.20-21.34.46:790][401]LogRenderer: Reallocating scene render targets to support 964x520 Format 10 NumSamples 1 (Frame:13100).
[2017.11.20-21.34.46:844][402]LogRenderer: Reallocating scene render targets to support 964x524 Format 10 NumSamples 1 (Frame:13102).
[2017.11.20-21.34.46:931][403]LogRenderer: Reallocating scene render targets to support 964x528 Format 10 NumSamples 1 (Frame:13104).
[2017.11.20-21.34.47:006][404]LogRenderer: Reallocating scene render targets to support 964x540 Format 10 NumSamples 1 (Frame:13106).
[2017.11.20-21.34.47:071][405]LogRenderer: Reallocating scene render targets to support 964x544 Format 10 NumSamples 1 (Frame:13108).
[2017.11.20-21.34.47:181][409]LogRenderer: Reallocating scene render targets to support 964x548 Format 10 NumSamples 1 (Frame:13113).
[2017.11.20-21.55.53:081][835]LogSlate: Took 0.000301 seconds to synchronously load lazily loaded font '../../../Engine/Content/Slate/Fonts/Roboto-Light.ttf' (159K)
[2017.11.20-21.55.53:441][835]LogMetaData: Removing '/Game/Class_BluePrint/BP_Key_Pick_Up.BP_Key_Pick_Up:UserConstructionScript.K2Node_FunctionEntry_0' ref from Metadata '/Game/Class_BluePrint/BP_Key.PackageMetaData'
[2017.11.20-21.55.53:441][835]LogMetaData: Removing '/Game/Class_BluePrint/BP_Key_Pick_Up.BP_Key_Pick_Up_C' ref from Metadata '/Game/Class_BluePrint/BP_Key.PackageMetaData'
[2017.11.20-21.55.53:441][835]LogMetaData: Removing '/Game/Class_BluePrint/BP_Key_Pick_Up.SKEL_BP_Key_Pick_Up_C' ref from Metadata '/Game/Class_BluePrint/BP_Key.PackageMetaData'
[2017.11.20-21.55.53:628][835]LogSavePackage: Save=50.42ms
[2017.11.20-21.55.53:628][835]LogSavePackage: Moving '../../../../../../Users/Leszek/Documents/Unreal Projects/Reveal_Stairway/Reaveal_Stairway/Saved/BP_Key_Pick_UpDDBC84484BFD9F6D5E7C6DB638A360F4.tmp' to '../../../../../../Users/Leszek/Documents/Unreal Projects/Reveal_Stairway/Reaveal_Stairway/Content/Class_BluePrint/BP_Key_Pick_Up.uasset'
[2017.11.20-21.55.53:636][835]LogSavePackage: Display: Finished SavePackage ../../../../../../Users/Leszek/Documents/Unreal Projects/Reveal_Stairway/Reaveal_Stairway/Content/Class_BluePrint/BP_Key_Pick_Up.uasset
[2017.11.20-21.55.55:834][928]LogSavePackage: Save=155.72ms
[2017.11.20-21.55.55:834][928]LogSavePackage: Moving '../../../../../../Users/Leszek/Documents/Unreal Projects/Reveal_Stairway/Reaveal_Stairway/Saved/Reveal_Stairway831978474F120A6B1D1E94B55B66F2FB.tmp' to '../../../../../../Users/Leszek/Documents/Unreal Projects/Reveal_Stairway/Reaveal_Stairway/Content/Stairway_map/Reveal_Stairway.umap'
[2017.11.20-21.55.55:837][928]LogSavePackage: Display: Finished SavePackage ../../../../../../Users/Leszek/Documents/Unreal Projects/Reveal_Stairway/Reaveal_Stairway/Content/Stairway_map/Reveal_Stairway.umap
[2017.11.20-21.55.55:903][928]LogSavePackage: Save=12.36ms
[2017.11.20-21.55.55:903][928]LogSavePackage: Moving '../../../../../../Users/Leszek/Documents/Unreal Projects/Reveal_Stairway/Reaveal_Stairway/Saved/Reveal_Stairway_BuiltData42A4A800474351BCA9CC61BCF10C6467.tmp' to '../../../../../../Users/Leszek/Documents/Unreal Projects/Reveal_Stairway/Reaveal_Stairway/Content/Stairway_map/Reveal_Stairway_BuiltData.uasset'
[2017.11.20-21.55.55:905][928]LogSavePackage: Display: Finished SavePackage ../../../../../../Users/Leszek/Documents/Unreal Projects/Reveal_Stairway/Reaveal_Stairway/Content/Stairway_map/Reveal_Stairway_BuiltData.uasset
[2017.11.20-21.56.02:203][956]LogSlate: Took 0.000171 seconds to synchronously load lazily loaded font '../../../Engine/Content/Slate/Fonts/Roboto-Regular.ttf' (155K)
[2017.11.20-21.56.02:346][956]LogContentBrowser: Native class hierarchy updated for 'BlueprintGraph' in 0.0010 seconds. Added 113 classes and 0 folders.
[2017.11.20-21.56.03:224][956]LogSlate: Took 0.000300 seconds to synchronously load lazily loaded font '../../../Engine/Content/Editor/Slate/Fonts/Roboto-BoldCondensed.ttf' (158K)
[2017.11.20-21.56.13:681][473]LogSlate: Took 0.000439 seconds to synchronously load lazily loaded font '../../../Engine/Content/Editor/Slate/Fonts/Roboto-Italic.ttf' (157K)
[2017.11.20-21.56.15:123][554]LogRenderer: Reallocating scene render targets to support 964x724 Format 10 NumSamples 1 (Frame:1).
[2017.11.20-21.57.28:435][850]LogEditorViewport: Clicking on Actor (LMB): StaticMeshActor (Floor2)
[2017.11.20-21.57.29:069][880]LogEditorViewport: Clicking on Actor (LMB): StaticMeshActor (Jar_KEY)
[2017.11.20-21.57.30:738][971]Cmd: DELETE
[2017.11.20-21.57.30:738][971]Cmd: ACTOR DELETE
[2017.11.20-21.57.30:739][971]LogEditorActor: Deleted Actor: StaticMeshActor
[2017.11.20-21.57.30:772][971]LogEditorActor: Deleted 1 Actors (0.034 secs)
[2017.11.20-21.57.37:070][283]LogPhysics: Warning: Initialising Body : Scale3D is (nearly) zero: Component: '/Game/Stairway_map/Reveal_Stairway.Reveal_Stairway:PersistentLevel.BP_Key_Pick_Up_212.Key' 
[2017.11.20-21.57.37:071][283]LogPhysics: Warning: Initialising Body : Scale3D is (nearly) zero: Component: '/Game/Stairway_map/Reveal_Stairway.Reveal_Stairway:PersistentLevel.BP_Key_Pick_Up_212.Overlap_Volume' 
[2017.11.20-21.57.37:071][283]LogPhysics: Warning: Initialising Body : Scale3D is (nearly) zero: Component: '/Game/Stairway_map/Reveal_Stairway.Reveal_Stairway:PersistentLevel.BP_Key_Pick_Up_212.Key' 
[2017.11.20-21.57.57:992][419]LogSavePackage: Save=137.31ms
[2017.11.20-21.57.57:993][419]LogSavePackage: Moving '../../../../../../Users/Leszek/Documents/Unreal Projects/Reveal_Stairway/Reaveal_Stairway/Saved/Reveal_Stairway17FC88174206702E85B86990C01DD2D5.tmp' to '../../../../../../Users/Leszek/Documents/Unreal Projects/Reveal_Stairway/Reaveal_Stairway/Content/Stairway_map/Reveal_Stairway.umap'
[2017.11.20-21.57.57:997][419]LogSavePackage: Display: Finished SavePackage ../../../../../../Users/Leszek/Documents/Unreal Projects/Reveal_Stairway/Reaveal_Stairway/Content/Stairway_map/Reveal_Stairway.umap
[2017.11.20-21.57.58:056][419]LogSavePackage: Save=9.13ms
[2017.11.20-21.57.58:056][419]LogSavePackage: Moving '../../../../../../Users/Leszek/Documents/Unreal Projects/Reveal_Stairway/Reaveal_Stairway/Saved/Reveal_Stairway_BuiltDataEE3719654D5643913B4695A42CE6DD4F.tmp' to '../../../../../../Users/Leszek/Documents/Unreal Projects/Reveal_Stairway/Reaveal_Stairway/Content/Stairway_map/Reveal_Stairway_BuiltData.uasset'
[2017.11.20-21.57.58:058][419]LogSavePackage: Display: Finished SavePackage ../../../../../../Users/Leszek/Documents/Unreal Projects/Reveal_Stairway/Reaveal_Stairway/Content/Stairway_map/Reveal_Stairway_BuiltData.uasset
[2017.11.20-21.57.58:726][451]LogTemp: Repeating last play command: Selected Viewport
[2017.11.20-21.57.58:748][451]LogBlueprintUserMessages: Early PlayInEditor Detection: Level '/Game/Stairway_map/Reveal_Stairway.Reveal_Stairway:PersistentLevel' has LevelScriptBlueprint '/Game/Stairway_map/Reveal_Stairway.Reveal_Stairway:PersistentLevel.Reveal_Stairway' with GeneratedClass '/Game/Stairway_map/Reveal_Stairway.Reveal_Stairway_C' with ClassGeneratedBy '/Game/Stairway_map/Reveal_Stairway.Reveal_Stairway:PersistentLevel.Reveal_Stairway'
[2017.11.20-21.57.58:748][451]BlueprintLog: New page: Pre-Play auto-recompile
[2017.11.20-21.57.58:750][451]LogPlayLevel: [PlayLevel] Compiling BP_Key_Pick_Up before play...
[2017.11.20-21.57.59:216][451]LogPlayLevel: PlayLevel: Blueprint regeneration took 468 ms (1 blueprints)
[2017.11.20-21.57.59:217][451]PIE: New page: PIE session: Reveal_Stairway (20 Nov 2017 21:57:59)
[2017.11.20-21.57.59:217][451]LogPlayLevel: Creating play world package: /Game/Stairway_map/UEDPIE_0_Reveal_Stairway
[2017.11.20-21.57.59:227][451]LogPlayLevel: PIE: StaticDuplicateObject took: (0.009728s)
[2017.11.20-21.57.59:228][451]LogAIModule: Creating AISystem for world Reveal_Stairway
[2017.11.20-21.57.59:228][451]LogPlayLevel: PIE: World Init took: (0.001511s)
[2017.11.20-21.57.59:229][451]LogPlayLevel: PIE: Created PIE world by copying editor world from /Game/Stairway_map/Reveal_Stairway.Reveal_Stairway to /Game/Stairway_map/UEDPIE_0_Reveal_Stairway.Reveal_Stairway (0.011754s)
[2017.11.20-21.57.59:264][451]LogInit: XAudio2 using 'Speakers / Headphones (Realtek Audio)' : 2 channels at 48 kHz using 32 bits per sample (channel mask 0x3)
[2017.11.20-21.57.59:286][451]LogInit: FAudioDevice initialized.
[2017.11.20-21.57.59:324][451]LogLoad: Game class is 'FirstPersonGameMode_C'
[2017.11.20-21.57.59:329][451]LogWorld: Bringing World /Game/Stairway_map/UEDPIE_0_Reveal_Stairway.Reveal_Stairway up for play (max tick rate 60) at 2017.11.20-21.57.59
[2017.11.20-21.57.59:330][451]LogWorld: Bringing up level for play took: 0.004329
[2017.11.20-21.57.59:335][451]PIE: Play in editor start time for /Game/Stairway_map/UEDPIE_0_Reveal_Stairway 0.724
[2017.11.20-21.57.59:335][451]LogBlueprintUserMessages: Late PlayInEditor Detection: Level '/Game/Stairway_map/Reveal_Stairway.Reveal_Stairway:PersistentLevel' has LevelScriptBlueprint '/Game/Stairway_map/Reveal_Stairway.Reveal_Stairway:PersistentLevel.Reveal_Stairway' with GeneratedClass '/Game/Stairway_map/Reveal_Stairway.Reveal_Stairway_C' with ClassGeneratedBy '/Game/Stairway_map/Reveal_Stairway.Reveal_Stairway:PersistentLevel.Reveal_Stairway'
[2017.11.20-21.58.04:288][740]LogBlueprintUserMessages: Early EndPlayMap Detection: Level '/Game/Stairway_map/Reveal_Stairway.Reveal_Stairway:PersistentLevel' has LevelScriptBlueprint '/Game/Stairway_map/Reveal_Stairway.Reveal_Stairway:PersistentLevel.Reveal_Stairway' with GeneratedClass '/Game/Stairway_map/Reveal_Stairway.Reveal_Stairway_C' with ClassGeneratedBy '/Game/Stairway_map/Reveal_Stairway.Reveal_Stairway:PersistentLevel.Reveal_Stairway'
[2017.11.20-21.58.04:343][740]LogBlueprintUserMessages: Late EndPlayMap Detection: Level '/Game/Stairway_map/Reveal_Stairway.Reveal_Stairway:PersistentLevel' has LevelScriptBlueprint '/Game/Stairway_map/Reveal_Stairway.Reveal_Stairway:PersistentLevel.Reveal_Stairway' with GeneratedClass '/Game/Stairway_map/Reveal_Stairway.Reveal_Stairway_C' with ClassGeneratedBy '/Game/Stairway_map/Reveal_Stairway.Reveal_Stairway:PersistentLevel.Reveal_Stairway'
[2017.11.20-22.00.38:913][838]LogEditorTransaction: Undo Modify Component(s)
[2017.11.20-22.00.44:458][152]LogPhysics: Warning: Initialising Body : Scale3D is (nearly) zero: Component: '/Engine/Transient.World_7:PersistentLevel.Key_Pick_Up2_C_0.Collision' 
[2017.11.20-22.00.44:459][152]LogPhysics: Warning: Initialising Body : Scale3D is (nearly) zero: Component: '/Engine/Transient.World_7:PersistentLevel.Key_Pick_Up2_C_0.Collision' 
[2017.11.20-22.00.44:475][153]LogPhysics: Warning: Initialising Body : Scale3D is (nearly) zero: Component: '/Engine/Transient.World_7:PersistentLevel.Key_Pick_Up2_C_0.Collision' 
[2017.11.20-22.00.44:492][154]LogPhysics: Warning: Initialising Body : Scale3D is (nearly) zero: Component: '/Engine/Transient.World_7:PersistentLevel.Key_Pick_Up2_C_0.Collision' 
[2017.11.20-22.00.44:508][155]LogPhysics: Warning: Initialising Body : Scale3D is (nearly) zero: Component: '/Engine/Transient.World_7:PersistentLevel.Key_Pick_Up2_C_0.Collision' 
[2017.11.20-22.00.44:525][156]LogPhysics: Warning: Initialising Body : Scale3D is (nearly) zero: Component: '/Engine/Transient.World_7:PersistentLevel.Key_Pick_Up2_C_0.Collision' 
[2017.11.20-22.00.44:541][157]LogPhysics: Warning: Initialising Body : Scale3D is (nearly) zero: Component: '/Engine/Transient.World_7:PersistentLevel.Key_Pick_Up2_C_0.Collision' 
[2017.11.20-22.00.44:558][158]LogPhysics: Warning: Initialising Body : Scale3D is (nearly) zero: Component: '/Engine/Transient.World_7:PersistentLevel.Key_Pick_Up2_C_0.Collision' 
[2017.11.20-22.00.44:575][159]LogPhysics: Warning: Initialising Body : Scale3D is (nearly) zero: Component: '/Engine/Transient.World_7:PersistentLevel.Key_Pick_Up2_C_0.Collision' 
[2017.11.20-22.00.44:591][160]LogPhysics: Warning: Initialising Body : Scale3D is (nearly) zero: Component: '/Engine/Transient.World_7:PersistentLevel.Key_Pick_Up2_C_0.Collision' 
[2017.11.20-22.00.44:608][161]LogPhysics: Warning: Initialising Body : Scale3D is (nearly) zero: Component: '/Engine/Transient.World_7:PersistentLevel.Key_Pick_Up2_C_0.Collision' 
[2017.11.20-22.00.44:624][162]LogPhysics: Warning: Initialising Body : Scale3D is (nearly) zero: Component: '/Engine/Transient.World_7:PersistentLevel.Key_Pick_Up2_C_0.Collision' 
[2017.11.20-22.00.44:641][163]LogPhysics: Warning: Initialising Body : Scale3D is (nearly) zero: Component: '/Engine/Transient.World_7:PersistentLevel.Key_Pick_Up2_C_0.Collision' 
[2017.11.20-22.00.44:658][164]LogPhysics: Warning: Initialising Body : Scale3D is (nearly) zero: Component: '/Engine/Transient.World_7:PersistentLevel.Key_Pick_Up2_C_0.Collision' 
[2017.11.20-22.00.44:675][165]LogPhysics: Warning: Initialising Body : Scale3D is (nearly) zero: Component: '/Engine/Transient.World_7:PersistentLevel.Key_Pick_Up2_C_0.Collision' 
[2017.11.20-22.00.56:384][857]LogPhysics: Warning: Initialising Body : Scale3D is (nearly) zero: Component: '/Engine/Transient.World_7:PersistentLevel.Key_Pick_Up2_C_0.Collision' 
[2017.11.20-22.00.56:385][857]LogPhysics: Warning: Initialising Body : Scale3D is (nearly) zero: Component: '/Engine/Transient.World_7:PersistentLevel.Key_Pick_Up2_C_0.Collision' 
[2017.11.20-22.00.56:401][858]LogPhysics: Warning: Initialising Body : Scale3D is (nearly) zero: Component: '/Engine/Transient.World_7:PersistentLevel.Key_Pick_Up2_C_0.Collision' 
[2017.11.20-22.00.56:418][859]LogPhysics: Warning: Initialising Body : Scale3D is (nearly) zero: Component: '/Engine/Transient.World_7:PersistentLevel.Key_Pick_Up2_C_0.Collision' 
[2017.11.20-22.00.56:434][860]LogPhysics: Warning: Initialising Body : Scale3D is (nearly) zero: Component: '/Engine/Transient.World_7:PersistentLevel.Key_Pick_Up2_C_0.Collision' 
[2017.11.20-22.00.56:451][861]LogPhysics: Warning: Initialising Body : Scale3D is (nearly) zero: Component: '/Engine/Transient.World_7:PersistentLevel.Key_Pick_Up2_C_0.Collision' 
[2017.11.20-22.00.56:468][862]LogPhysics: Warning: Initialising Body : Scale3D is (nearly) zero: Component: '/Engine/Transient.World_7:PersistentLevel.Key_Pick_Up2_C_0.Collision' 
[2017.11.20-22.00.56:485][863]LogPhysics: Warning: Initialising Body : Scale3D is (nearly) zero: Component: '/Engine/Transient.World_7:PersistentLevel.Key_Pick_Up2_C_0.Collision' 
[2017.11.20-22.00.56:500][864]LogPhysics: Warning: Initialising Body : Scale3D is (nearly) zero: Component: '/Engine/Transient.World_7:PersistentLevel.Key_Pick_Up2_C_0.Collision' 
[2017.11.20-22.00.56:518][865]LogPhysics: Warning: Initialising Body : Scale3D is (nearly) zero: Component: '/Engine/Transient.World_7:PersistentLevel.Key_Pick_Up2_C_0.Collision' 
[2017.11.20-22.00.56:535][866]LogPhysics: Warning: Initialising Body : Scale3D is (nearly) zero: Component: '/Engine/Transient.World_7:PersistentLevel.Key_Pick_Up2_C_0.Collision' 
[2017.11.20-22.00.56:551][867]LogPhysics: Warning: Initialising Body : Scale3D is (nearly) zero: Component: '/Engine/Transient.World_7:PersistentLevel.Key_Pick_Up2_C_0.Collision' 
[2017.11.20-22.00.56:567][868]LogPhysics: Warning: Initialising Body : Scale3D is (nearly) zero: Component: '/Engine/Transient.World_7:PersistentLevel.Key_Pick_Up2_C_0.Collision' 
[2017.11.20-22.00.56:583][869]LogPhysics: Warning: Initialising Body : Scale3D is (nearly) zero: Component: '/Engine/Transient.World_7:PersistentLevel.Key_Pick_Up2_C_0.Collision' 
[2017.11.20-22.00.56:601][870]LogPhysics: Warning: Initialising Body : Scale3D is (nearly) zero: Component: '/Engine/Transient.World_7:PersistentLevel.Key_Pick_Up2_C_0.Collision' 
[2017.11.20-22.00.56:617][871]LogPhysics: Warning: Initialising Body : Scale3D is (nearly) zero: Component: '/Engine/Transient.World_7:PersistentLevel.Key_Pick_Up2_C_0.Collision' 
[2017.11.20-22.00.56:633][872]LogPhysics: Warning: Initialising Body : Scale3D is (nearly) zero: Component: '/Engine/Transient.World_7:PersistentLevel.Key_Pick_Up2_C_0.Collision' 
[2017.11.20-22.00.56:650][873]LogPhysics: Warning: Initialising Body : Scale3D is (nearly) zero: Component: '/Engine/Transient.World_7:PersistentLevel.Key_Pick_Up2_C_0.Collision' 
[2017.11.20-22.00.56:667][874]LogPhysics: Warning: Initialising Body : Scale3D is (nearly) zero: Component: '/Engine/Transient.World_7:PersistentLevel.Key_Pick_Up2_C_0.Collision' 
[2017.11.20-22.00.56:684][875]LogPhysics: Warning: Initialising Body : Scale3D is (nearly) zero: Component: '/Engine/Transient.World_7:PersistentLevel.Key_Pick_Up2_C_0.Collision' 
[2017.11.20-22.00.56:700][876]LogPhysics: Warning: Initialising Body : Scale3D is (nearly) zero: Component: '/Engine/Transient.World_7:PersistentLevel.Key_Pick_Up2_C_0.Collision' 
[2017.11.20-22.00.56:717][877]LogPhysics: Warning: Initialising Body : Scale3D is (nearly) zero: Component: '/Engine/Transient.World_7:PersistentLevel.Key_Pick_Up2_C_0.Collision' 
[2017.11.20-22.00.56:734][878]LogPhysics: Warning: Initialising Body : Scale3D is (nearly) zero: Component: '/Engine/Transient.World_7:PersistentLevel.Key_Pick_Up2_C_0.Collision' 
[2017.11.20-22.00.56:750][879]LogPhysics: Warning: Initialising Body : Scale3D is (nearly) zero: Component: '/Engine/Transient.World_7:PersistentLevel.Key_Pick_Up2_C_0.Collision' 
[2017.11.20-22.00.56:767][880]LogPhysics: Warning: Initialising Body : Scale3D is (nearly) zero: Component: '/Engine/Transient.World_7:PersistentLevel.Key_Pick_Up2_C_0.Collision' 
[2017.11.20-22.00.56:783][881]LogPhysics: Warning: Initialising Body : Scale3D is (nearly) zero: Component: '/Engine/Transient.World_7:PersistentLevel.Key_Pick_Up2_C_0.Collision' 
[2017.11.20-22.00.56:800][882]LogPhysics: Warning: Initialising Body : Scale3D is (nearly) zero: Component: '/Engine/Transient.World_7:PersistentLevel.Key_Pick_Up2_C_0.Collision' 
[2017.11.20-22.00.56:817][883]LogPhysics: Warning: Initialising Body : Scale3D is (nearly) zero: Component: '/Engine/Transient.World_7:PersistentLevel.Key_Pick_Up2_C_0.Collision' 
[2017.11.20-22.00.56:834][884]LogPhysics: Warning: Initialising Body : Scale3D is (nearly) zero: Component: '/Engine/Transient.World_7:PersistentLevel.Key_Pick_Up2_C_0.Collision' 
[2017.11.20-22.00.56:850][885]LogPhysics: Warning: Initialising Body : Scale3D is (nearly) zero: Component: '/Engine/Transient.World_7:PersistentLevel.Key_Pick_Up2_C_0.Collision' 
[2017.11.20-22.00.56:868][886]LogPhysics: Warning: Initialising Body : Scale3D is (nearly) zero: Component: '/Engine/Transient.World_7:PersistentLevel.Key_Pick_Up2_C_0.Collision' 
[2017.11.20-22.00.56:886][887]LogPhysics: Warning: Initialising Body : Scale3D is (nearly) zero: Component: '/Engine/Transient.World_7:PersistentLevel.Key_Pick_Up2_C_0.Collision' 
[2017.11.20-22.00.56:903][888]LogPhysics: Warning: Initialising Body : Scale3D is (nearly) zero: Component: '/Engine/Transient.World_7:PersistentLevel.Key_Pick_Up2_C_0.Collision' 
[2017.11.20-22.00.56:920][889]LogPhysics: Warning: Initialising Body : Scale3D is (nearly) zero: Component: '/Engine/Transient.World_7:PersistentLevel.Key_Pick_Up2_C_0.Collision' 
[2017.11.20-22.02.07:041][928]LogRenderer: Reallocating scene render targets to support 1144x748 Format 10 NumSamples 1 (Frame:1).
[2017.11.20-22.03.01:106][ 78]BlueprintLog: New page: Compile Key_Pick_Up2
[2017.11.20-22.03.14:859][768]Cmd: DELETE
[2017.11.20-22.03.14:859][768]Cmd: ACTOR DELETE
[2017.11.20-22.03.14:860][768]LogEditorActor: Deleted Actor: Key_Pick_Up2_C
[2017.11.20-22.03.14:913][768]LogEditorActor: Deleted 1 Actors (0.054 secs)
[2017.11.20-22.05.08:313][342]LogActorComponent: UnregisterComponent: (/Engine/Transient.EditorFloorComp) Not registered. Aborting.
[2017.11.20-22.05.21:692][948]LogPhysics: Warning: Initialising Body : Scale3D is (nearly) zero: Component: '/Game/Stairway_map/Reveal_Stairway.Reveal_Stairway:PersistentLevel.Key_Pick_Up2_391.KEY' 
[2017.11.20-22.05.21:692][948]LogPhysics: Warning: Initialising Body : Scale3D is (nearly) zero: Component: '/Game/Stairway_map/Reveal_Stairway.Reveal_Stairway:PersistentLevel.Key_Pick_Up2_391.Collision' 
[2017.11.20-22.05.21:692][948]LogPhysics: Warning: Initialising Body : Scale3D is (nearly) zero: Component: '/Game/Stairway_map/Reveal_Stairway.Reveal_Stairway:PersistentLevel.Key_Pick_Up2_391.KEY' 
[2017.11.20-22.06.19:853][131]LogEditorTransaction: Undo Modify Component(s)
[2017.11.20-22.06.22:354][248]LogEditorViewport: Clicking on Actor (LMB): BP_Sky_Sphere_C (Sky Sphere)
[2017.11.20-22.06.23:094][281]LogEditorViewport: Clicking on Actor (LMB): StaticMeshActor (WALL_for_DDoor)
[2017.11.20-22.06.23:412][297]LogEditorViewport: Clicking on Actor (LMB): Key_Pick_Up2_C (Key_Pick_Up2)
[2017.11.20-22.06.46:502][487]LogEditorViewport: Clicking on Actor (LMB): Key_Pick_Up2_C (Key_Pick_Up2)
[2017.11.20-22.06.47:137][521]LogEditorViewport: Clicking on Actor (LMB): Key_Pick_Up2_C (Key_Pick_Up2)
[2017.11.20-22.06.52:418][805]LogTemp: Repeating last play command: Selected Viewport
[2017.11.20-22.06.52:440][805]LogBlueprintUserMessages: Early PlayInEditor Detection: Level '/Game/Stairway_map/Reveal_Stairway.Reveal_Stairway:PersistentLevel' has LevelScriptBlueprint '/Game/Stairway_map/Reveal_Stairway.Reveal_Stairway:PersistentLevel.Reveal_Stairway' with GeneratedClass '/Game/Stairway_map/Reveal_Stairway.Reveal_Stairway_C' with ClassGeneratedBy '/Game/Stairway_map/Reveal_Stairway.Reveal_Stairway:PersistentLevel.Reveal_Stairway'
[2017.11.20-22.06.52:440][805]BlueprintLog: New page: Pre-Play auto-recompile
[2017.11.20-22.06.52:442][805]LogPlayLevel: [PlayLevel] Compiling Key_Pick_Up2 before play...
[2017.11.20-22.06.52:783][805]LogPlayLevel: PlayLevel: Blueprint regeneration took 343 ms (1 blueprints)
[2017.11.20-22.06.52:783][805]PIE: New page: PIE session: Reveal_Stairway (20 Nov 2017 22:06:52)
[2017.11.20-22.06.52:783][805]LogPlayLevel: Creating play world package: /Game/Stairway_map/UEDPIE_0_Reveal_Stairway
[2017.11.20-22.06.52:789][805]LogPlayLevel: PIE: StaticDuplicateObject took: (0.005637s)
[2017.11.20-22.06.52:790][805]LogAIModule: Creating AISystem for world Reveal_Stairway
[2017.11.20-22.06.52:790][805]LogPlayLevel: PIE: World Init took: (0.001101s)
[2017.11.20-22.06.52:790][805]LogPlayLevel: PIE: Created PIE world by copying editor world from /Game/Stairway_map/Reveal_Stairway.Reveal_Stairway to /Game/Stairway_map/UEDPIE_0_Reveal_Stairway.Reveal_Stairway (0.006982s)
[2017.11.20-22.06.52:809][805]LogInit: XAudio2 using 'Speakers / Headphones (Realtek Audio)' : 2 channels at 48 kHz using 32 bits per sample (channel mask 0x3)
[2017.11.20-22.06.52:822][805]LogInit: FAudioDevice initialized.
[2017.11.20-22.06.52:866][805]LogLoad: Game class is 'FirstPersonGameMode_C'
[2017.11.20-22.06.52:875][805]LogWorld: Bringing World /Game/Stairway_map/UEDPIE_0_Reveal_Stairway.Reveal_Stairway up for play (max tick rate 60) at 2017.11.20-22.06.52
[2017.11.20-22.06.52:876][805]LogWorld: Bringing up level for play took: 0.007355
[2017.11.20-22.06.52:883][805]PIE: Play in editor start time for /Game/Stairway_map/UEDPIE_0_Reveal_Stairway 0.273
[2017.11.20-22.06.52:884][805]LogBlueprintUserMessages: Late PlayInEditor Detection: Level '/Game/Stairway_map/Reveal_Stairway.Reveal_Stairway:PersistentLevel' has LevelScriptBlueprint '/Game/Stairway_map/Reveal_Stairway.Reveal_Stairway:PersistentLevel.Reveal_Stairway' with GeneratedClass '/Game/Stairway_map/Reveal_Stairway.Reveal_Stairway_C' with ClassGeneratedBy '/Game/Stairway_map/Reveal_Stairway.Reveal_Stairway:PersistentLevel.Reveal_Stairway'
[2017.11.20-22.06.58:510][130]LogBlueprintUserMessages: Early EndPlayMap Detection: Level '/Game/Stairway_map/Reveal_Stairway.Reveal_Stairway:PersistentLevel' has LevelScriptBlueprint '/Game/Stairway_map/Reveal_Stairway.Reveal_Stairway:PersistentLevel.Reveal_Stairway' with GeneratedClass '/Game/Stairway_map/Reveal_Stairway.Reveal_Stairway_C' with ClassGeneratedBy '/Game/Stairway_map/Reveal_Stairway.Reveal_Stairway:PersistentLevel.Reveal_Stairway'
[2017.11.20-22.06.58:563][130]LogBlueprintUserMessages: Late EndPlayMap Detection: Level '/Game/Stairway_map/Reveal_Stairway.Reveal_Stairway:PersistentLevel' has LevelScriptBlueprint '/Game/Stairway_map/Reveal_Stairway.Reveal_Stairway:PersistentLevel.Reveal_Stairway' with GeneratedClass '/Game/Stairway_map/Reveal_Stairway.Reveal_Stairway_C' with ClassGeneratedBy '/Game/Stairway_map/Reveal_Stairway.Reveal_Stairway:PersistentLevel.Reveal_Stairway'
[2017.11.20-22.07.00:377][208]LogSavePackage: Save=177.97ms
[2017.11.20-22.07.00:377][208]LogSavePackage: Moving '../../../../../../Users/Leszek/Documents/Unreal Projects/Reveal_Stairway/Reaveal_Stairway/Saved/Reveal_StairwayC3FFC60844D3AD4D886D27B125612265.tmp' to '../../../../../../Users/Leszek/Documents/Unreal Projects/Reveal_Stairway/Reaveal_Stairway/Content/Stairway_map/Reveal_Stairway.umap'
[2017.11.20-22.07.00:383][208]LogSavePackage: Display: Finished SavePackage ../../../../../../Users/Leszek/Documents/Unreal Projects/Reveal_Stairway/Reaveal_Stairway/Content/Stairway_map/Reveal_Stairway.umap
[2017.11.20-22.07.00:455][208]LogSavePackage: Save=14.80ms
[2017.11.20-22.07.00:455][208]LogSavePackage: Moving '../../../../../../Users/Leszek/Documents/Unreal Projects/Reveal_Stairway/Reaveal_Stairway/Saved/Reveal_Stairway_BuiltDataC271E3884CC03C43A6285589A933CA4B.tmp' to '../../../../../../Users/Leszek/Documents/Unreal Projects/Reveal_Stairway/Reaveal_Stairway/Content/Stairway_map/Reveal_Stairway_BuiltData.uasset'
[2017.11.20-22.07.00:458][208]LogSavePackage: Display: Finished SavePackage ../../../../../../Users/Leszek/Documents/Unreal Projects/Reveal_Stairway/Reaveal_Stairway/Content/Stairway_map/Reveal_Stairway_BuiltData.uasset
[2017.11.20-22.17.01:085][922]LogSavePackage: Save=291.16ms
[2017.11.20-22.17.01:085][922]LogSavePackage: Moving '../../../../../../Users/Leszek/Documents/Unreal Projects/Reveal_Stairway/Reaveal_Stairway/Saved/Reveal_Stairway_Auto1E88DE68D4200C4458C544098B46A57AB.tmp' to '../../../../../../Users/Leszek/Documents/Unreal Projects/Reveal_Stairway/Reaveal_Stairway/Saved/Autosaves/Game/Stairway_map/Reveal_Stairway_Auto1.umap'
[2017.11.20-22.17.01:091][922]LogSavePackage: Display: Finished SavePackage ../../../../../../Users/Leszek/Documents/Unreal Projects/Reveal_Stairway/Reaveal_Stairway/Saved/Autosaves/Game/Stairway_map/Reveal_Stairway_Auto1.umap
[2017.11.20-22.17.01:095][922]LogFileHelpers: Editor autosave (incl. sublevels) for '/Game/Stairway_map/Reveal_Stairway' took 0.416
[2017.11.20-22.17.01:095][922]LogFileHelpers: Editor autosave (incl. sublevels) for all levels took 0.416
[2017.11.20-22.17.01:101][922]OBJ SavePackage: Generating thumbnails for [1] asset(s) in package [/Game/Class_BluePrint/Key_Pick_Up2] ([1] browsable assets)...
[2017.11.20-22.17.01:148][922]OBJ SavePackage:     Rendered thumbnail for [Blueprint /Game/Class_BluePrint/Key_Pick_Up2.Key_Pick_Up2]
[2017.11.20-22.17.01:148][922]OBJ SavePackage: Finished generating thumbnails for package [/Game/Class_BluePrint/Key_Pick_Up2]
[2017.11.20-22.17.01:191][922]LogSavePackage: Save=39.94ms
[2017.11.20-22.17.01:192][922]LogSavePackage: Moving '../../../../../../Users/Leszek/Documents/Unreal Projects/Reveal_Stairway/Reaveal_Stairway/Saved/Key_Pick_Up2_Auto12BBFB1554D3C6AEE107402BA5633B0B4.tmp' to '../../../../../../Users/Leszek/Documents/Unreal Projects/Reveal_Stairway/Reaveal_Stairway/Saved/Autosaves/Game/Class_BluePrint/Key_Pick_Up2_Auto1.uasset'
[2017.11.20-22.17.01:194][922]LogSavePackage: Display: Finished SavePackage ../../../../../../Users/Leszek/Documents/Unreal Projects/Reveal_Stairway/Reaveal_Stairway/Saved/Autosaves/Game/Class_BluePrint/Key_Pick_Up2_Auto1.uasset
[2017.11.20-22.17.01:194][922]LogFileHelpers: Auto-saving content packages took 0.095
[2017.11.20-22.52.12:416][758]LogFactory: FactoryCreateFile: Texture with ReimportTextureFactory (0 0 ../../../../../../Users/Leszek/Documents/Unreal Projects/Reveal_Stairway/UI Inventory.png)
[2017.11.20-22.52.12:433][758]LogTexture: Display: Building textures: UI_Inventory (BGRA8, 945X327)
[2017.11.20-22.52.12:602][759]LogFileHelpers: Editor autosave (incl. sublevels) for '/Game/Stairway_map/Reveal_Stairway' took 0.020
[2017.11.20-22.52.12:605][759]OBJ SavePackage: Generating thumbnails for [1] asset(s) in package [/Game/Class_BluePrint/UI_Inventory] ([1] browsable assets)...
[2017.11.20-22.52.12:608][759]OBJ SavePackage:     Rendered thumbnail for [Texture2D /Game/Class_BluePrint/UI_Inventory.UI_Inventory]
[2017.11.20-22.52.12:608][759]OBJ SavePackage: Finished generating thumbnails for package [/Game/Class_BluePrint/UI_Inventory]
[2017.11.20-22.52.12:614][759]LogSavePackage: Save=4.84ms
[2017.11.20-22.52.12:615][759]LogSavePackage: Moving '../../../../../../Users/Leszek/Documents/Unreal Projects/Reveal_Stairway/Reaveal_Stairway/Saved/UI_Inventory_Auto244899FA1466B5E1D3DBB458F02AA1462.tmp' to '../../../../../../Users/Leszek/Documents/Unreal Projects/Reveal_Stairway/Reaveal_Stairway/Saved/Autosaves/Game/Class_BluePrint/UI_Inventory_Auto2.uasset'
[2017.11.20-22.52.12:617][759]LogSavePackage: Display: Finished SavePackage ../../../../../../Users/Leszek/Documents/Unreal Projects/Reveal_Stairway/Reaveal_Stairway/Saved/Autosaves/Game/Class_BluePrint/UI_Inventory_Auto2.uasset
[2017.11.20-22.52.12:617][759]LogFileHelpers: Auto-saving content packages took 0.014
[2017.11.20-22.52.50:066][966]LogContentBrowser: Native class hierarchy updated for 'TextureEditor' in 0.0009 seconds. Added 1 classes and 2 folders.
[2017.11.20-22.55.03:967][998]LogSavePackage: Save=24.38ms
[2017.11.20-22.55.03:967][998]LogSavePackage: Moving '../../../../../../Users/Leszek/Documents/Unreal Projects/Reveal_Stairway/Reaveal_Stairway/Saved/UI_Inventory2D8D256740F7A6D862DF3399D93ED06E.tmp' to '../../../../../../Users/Leszek/Documents/Unreal Projects/Reveal_Stairway/Reaveal_Stairway/Content/Class_BluePrint/Inventory/UI_Inventory.uasset'
[2017.11.20-22.55.03:971][998]LogSavePackage: Display: Finished SavePackage ../../../../../../Users/Leszek/Documents/Unreal Projects/Reveal_Stairway/Reaveal_Stairway/Content/Class_BluePrint/Inventory/UI_Inventory.uasset
[2017.11.20-22.55.20:511][119]LogSavePackage: Save=143.18ms
[2017.11.20-22.55.20:511][119]LogSavePackage: Moving '../../../../../../Users/Leszek/Documents/Unreal Projects/Reveal_Stairway/Reaveal_Stairway/Saved/Reveal_StairwayCE2AFA444C2CE8C970959283F57D2927.tmp' to '../../../../../../Users/Leszek/Documents/Unreal Projects/Reveal_Stairway/Reaveal_Stairway/Content/Stairway_map/Reveal_Stairway.umap'
[2017.11.20-22.55.20:515][119]LogSavePackage: Display: Finished SavePackage ../../../../../../Users/Leszek/Documents/Unreal Projects/Reveal_Stairway/Reaveal_Stairway/Content/Stairway_map/Reveal_Stairway.umap
[2017.11.20-22.55.20:568][119]LogSavePackage: Save=9.32ms
[2017.11.20-22.55.20:568][119]LogSavePackage: Moving '../../../../../../Users/Leszek/Documents/Unreal Projects/Reveal_Stairway/Reaveal_Stairway/Saved/Reveal_Stairway_BuiltDataBB08E625468C1A06E4929690DB7B9D55.tmp' to '../../../../../../Users/Leszek/Documents/Unreal Projects/Reveal_Stairway/Reaveal_Stairway/Content/Stairway_map/Reveal_Stairway_BuiltData.uasset'
[2017.11.20-22.55.20:570][119]LogSavePackage: Display: Finished SavePackage ../../../../../../Users/Leszek/Documents/Unreal Projects/Reveal_Stairway/Reaveal_Stairway/Content/Stairway_map/Reveal_Stairway_BuiltData.uasset
[2017.11.20-22.55.20:944][126]LogSavePackage: Save=140.06ms
[2017.11.20-22.55.20:944][126]LogSavePackage: Moving '../../../../../../Users/Leszek/Documents/Unreal Projects/Reveal_Stairway/Reaveal_Stairway/Saved/Reveal_Stairway686A5AA54A10988C7F07DB9637A50AF4.tmp' to '../../../../../../Users/Leszek/Documents/Unreal Projects/Reveal_Stairway/Reaveal_Stairway/Content/Stairway_map/Reveal_Stairway.umap'
[2017.11.20-22.55.20:946][126]LogSavePackage: Display: Finished SavePackage ../../../../../../Users/Leszek/Documents/Unreal Projects/Reveal_Stairway/Reaveal_Stairway/Content/Stairway_map/Reveal_Stairway.umap
[2017.11.20-22.55.20:985][126]LogSavePackage: Save=7.00ms
[2017.11.20-22.55.20:985][126]LogSavePackage: Moving '../../../../../../Users/Leszek/Documents/Unreal Projects/Reveal_Stairway/Reaveal_Stairway/Saved/Reveal_Stairway_BuiltData5B1FC6E54C997C72CC5DB496320F82A6.tmp' to '../../../../../../Users/Leszek/Documents/Unreal Projects/Reveal_Stairway/Reaveal_Stairway/Content/Stairway_map/Reveal_Stairway_BuiltData.uasset'
[2017.11.20-22.55.20:987][126]LogSavePackage: Display: Finished SavePackage ../../../../../../Users/Leszek/Documents/Unreal Projects/Reveal_Stairway/Reaveal_Stairway/Content/Stairway_map/Reveal_Stairway_BuiltData.uasset
[2017.11.20-22.55.23:748][188]LogSavePackage: Save=26.41ms
[2017.11.20-22.55.23:748][188]LogSavePackage: Moving '../../../../../../Users/Leszek/Documents/Unreal Projects/Reveal_Stairway/Reaveal_Stairway/Saved/Key_Pick_Up26580EB224707596E6ACF888D8BB385E6.tmp' to '../../../../../../Users/Leszek/Documents/Unreal Projects/Reveal_Stairway/Reaveal_Stairway/Content/Class_BluePrint/Key_Pick_Up2.uasset'
[2017.11.20-22.55.23:752][188]LogSavePackage: Display: Finished SavePackage ../../../../../../Users/Leszek/Documents/Unreal Projects/Reveal_Stairway/Reaveal_Stairway/Content/Class_BluePrint/Key_Pick_Up2.uasset
[2017.11.20-22.55.23:898][188]LogWindowsTextInputMethodSystem: Display: IME system now deactivated.
[2017.11.20-22.55.23:899][188]LogWindowsTextInputMethodSystem: Display: IME system now deactivated.
[2017.11.20-22.55.24:104][189]Cmd: QUIT_EDITOR
[2017.11.20-22.55.24:150][189]LogExit: Preparing to exit.
[2017.11.20-22.55.24:869][189]LogDirectoryWatcher: A directory notification for 'C:/Users/Leszek/Documents/Unreal Projects/Reveal_Stairway/Reaveal_Stairway/Content/' was aborted.
[2017.11.20-22.55.24:963][189]LogExit: Editor shut down
[2017.11.20-22.55.24:990][189]LogExit: Transaction tracking system shut down
[2017.11.20-22.55.25:267][189]LogDirectoryWatcher: A directory notification for '../../../Engine/Content/' was aborted.
[2017.11.20-22.55.25:267][189]LogDirectoryWatcher: A directory notification for '../../../../../../Users/Leszek/Documents/Unreal Projects/Reveal_Stairway/Reaveal_Stairway/Content/' was aborted.
[2017.11.20-22.55.25:267][189]LogDirectoryWatcher: A directory notification for '../../../Engine/Plugins/2D/Paper2D/Content/' was aborted.
[2017.11.20-22.55.25:267][189]LogDirectoryWatcher: A directory notification for '../../../Engine/Plugins/Runtime/Oculus/OculusVR/Content/' was aborted.
[2017.11.20-22.55.25:267][189]LogDirectoryWatcher: A directory notification for '../../../Engine/Plugins/Runtime/Steam/SteamVR/Content/' was aborted.
[2017.11.20-22.55.25:537][189]LogExit: Object subsystem successfully closed.
[2017.11.20-22.55.25:564][189]LogD3D11RHI: Shutdown
[2017.11.20-22.55.25:564][189]LogD3D11RHI: CleanupD3DDevice
[2017.11.20-22.55.25:687][189]LogD3D11RHI: ~FD3D11DynamicRHI
[2017.11.20-22.55.25:706][189]LogModuleManager: Shutting down and abandoning module TextureEditor (542)
[2017.11.20-22.55.25:706][189]LogModuleManager: Shutting down and abandoning module StaticMeshEditor (540)
[2017.11.20-22.55.25:706][189]LogModuleManager: Shutting down and abandoning module HierarchicalLODUtilities (538)
[2017.11.20-22.55.25:706][189]LogModuleManager: Shutting down and abandoning module BlueprintGraph (536)
[2017.11.20-22.55.25:706][189]LogModuleManager: Shutting down and abandoning module BlueprintProfiler (534)
[2017.11.20-22.55.25:706][189]LogModuleManager: Shutting down and abandoning module MovieSceneCapture (532)
[2017.11.20-22.55.25:706][189]LogModuleManager: Shutting down and abandoning module HierarchicalLODOutliner (530)
[2017.11.20-22.55.25:706][189]LogModuleManager: Shutting down and abandoning module SceneOutliner (528)
[2017.11.20-22.55.25:706][189]LogModuleManager: Shutting down and abandoning module AddContentDialog (526)
[2017.11.20-22.55.25:706][189]LogDirectoryWatcher: A directory notification for 'C:/Program Files/Epic Games/UE_4.17/FeaturePacks/' was aborted.
[2017.11.20-22.55.25:712][189]LogModuleManager: Shutting down and abandoning module WidgetCarousel (525)
[2017.11.20-22.55.25:712][189]LogModuleManager: Shutting down and abandoning module EditorWidgets (522)
[2017.11.20-22.55.25:712][189]LogModuleManager: Shutting down and abandoning module CollectionManager (520)
[2017.11.20-22.55.25:712][189]LogDirectoryWatcher: A directory notification for 'C:/Users/Leszek/Documents/Unreal Projects/Reveal_Stairway/Reaveal_Stairway/Content/Collections/' was aborted.
[2017.11.20-22.55.25:712][189]LogDirectoryWatcher: A directory notification for 'C:/Users/Leszek/Documents/Unreal Projects/Reveal_Stairway/Reaveal_Stairway/Content/Developers/Leszek/Collections/' was aborted.
[2017.11.20-22.55.25:713][189]LogDirectoryWatcher: A directory notification for 'C:/Users/Leszek/Documents/Unreal Projects/Reveal_Stairway/Reaveal_Stairway/Saved/Collections/' was aborted.
[2017.11.20-22.55.25:713][189]LogModuleManager: Shutting down and abandoning module StatsViewer (518)
[2017.11.20-22.55.25:713][189]LogModuleManager: Shutting down and abandoning module FoliageEdit (516)
[2017.11.20-22.55.25:713][189]LogModuleManager: Shutting down and abandoning module LandscapeEditor (514)
[2017.11.20-22.55.25:713][189]LogModuleManager: Shutting down and abandoning module MeshPaintMode (512)
[2017.11.20-22.55.25:713][189]LogModuleManager: Shutting down and abandoning module SceneDepthPickerMode (510)
[2017.11.20-22.55.25:713][189]LogModuleManager: Shutting down and abandoning module ActorPickerMode (508)
[2017.11.20-22.55.25:713][189]LogModuleManager: Shutting down and abandoning module GeometryMode (506)
[2017.11.20-22.55.25:713][189]LogModuleManager: Shutting down and abandoning module TextureAlignMode (504)
[2017.11.20-22.55.25:713][189]LogModuleManager: Shutting down and abandoning module BspMode (502)
[2017.11.20-22.55.25:713][189]LogModuleManager: Shutting down and abandoning module PIEPreviewDeviceProfileSelector (500)
[2017.11.20-22.55.25:713][189]LogModuleManager: Shutting down and abandoning module HardwareSurvey (498)
[2017.11.20-22.55.25:713][189]LogModuleManager: Shutting down and abandoning module SequenceRecorderSections (496)
[2017.11.20-22.55.25:713][189]LogModuleManager: Shutting down and abandoning module AutomationWorker (494)
[2017.11.20-22.55.25:713][189]LogModuleManager: Shutting down and abandoning module MatineeToLevelSequence (492)
[2017.11.20-22.55.25:713][189]LogModuleManager: Shutting down and abandoning module LevelSequenceEditor (490)
[2017.11.20-22.55.25:713][189]LogModuleManager: Shutting down and abandoning module PlacementMode (489)
[2017.11.20-22.55.25:713][189]LogModuleManager: Shutting down and abandoning module WmfMediaFactory (486)
[2017.11.20-22.55.25:713][189]LogModuleManager: Shutting down and abandoning module WmfMediaEditor (484)
[2017.11.20-22.55.25:713][189]LogModuleManager: Shutting down and abandoning module AvfMediaFactory (482)
[2017.11.20-22.55.25:713][189]LogModuleManager: Shutting down and abandoning module AvfMediaEditor (480)
[2017.11.20-22.55.25:713][189]LogModuleManager: Shutting down and abandoning module AndroidMediaFactory (478)
[2017.11.20-22.55.25:713][189]LogModuleManager: Shutting down and abandoning module Media (477)
[2017.11.20-22.55.25:713][189]LogModuleManager: Shutting down and abandoning module AndroidMediaEditor (474)
[2017.11.20-22.55.25:713][189]LogModuleManager: Shutting down and abandoning module CharacterAI (472)
[2017.11.20-22.55.25:713][189]LogModuleManager: Shutting down and abandoning module AudioCapture (470)
[2017.11.20-22.55.25:713][189]LogModuleManager: Shutting down and abandoning module SequenceRecorder (469)
[2017.11.20-22.55.25:713][189]LogModuleManager: Shutting down and abandoning module SmartSnapping (466)
[2017.11.20-22.55.25:713][189]LogModuleManager: Shutting down and abandoning module SessionServices (464)
[2017.11.20-22.55.25:713][189]LogModuleManager: Shutting down and abandoning module ViewportSnapping (462)
[2017.11.20-22.55.25:713][189]LogModuleManager: Shutting down and abandoning module ViewportInteraction (460)
[2017.11.20-22.55.25:713][189]LogModuleManager: Shutting down and abandoning module ClothPainter (458)
[2017.11.20-22.55.25:713][189]LogModuleManager: Shutting down and abandoning module LogVisualizer (456)
[2017.11.20-22.55.25:714][189]LogModuleManager: Shutting down and abandoning module IntroTutorials (454)
[2017.11.20-22.55.25:714][189]LogModuleManager: Shutting down and abandoning module GameProjectGeneration (453)
[2017.11.20-22.55.25:714][189]LogModuleManager: Shutting down and abandoning module IOSPlatformEditor (450)
[2017.11.20-22.55.25:714][189]LogModuleManager: Shutting down and abandoning module HTML5PlatformEditor (448)
[2017.11.20-22.55.25:714][189]LogModuleManager: Shutting down and abandoning module AndroidPlatformEditor (446)
[2017.11.20-22.55.25:714][189]LogModuleManager: Shutting down and abandoning module AndroidDeviceDetection (445)
[2017.11.20-22.55.26:270][189]LogModuleManager: Shutting down and abandoning module WindowsPlatformEditor (442)
[2017.11.20-22.55.26:270][189]LogModuleManager: Shutting down and abandoning module IOSRuntimeSettings (440)
[2017.11.20-22.55.26:270][189]LogModuleManager: Shutting down and abandoning module AndroidRuntimeSettings (438)
[2017.11.20-22.55.26:270][189]LogModuleManager: Shutting down and abandoning module InputBindingEditor (436)
[2017.11.20-22.55.26:270][189]LogModuleManager: Shutting down and abandoning module MergeActors (434)
[2017.11.20-22.55.26:270][189]LogModuleManager: Shutting down and abandoning module SizeMap (432)
[2017.11.20-22.55.26:270][189]LogModuleManager: Shutting down and abandoning module TreeMap (430)
[2017.11.20-22.55.26:270][189]LogModuleManager: Shutting down and abandoning module ReferenceViewer (428)
[2017.11.20-22.55.26:270][189]LogModuleManager: Shutting down and abandoning module LocalizationDashboard (426)
[2017.11.20-22.55.26:270][189]LogModuleManager: Shutting down and abandoning module LocalizationService (425)
[2017.11.20-22.55.26:271][189]LogModuleManager: Shutting down and abandoning module HardwareTargeting (422)
[2017.11.20-22.55.26:271][189]LogModuleManager: Shutting down and abandoning module DeviceProfileEditor (420)
[2017.11.20-22.55.26:271][189]LogModuleManager: Shutting down and abandoning module UndoHistory (418)
[2017.11.20-22.55.26:271][189]LogModuleManager: Shutting down and abandoning module XmlParser (416)
[2017.11.20-22.55.26:271][189]LogModuleManager: Shutting down and abandoning module Blutility (414)
[2017.11.20-22.55.26:271][189]LogModuleManager: Shutting down and abandoning module ProjectSettingsViewer (412)
[2017.11.20-22.55.26:271][189]LogModuleManager: Shutting down and abandoning module ProjectTargetPlatformEditor (411)
[2017.11.20-22.55.26:271][189]LogModuleManager: Shutting down and abandoning module EditorSettingsViewer (408)
[2017.11.20-22.55.26:271][189]LogModuleManager: Shutting down and abandoning module SettingsEditor (406)
[2017.11.20-22.55.26:271][189]LogModuleManager: Shutting down and abandoning module ProjectLauncher (404)
[2017.11.20-22.55.26:271][189]LogModuleManager: Shutting down and abandoning module SessionFrontend (402)
[2017.11.20-22.55.26:271][189]LogModuleManager: Shutting down and abandoning module ProfilerClient (400)
[2017.11.20-22.55.26:271][189]LogModuleManager: Shutting down and abandoning module DeviceManager (398)
[2017.11.20-22.55.26:271][189]LogModuleManager: Shutting down and abandoning module TargetDeviceServices (397)
[2017.11.20-22.55.26:324][189]LogModuleManager: Shutting down and abandoning module AutomationController (394)
[2017.11.20-22.55.26:324][189]LogModuleManager: Shutting down and abandoning module AutomationWindow (392)
[2017.11.20-22.55.26:324][189]LogModuleManager: Shutting down and abandoning module Layers (390)
[2017.11.20-22.55.26:324][189]LogModuleManager: Shutting down and abandoning module ComponentVisualizers (388)
[2017.11.20-22.55.26:324][189]LogModuleManager: Shutting down and abandoning module DetailCustomizations (386)
[2017.11.20-22.55.26:324][189]LogModuleManager: Shutting down and abandoning module PackagesDialog (384)
[2017.11.20-22.55.26:325][189]LogModuleManager: Shutting down and abandoning module Persona (382)
[2017.11.20-22.55.26:325][189]LogModuleManager: Shutting down and abandoning module AdvancedPreviewScene (381)
[2017.11.20-22.55.26:325][189]LogModuleManager: Shutting down and abandoning module AnimGraph (379)
[2017.11.20-22.55.26:325][189]LogModuleManager: Shutting down and abandoning module Kismet (376)
[2017.11.20-22.55.26:345][189]LogModuleManager: Shutting down and abandoning module ClassViewer (374)
[2017.11.20-22.55.26:348][189]LogModuleManager: Shutting down and abandoning module Toolbox (372)
[2017.11.20-22.55.26:348][189]LogModuleManager: Shutting down and abandoning module ModuleUI (370)
[2017.11.20-22.55.26:348][189]LogModuleManager: Shutting down and abandoning module MovieSceneTools (368)
[2017.11.20-22.55.26:348][189]LogModuleManager: Shutting down and abandoning module OutputLog (366)
[2017.11.20-22.55.26:348][189]LogModuleManager: Shutting down and abandoning module GammaUI (364)
[2017.11.20-22.55.26:349][189]LogModuleManager: Shutting down and abandoning module Documentation (362)
[2017.11.20-22.55.26:349][189]LogModuleManager: Shutting down and abandoning module MovieSceneTracks (360)
[2017.11.20-22.55.26:349][189]LogModuleManager: Shutting down and abandoning module MovieScene (358)
[2017.11.20-22.55.26:349][189]LogModuleManager: Shutting down and abandoning module Niagara (356)
[2017.11.20-22.55.26:349][189]LogModuleManager: Shutting down and abandoning module NiagaraEditor (355)
[2017.11.20-22.55.26:349][189]LogModuleManager: Shutting down and abandoning module StreamingPauseRendering (352)
[2017.11.20-22.55.26:349][189]LogModuleManager: Shutting down and abandoning module LauncherPlatform (350)
[2017.11.20-22.55.26:349][189]LogModuleManager: Shutting down and abandoning module AnalyticsET (348)
[2017.11.20-22.55.26:350][189]LogModuleManager: Shutting down and abandoning module PortalServices (346)
[2017.11.20-22.55.26:350][189]LogModuleManager: Shutting down and abandoning module PortalRpc (344)
[2017.11.20-22.55.26:350][189]LogModuleManager: Shutting down and abandoning module MessagingRpc (342)
[2017.11.20-22.55.26:350][189]LogModuleManager: Shutting down and abandoning module AIModule (340)
[2017.11.20-22.55.26:350][189]LogModuleManager: Shutting down and abandoning module GameplayDebugger (339)
[2017.11.20-22.55.26:350][189]LogModuleManager: Shutting down and abandoning module AITestSuite (337)
[2017.11.20-22.55.26:350][189]LogModuleManager: Shutting down and abandoning module ProfilerService (334)
[2017.11.20-22.55.26:378][189]LogModuleManager: Shutting down and abandoning module TaskGraph (332)
[2017.11.20-22.55.26:378][189]LogModuleManager: Shutting down and abandoning module SteamVRController (330)
[2017.11.20-22.55.26:378][189]LogModuleManager: Shutting down and abandoning module ProceduralMeshComponentEditor (328)
[2017.11.20-22.55.26:378][189]LogModuleManager: Shutting down and abandoning module ProceduralMeshComponent (326)
[2017.11.20-22.55.26:378][189]LogModuleManager: Shutting down and abandoning module OculusInput (324)
[2017.11.20-22.55.26:378][189]LogModuleManager: Shutting down and abandoning module MobilePatchingUtils (322)
[2017.11.20-22.55.26:378][189]LogModuleManager: Shutting down and abandoning module CustomMeshComponent (320)
[2017.11.20-22.55.26:378][189]LogModuleManager: Shutting down and abandoning module CableComponent (318)
[2017.11.20-22.55.26:378][189]LogModuleManager: Shutting down and abandoning module ArchVisCharacter (316)
[2017.11.20-22.55.26:378][189]LogModuleManager: Shutting down and abandoning module AndroidPermission (314)
[2017.11.20-22.55.26:378][189]LogModuleManager: Shutting down and abandoning module MediaPlayerEditor (310)
[2017.11.20-22.55.26:378][189]LogModuleManager: Shutting down and abandoning module HTML5Networking (308)
[2017.11.20-22.55.26:378][189]LogModuleManager: Shutting down and abandoning module AlembicImporter (306)
[2017.11.20-22.55.26:378][189]LogModuleManager: Shutting down and abandoning module AlembicLibrary (305)
[2017.11.20-22.55.26:379][189]LogModuleManager: Shutting down and abandoning module GeometryCache (304)
[2017.11.20-22.55.26:379][189]LogModuleManager: Shutting down and abandoning module GeometryCacheEd (303)
[2017.11.20-22.55.26:379][189]LogModuleManager: Shutting down and abandoning module SpeedTreeImporter (298)
[2017.11.20-22.55.26:379][189]LogModuleManager: Shutting down and abandoning module PluginBrowser (296)
[2017.11.20-22.55.26:379][189]LogModuleManager: Shutting down and abandoning module MobileLauncherProfileWizard (294)
[2017.11.20-22.55.26:379][189]LogModuleManager: Shutting down and abandoning module VisualStudioSourceCodeAccess (292)
[2017.11.20-22.55.26:379][189]LogModuleManager: Shutting down and abandoning module DesktopPlatform (291)
[2017.11.20-22.55.26:379][189]LogModuleManager: Shutting down and abandoning module UObjectPlugin (288)
[2017.11.20-22.55.26:379][189]LogModuleManager: Shutting down and abandoning module SubversionSourceControl (286)
[2017.11.20-22.55.26:379][189]LogModuleManager: Shutting down and abandoning module PerforceSourceControl (284)
[2017.11.20-22.55.26:379][189]LogModuleManager: Shutting down and abandoning module GitSourceControl (282)
[2017.11.20-22.55.26:379][189]LogModuleManager: Shutting down and abandoning module SourceControl (281)
[2017.11.20-22.55.26:379][189]LogModuleManager: Shutting down and abandoning module LightPropagationVolumeEditor (278)
[2017.11.20-22.55.26:379][189]LogModuleManager: Shutting down and abandoning module PaperTiledImporter (276)
[2017.11.20-22.55.26:379][189]LogModuleManager: Shutting down and abandoning module PaperSpriteSheetImporter (274)
[2017.11.20-22.55.26:379][189]LogModuleManager: Shutting down and abandoning module Paper2DEditor (272)
[2017.11.20-22.55.26:380][189]LogModuleManager: Shutting down and abandoning module MeshPaint (271)
[2017.11.20-22.55.26:380][189]LogModuleManager: Shutting down and abandoning module LevelEditor (269)
[2017.11.20-22.55.26:383][189]LogModuleManager: Shutting down and abandoning module PixelInspectorModule (268)
[2017.11.20-22.55.26:383][189]LogModuleManager: Shutting down and abandoning module MainFrame (266)
[2017.11.20-22.55.26:383][189]LogModuleManager: Shutting down and abandoning module HotReload (265)
[2017.11.20-22.55.26:384][189]LogModuleManager: Shutting down and abandoning module RuntimePhysXCooking (260)
[2017.11.20-22.55.26:384][189]LogModuleManager: Shutting down and abandoning module PhysXVehiclesEditor (258)
[2017.11.20-22.55.26:384][189]LogModuleManager: Shutting down and abandoning module PhysXVehicles (256)
[2017.11.20-22.55.26:384][189]LogModuleManager: Shutting down and abandoning module OculusEditor (254)
[2017.11.20-22.55.26:384][189]LogModuleManager: Shutting down and abandoning module LocationServicesBPLibrary (252)
[2017.11.20-22.55.26:384][189]LogModuleManager: Shutting down and abandoning module ImmediatePhysicsEditor (250)
[2017.11.20-22.55.26:384][189]LogModuleManager: Shutting down and abandoning module ImmediatePhysics (248)
[2017.11.20-22.55.26:384][189]LogModuleManager: Shutting down and abandoning module UdpMessaging (246)
[2017.11.20-22.55.26:485][189]LogModuleManager: Shutting down and abandoning module TcpMessaging (244)
[2017.11.20-22.55.26:586][189]LogModuleManager: Shutting down and abandoning module GameplayTagsEditor (242)
[2017.11.20-22.55.26:586][189]LogModuleManager: Shutting down and abandoning module FacialAnimationEditor (240)
[2017.11.20-22.55.26:586][189]LogModuleManager: Shutting down and abandoning module FacialAnimation (238)
[2017.11.20-22.55.26:586][189]LogModuleManager: Shutting down and abandoning module AssetManagerEditor (236)
[2017.11.20-22.55.26:586][189]LogModuleManager: Shutting down and abandoning module GraphEditor (235)
[2017.11.20-22.55.26:586][189]LogModuleManager: Shutting down and abandoning module ContentBrowser (233)
[2017.11.20-22.55.26:592][189]LogModuleManager: Shutting down and abandoning module LightPropagationVolumeRuntime (230)
[2017.11.20-22.55.26:592][189]LogModuleManager: Shutting down and abandoning module Paper2D (228)
[2017.11.20-22.55.26:592][189]LogModuleManager: Shutting down and abandoning module WindowsMoviePlayer (226)
[2017.11.20-22.55.26:592][189]LogModuleManager: Shutting down and abandoning module WmfMedia (224)
[2017.11.20-22.55.26:608][189]LogModuleManager: Shutting down and abandoning module PacketHandler (222)
[2017.11.20-22.55.26:609][189]LogModuleManager: Shutting down and abandoning module ClothingSystemEditor (220)
[2017.11.20-22.55.26:609][189]LogModuleManager: Shutting down and abandoning module ClothingSystemRuntime (218)
[2017.11.20-22.55.26:609][189]LogModuleManager: Shutting down and abandoning module Overlay (216)
[2017.11.20-22.55.26:609][189]LogModuleManager: Shutting down and abandoning module OverlayEditor (215)
[2017.11.20-22.55.26:609][189]LogModuleManager: Shutting down and abandoning module MediaAssets (212)
[2017.11.20-22.55.26:609][189]LogModuleManager: Shutting down and abandoning module VREditor (210)
[2017.11.20-22.55.26:609][189]LogModuleManager: Shutting down and abandoning module StringTableEditor (208)
[2017.11.20-22.55.26:609][189]LogModuleManager: Shutting down and abandoning module GameplayTasksEditor (206)
[2017.11.20-22.55.26:609][189]LogModuleManager: Shutting down and abandoning module BehaviorTreeEditor (204)
[2017.11.20-22.55.26:609][189]LogModuleManager: Shutting down and abandoning module FunctionalTesting (202)
[2017.11.20-22.55.26:609][189]LogModuleManager: Shutting down and abandoning module CollisionAnalyzer (200)
[2017.11.20-22.55.26:609][189]LogModuleManager: Shutting down and abandoning module WorkspaceMenuStructure (199)
[2017.11.20-22.55.26:610][189]LogModuleManager: Shutting down and abandoning module UMG (196)
[2017.11.20-22.55.26:610][189]LogModuleManager: Shutting down and abandoning module UMGEditor (195)
[2017.11.20-22.55.26:610][189]LogModuleManager: Shutting down and abandoning module Sequencer (194)
[2017.11.20-22.55.26:610][189]LogModuleManager: Shutting down and abandoning module MessageLog (191)
[2017.11.20-22.55.26:610][189]LogModuleManager: Shutting down and abandoning module SlateReflector (186)
[2017.11.20-22.55.26:610][189]LogModuleManager: Shutting down and abandoning module Slate (184)
[2017.11.20-22.55.26:610][189]LogModuleManager: Shutting down and abandoning module EditorStyle (182)
[2017.11.20-22.55.26:621][189]LogModuleManager: Shutting down and abandoning module MRMesh (180)
[2017.11.20-22.55.26:622][189]LogModuleManager: Shutting down and abandoning module SourceCodeAccess (178)
[2017.11.20-22.55.26:622][189]LogModuleManager: Shutting down and abandoning module HeadMountedDisplay (176)
[2017.11.20-22.55.26:622][189]LogModuleManager: Shutting down and abandoning module XAudio2 (174)
[2017.11.20-22.55.26:622][189]LogModuleManager: Shutting down and abandoning module Networking (172)
[2017.11.20-22.55.26:622][189]LogModuleManager: Shutting down and abandoning module Core (168)
[2017.11.20-22.55.26:622][189]LogModuleManager: Shutting down and abandoning module KismetCompiler (164)
[2017.11.20-22.55.26:622][189]LogModuleManager: Shutting down and abandoning module LevelSequence (162)
[2017.11.20-22.55.26:622][189]LogModuleManager: Shutting down and abandoning module MeshUtilities (160)
[2017.11.20-22.55.26:622][189]LogModuleManager: Shutting down and abandoning module MeshMergeUtilities (159)
[2017.11.20-22.55.26:622][189]LogModuleManager: Shutting down and abandoning module MeshReductionInterface (158)
[2017.11.20-22.55.26:622][189]LogModuleManager: Shutting down and abandoning module SimplygonSwarm (157)
[2017.11.20-22.55.26:622][189]LogModuleManager: Shutting down and abandoning module SimplygonMeshReduction (155)
[2017.11.20-22.55.26:623][189]LogModuleManager: Shutting down and abandoning module QuadricMeshReduction (153)
[2017.11.20-22.55.26:623][189]LogModuleManager: Shutting down and abandoning module MaterialBaking (149)
[2017.11.20-22.55.26:623][189]LogModuleManager: Shutting down and abandoning module DirectoryWatcher (146)
[2017.11.20-22.55.26:641][189]LogModuleManager: Shutting down and abandoning module DerivedDataCache (144)
[2017.11.20-22.55.26:718][189]LogDerivedDataCache: Shutdown
[2017.11.20-22.55.26:718][189]LogModuleManager: Shutting down and abandoning module TargetPlatform (142)
[2017.11.20-22.55.26:719][189]LogModuleManager: Shutting down and abandoning module VulkanShaderFormat (141)
[2017.11.20-22.55.26:719][189]LogModuleManager: Shutting down and abandoning module ShaderFormatVectorVM (139)
[2017.11.20-22.55.26:719][189]LogModuleManager: Shutting down and abandoning module ShaderFormatOpenGL (137)
[2017.11.20-22.55.26:719][189]LogModuleManager: Shutting down and abandoning module ShaderFormatD3D (135)
[2017.11.20-22.55.26:719][189]LogModuleManager: Shutting down and abandoning module MetalShaderFormat (133)
[2017.11.20-22.55.26:719][189]LogModuleManager: Shutting down and abandoning module TextureFormatUncompressed (131)
[2017.11.20-22.55.26:719][189]LogModuleManager: Shutting down and abandoning module TextureFormatPVR (129)
[2017.11.20-22.55.26:720][189]LogModuleManager: Shutting down and abandoning module TextureFormatDXT (127)
[2017.11.20-22.55.26:720][189]LogModuleManager: Shutting down and abandoning module TextureFormatIntelISPCTexComp (125)
[2017.11.20-22.55.26:720][189]LogModuleManager: Shutting down and abandoning module TextureFormatASTC (123)
[2017.11.20-22.55.26:720][189]LogModuleManager: Shutting down and abandoning module ImageWrapper (122)
[2017.11.20-22.55.26:720][189]LogModuleManager: Shutting down and abandoning module TextureFormatAndroid (119)
[2017.11.20-22.55.26:720][189]LogModuleManager: Shutting down and abandoning module AudioFormatOpus (117)
[2017.11.20-22.55.26:720][189]LogModuleManager: Shutting down and abandoning module AudioFormatOgg (115)
[2017.11.20-22.55.26:720][189]LogModuleManager: Shutting down and abandoning module AudioFormatADPCM (113)
[2017.11.20-22.55.26:720][189]LogModuleManager: Shutting down and abandoning module LinuxTargetPlatform (111)
[2017.11.20-22.55.26:720][189]LogModuleManager: Shutting down and abandoning module LinuxServerTargetPlatform (109)
[2017.11.20-22.55.26:721][189]LogModuleManager: Shutting down and abandoning module LinuxNoEditorTargetPlatform (107)
[2017.11.20-22.55.26:721][189]LogModuleManager: Shutting down and abandoning module LinuxClientTargetPlatform (105)
[2017.11.20-22.55.26:721][189]LogModuleManager: Shutting down and abandoning module TVOSTargetPlatform (103)
[2017.11.20-22.55.26:721][189]LogModuleManager: Shutting down and abandoning module Messaging (101)
[2017.11.20-22.55.26:721][189]LogModuleManager: Shutting down and abandoning module IOSTargetPlatform (99)
[2017.11.20-22.55.26:721][189]LogModuleManager: Shutting down and abandoning module HTML5TargetPlatform (97)
[2017.11.20-22.55.26:721][189]LogModuleManager: Shutting down and abandoning module Android_PVRTCTargetPlatform (95)
[2017.11.20-22.55.26:721][189]LogModuleManager: Shutting down and abandoning module Android_MultiTargetPlatform (93)
[2017.11.20-22.55.26:721][189]LogModuleManager: Shutting down and abandoning module Android_ETC2TargetPlatform (91)
[2017.11.20-22.55.26:721][189]LogModuleManager: Shutting down and abandoning module Android_ETC1TargetPlatform (89)
[2017.11.20-22.55.26:722][189]LogModuleManager: Shutting down and abandoning module Android_DXTTargetPlatform (87)
[2017.11.20-22.55.26:722][189]LogModuleManager: Shutting down and abandoning module Android_ATCTargetPlatform (85)
[2017.11.20-22.55.26:722][189]LogModuleManager: Shutting down and abandoning module Android_ASTCTargetPlatform (83)
[2017.11.20-22.55.26:722][189]LogModuleManager: Shutting down and abandoning module AndroidTargetPlatform (81)
[2017.11.20-22.55.26:722][189]LogModuleManager: Shutting down and abandoning module WindowsTargetPlatform (79)
[2017.11.20-22.55.26:722][189]LogModuleManager: Shutting down and abandoning module WindowsServerTargetPlatform (77)
[2017.11.20-22.55.26:722][189]LogModuleManager: Shutting down and abandoning module WindowsNoEditorTargetPlatform (75)
[2017.11.20-22.55.26:722][189]LogModuleManager: Shutting down and abandoning module WindowsClientTargetPlatform (73)
[2017.11.20-22.55.26:722][189]LogModuleManager: Shutting down and abandoning module MacTargetPlatform (71)
[2017.11.20-22.55.26:722][189]LogModuleManager: Shutting down and abandoning module MacServerTargetPlatform (69)
[2017.11.20-22.55.26:722][189]LogModuleManager: Shutting down and abandoning module MacNoEditorTargetPlatform (67)
[2017.11.20-22.55.26:722][189]LogModuleManager: Shutting down and abandoning module MacClientTargetPlatform (65)
[2017.11.20-22.55.26:722][189]LogModuleManager: Shutting down and abandoning module AllDesktopTargetPlatform (63)
[2017.11.20-22.55.26:722][189]LogModuleManager: Shutting down and abandoning module InputCore (60)
[2017.11.20-22.55.26:723][189]LogModuleManager: Shutting down and abandoning module Settings (58)
[2017.11.20-22.55.26:723][189]LogModuleManager: Shutting down and abandoning module PhysXCooking (56)
[2017.11.20-22.55.26:723][189]LogModuleManager: Shutting down and abandoning module SteamVR (54)
[2017.11.20-22.55.26:723][189]LogModuleManager: Shutting down and abandoning module OculusHMD (52)
[2017.11.20-22.55.26:723][189]LogModuleManager: Shutting down and abandoning module ExampleDeviceProfileSelector (50)
[2017.11.20-22.55.26:723][189]LogModuleManager: Shutting down and abandoning module OnlineBlueprintSupport (48)
[2017.11.20-22.55.26:723][189]LogModuleManager: Shutting down and abandoning module OnlineSubsystem (44)
[2017.11.20-22.55.26:723][189]LogOnline: Display: Unloading online subsystem: NULL
[2017.11.20-22.55.26:723][189]LogModuleManager: Shutting down and abandoning module XMPP (43)
[2017.11.20-22.55.26:723][189]LogModuleManager: Shutting down and abandoning module HTTP (41)
[2017.11.20-22.55.26:724][189]LogHttp: Display: Http module shutting down, but needs to wait on 1 outstanding Http requests:
[2017.11.20-22.55.26:724][189]LogHttp: Display: 	verb=[POST] url=[https://datarouter.ol.epicgames.com/datarouter/api/v1/public/data?SessionID=%7B476AE5FA-437D-73E3-98BB-0AAFE37C6ED6%7D&AppID=UEEditor.Rocket.Release&AppVersion=4.17.2-3658906%2B%2B%2BUE4%2BRelease-4.17&UserID=a202bbab4bfb72a6c72ab59bf5105770%7Ca6b7376151474e159cf10430cd50646e%7C20bc636a-a4d7-41a8-a2dc-7238c7cddcf0&AppEnvironment=datacollector-binary&UploadType=eteventstream] status=Processing
[2017.11.20-22.55.26:749][189]LogModuleManager: Shutting down and abandoning module SSL (40)
[2017.11.20-22.55.26:755][189]LogModuleManager: Shutting down and abandoning module AnimationModifiers (36)
[2017.11.20-22.55.26:755][189]LogModuleManager: Shutting down and abandoning module PropertyEditor (35)
[2017.11.20-22.55.26:755][189]LogModuleManager: Shutting down and abandoning module AudioEditor (32)
[2017.11.20-22.55.26:755][189]LogModuleManager: Shutting down and abandoning module TextureCompressor (30)
[2017.11.20-22.55.26:756][189]LogModuleManager: Shutting down and abandoning module ShaderCore (28)
[2017.11.20-22.55.26:756][189]LogModuleManager: Shutting down and abandoning module Landscape (26)
[2017.11.20-22.55.26:756][189]LogModuleManager: Shutting down and abandoning module SlateRHIRenderer (24)
[2017.11.20-22.55.26:768][189]LogModuleManager: Shutting down and abandoning module OpenGLDrv (22)
[2017.11.20-22.55.26:768][189]LogModuleManager: Shutting down and abandoning module D3D11RHI (20)
[2017.11.20-22.55.26:768][189]LogModuleManager: Shutting down and abandoning module AnimGraphRuntime (18)
[2017.11.20-22.55.26:768][189]LogModuleManager: Shutting down and abandoning module Renderer (16)
[2017.11.20-22.55.26:768][189]LogModuleManager: Shutting down and abandoning module Engine (14)
[2017.11.20-22.55.26:768][189]LogModuleManager: Shutting down and abandoning module CoreUObject (12)
[2017.11.20-22.55.26:768][189]LogModuleManager: Shutting down and abandoning module NetworkFile (10)
[2017.11.20-22.55.26:768][189]LogModuleManager: Shutting down and abandoning module CookedIterativeFile (8)
[2017.11.20-22.55.26:769][189]LogModuleManager: Shutting down and abandoning module StreamingFile (6)
[2017.11.20-22.55.26:769][189]LogModuleManager: Shutting down and abandoning module SandboxFile (4)
[2017.11.20-22.55.26:769][189]LogModuleManager: Shutting down and abandoning module PakFile (2)
[2017.11.20-22.55.26:779][189]LogExit: Exiting.
[2017.11.20-22.55.26:807][189]Log file closed, 11/20/17 22:55:26
